[1.402s] Invoking command in '/home/soumo/robot_programming/build/limo_pothole_detection_navigation_bringup': CMAKE_PREFIX_PATH=${CMAKE_PREFIX_PATH}:/home/soumo/robot_programming/install/pothole_detection:/home/soumo/robot_programming/install/navigation:/home/soumo/ros2_ws/install/pothole_detection:/home/soumo/ros2_ws/install/navigation:/opt/ros/humble /usr/bin/cmake --build /home/soumo/robot_programming/build/limo_pothole_detection_navigation_bringup -- -j8 -l8
[5.003s] Invoked command in '/home/soumo/robot_programming/build/limo_pothole_detection_navigation_bringup' returned '0': CMAKE_PREFIX_PATH=${CMAKE_PREFIX_PATH}:/home/soumo/robot_programming/install/pothole_detection:/home/soumo/robot_programming/install/navigation:/home/soumo/ros2_ws/install/pothole_detection:/home/soumo/ros2_ws/install/navigation:/opt/ros/humble /usr/bin/cmake --build /home/soumo/robot_programming/build/limo_pothole_detection_navigation_bringup -- -j8 -l8
[5.239s] Invoking command in '/home/soumo/robot_programming/build/limo_pothole_detection_navigation_bringup': CMAKE_PREFIX_PATH=${CMAKE_PREFIX_PATH}:/home/soumo/robot_programming/install/pothole_detection:/home/soumo/robot_programming/install/navigation:/home/soumo/ros2_ws/install/pothole_detection:/home/soumo/ros2_ws/install/navigation:/opt/ros/humble /usr/bin/cmake --install /home/soumo/robot_programming/build/limo_pothole_detection_navigation_bringup
[5.310s] -- Install configuration: ""
[5.313s] -- Execute custom install script
[5.316s] -- Symlinking: /home/soumo/robot_programming/install/limo_pothole_detection_navigation_bringup/share/limo_pothole_detection_navigation_bringup/launch/assessment_solution_opencv.launch.py
[5.365s] -- Up-to-date symlink: /home/soumo/robot_programming/install/limo_pothole_detection_navigation_bringup/share/ament_index/resource_index/package_run_dependencies/limo_pothole_detection_navigation_bringup
[5.366s] -- Up-to-date symlink: /home/soumo/robot_programming/install/limo_pothole_detection_navigation_bringup/share/ament_index/resource_index/parent_prefix_path/limo_pothole_detection_navigation_bringup
[5.366s] -- Up-to-date symlink: /home/soumo/robot_programming/install/limo_pothole_detection_navigation_bringup/share/limo_pothole_detection_navigation_bringup/environment/ament_prefix_path.sh
[5.366s] -- Up-to-date symlink: /home/soumo/robot_programming/install/limo_pothole_detection_navigation_bringup/share/limo_pothole_detection_navigation_bringup/environment/ament_prefix_path.dsv
[5.367s] -- Up-to-date symlink: /home/soumo/robot_programming/install/limo_pothole_detection_navigation_bringup/share/limo_pothole_detection_navigation_bringup/environment/path.sh
[5.368s] -- Up-to-date symlink: /home/soumo/robot_programming/install/limo_pothole_detection_navigation_bringup/share/limo_pothole_detection_navigation_bringup/environment/path.dsv
[5.368s] -- Up-to-date symlink: /home/soumo/robot_programming/install/limo_pothole_detection_navigation_bringup/share/limo_pothole_detection_navigation_bringup/local_setup.bash
[5.370s] -- Up-to-date symlink: /home/soumo/robot_programming/install/limo_pothole_detection_navigation_bringup/share/limo_pothole_detection_navigation_bringup/local_setup.sh
[5.371s] -- Up-to-date symlink: /home/soumo/robot_programming/install/limo_pothole_detection_navigation_bringup/share/limo_pothole_detection_navigation_bringup/local_setup.zsh
[5.371s] -- Up-to-date symlink: /home/soumo/robot_programming/install/limo_pothole_detection_navigation_bringup/share/limo_pothole_detection_navigation_bringup/local_setup.dsv
[5.381s] -- Symlinking: /home/soumo/robot_programming/install/limo_pothole_detection_navigation_bringup/share/limo_pothole_detection_navigation_bringup/package.dsv
[5.423s] -- Up-to-date symlink: /home/soumo/robot_programming/install/limo_pothole_detection_navigation_bringup/share/ament_index/resource_index/packages/limo_pothole_detection_navigation_bringup
[5.424s] -- Up-to-date symlink: /home/soumo/robot_programming/install/limo_pothole_detection_navigation_bringup/share/limo_pothole_detection_navigation_bringup/cmake/limo_pothole_detection_navigation_bringupConfig.cmake
[5.424s] -- Up-to-date symlink: /home/soumo/robot_programming/install/limo_pothole_detection_navigation_bringup/share/limo_pothole_detection_navigation_bringup/cmake/limo_pothole_detection_navigation_bringupConfig-version.cmake
[5.425s] -- Up-to-date symlink: /home/soumo/robot_programming/install/limo_pothole_detection_navigation_bringup/share/limo_pothole_detection_navigation_bringup/package.xml
[5.452s] Invoked command in '/home/soumo/robot_programming/build/limo_pothole_detection_navigation_bringup' returned '0': CMAKE_PREFIX_PATH=${CMAKE_PREFIX_PATH}:/home/soumo/robot_programming/install/pothole_detection:/home/soumo/robot_programming/install/navigation:/home/soumo/ros2_ws/install/pothole_detection:/home/soumo/ros2_ws/install/navigation:/opt/ros/humble /usr/bin/cmake --install /home/soumo/robot_programming/build/limo_pothole_detection_navigation_bringup
