[4.075s] Invoking command in '/home/soumo/robot_programming/build/pothole_detection': PYTHONPATH=/home/soumo/robot_programming/build/pothole_detection/prefix_override:/home/soumo/robot_programming/install/pothole_detection/lib/python3.10/site-packages:${PYTHONPATH} /usr/bin/python3 setup.py develop --editable --build-directory /home/soumo/robot_programming/build/pothole_detection/build --no-deps install_data
[5.359s] running develop
[6.184s] running egg_info
[6.185s] writing pothole_detection.egg-info/PKG-INFO
[6.186s] writing dependency_links to pothole_detection.egg-info/dependency_links.txt
[6.191s] writing entry points to pothole_detection.egg-info/entry_points.txt
[6.192s] writing requirements to pothole_detection.egg-info/requires.txt
[6.192s] writing top-level names to pothole_detection.egg-info/top_level.txt
[6.198s] reading manifest file 'pothole_detection.egg-info/SOURCES.txt'
[6.201s] writing manifest file 'pothole_detection.egg-info/SOURCES.txt'
[6.387s] running build_ext
[6.388s] Creating /home/soumo/robot_programming/install/pothole_detection/lib/python3.10/site-packages/pothole-detection.egg-link (link to .)
[6.390s] Installing dataset_extraction script to /home/soumo/robot_programming/install/pothole_detection/lib/pothole_detection
[6.392s] Installing pothole_cluster_opencv script to /home/soumo/robot_programming/install/pothole_detection/lib/pothole_detection
[6.393s] Installing pothole_cluster_yolo script to /home/soumo/robot_programming/install/pothole_detection/lib/pothole_detection
[6.395s] Installing pothole_detection_opencv script to /home/soumo/robot_programming/install/pothole_detection/lib/pothole_detection
[6.396s] Installing pothole_detection_yolo script to /home/soumo/robot_programming/install/pothole_detection/lib/pothole_detection
[6.397s] Installing pothole_location script to /home/soumo/robot_programming/install/pothole_detection/lib/pothole_detection
[6.398s] 
[6.399s] Installed /home/soumo/robot_programming/build/pothole_detection
[6.400s] running install_data
[6.854s] Invoked command in '/home/soumo/robot_programming/build/pothole_detection' returned '0': PYTHONPATH=/home/soumo/robot_programming/build/pothole_detection/prefix_override:/home/soumo/robot_programming/install/pothole_detection/lib/python3.10/site-packages:${PYTHONPATH} /usr/bin/python3 setup.py develop --editable --build-directory /home/soumo/robot_programming/build/pothole_detection/build --no-deps install_data
