[1.192s] Invoking command in '/home/soumo/robot_programming/build/limo_pothole_detection_navigation_bringup': CMAKE_PREFIX_PATH=${CMAKE_PREFIX_PATH}:/home/soumo/robot_programming/install/pothole_detection:/home/soumo/robot_programming/install/navigation:/home/soumo/ros2_ws/install/pothole_detection:/home/soumo/ros2_ws/install/navigation:/opt/ros/humble /usr/bin/cmake --build /home/soumo/robot_programming/build/limo_pothole_detection_navigation_bringup -- -j8 -l8
[4.013s] Invoked command in '/home/soumo/robot_programming/build/limo_pothole_detection_navigation_bringup' returned '0': CMAKE_PREFIX_PATH=${CMAKE_PREFIX_PATH}:/home/soumo/robot_programming/install/pothole_detection:/home/soumo/robot_programming/install/navigation:/home/soumo/ros2_ws/install/pothole_detection:/home/soumo/ros2_ws/install/navigation:/opt/ros/humble /usr/bin/cmake --build /home/soumo/robot_programming/build/limo_pothole_detection_navigation_bringup -- -j8 -l8
[4.158s] Invoking command in '/home/soumo/robot_programming/build/limo_pothole_detection_navigation_bringup': CMAKE_PREFIX_PATH=${CMAKE_PREFIX_PATH}:/home/soumo/robot_programming/install/pothole_detection:/home/soumo/robot_programming/install/navigation:/home/soumo/ros2_ws/install/pothole_detection:/home/soumo/ros2_ws/install/navigation:/opt/ros/humble /usr/bin/cmake --install /home/soumo/robot_programming/build/limo_pothole_detection_navigation_bringup
[4.195s] -- Install configuration: ""
[4.199s] -- Execute custom install script
[4.201s] -- Up-to-date symlink: /home/soumo/robot_programming/install/limo_pothole_detection_navigation_bringup/share/limo_pothole_detection_navigation_bringup/launch/assessment_solution_opencv.launch.py
[4.202s] -- Up-to-date symlink: /home/soumo/robot_programming/install/limo_pothole_detection_navigation_bringup/share/limo_pothole_detection_navigation_bringup/launch/assessment_solution_yolo.launch.py
[4.206s] -- Up-to-date symlink: /home/soumo/robot_programming/install/limo_pothole_detection_navigation_bringup/share/ament_index/resource_index/package_run_dependencies/limo_pothole_detection_navigation_bringup
[4.207s] -- Up-to-date symlink: /home/soumo/robot_programming/install/limo_pothole_detection_navigation_bringup/share/ament_index/resource_index/parent_prefix_path/limo_pothole_detection_navigation_bringup
[4.207s] -- Up-to-date symlink: /home/soumo/robot_programming/install/limo_pothole_detection_navigation_bringup/share/limo_pothole_detection_navigation_bringup/environment/ament_prefix_path.sh
[4.207s] -- Up-to-date symlink: /home/soumo/robot_programming/install/limo_pothole_detection_navigation_bringup/share/limo_pothole_detection_navigation_bringup/environment/ament_prefix_path.dsv
[4.208s] -- Up-to-date symlink: /home/soumo/robot_programming/install/limo_pothole_detection_navigation_bringup/share/limo_pothole_detection_navigation_bringup/environment/path.sh
[4.208s] -- Up-to-date symlink: /home/soumo/robot_programming/install/limo_pothole_detection_navigation_bringup/share/limo_pothole_detection_navigation_bringup/environment/path.dsv
[4.218s] -- Up-to-date symlink: /home/soumo/robot_programming/install/limo_pothole_detection_navigation_bringup/share/limo_pothole_detection_navigation_bringup/local_setup.bash
[4.219s] -- Up-to-date symlink: /home/soumo/robot_programming/install/limo_pothole_detection_navigation_bringup/share/limo_pothole_detection_navigation_bringup/local_setup.sh
[4.220s] -- Up-to-date symlink: /home/soumo/robot_programming/install/limo_pothole_detection_navigation_bringup/share/limo_pothole_detection_navigation_bringup/local_setup.zsh
[4.220s] -- Up-to-date symlink: /home/soumo/robot_programming/install/limo_pothole_detection_navigation_bringup/share/limo_pothole_detection_navigation_bringup/local_setup.dsv
[4.220s] -- Symlinking: /home/soumo/robot_programming/install/limo_pothole_detection_navigation_bringup/share/limo_pothole_detection_navigation_bringup/package.dsv
[4.260s] -- Up-to-date symlink: /home/soumo/robot_programming/install/limo_pothole_detection_navigation_bringup/share/ament_index/resource_index/packages/limo_pothole_detection_navigation_bringup
[4.263s] -- Up-to-date symlink: /home/soumo/robot_programming/install/limo_pothole_detection_navigation_bringup/share/limo_pothole_detection_navigation_bringup/cmake/limo_pothole_detection_navigation_bringupConfig.cmake
[4.263s] -- Up-to-date symlink: /home/soumo/robot_programming/install/limo_pothole_detection_navigation_bringup/share/limo_pothole_detection_navigation_bringup/cmake/limo_pothole_detection_navigation_bringupConfig-version.cmake
[4.263s] -- Up-to-date symlink: /home/soumo/robot_programming/install/limo_pothole_detection_navigation_bringup/share/limo_pothole_detection_navigation_bringup/package.xml
[4.275s] Invoked command in '/home/soumo/robot_programming/build/limo_pothole_detection_navigation_bringup' returned '0': CMAKE_PREFIX_PATH=${CMAKE_PREFIX_PATH}:/home/soumo/robot_programming/install/pothole_detection:/home/soumo/robot_programming/install/navigation:/home/soumo/ros2_ws/install/pothole_detection:/home/soumo/ros2_ws/install/navigation:/opt/ros/humble /usr/bin/cmake --install /home/soumo/robot_programming/build/limo_pothole_detection_navigation_bringup
