[1.721s] Invoking command in '/home/soumo/robot_programming/build/navigation': PYTHONPATH=/home/soumo/robot_programming/build/navigation/prefix_override:/home/soumo/robot_programming/install/navigation/lib/python3.10/site-packages:${PYTHONPATH} /usr/bin/python3 setup.py develop --editable --build-directory /home/soumo/robot_programming/build/navigation/build --no-deps install_data
[2.093s] running develop
[2.346s] running egg_info
[2.346s] creating navigation.egg-info
[2.346s] writing navigation.egg-info/PKG-INFO
[2.347s] writing dependency_links to navigation.egg-info/dependency_links.txt
[2.347s] writing entry points to navigation.egg-info/entry_points.txt
[2.347s] writing requirements to navigation.egg-info/requires.txt
[2.348s] writing top-level names to navigation.egg-info/top_level.txt
[2.348s] writing manifest file 'navigation.egg-info/SOURCES.txt'
[2.350s] reading manifest file 'navigation.egg-info/SOURCES.txt'
[2.351s] writing manifest file 'navigation.egg-info/SOURCES.txt'
[2.417s] running build_ext
[2.417s] Creating /home/soumo/robot_programming/install/navigation/lib/python3.10/site-packages/navigation.egg-link (link to .)
[2.417s] Installing Nav_through_waypoint script to /home/soumo/robot_programming/install/navigation/lib/navigation
[2.418s] 
[2.418s] Installed /home/soumo/robot_programming/build/navigation
[2.418s] running install_data
[2.418s] creating /home/soumo/robot_programming/install/navigation/share/ament_index
[2.418s] creating /home/soumo/robot_programming/install/navigation/share/ament_index/resource_index
[2.419s] creating /home/soumo/robot_programming/install/navigation/share/ament_index/resource_index/packages
[2.419s] copying resource/navigation -> /home/soumo/robot_programming/install/navigation/share/ament_index/resource_index/packages
[2.419s] copying package.xml -> /home/soumo/robot_programming/install/navigation/share/navigation
[2.595s] Invoked command in '/home/soumo/robot_programming/build/navigation' returned '0': PYTHONPATH=/home/soumo/robot_programming/build/navigation/prefix_override:/home/soumo/robot_programming/install/navigation/lib/python3.10/site-packages:${PYTHONPATH} /usr/bin/python3 setup.py develop --editable --build-directory /home/soumo/robot_programming/build/navigation/build --no-deps install_data
