[6.319s] Invoking command in '/home/soumo/robot_programming/build/pothole_detection': PYTHONPATH=/home/soumo/robot_programming/build/pothole_detection/prefix_override:/home/soumo/robot_programming/install/pothole_detection/lib/python3.10/site-packages:${PYTHONPATH} /usr/bin/python3 setup.py develop --editable --build-directory /home/soumo/robot_programming/build/pothole_detection/build --no-deps install_data
[7.734s] running develop
[8.627s] running egg_info
[8.628s] writing pothole_detection.egg-info/PKG-INFO
[8.632s] writing dependency_links to pothole_detection.egg-info/dependency_links.txt
[8.632s] writing entry points to pothole_detection.egg-info/entry_points.txt
[8.632s] writing requirements to pothole_detection.egg-info/requires.txt
[8.633s] writing top-level names to pothole_detection.egg-info/top_level.txt
[8.642s] reading manifest file 'pothole_detection.egg-info/SOURCES.txt'
[8.645s] writing manifest file 'pothole_detection.egg-info/SOURCES.txt'
[8.839s] running build_ext
[8.841s] Creating /home/soumo/robot_programming/install/pothole_detection/lib/python3.10/site-packages/pothole-detection.egg-link (link to .)
[8.844s] Installing dataset_extraction script to /home/soumo/robot_programming/install/pothole_detection/lib/pothole_detection
[8.846s] Installing pothole_cluster script to /home/soumo/robot_programming/install/pothole_detection/lib/pothole_detection
[8.851s] Installing pothole_detection_opencv script to /home/soumo/robot_programming/install/pothole_detection/lib/pothole_detection
[8.851s] Installing pothole_detection_yolo script to /home/soumo/robot_programming/install/pothole_detection/lib/pothole_detection
[8.851s] Installing pothole_location1 script to /home/soumo/robot_programming/install/pothole_detection/lib/pothole_detection
[8.851s] 
[8.852s] Installed /home/soumo/robot_programming/build/pothole_detection
[8.852s] running install_data
[9.252s] Invoked command in '/home/soumo/robot_programming/build/pothole_detection' returned '0': PYTHONPATH=/home/soumo/robot_programming/build/pothole_detection/prefix_override:/home/soumo/robot_programming/install/pothole_detection/lib/python3.10/site-packages:${PYTHONPATH} /usr/bin/python3 setup.py develop --editable --build-directory /home/soumo/robot_programming/build/pothole_detection/build --no-deps install_data
