[1.567s] DEBUG:colcon:Command line arguments: ['/usr/bin/colcon', 'build', '--symlink-install']
[1.567s] DEBUG:colcon:Parsed command line arguments: Namespace(log_base=None, log_level=None, verb_name='build', build_base='build', install_base='install', merge_install=False, symlink_install=True, test_result_base=None, continue_on_error=False, executor='parallel', parallel_workers=8, event_handlers=None, ignore_user_meta=False, metas=['./colcon.meta'], base_paths=['.'], packages_ignore=None, packages_ignore_regex=None, paths=None, packages_up_to=None, packages_up_to_regex=None, packages_above=None, packages_above_and_dependencies=None, packages_above_depth=None, packages_select_by_dep=None, packages_skip_by_dep=None, packages_skip_up_to=None, packages_select_build_failed=False, packages_skip_build_finished=False, packages_select_test_failures=False, packages_skip_test_passed=False, packages_select=None, packages_skip=None, packages_select_regex=None, packages_skip_regex=None, packages_start=None, packages_end=None, cmake_args=None, cmake_target=None, cmake_target_skip_unavailable=False, cmake_clean_cache=False, cmake_clean_first=False, cmake_force_configure=False, ament_cmake_args=None, catkin_cmake_args=None, catkin_skip_building_tests=False, verb_parser=<colcon_defaults.argument_parser.defaults.DefaultArgumentsDecorator object at 0x7f39436da200>, verb_extension=<colcon_core.verb.build.BuildVerb object at 0x7f39436d91b0>, main=<bound method BuildVerb.main of <colcon_core.verb.build.BuildVerb object at 0x7f39436d91b0>>)
[1.635s] Level 1:colcon.colcon_core.package_discovery:discover_packages(colcon_meta) check parameters
[1.635s] Level 1:colcon.colcon_core.package_discovery:discover_packages(recursive) check parameters
[1.635s] Level 1:colcon.colcon_core.package_discovery:discover_packages(ignore) check parameters
[1.635s] Level 1:colcon.colcon_core.package_discovery:discover_packages(path) check parameters
[1.635s] Level 1:colcon.colcon_core.package_discovery:discover_packages(colcon_meta) discover
[1.635s] Level 1:colcon.colcon_core.package_discovery:discover_packages(recursive) discover
[1.636s] INFO:colcon.colcon_core.package_discovery:Crawling recursively for packages in '/home/soumo/ros2_ws'
[1.636s] Level 1:colcon.colcon_core.package_identification:_identify(.) by extensions ['ignore', 'ignore_ament_install']
[1.636s] Level 1:colcon.colcon_core.package_identification:_identify(.) by extension 'ignore'
[1.636s] Level 1:colcon.colcon_core.package_identification:_identify(.) by extension 'ignore_ament_install'
[1.636s] Level 1:colcon.colcon_core.package_identification:_identify(.) by extensions ['colcon_pkg']
[1.636s] Level 1:colcon.colcon_core.package_identification:_identify(.) by extension 'colcon_pkg'
[1.636s] Level 1:colcon.colcon_core.package_identification:_identify(.) by extensions ['colcon_meta']
[1.636s] Level 1:colcon.colcon_core.package_identification:_identify(.) by extension 'colcon_meta'
[1.636s] Level 1:colcon.colcon_core.package_identification:_identify(.) by extensions ['ros']
[1.636s] Level 1:colcon.colcon_core.package_identification:_identify(.) by extension 'ros'
[1.650s] Level 1:colcon.colcon_core.package_identification:_identify(.) by extensions ['cmake', 'python']
[1.650s] Level 1:colcon.colcon_core.package_identification:_identify(.) by extension 'cmake'
[1.650s] Level 1:colcon.colcon_core.package_identification:_identify(.) by extension 'python'
[1.650s] Level 1:colcon.colcon_core.package_identification:_identify(.) by extensions ['python_setup_py']
[1.650s] Level 1:colcon.colcon_core.package_identification:_identify(.) by extension 'python_setup_py'
[1.650s] Level 1:colcon.colcon_core.package_identification:_identify(build) by extensions ['ignore', 'ignore_ament_install']
[1.650s] Level 1:colcon.colcon_core.package_identification:_identify(build) by extension 'ignore'
[1.650s] Level 1:colcon.colcon_core.package_identification:_identify(build) ignored
[1.651s] Level 1:colcon.colcon_core.package_identification:_identify(install) by extensions ['ignore', 'ignore_ament_install']
[1.651s] Level 1:colcon.colcon_core.package_identification:_identify(install) by extension 'ignore'
[1.651s] Level 1:colcon.colcon_core.package_identification:_identify(install) ignored
[1.651s] Level 1:colcon.colcon_core.package_identification:_identify(log) by extensions ['ignore', 'ignore_ament_install']
[1.651s] Level 1:colcon.colcon_core.package_identification:_identify(log) by extension 'ignore'
[1.651s] Level 1:colcon.colcon_core.package_identification:_identify(log) ignored
[1.651s] Level 1:colcon.colcon_core.package_identification:_identify(src) by extensions ['ignore', 'ignore_ament_install']
[1.651s] Level 1:colcon.colcon_core.package_identification:_identify(src) by extension 'ignore'
[1.651s] Level 1:colcon.colcon_core.package_identification:_identify(src) by extension 'ignore_ament_install'
[1.651s] Level 1:colcon.colcon_core.package_identification:_identify(src) by extensions ['colcon_pkg']
[1.651s] Level 1:colcon.colcon_core.package_identification:_identify(src) by extension 'colcon_pkg'
[1.652s] Level 1:colcon.colcon_core.package_identification:_identify(src) by extensions ['colcon_meta']
[1.652s] Level 1:colcon.colcon_core.package_identification:_identify(src) by extension 'colcon_meta'
[1.652s] Level 1:colcon.colcon_core.package_identification:_identify(src) by extensions ['ros']
[1.652s] Level 1:colcon.colcon_core.package_identification:_identify(src) by extension 'ros'
[1.652s] Level 1:colcon.colcon_core.package_identification:_identify(src) by extensions ['cmake', 'python']
[1.652s] Level 1:colcon.colcon_core.package_identification:_identify(src) by extension 'cmake'
[1.652s] Level 1:colcon.colcon_core.package_identification:_identify(src) by extension 'python'
[1.652s] Level 1:colcon.colcon_core.package_identification:_identify(src) by extensions ['python_setup_py']
[1.652s] Level 1:colcon.colcon_core.package_identification:_identify(src) by extension 'python_setup_py'
[1.652s] Level 1:colcon.colcon_core.package_identification:_identify(src/detection_interfaces) by extensions ['ignore', 'ignore_ament_install']
[1.652s] Level 1:colcon.colcon_core.package_identification:_identify(src/detection_interfaces) by extension 'ignore'
[1.652s] Level 1:colcon.colcon_core.package_identification:_identify(src/detection_interfaces) by extension 'ignore_ament_install'
[1.652s] Level 1:colcon.colcon_core.package_identification:_identify(src/detection_interfaces) by extensions ['colcon_pkg']
[1.652s] Level 1:colcon.colcon_core.package_identification:_identify(src/detection_interfaces) by extension 'colcon_pkg'
[1.652s] Level 1:colcon.colcon_core.package_identification:_identify(src/detection_interfaces) by extensions ['colcon_meta']
[1.652s] Level 1:colcon.colcon_core.package_identification:_identify(src/detection_interfaces) by extension 'colcon_meta'
[1.652s] Level 1:colcon.colcon_core.package_identification:_identify(src/detection_interfaces) by extensions ['ros']
[1.652s] Level 1:colcon.colcon_core.package_identification:_identify(src/detection_interfaces) by extension 'ros'
[1.655s] DEBUG:colcon.colcon_core.package_identification:Package 'src/detection_interfaces' with type 'ros.ament_cmake' and name 'detection_interfaces'
[1.655s] Level 1:colcon.colcon_core.package_identification:_identify(src/map) by extensions ['ignore', 'ignore_ament_install']
[1.655s] Level 1:colcon.colcon_core.package_identification:_identify(src/map) by extension 'ignore'
[1.656s] Level 1:colcon.colcon_core.package_identification:_identify(src/map) by extension 'ignore_ament_install'
[1.656s] Level 1:colcon.colcon_core.package_identification:_identify(src/map) by extensions ['colcon_pkg']
[1.656s] Level 1:colcon.colcon_core.package_identification:_identify(src/map) by extension 'colcon_pkg'
[1.656s] Level 1:colcon.colcon_core.package_identification:_identify(src/map) by extensions ['colcon_meta']
[1.656s] Level 1:colcon.colcon_core.package_identification:_identify(src/map) by extension 'colcon_meta'
[1.656s] Level 1:colcon.colcon_core.package_identification:_identify(src/map) by extensions ['ros']
[1.656s] Level 1:colcon.colcon_core.package_identification:_identify(src/map) by extension 'ros'
[1.656s] Level 1:colcon.colcon_core.package_identification:_identify(src/map) by extensions ['cmake', 'python']
[1.656s] Level 1:colcon.colcon_core.package_identification:_identify(src/map) by extension 'cmake'
[1.656s] Level 1:colcon.colcon_core.package_identification:_identify(src/map) by extension 'python'
[1.656s] Level 1:colcon.colcon_core.package_identification:_identify(src/map) by extensions ['python_setup_py']
[1.656s] Level 1:colcon.colcon_core.package_identification:_identify(src/map) by extension 'python_setup_py'
[1.656s] Level 1:colcon.colcon_core.package_identification:_identify(src/navigation) by extensions ['ignore', 'ignore_ament_install']
[1.656s] Level 1:colcon.colcon_core.package_identification:_identify(src/navigation) by extension 'ignore'
[1.656s] Level 1:colcon.colcon_core.package_identification:_identify(src/navigation) by extension 'ignore_ament_install'
[1.656s] Level 1:colcon.colcon_core.package_identification:_identify(src/navigation) by extensions ['colcon_pkg']
[1.657s] Level 1:colcon.colcon_core.package_identification:_identify(src/navigation) by extension 'colcon_pkg'
[1.657s] Level 1:colcon.colcon_core.package_identification:_identify(src/navigation) by extensions ['colcon_meta']
[1.657s] Level 1:colcon.colcon_core.package_identification:_identify(src/navigation) by extension 'colcon_meta'
[1.657s] Level 1:colcon.colcon_core.package_identification:_identify(src/navigation) by extensions ['ros']
[1.657s] Level 1:colcon.colcon_core.package_identification:_identify(src/navigation) by extension 'ros'
[1.657s] DEBUG:colcon.colcon_core.package_identification:Package 'src/navigation' with type 'ros.ament_python' and name 'navigation'
[1.658s] Level 1:colcon.colcon_core.package_identification:_identify(src/pothole_detection) by extensions ['ignore', 'ignore_ament_install']
[1.658s] Level 1:colcon.colcon_core.package_identification:_identify(src/pothole_detection) by extension 'ignore'
[1.658s] Level 1:colcon.colcon_core.package_identification:_identify(src/pothole_detection) by extension 'ignore_ament_install'
[1.658s] Level 1:colcon.colcon_core.package_identification:_identify(src/pothole_detection) by extensions ['colcon_pkg']
[1.658s] Level 1:colcon.colcon_core.package_identification:_identify(src/pothole_detection) by extension 'colcon_pkg'
[1.658s] Level 1:colcon.colcon_core.package_identification:_identify(src/pothole_detection) by extensions ['colcon_meta']
[1.658s] Level 1:colcon.colcon_core.package_identification:_identify(src/pothole_detection) by extension 'colcon_meta'
[1.658s] Level 1:colcon.colcon_core.package_identification:_identify(src/pothole_detection) by extensions ['ros']
[1.658s] Level 1:colcon.colcon_core.package_identification:_identify(src/pothole_detection) by extension 'ros'
[1.659s] DEBUG:colcon.colcon_core.package_identification:Package 'src/pothole_detection' with type 'ros.ament_python' and name 'pothole_detection'
[1.659s] Level 1:colcon.colcon_core.package_discovery:discover_packages(recursive) using defaults
[1.659s] Level 1:colcon.colcon_core.package_discovery:discover_packages(ignore) discover
[1.659s] Level 1:colcon.colcon_core.package_discovery:discover_packages(ignore) using defaults
[1.659s] Level 1:colcon.colcon_core.package_discovery:discover_packages(path) discover
[1.659s] Level 1:colcon.colcon_core.package_discovery:discover_packages(path) using defaults
[1.763s] Level 5:colcon.colcon_core.verb:set package 'detection_interfaces' build argument 'cmake_args' from command line to 'None'
[1.763s] Level 5:colcon.colcon_core.verb:set package 'detection_interfaces' build argument 'cmake_target' from command line to 'None'
[1.763s] Level 5:colcon.colcon_core.verb:set package 'detection_interfaces' build argument 'cmake_target_skip_unavailable' from command line to 'False'
[1.763s] Level 5:colcon.colcon_core.verb:set package 'detection_interfaces' build argument 'cmake_clean_cache' from command line to 'False'
[1.763s] Level 5:colcon.colcon_core.verb:set package 'detection_interfaces' build argument 'cmake_clean_first' from command line to 'False'
[1.763s] Level 5:colcon.colcon_core.verb:set package 'detection_interfaces' build argument 'cmake_force_configure' from command line to 'False'
[1.763s] Level 5:colcon.colcon_core.verb:set package 'detection_interfaces' build argument 'ament_cmake_args' from command line to 'None'
[1.763s] Level 5:colcon.colcon_core.verb:set package 'detection_interfaces' build argument 'catkin_cmake_args' from command line to 'None'
[1.763s] Level 5:colcon.colcon_core.verb:set package 'detection_interfaces' build argument 'catkin_skip_building_tests' from command line to 'False'
[1.764s] DEBUG:colcon.colcon_core.verb:Building package 'detection_interfaces' with the following arguments: {'ament_cmake_args': None, 'build_base': '/home/soumo/ros2_ws/build/detection_interfaces', 'catkin_cmake_args': None, 'catkin_skip_building_tests': False, 'cmake_args': None, 'cmake_clean_cache': False, 'cmake_clean_first': False, 'cmake_force_configure': False, 'cmake_target': None, 'cmake_target_skip_unavailable': False, 'install_base': '/home/soumo/ros2_ws/install/detection_interfaces', 'merge_install': False, 'path': '/home/soumo/ros2_ws/src/detection_interfaces', 'symlink_install': True, 'test_result_base': None}
[1.783s] Level 5:colcon.colcon_core.verb:set package 'navigation' build argument 'cmake_args' from command line to 'None'
[1.783s] Level 5:colcon.colcon_core.verb:set package 'navigation' build argument 'cmake_target' from command line to 'None'
[1.783s] Level 5:colcon.colcon_core.verb:set package 'navigation' build argument 'cmake_target_skip_unavailable' from command line to 'False'
[1.783s] Level 5:colcon.colcon_core.verb:set package 'navigation' build argument 'cmake_clean_cache' from command line to 'False'
[1.784s] Level 5:colcon.colcon_core.verb:set package 'navigation' build argument 'cmake_clean_first' from command line to 'False'
[1.784s] Level 5:colcon.colcon_core.verb:set package 'navigation' build argument 'cmake_force_configure' from command line to 'False'
[1.784s] Level 5:colcon.colcon_core.verb:set package 'navigation' build argument 'ament_cmake_args' from command line to 'None'
[1.784s] Level 5:colcon.colcon_core.verb:set package 'navigation' build argument 'catkin_cmake_args' from command line to 'None'
[1.784s] Level 5:colcon.colcon_core.verb:set package 'navigation' build argument 'catkin_skip_building_tests' from command line to 'False'
[1.784s] DEBUG:colcon.colcon_core.verb:Building package 'navigation' with the following arguments: {'ament_cmake_args': None, 'build_base': '/home/soumo/ros2_ws/build/navigation', 'catkin_cmake_args': None, 'catkin_skip_building_tests': False, 'cmake_args': None, 'cmake_clean_cache': False, 'cmake_clean_first': False, 'cmake_force_configure': False, 'cmake_target': None, 'cmake_target_skip_unavailable': False, 'install_base': '/home/soumo/ros2_ws/install/navigation', 'merge_install': False, 'path': '/home/soumo/ros2_ws/src/navigation', 'symlink_install': True, 'test_result_base': None}
[1.803s] Level 5:colcon.colcon_core.verb:set package 'pothole_detection' build argument 'cmake_args' from command line to 'None'
[1.803s] Level 5:colcon.colcon_core.verb:set package 'pothole_detection' build argument 'cmake_target' from command line to 'None'
[1.804s] Level 5:colcon.colcon_core.verb:set package 'pothole_detection' build argument 'cmake_target_skip_unavailable' from command line to 'False'
[1.804s] Level 5:colcon.colcon_core.verb:set package 'pothole_detection' build argument 'cmake_clean_cache' from command line to 'False'
[1.804s] Level 5:colcon.colcon_core.verb:set package 'pothole_detection' build argument 'cmake_clean_first' from command line to 'False'
[1.804s] Level 5:colcon.colcon_core.verb:set package 'pothole_detection' build argument 'cmake_force_configure' from command line to 'False'
[1.804s] Level 5:colcon.colcon_core.verb:set package 'pothole_detection' build argument 'ament_cmake_args' from command line to 'None'
[1.804s] Level 5:colcon.colcon_core.verb:set package 'pothole_detection' build argument 'catkin_cmake_args' from command line to 'None'
[1.804s] Level 5:colcon.colcon_core.verb:set package 'pothole_detection' build argument 'catkin_skip_building_tests' from command line to 'False'
[1.804s] DEBUG:colcon.colcon_core.verb:Building package 'pothole_detection' with the following arguments: {'ament_cmake_args': None, 'build_base': '/home/soumo/ros2_ws/build/pothole_detection', 'catkin_cmake_args': None, 'catkin_skip_building_tests': False, 'cmake_args': None, 'cmake_clean_cache': False, 'cmake_clean_first': False, 'cmake_force_configure': False, 'cmake_target': None, 'cmake_target_skip_unavailable': False, 'install_base': '/home/soumo/ros2_ws/install/pothole_detection', 'merge_install': False, 'path': '/home/soumo/ros2_ws/src/pothole_detection', 'symlink_install': True, 'test_result_base': None}
[1.823s] INFO:colcon.colcon_core.executor:Executing jobs using 'parallel' executor
[1.844s] DEBUG:colcon.colcon_parallel_executor.executor.parallel:run_until_complete
[1.844s] INFO:colcon.colcon_ros.task.ament_cmake.build:Building ROS package in '/home/soumo/ros2_ws/src/detection_interfaces' with build type 'ament_cmake'
[1.844s] INFO:colcon.colcon_cmake.task.cmake.build:Building CMake package in '/home/soumo/ros2_ws/src/detection_interfaces'
[1.875s] INFO:colcon.colcon_core.plugin_system:Skipping extension 'colcon_core.shell.bat': Not used on non-Windows systems
[1.875s] INFO:colcon.colcon_core.shell:Skip shell extension 'powershell' for command environment: Not usable outside of PowerShell
[1.875s] DEBUG:colcon.colcon_core.shell:Skip shell extension 'dsv' for command environment
[1.980s] INFO:colcon.colcon_ros.task.ament_python.build:Building ROS package in '/home/soumo/ros2_ws/src/navigation' with build type 'ament_python'
[1.980s] Level 1:colcon.colcon_core.shell:create_environment_hook('navigation', 'ament_prefix_path')
[2.000s] INFO:colcon.colcon_core.shell:Creating environment hook '/home/soumo/ros2_ws/install/navigation/share/navigation/hook/ament_prefix_path.ps1'
[2.001s] INFO:colcon.colcon_core.shell:Creating environment descriptor '/home/soumo/ros2_ws/install/navigation/share/navigation/hook/ament_prefix_path.dsv'
[2.002s] INFO:colcon.colcon_core.shell:Creating environment hook '/home/soumo/ros2_ws/install/navigation/share/navigation/hook/ament_prefix_path.sh'
[2.024s] INFO:colcon.colcon_core.shell:Skip shell extension 'powershell' for command environment: Not usable outside of PowerShell
[2.024s] DEBUG:colcon.colcon_core.shell:Skip shell extension 'dsv' for command environment
[2.110s] INFO:colcon.colcon_ros.task.ament_python.build:Building ROS package in '/home/soumo/ros2_ws/src/pothole_detection' with build type 'ament_python'
[2.110s] Level 1:colcon.colcon_core.shell:create_environment_hook('pothole_detection', 'ament_prefix_path')
[2.131s] INFO:colcon.colcon_core.shell:Creating environment hook '/home/soumo/ros2_ws/install/pothole_detection/share/pothole_detection/hook/ament_prefix_path.ps1'
[2.131s] INFO:colcon.colcon_core.shell:Creating environment descriptor '/home/soumo/ros2_ws/install/pothole_detection/share/pothole_detection/hook/ament_prefix_path.dsv'
[2.132s] INFO:colcon.colcon_core.shell:Creating environment hook '/home/soumo/ros2_ws/install/pothole_detection/share/pothole_detection/hook/ament_prefix_path.sh'
[2.156s] INFO:colcon.colcon_core.shell:Skip shell extension 'powershell' for command environment: Not usable outside of PowerShell
[2.156s] DEBUG:colcon.colcon_core.shell:Skip shell extension 'dsv' for command environment
[2.270s] DEBUG:colcon.colcon_core.event_handler.log_command:Invoking command in '/home/soumo/ros2_ws/build/detection_interfaces': CMAKE_PREFIX_PATH=${CMAKE_PREFIX_PATH}:/home/soumo/ros2_ws/install/pothole_detection:/home/soumo/ros2_ws/install/navigation:/opt/ros/humble /usr/bin/cmake --build /home/soumo/ros2_ws/build/detection_interfaces -- -j8 -l8
[2.704s] INFO:colcon.colcon_core.task.python.build:Building Python package in '/home/soumo/ros2_ws/src/navigation'
[2.734s] INFO:colcon.colcon_core.shell:Skip shell extension 'powershell' for command environment: Not usable outside of PowerShell
[2.734s] DEBUG:colcon.colcon_core.shell:Skip shell extension 'dsv' for command environment
[3.280s] INFO:colcon.colcon_core.task.python.build:Building Python package in '/home/soumo/ros2_ws/src/pothole_detection'
[3.330s] INFO:colcon.colcon_core.shell:Skip shell extension 'powershell' for command environment: Not usable outside of PowerShell
[3.330s] DEBUG:colcon.colcon_core.shell:Skip shell extension 'dsv' for command environment
[4.034s] DEBUG:colcon.colcon_core.event_handler.log_command:Invoking command in '/home/soumo/ros2_ws/build/navigation': PYTHONPATH=/home/soumo/ros2_ws/build/navigation/prefix_override:/home/soumo/ros2_ws/install/navigation/lib/python3.10/site-packages:${PYTHONPATH} /usr/bin/python3 setup.py develop --editable --build-directory /home/soumo/ros2_ws/build/navigation/build --no-deps install_data
[4.057s] DEBUG:colcon.colcon_core.event_handler.log_command:Invoking command in '/home/soumo/ros2_ws/build/pothole_detection': PYTHONPATH=/home/soumo/ros2_ws/build/pothole_detection/prefix_override:/home/soumo/ros2_ws/install/pothole_detection/lib/python3.10/site-packages:${PYTHONPATH} /usr/bin/python3 setup.py develop --editable --build-directory /home/soumo/ros2_ws/build/pothole_detection/build --no-deps install_data
[5.096s] Level 1:colcon.colcon_core.shell:create_environment_hook('navigation', 'pythonpath_develop')
[5.098s] DEBUG:colcon.colcon_core.event_handler.log_command:Invoked command in '/home/soumo/ros2_ws/build/navigation' returned '0': PYTHONPATH=/home/soumo/ros2_ws/build/navigation/prefix_override:/home/soumo/ros2_ws/install/navigation/lib/python3.10/site-packages:${PYTHONPATH} /usr/bin/python3 setup.py develop --editable --build-directory /home/soumo/ros2_ws/build/navigation/build --no-deps install_data
[5.167s] INFO:colcon.colcon_core.shell:Creating environment hook '/home/soumo/ros2_ws/build/navigation/share/navigation/hook/pythonpath_develop.ps1'
[5.168s] INFO:colcon.colcon_core.shell:Creating environment descriptor '/home/soumo/ros2_ws/build/navigation/share/navigation/hook/pythonpath_develop.dsv'
[5.169s] INFO:colcon.colcon_core.shell:Creating environment hook '/home/soumo/ros2_ws/build/navigation/share/navigation/hook/pythonpath_develop.sh'
[5.222s] Level 1:colcon.colcon_core.environment:checking '/home/soumo/ros2_ws/install/navigation' for CMake module files
[5.223s] Level 1:colcon.colcon_core.environment:checking '/home/soumo/ros2_ws/install/navigation' for CMake config files
[5.227s] Level 1:colcon.colcon_core.environment:checking '/home/soumo/ros2_ws/install/navigation/lib'
[5.228s] Level 1:colcon.colcon_core.environment:checking '/home/soumo/ros2_ws/install/navigation/bin'
[5.228s] Level 1:colcon.colcon_core.environment:checking '/home/soumo/ros2_ws/install/navigation/lib/pkgconfig/navigation.pc'
[5.229s] Level 1:colcon.colcon_core.environment:checking '/home/soumo/ros2_ws/install/navigation/lib/python3.10/site-packages'
[5.230s] Level 1:colcon.colcon_core.shell:create_environment_hook('navigation', 'pythonpath')
[5.292s] INFO:colcon.colcon_core.shell:Creating environment hook '/home/soumo/ros2_ws/install/navigation/share/navigation/hook/pythonpath.ps1'
[5.293s] INFO:colcon.colcon_core.shell:Creating environment descriptor '/home/soumo/ros2_ws/install/navigation/share/navigation/hook/pythonpath.dsv'
[5.293s] INFO:colcon.colcon_core.shell:Creating environment hook '/home/soumo/ros2_ws/install/navigation/share/navigation/hook/pythonpath.sh'
[5.297s] Level 1:colcon.colcon_core.environment:checking '/home/soumo/ros2_ws/install/navigation/bin'
[5.297s] Level 1:colcon.colcon_core.environment:create_environment_scripts_only(navigation)
[5.336s] INFO:colcon.colcon_core.shell:Creating package script '/home/soumo/ros2_ws/install/navigation/share/navigation/package.ps1'
[5.338s] INFO:colcon.colcon_core.shell:Creating package descriptor '/home/soumo/ros2_ws/install/navigation/share/navigation/package.dsv'
[5.340s] INFO:colcon.colcon_core.shell:Creating package script '/home/soumo/ros2_ws/install/navigation/share/navigation/package.sh'
[5.342s] INFO:colcon.colcon_core.shell:Creating package script '/home/soumo/ros2_ws/install/navigation/share/navigation/package.bash'
[5.344s] INFO:colcon.colcon_core.shell:Creating package script '/home/soumo/ros2_ws/install/navigation/share/navigation/package.zsh'
[5.346s] Level 1:colcon.colcon_core.environment:create_file_with_runtime_dependencies(/home/soumo/ros2_ws/install/navigation/share/colcon-core/packages/navigation)
[5.380s] Level 1:colcon.colcon_core.shell:create_environment_hook('pothole_detection', 'pythonpath_develop')
[5.392s] DEBUG:colcon.colcon_core.event_handler.log_command:Invoked command in '/home/soumo/ros2_ws/build/pothole_detection' returned '0': PYTHONPATH=/home/soumo/ros2_ws/build/pothole_detection/prefix_override:/home/soumo/ros2_ws/install/pothole_detection/lib/python3.10/site-packages:${PYTHONPATH} /usr/bin/python3 setup.py develop --editable --build-directory /home/soumo/ros2_ws/build/pothole_detection/build --no-deps install_data
[5.417s] INFO:colcon.colcon_core.shell:Creating environment hook '/home/soumo/ros2_ws/build/pothole_detection/share/pothole_detection/hook/pythonpath_develop.ps1'
[5.418s] INFO:colcon.colcon_core.shell:Creating environment descriptor '/home/soumo/ros2_ws/build/pothole_detection/share/pothole_detection/hook/pythonpath_develop.dsv'
[5.419s] INFO:colcon.colcon_core.shell:Creating environment hook '/home/soumo/ros2_ws/build/pothole_detection/share/pothole_detection/hook/pythonpath_develop.sh'
[5.457s] Level 1:colcon.colcon_core.environment:checking '/home/soumo/ros2_ws/install/pothole_detection' for CMake module files
[5.458s] Level 1:colcon.colcon_core.environment:checking '/home/soumo/ros2_ws/install/pothole_detection' for CMake config files
[5.460s] Level 1:colcon.colcon_core.environment:checking '/home/soumo/ros2_ws/install/pothole_detection/lib'
[5.461s] Level 1:colcon.colcon_core.environment:checking '/home/soumo/ros2_ws/install/pothole_detection/bin'
[5.461s] Level 1:colcon.colcon_core.environment:checking '/home/soumo/ros2_ws/install/pothole_detection/lib/pkgconfig/pothole_detection.pc'
[5.461s] Level 1:colcon.colcon_core.environment:checking '/home/soumo/ros2_ws/install/pothole_detection/lib/python3.10/site-packages'
[5.461s] Level 1:colcon.colcon_core.shell:create_environment_hook('pothole_detection', 'pythonpath')
[5.499s] INFO:colcon.colcon_core.shell:Creating environment hook '/home/soumo/ros2_ws/install/pothole_detection/share/pothole_detection/hook/pythonpath.ps1'
[5.500s] INFO:colcon.colcon_core.shell:Creating environment descriptor '/home/soumo/ros2_ws/install/pothole_detection/share/pothole_detection/hook/pythonpath.dsv'
[5.501s] INFO:colcon.colcon_core.shell:Creating environment hook '/home/soumo/ros2_ws/install/pothole_detection/share/pothole_detection/hook/pythonpath.sh'
[5.503s] Level 1:colcon.colcon_core.environment:checking '/home/soumo/ros2_ws/install/pothole_detection/bin'
[5.503s] Level 1:colcon.colcon_core.environment:create_environment_scripts_only(pothole_detection)
[5.555s] INFO:colcon.colcon_core.shell:Creating package script '/home/soumo/ros2_ws/install/pothole_detection/share/pothole_detection/package.ps1'
[5.557s] INFO:colcon.colcon_core.shell:Creating package descriptor '/home/soumo/ros2_ws/install/pothole_detection/share/pothole_detection/package.dsv'
[5.558s] INFO:colcon.colcon_core.shell:Creating package script '/home/soumo/ros2_ws/install/pothole_detection/share/pothole_detection/package.sh'
[5.560s] INFO:colcon.colcon_core.shell:Creating package script '/home/soumo/ros2_ws/install/pothole_detection/share/pothole_detection/package.bash'
[5.561s] INFO:colcon.colcon_core.shell:Creating package script '/home/soumo/ros2_ws/install/pothole_detection/share/pothole_detection/package.zsh'
[5.562s] Level 1:colcon.colcon_core.environment:create_file_with_runtime_dependencies(/home/soumo/ros2_ws/install/pothole_detection/share/colcon-core/packages/pothole_detection)
[7.409s] DEBUG:colcon.colcon_core.event_handler.log_command:Invoked command in '/home/soumo/ros2_ws/build/detection_interfaces' returned '0': CMAKE_PREFIX_PATH=${CMAKE_PREFIX_PATH}:/home/soumo/ros2_ws/install/pothole_detection:/home/soumo/ros2_ws/install/navigation:/opt/ros/humble /usr/bin/cmake --build /home/soumo/ros2_ws/build/detection_interfaces -- -j8 -l8
[7.559s] DEBUG:colcon.colcon_core.event_handler.log_command:Invoking command in '/home/soumo/ros2_ws/build/detection_interfaces': CMAKE_PREFIX_PATH=${CMAKE_PREFIX_PATH}:/home/soumo/ros2_ws/install/pothole_detection:/home/soumo/ros2_ws/install/navigation:/opt/ros/humble /usr/bin/cmake --install /home/soumo/ros2_ws/build/detection_interfaces
[7.704s] Level 1:colcon.colcon_core.environment:create_environment_scripts_only(detection_interfaces)
[7.704s] DEBUG:colcon.colcon_core.event_handler.log_command:Invoked command in '/home/soumo/ros2_ws/build/detection_interfaces' returned '0': CMAKE_PREFIX_PATH=${CMAKE_PREFIX_PATH}:/home/soumo/ros2_ws/install/pothole_detection:/home/soumo/ros2_ws/install/navigation:/opt/ros/humble /usr/bin/cmake --install /home/soumo/ros2_ws/build/detection_interfaces
[7.740s] Level 1:colcon.colcon_core.environment:checking '/home/soumo/ros2_ws/install/detection_interfaces' for CMake module files
[7.741s] Level 1:colcon.colcon_core.environment:checking '/home/soumo/ros2_ws/install/detection_interfaces' for CMake config files
[7.742s] Level 1:colcon.colcon_core.shell:create_environment_hook('detection_interfaces', 'cmake_prefix_path')
[7.769s] INFO:colcon.colcon_core.shell:Creating environment hook '/home/soumo/ros2_ws/install/detection_interfaces/share/detection_interfaces/hook/cmake_prefix_path.ps1'
[7.769s] INFO:colcon.colcon_core.shell:Creating environment descriptor '/home/soumo/ros2_ws/install/detection_interfaces/share/detection_interfaces/hook/cmake_prefix_path.dsv'
[7.770s] INFO:colcon.colcon_core.shell:Creating environment hook '/home/soumo/ros2_ws/install/detection_interfaces/share/detection_interfaces/hook/cmake_prefix_path.sh'
[7.770s] Level 1:colcon.colcon_core.environment:checking '/home/soumo/ros2_ws/install/detection_interfaces/lib'
[7.770s] Level 1:colcon.colcon_core.shell:create_environment_hook('detection_interfaces', 'ld_library_path_lib')
[7.792s] INFO:colcon.colcon_core.shell:Creating environment hook '/home/soumo/ros2_ws/install/detection_interfaces/share/detection_interfaces/hook/ld_library_path_lib.ps1'
[7.793s] INFO:colcon.colcon_core.shell:Creating environment descriptor '/home/soumo/ros2_ws/install/detection_interfaces/share/detection_interfaces/hook/ld_library_path_lib.dsv'
[7.793s] INFO:colcon.colcon_core.shell:Creating environment hook '/home/soumo/ros2_ws/install/detection_interfaces/share/detection_interfaces/hook/ld_library_path_lib.sh'
[7.793s] Level 1:colcon.colcon_core.environment:checking '/home/soumo/ros2_ws/install/detection_interfaces/bin'
[7.794s] Level 1:colcon.colcon_core.environment:checking '/home/soumo/ros2_ws/install/detection_interfaces/lib/pkgconfig/detection_interfaces.pc'
[7.794s] Level 1:colcon.colcon_core.environment:checking '/home/soumo/ros2_ws/install/detection_interfaces/lib/python3.10/site-packages'
[7.794s] Level 1:colcon.colcon_core.environment:checking '/home/soumo/ros2_ws/install/detection_interfaces/bin'
[7.816s] INFO:colcon.colcon_core.shell:Creating package script '/home/soumo/ros2_ws/install/detection_interfaces/share/detection_interfaces/package.ps1'
[7.817s] INFO:colcon.colcon_core.shell:Creating package descriptor '/home/soumo/ros2_ws/install/detection_interfaces/share/detection_interfaces/package.dsv'
[7.817s] INFO:colcon.colcon_core.shell:Creating package script '/home/soumo/ros2_ws/install/detection_interfaces/share/detection_interfaces/package.sh'
[7.818s] INFO:colcon.colcon_core.shell:Creating package script '/home/soumo/ros2_ws/install/detection_interfaces/share/detection_interfaces/package.bash'
[7.818s] INFO:colcon.colcon_core.shell:Creating package script '/home/soumo/ros2_ws/install/detection_interfaces/share/detection_interfaces/package.zsh'
[7.818s] Level 1:colcon.colcon_core.environment:create_file_with_runtime_dependencies(/home/soumo/ros2_ws/install/detection_interfaces/share/colcon-core/packages/detection_interfaces)
[7.993s] Level 1:colcon.colcon_core.environment:create_environment_scripts_only(detection_interfaces)
[8.020s] Level 1:colcon.colcon_core.environment:checking '/home/soumo/ros2_ws/install/detection_interfaces' for CMake module files
[8.021s] Level 1:colcon.colcon_core.environment:checking '/home/soumo/ros2_ws/install/detection_interfaces' for CMake config files
[8.022s] Level 1:colcon.colcon_core.shell:create_environment_hook('detection_interfaces', 'cmake_prefix_path')
[8.043s] INFO:colcon.colcon_core.shell:Creating environment hook '/home/soumo/ros2_ws/install/detection_interfaces/share/detection_interfaces/hook/cmake_prefix_path.ps1'
[8.044s] INFO:colcon.colcon_core.shell:Creating environment descriptor '/home/soumo/ros2_ws/install/detection_interfaces/share/detection_interfaces/hook/cmake_prefix_path.dsv'
[8.044s] INFO:colcon.colcon_core.shell:Creating environment hook '/home/soumo/ros2_ws/install/detection_interfaces/share/detection_interfaces/hook/cmake_prefix_path.sh'
[8.045s] Level 1:colcon.colcon_core.environment:checking '/home/soumo/ros2_ws/install/detection_interfaces/lib'
[8.045s] Level 1:colcon.colcon_core.shell:create_environment_hook('detection_interfaces', 'ld_library_path_lib')
[8.065s] INFO:colcon.colcon_core.shell:Creating environment hook '/home/soumo/ros2_ws/install/detection_interfaces/share/detection_interfaces/hook/ld_library_path_lib.ps1'
[8.066s] INFO:colcon.colcon_core.shell:Creating environment descriptor '/home/soumo/ros2_ws/install/detection_interfaces/share/detection_interfaces/hook/ld_library_path_lib.dsv'
[8.067s] INFO:colcon.colcon_core.shell:Creating environment hook '/home/soumo/ros2_ws/install/detection_interfaces/share/detection_interfaces/hook/ld_library_path_lib.sh'
[8.067s] Level 1:colcon.colcon_core.environment:checking '/home/soumo/ros2_ws/install/detection_interfaces/bin'
[8.067s] Level 1:colcon.colcon_core.environment:checking '/home/soumo/ros2_ws/install/detection_interfaces/lib/pkgconfig/detection_interfaces.pc'
[8.068s] Level 1:colcon.colcon_core.environment:checking '/home/soumo/ros2_ws/install/detection_interfaces/lib/python3.10/site-packages'
[8.068s] Level 1:colcon.colcon_core.environment:checking '/home/soumo/ros2_ws/install/detection_interfaces/bin'
[8.089s] INFO:colcon.colcon_core.shell:Creating package script '/home/soumo/ros2_ws/install/detection_interfaces/share/detection_interfaces/package.ps1'
[8.090s] INFO:colcon.colcon_core.shell:Creating package descriptor '/home/soumo/ros2_ws/install/detection_interfaces/share/detection_interfaces/package.dsv'
[8.091s] INFO:colcon.colcon_core.shell:Creating package script '/home/soumo/ros2_ws/install/detection_interfaces/share/detection_interfaces/package.sh'
[8.091s] INFO:colcon.colcon_core.shell:Creating package script '/home/soumo/ros2_ws/install/detection_interfaces/share/detection_interfaces/package.bash'
[8.092s] INFO:colcon.colcon_core.shell:Creating package script '/home/soumo/ros2_ws/install/detection_interfaces/share/detection_interfaces/package.zsh'
[8.092s] Level 1:colcon.colcon_core.environment:create_file_with_runtime_dependencies(/home/soumo/ros2_ws/install/detection_interfaces/share/colcon-core/packages/detection_interfaces)
[8.092s] DEBUG:colcon.colcon_parallel_executor.executor.parallel:closing loop
[8.093s] DEBUG:colcon.colcon_parallel_executor.executor.parallel:loop closed
[8.093s] DEBUG:colcon.colcon_parallel_executor.executor.parallel:run_until_complete finished with '0'
[8.094s] DEBUG:colcon.colcon_core.event_reactor:joining thread
[8.125s] INFO:colcon.colcon_core.plugin_system:Skipping extension 'colcon_notification.desktop_notification.terminal_notifier': Not used on non-Darwin systems
[8.125s] INFO:colcon.colcon_core.plugin_system:Skipping extension 'colcon_notification.desktop_notification.win32': Not used on non-Windows systems
[8.125s] INFO:colcon.colcon_notification.desktop_notification:Sending desktop notification using 'notify2'
[8.141s] DEBUG:colcon.colcon_core.event_reactor:joined thread
[8.172s] INFO:colcon.colcon_core.shell:Creating prefix script '/home/soumo/ros2_ws/install/local_setup.ps1'
[8.174s] INFO:colcon.colcon_core.shell:Creating prefix util module '/home/soumo/ros2_ws/install/_local_setup_util_ps1.py'
[8.176s] INFO:colcon.colcon_core.shell:Creating prefix chain script '/home/soumo/ros2_ws/install/setup.ps1'
[8.205s] INFO:colcon.colcon_core.shell:Creating prefix script '/home/soumo/ros2_ws/install/local_setup.sh'
[8.206s] INFO:colcon.colcon_core.shell:Creating prefix util module '/home/soumo/ros2_ws/install/_local_setup_util_sh.py'
[8.206s] INFO:colcon.colcon_core.shell:Creating prefix chain script '/home/soumo/ros2_ws/install/setup.sh'
[8.230s] INFO:colcon.colcon_core.shell:Creating prefix script '/home/soumo/ros2_ws/install/local_setup.bash'
[8.230s] INFO:colcon.colcon_core.shell:Creating prefix chain script '/home/soumo/ros2_ws/install/setup.bash'
[8.252s] INFO:colcon.colcon_core.shell:Creating prefix script '/home/soumo/ros2_ws/install/local_setup.zsh'
[8.253s] INFO:colcon.colcon_core.shell:Creating prefix chain script '/home/soumo/ros2_ws/install/setup.zsh'
