[0.905s] Invoking command in '/home/soumo/ros2_ws/build/detection_interfaces': CMAKE_PREFIX_PATH=${CMAKE_PREFIX_PATH}:/home/soumo/ros2_ws/install/pothole_detection:/home/soumo/ros2_ws/install/navigation:/opt/ros/humble /usr/bin/cmake --build /home/soumo/ros2_ws/build/detection_interfaces -- -j8 -l8
[1.981s] [  3%] Built target detection_interfaces__cpp
[1.983s] [  3%] Built target ament_cmake_python_symlink_detection_interfaces
[1.983s] [ 12%] Built target detection_interfaces__rosidl_typesupport_introspection_cpp
[2.028s] running egg_info
[2.030s] writing detection_interfaces.egg-info/PKG-INFO
[2.030s] writing dependency_links to detection_interfaces.egg-info/dependency_links.txt
[2.030s] writing top-level names to detection_interfaces.egg-info/top_level.txt
[2.037s] reading manifest file 'detection_interfaces.egg-info/SOURCES.txt'
[2.040s] writing manifest file 'detection_interfaces.egg-info/SOURCES.txt'
[2.114s] [ 12%] Built target ament_cmake_python_build_detection_interfaces_egg
[2.182s] [ 22%] Built target detection_interfaces__rosidl_typesupport_fastrtps_cpp
[2.249s] [ 32%] Built target detection_interfaces__rosidl_typesupport_cpp
[2.315s] [ 41%] Built target detection_interfaces__rosidl_generator_c
[2.381s] [ 51%] Built target detection_interfaces__rosidl_typesupport_fastrtps_c
[2.444s] [ 61%] Built target detection_interfaces__rosidl_typesupport_c
[2.508s] [ 70%] Built target detection_interfaces__rosidl_typesupport_introspection_c
[2.574s] [ 70%] Built target detection_interfaces
[2.640s] [ 74%] Built target detection_interfaces__py
[2.725s] [ 80%] Built target detection_interfaces__rosidl_generator_py
[2.794s] [ 87%] Built target detection_interfaces__rosidl_typesupport_fastrtps_c__pyext
[2.864s] [ 93%] Built target detection_interfaces__rosidl_typesupport_c__pyext
[2.933s] [100%] Built target detection_interfaces__rosidl_typesupport_introspection_c__pyext
[3.083s] Invoked command in '/home/soumo/ros2_ws/build/detection_interfaces' returned '0': CMAKE_PREFIX_PATH=${CMAKE_PREFIX_PATH}:/home/soumo/ros2_ws/install/pothole_detection:/home/soumo/ros2_ws/install/navigation:/opt/ros/humble /usr/bin/cmake --build /home/soumo/ros2_ws/build/detection_interfaces -- -j8 -l8
[3.316s] Invoking command in '/home/soumo/ros2_ws/build/detection_interfaces': CMAKE_PREFIX_PATH=${CMAKE_PREFIX_PATH}:/home/soumo/ros2_ws/install/pothole_detection:/home/soumo/ros2_ws/install/navigation:/opt/ros/humble /usr/bin/cmake --install /home/soumo/ros2_ws/build/detection_interfaces
[3.340s] -- Install configuration: ""
[3.342s] -- Execute custom install script
[3.343s] -- Up-to-date symlink: /home/soumo/ros2_ws/install/detection_interfaces/share/ament_index/resource_index/rosidl_interfaces/detection_interfaces
[3.344s] -- Up-to-date symlink: /home/soumo/ros2_ws/install/detection_interfaces/include/detection_interfaces/detection_interfaces/msg/detail/inference_result__functions.h
[3.344s] -- Up-to-date symlink: /home/soumo/ros2_ws/install/detection_interfaces/include/detection_interfaces/detection_interfaces/msg/detail/inference_result__struct.h
[3.345s] -- Up-to-date symlink: /home/soumo/ros2_ws/install/detection_interfaces/include/detection_interfaces/detection_interfaces/msg/detail/inference_result__type_support.h
[3.347s] -- Up-to-date symlink: /home/soumo/ros2_ws/install/detection_interfaces/include/detection_interfaces/detection_interfaces/msg/inference_result.h
[3.347s] -- Up-to-date symlink: /home/soumo/ros2_ws/install/detection_interfaces/include/detection_interfaces/detection_interfaces/msg/rosidl_generator_c__visibility_control.h
[3.347s] -- Up-to-date symlink: /home/soumo/ros2_ws/install/detection_interfaces/share/detection_interfaces/environment/library_path.sh
[3.348s] -- Up-to-date symlink: /home/soumo/ros2_ws/install/detection_interfaces/share/detection_interfaces/environment/library_path.dsv
[3.349s] -- Up-to-date symlink: /home/soumo/ros2_ws/install/detection_interfaces/include/detection_interfaces/detection_interfaces/msg/detail/inference_result__rosidl_typesupport_fastrtps_c.h
[3.350s] -- Up-to-date symlink: /home/soumo/ros2_ws/install/detection_interfaces/include/detection_interfaces/detection_interfaces/msg/rosidl_typesupport_fastrtps_c__visibility_control.h
[3.351s] -- Up-to-date symlink: /home/soumo/ros2_ws/install/detection_interfaces/include/detection_interfaces/detection_interfaces/msg/detail/inference_result__rosidl_typesupport_introspection_c.h
[3.351s] -- Up-to-date symlink: /home/soumo/ros2_ws/install/detection_interfaces/include/detection_interfaces/detection_interfaces/msg/rosidl_typesupport_introspection_c__visibility_control.h
[3.352s] -- Up-to-date symlink: /home/soumo/ros2_ws/install/detection_interfaces/include/detection_interfaces/detection_interfaces/msg/detail/inference_result__builder.hpp
[3.353s] -- Up-to-date symlink: /home/soumo/ros2_ws/install/detection_interfaces/include/detection_interfaces/detection_interfaces/msg/detail/inference_result__struct.hpp
[3.353s] -- Up-to-date symlink: /home/soumo/ros2_ws/install/detection_interfaces/include/detection_interfaces/detection_interfaces/msg/detail/inference_result__traits.hpp
[3.354s] -- Up-to-date symlink: /home/soumo/ros2_ws/install/detection_interfaces/include/detection_interfaces/detection_interfaces/msg/inference_result.hpp
[3.355s] -- Up-to-date symlink: /home/soumo/ros2_ws/install/detection_interfaces/include/detection_interfaces/detection_interfaces/msg/detail/inference_result__rosidl_typesupport_fastrtps_cpp.hpp
[3.356s] -- Up-to-date symlink: /home/soumo/ros2_ws/install/detection_interfaces/include/detection_interfaces/detection_interfaces/msg/rosidl_typesupport_fastrtps_cpp__visibility_control.h
[3.357s] -- Up-to-date symlink: /home/soumo/ros2_ws/install/detection_interfaces/include/detection_interfaces/detection_interfaces/msg/detail/inference_result__rosidl_typesupport_introspection_cpp.hpp
[3.357s] -- Up-to-date symlink: /home/soumo/ros2_ws/install/detection_interfaces/share/detection_interfaces/environment/pythonpath.sh
[3.358s] -- Up-to-date symlink: /home/soumo/ros2_ws/install/detection_interfaces/share/detection_interfaces/environment/pythonpath.dsv
[3.358s] -- Up-to-date symlink: /home/soumo/ros2_ws/install/detection_interfaces/local/lib/python3.10/dist-packages/detection_interfaces-0.0.0-py3.10.egg-info/PKG-INFO
[3.359s] -- Up-to-date symlink: /home/soumo/ros2_ws/install/detection_interfaces/local/lib/python3.10/dist-packages/detection_interfaces-0.0.0-py3.10.egg-info/SOURCES.txt
[3.359s] -- Up-to-date symlink: /home/soumo/ros2_ws/install/detection_interfaces/local/lib/python3.10/dist-packages/detection_interfaces-0.0.0-py3.10.egg-info/dependency_links.txt
[3.360s] -- Up-to-date symlink: /home/soumo/ros2_ws/install/detection_interfaces/local/lib/python3.10/dist-packages/detection_interfaces-0.0.0-py3.10.egg-info/top_level.txt
[3.361s] -- Up-to-date symlink: /home/soumo/ros2_ws/install/detection_interfaces/local/lib/python3.10/dist-packages/detection_interfaces/__init__.py
[3.362s] -- Up-to-date symlink: /home/soumo/ros2_ws/install/detection_interfaces/local/lib/python3.10/dist-packages/detection_interfaces/_detection_interfaces_s.ep.rosidl_typesupport_c.c
[3.362s] -- Up-to-date symlink: /home/soumo/ros2_ws/install/detection_interfaces/local/lib/python3.10/dist-packages/detection_interfaces/_detection_interfaces_s.ep.rosidl_typesupport_fastrtps_c.c
[3.363s] -- Up-to-date symlink: /home/soumo/ros2_ws/install/detection_interfaces/local/lib/python3.10/dist-packages/detection_interfaces/_detection_interfaces_s.ep.rosidl_typesupport_introspection_c.c
[3.363s] -- Up-to-date symlink: /home/soumo/ros2_ws/install/detection_interfaces/local/lib/python3.10/dist-packages/detection_interfaces/detection_interfaces_s__rosidl_typesupport_c.cpython-310-x86_64-linux-gnu.so
[3.363s] -- Up-to-date symlink: /home/soumo/ros2_ws/install/detection_interfaces/local/lib/python3.10/dist-packages/detection_interfaces/detection_interfaces_s__rosidl_typesupport_fastrtps_c.cpython-310-x86_64-linux-gnu.so
[3.364s] -- Up-to-date symlink: /home/soumo/ros2_ws/install/detection_interfaces/local/lib/python3.10/dist-packages/detection_interfaces/detection_interfaces_s__rosidl_typesupport_introspection_c.cpython-310-x86_64-linux-gnu.so
[3.364s] -- Up-to-date symlink: /home/soumo/ros2_ws/install/detection_interfaces/local/lib/python3.10/dist-packages/detection_interfaces/libdetection_interfaces__rosidl_generator_py.so
[3.364s] -- Up-to-date symlink: /home/soumo/ros2_ws/install/detection_interfaces/local/lib/python3.10/dist-packages/detection_interfaces/msg/__init__.py
[3.365s] -- Up-to-date symlink: /home/soumo/ros2_ws/install/detection_interfaces/local/lib/python3.10/dist-packages/detection_interfaces/msg/_inference_result.py
[3.365s] -- Up-to-date symlink: /home/soumo/ros2_ws/install/detection_interfaces/local/lib/python3.10/dist-packages/detection_interfaces/msg/_inference_result_s.c
[3.366s] -- Up-to-date symlink: /home/soumo/ros2_ws/install/detection_interfaces/local/lib/python3.10/dist-packages/detection_interfaces/detection_interfaces_s__rosidl_typesupport_fastrtps_c.cpython-310-x86_64-linux-gnu.so
[3.367s] -- Up-to-date symlink: /home/soumo/ros2_ws/install/detection_interfaces/local/lib/python3.10/dist-packages/detection_interfaces/detection_interfaces_s__rosidl_typesupport_introspection_c.cpython-310-x86_64-linux-gnu.so
[3.368s] -- Up-to-date symlink: /home/soumo/ros2_ws/install/detection_interfaces/local/lib/python3.10/dist-packages/detection_interfaces/detection_interfaces_s__rosidl_typesupport_c.cpython-310-x86_64-linux-gnu.so
[3.369s] -- Up-to-date symlink: /home/soumo/ros2_ws/install/detection_interfaces/share/detection_interfaces/msg/InferenceResult.idl
[3.369s] -- Up-to-date symlink: /home/soumo/ros2_ws/install/detection_interfaces/share/detection_interfaces/msg/InferenceResult.msg
[3.370s] -- Up-to-date symlink: /home/soumo/ros2_ws/install/detection_interfaces/share/ament_index/resource_index/package_run_dependencies/detection_interfaces
[3.371s] -- Up-to-date symlink: /home/soumo/ros2_ws/install/detection_interfaces/share/ament_index/resource_index/parent_prefix_path/detection_interfaces
[3.371s] -- Up-to-date symlink: /home/soumo/ros2_ws/install/detection_interfaces/share/detection_interfaces/environment/ament_prefix_path.sh
[3.372s] -- Up-to-date symlink: /home/soumo/ros2_ws/install/detection_interfaces/share/detection_interfaces/environment/ament_prefix_path.dsv
[3.372s] -- Up-to-date symlink: /home/soumo/ros2_ws/install/detection_interfaces/share/detection_interfaces/environment/path.sh
[3.373s] -- Up-to-date symlink: /home/soumo/ros2_ws/install/detection_interfaces/share/detection_interfaces/environment/path.dsv
[3.373s] -- Up-to-date symlink: /home/soumo/ros2_ws/install/detection_interfaces/share/detection_interfaces/local_setup.bash
[3.374s] -- Up-to-date symlink: /home/soumo/ros2_ws/install/detection_interfaces/share/detection_interfaces/local_setup.sh
[3.377s] -- Up-to-date symlink: /home/soumo/ros2_ws/install/detection_interfaces/share/detection_interfaces/local_setup.zsh
[3.377s] -- Up-to-date symlink: /home/soumo/ros2_ws/install/detection_interfaces/share/detection_interfaces/local_setup.dsv
[3.377s] -- Symlinking: /home/soumo/ros2_ws/install/detection_interfaces/share/detection_interfaces/package.dsv
[3.405s] -- Up-to-date symlink: /home/soumo/ros2_ws/install/detection_interfaces/share/ament_index/resource_index/packages/detection_interfaces
[3.405s] -- Up-to-date symlink: /home/soumo/ros2_ws/install/detection_interfaces/share/detection_interfaces/cmake/rosidl_cmake-extras.cmake
[3.406s] -- Up-to-date symlink: /home/soumo/ros2_ws/install/detection_interfaces/share/detection_interfaces/cmake/ament_cmake_export_include_directories-extras.cmake
[3.406s] -- Up-to-date symlink: /home/soumo/ros2_ws/install/detection_interfaces/share/detection_interfaces/cmake/ament_cmake_export_libraries-extras.cmake
[3.407s] -- Up-to-date symlink: /home/soumo/ros2_ws/install/detection_interfaces/share/detection_interfaces/cmake/ament_cmake_export_targets-extras.cmake
[3.408s] -- Up-to-date symlink: /home/soumo/ros2_ws/install/detection_interfaces/share/detection_interfaces/cmake/rosidl_cmake_export_typesupport_targets-extras.cmake
[3.408s] -- Up-to-date symlink: /home/soumo/ros2_ws/install/detection_interfaces/share/detection_interfaces/cmake/ament_cmake_export_dependencies-extras.cmake
[3.409s] -- Up-to-date symlink: /home/soumo/ros2_ws/install/detection_interfaces/share/detection_interfaces/cmake/rosidl_cmake_export_typesupport_libraries-extras.cmake
[3.410s] -- Up-to-date symlink: /home/soumo/ros2_ws/install/detection_interfaces/share/detection_interfaces/cmake/detection_interfacesConfig.cmake
[3.410s] -- Up-to-date symlink: /home/soumo/ros2_ws/install/detection_interfaces/share/detection_interfaces/cmake/detection_interfacesConfig-version.cmake
[3.410s] -- Up-to-date symlink: /home/soumo/ros2_ws/install/detection_interfaces/share/detection_interfaces/package.xml
[3.411s] -- Up-to-date: /home/soumo/ros2_ws/install/detection_interfaces/lib/libdetection_interfaces__rosidl_generator_c.so
[3.413s] -- Up-to-date: /home/soumo/ros2_ws/install/detection_interfaces/lib/libdetection_interfaces__rosidl_typesupport_fastrtps_c.so
[3.414s] -- Up-to-date: /home/soumo/ros2_ws/install/detection_interfaces/lib/libdetection_interfaces__rosidl_typesupport_introspection_c.so
[3.415s] -- Up-to-date: /home/soumo/ros2_ws/install/detection_interfaces/lib/libdetection_interfaces__rosidl_typesupport_c.so
[3.416s] -- Up-to-date: /home/soumo/ros2_ws/install/detection_interfaces/lib/libdetection_interfaces__rosidl_typesupport_fastrtps_cpp.so
[3.417s] -- Up-to-date: /home/soumo/ros2_ws/install/detection_interfaces/lib/libdetection_interfaces__rosidl_typesupport_introspection_cpp.so
[3.418s] -- Up-to-date: /home/soumo/ros2_ws/install/detection_interfaces/lib/libdetection_interfaces__rosidl_typesupport_cpp.so
[3.529s] Listing '/home/soumo/ros2_ws/install/detection_interfaces/local/lib/python3.10/dist-packages/detection_interfaces'...
[3.530s] Listing '/home/soumo/ros2_ws/install/detection_interfaces/local/lib/python3.10/dist-packages/detection_interfaces/msg'...
[3.543s] -- Up-to-date: /home/soumo/ros2_ws/install/detection_interfaces/lib/libdetection_interfaces__rosidl_generator_py.so
[3.544s] -- Up-to-date: /home/soumo/ros2_ws/install/detection_interfaces/share/detection_interfaces/cmake/export_detection_interfaces__rosidl_generator_cExport.cmake
[3.545s] -- Up-to-date: /home/soumo/ros2_ws/install/detection_interfaces/share/detection_interfaces/cmake/export_detection_interfaces__rosidl_generator_cExport-noconfig.cmake
[3.545s] -- Up-to-date: /home/soumo/ros2_ws/install/detection_interfaces/share/detection_interfaces/cmake/export_detection_interfaces__rosidl_typesupport_fastrtps_cExport.cmake
[3.545s] -- Up-to-date: /home/soumo/ros2_ws/install/detection_interfaces/share/detection_interfaces/cmake/export_detection_interfaces__rosidl_typesupport_fastrtps_cExport-noconfig.cmake
[3.545s] -- Up-to-date: /home/soumo/ros2_ws/install/detection_interfaces/share/detection_interfaces/cmake/detection_interfaces__rosidl_typesupport_introspection_cExport.cmake
[3.546s] -- Up-to-date: /home/soumo/ros2_ws/install/detection_interfaces/share/detection_interfaces/cmake/detection_interfaces__rosidl_typesupport_introspection_cExport-noconfig.cmake
[3.546s] -- Up-to-date: /home/soumo/ros2_ws/install/detection_interfaces/share/detection_interfaces/cmake/detection_interfaces__rosidl_typesupport_cExport.cmake
[3.546s] -- Up-to-date: /home/soumo/ros2_ws/install/detection_interfaces/share/detection_interfaces/cmake/detection_interfaces__rosidl_typesupport_cExport-noconfig.cmake
[3.547s] -- Up-to-date: /home/soumo/ros2_ws/install/detection_interfaces/share/detection_interfaces/cmake/export_detection_interfaces__rosidl_generator_cppExport.cmake
[3.547s] -- Up-to-date: /home/soumo/ros2_ws/install/detection_interfaces/share/detection_interfaces/cmake/export_detection_interfaces__rosidl_typesupport_fastrtps_cppExport.cmake
[3.547s] -- Up-to-date: /home/soumo/ros2_ws/install/detection_interfaces/share/detection_interfaces/cmake/export_detection_interfaces__rosidl_typesupport_fastrtps_cppExport-noconfig.cmake
[3.548s] -- Up-to-date: /home/soumo/ros2_ws/install/detection_interfaces/share/detection_interfaces/cmake/detection_interfaces__rosidl_typesupport_introspection_cppExport.cmake
[3.548s] -- Up-to-date: /home/soumo/ros2_ws/install/detection_interfaces/share/detection_interfaces/cmake/detection_interfaces__rosidl_typesupport_introspection_cppExport-noconfig.cmake
[3.548s] -- Up-to-date: /home/soumo/ros2_ws/install/detection_interfaces/share/detection_interfaces/cmake/detection_interfaces__rosidl_typesupport_cppExport.cmake
[3.548s] -- Up-to-date: /home/soumo/ros2_ws/install/detection_interfaces/share/detection_interfaces/cmake/detection_interfaces__rosidl_typesupport_cppExport-noconfig.cmake
[3.549s] -- Up-to-date: /home/soumo/ros2_ws/install/detection_interfaces/share/detection_interfaces/cmake/export_detection_interfaces__rosidl_generator_pyExport.cmake
[3.549s] -- Up-to-date: /home/soumo/ros2_ws/install/detection_interfaces/share/detection_interfaces/cmake/export_detection_interfaces__rosidl_generator_pyExport-noconfig.cmake
[3.555s] Invoked command in '/home/soumo/ros2_ws/build/detection_interfaces' returned '0': CMAKE_PREFIX_PATH=${CMAKE_PREFIX_PATH}:/home/soumo/ros2_ws/install/pothole_detection:/home/soumo/ros2_ws/install/navigation:/opt/ros/humble /usr/bin/cmake --install /home/soumo/ros2_ws/build/detection_interfaces
