[4.648s] DEBUG:colcon:Command line arguments: ['/usr/bin/colcon', 'build', '--symlink-install']
[4.649s] DEBUG:colcon:Parsed command line arguments: Namespace(log_base=None, log_level=None, verb_name='build', build_base='build', install_base='install', merge_install=False, symlink_install=True, test_result_base=None, continue_on_error=False, executor='parallel', parallel_workers=8, event_handlers=None, ignore_user_meta=False, metas=['./colcon.meta'], base_paths=['.'], packages_ignore=None, packages_ignore_regex=None, paths=None, packages_up_to=None, packages_up_to_regex=None, packages_above=None, packages_above_and_dependencies=None, packages_above_depth=None, packages_select_by_dep=None, packages_skip_by_dep=None, packages_skip_up_to=None, packages_select_build_failed=False, packages_skip_build_finished=False, packages_select_test_failures=False, packages_skip_test_passed=False, packages_select=None, packages_skip=None, packages_select_regex=None, packages_skip_regex=None, packages_start=None, packages_end=None, cmake_args=None, cmake_target=None, cmake_target_skip_unavailable=False, cmake_clean_cache=False, cmake_clean_first=False, cmake_force_configure=False, ament_cmake_args=None, catkin_cmake_args=None, catkin_skip_building_tests=False, verb_parser=<colcon_defaults.argument_parser.defaults.DefaultArgumentsDecorator object at 0x7fef9db9e380>, verb_extension=<colcon_core.verb.build.BuildVerb object at 0x7fef9db9d210>, main=<bound method BuildVerb.main of <colcon_core.verb.build.BuildVerb object at 0x7fef9db9d210>>)
[4.837s] Level 1:colcon.colcon_core.package_discovery:discover_packages(colcon_meta) check parameters
[4.838s] Level 1:colcon.colcon_core.package_discovery:discover_packages(recursive) check parameters
[4.838s] Level 1:colcon.colcon_core.package_discovery:discover_packages(ignore) check parameters
[4.838s] Level 1:colcon.colcon_core.package_discovery:discover_packages(path) check parameters
[4.838s] Level 1:colcon.colcon_core.package_discovery:discover_packages(colcon_meta) discover
[4.839s] Level 1:colcon.colcon_core.package_discovery:discover_packages(recursive) discover
[4.839s] INFO:colcon.colcon_core.package_discovery:Crawling recursively for packages in '/home/soumo/ros2_ws'
[4.839s] Level 1:colcon.colcon_core.package_identification:_identify(.) by extensions ['ignore', 'ignore_ament_install']
[4.839s] Level 1:colcon.colcon_core.package_identification:_identify(.) by extension 'ignore'
[4.840s] Level 1:colcon.colcon_core.package_identification:_identify(.) by extension 'ignore_ament_install'
[4.840s] Level 1:colcon.colcon_core.package_identification:_identify(.) by extensions ['colcon_pkg']
[4.840s] Level 1:colcon.colcon_core.package_identification:_identify(.) by extension 'colcon_pkg'
[4.840s] Level 1:colcon.colcon_core.package_identification:_identify(.) by extensions ['colcon_meta']
[4.840s] Level 1:colcon.colcon_core.package_identification:_identify(.) by extension 'colcon_meta'
[4.841s] Level 1:colcon.colcon_core.package_identification:_identify(.) by extensions ['ros']
[4.841s] Level 1:colcon.colcon_core.package_identification:_identify(.) by extension 'ros'
[4.884s] Level 1:colcon.colcon_core.package_identification:_identify(.) by extensions ['cmake', 'python']
[4.885s] Level 1:colcon.colcon_core.package_identification:_identify(.) by extension 'cmake'
[4.885s] Level 1:colcon.colcon_core.package_identification:_identify(.) by extension 'python'
[4.885s] Level 1:colcon.colcon_core.package_identification:_identify(.) by extensions ['python_setup_py']
[4.885s] Level 1:colcon.colcon_core.package_identification:_identify(.) by extension 'python_setup_py'
[4.886s] Level 1:colcon.colcon_core.package_identification:_identify(build) by extensions ['ignore', 'ignore_ament_install']
[4.886s] Level 1:colcon.colcon_core.package_identification:_identify(build) by extension 'ignore'
[4.886s] Level 1:colcon.colcon_core.package_identification:_identify(build) ignored
[4.887s] Level 1:colcon.colcon_core.package_identification:_identify(install) by extensions ['ignore', 'ignore_ament_install']
[4.887s] Level 1:colcon.colcon_core.package_identification:_identify(install) by extension 'ignore'
[4.888s] Level 1:colcon.colcon_core.package_identification:_identify(install) ignored
[4.888s] Level 1:colcon.colcon_core.package_identification:_identify(log) by extensions ['ignore', 'ignore_ament_install']
[4.888s] Level 1:colcon.colcon_core.package_identification:_identify(log) by extension 'ignore'
[4.889s] Level 1:colcon.colcon_core.package_identification:_identify(log) ignored
[4.889s] Level 1:colcon.colcon_core.package_identification:_identify(src) by extensions ['ignore', 'ignore_ament_install']
[4.889s] Level 1:colcon.colcon_core.package_identification:_identify(src) by extension 'ignore'
[4.890s] Level 1:colcon.colcon_core.package_identification:_identify(src) by extension 'ignore_ament_install'
[4.890s] Level 1:colcon.colcon_core.package_identification:_identify(src) by extensions ['colcon_pkg']
[4.890s] Level 1:colcon.colcon_core.package_identification:_identify(src) by extension 'colcon_pkg'
[4.890s] Level 1:colcon.colcon_core.package_identification:_identify(src) by extensions ['colcon_meta']
[4.890s] Level 1:colcon.colcon_core.package_identification:_identify(src) by extension 'colcon_meta'
[4.890s] Level 1:colcon.colcon_core.package_identification:_identify(src) by extensions ['ros']
[4.890s] Level 1:colcon.colcon_core.package_identification:_identify(src) by extension 'ros'
[4.891s] Level 1:colcon.colcon_core.package_identification:_identify(src) by extensions ['cmake', 'python']
[4.891s] Level 1:colcon.colcon_core.package_identification:_identify(src) by extension 'cmake'
[4.891s] Level 1:colcon.colcon_core.package_identification:_identify(src) by extension 'python'
[4.891s] Level 1:colcon.colcon_core.package_identification:_identify(src) by extensions ['python_setup_py']
[4.891s] Level 1:colcon.colcon_core.package_identification:_identify(src) by extension 'python_setup_py'
[4.892s] Level 1:colcon.colcon_core.package_identification:_identify(src/detection_interfaces) by extensions ['ignore', 'ignore_ament_install']
[4.892s] Level 1:colcon.colcon_core.package_identification:_identify(src/detection_interfaces) by extension 'ignore'
[4.892s] Level 1:colcon.colcon_core.package_identification:_identify(src/detection_interfaces) by extension 'ignore_ament_install'
[4.893s] Level 1:colcon.colcon_core.package_identification:_identify(src/detection_interfaces) by extensions ['colcon_pkg']
[4.893s] Level 1:colcon.colcon_core.package_identification:_identify(src/detection_interfaces) by extension 'colcon_pkg'
[4.893s] Level 1:colcon.colcon_core.package_identification:_identify(src/detection_interfaces) by extensions ['colcon_meta']
[4.893s] Level 1:colcon.colcon_core.package_identification:_identify(src/detection_interfaces) by extension 'colcon_meta'
[4.894s] Level 1:colcon.colcon_core.package_identification:_identify(src/detection_interfaces) by extensions ['ros']
[4.894s] Level 1:colcon.colcon_core.package_identification:_identify(src/detection_interfaces) by extension 'ros'
[4.904s] DEBUG:colcon.colcon_core.package_identification:Package 'src/detection_interfaces' with type 'ros.ament_cmake' and name 'detection_interfaces'
[4.905s] Level 1:colcon.colcon_core.package_identification:_identify(src/map) by extensions ['ignore', 'ignore_ament_install']
[4.905s] Level 1:colcon.colcon_core.package_identification:_identify(src/map) by extension 'ignore'
[4.905s] Level 1:colcon.colcon_core.package_identification:_identify(src/map) by extension 'ignore_ament_install'
[4.906s] Level 1:colcon.colcon_core.package_identification:_identify(src/map) by extensions ['colcon_pkg']
[4.906s] Level 1:colcon.colcon_core.package_identification:_identify(src/map) by extension 'colcon_pkg'
[4.906s] Level 1:colcon.colcon_core.package_identification:_identify(src/map) by extensions ['colcon_meta']
[4.906s] Level 1:colcon.colcon_core.package_identification:_identify(src/map) by extension 'colcon_meta'
[4.906s] Level 1:colcon.colcon_core.package_identification:_identify(src/map) by extensions ['ros']
[4.907s] Level 1:colcon.colcon_core.package_identification:_identify(src/map) by extension 'ros'
[4.907s] Level 1:colcon.colcon_core.package_identification:_identify(src/map) by extensions ['cmake', 'python']
[4.907s] Level 1:colcon.colcon_core.package_identification:_identify(src/map) by extension 'cmake'
[4.907s] Level 1:colcon.colcon_core.package_identification:_identify(src/map) by extension 'python'
[4.907s] Level 1:colcon.colcon_core.package_identification:_identify(src/map) by extensions ['python_setup_py']
[4.908s] Level 1:colcon.colcon_core.package_identification:_identify(src/map) by extension 'python_setup_py'
[4.908s] Level 1:colcon.colcon_core.package_identification:_identify(src/navigation) by extensions ['ignore', 'ignore_ament_install']
[4.908s] Level 1:colcon.colcon_core.package_identification:_identify(src/navigation) by extension 'ignore'
[4.908s] Level 1:colcon.colcon_core.package_identification:_identify(src/navigation) by extension 'ignore_ament_install'
[4.909s] Level 1:colcon.colcon_core.package_identification:_identify(src/navigation) by extensions ['colcon_pkg']
[4.909s] Level 1:colcon.colcon_core.package_identification:_identify(src/navigation) by extension 'colcon_pkg'
[4.909s] Level 1:colcon.colcon_core.package_identification:_identify(src/navigation) by extensions ['colcon_meta']
[4.909s] Level 1:colcon.colcon_core.package_identification:_identify(src/navigation) by extension 'colcon_meta'
[4.909s] Level 1:colcon.colcon_core.package_identification:_identify(src/navigation) by extensions ['ros']
[4.910s] Level 1:colcon.colcon_core.package_identification:_identify(src/navigation) by extension 'ros'
[4.911s] DEBUG:colcon.colcon_core.package_identification:Package 'src/navigation' with type 'ros.ament_python' and name 'navigation'
[4.912s] Level 1:colcon.colcon_core.package_identification:_identify(src/pothole_detection) by extensions ['ignore', 'ignore_ament_install']
[4.912s] Level 1:colcon.colcon_core.package_identification:_identify(src/pothole_detection) by extension 'ignore'
[4.912s] Level 1:colcon.colcon_core.package_identification:_identify(src/pothole_detection) by extension 'ignore_ament_install'
[4.912s] Level 1:colcon.colcon_core.package_identification:_identify(src/pothole_detection) by extensions ['colcon_pkg']
[4.913s] Level 1:colcon.colcon_core.package_identification:_identify(src/pothole_detection) by extension 'colcon_pkg'
[4.913s] Level 1:colcon.colcon_core.package_identification:_identify(src/pothole_detection) by extensions ['colcon_meta']
[4.913s] Level 1:colcon.colcon_core.package_identification:_identify(src/pothole_detection) by extension 'colcon_meta'
[4.913s] Level 1:colcon.colcon_core.package_identification:_identify(src/pothole_detection) by extensions ['ros']
[4.913s] Level 1:colcon.colcon_core.package_identification:_identify(src/pothole_detection) by extension 'ros'
[4.916s] DEBUG:colcon.colcon_core.package_identification:Package 'src/pothole_detection' with type 'ros.ament_python' and name 'pothole_detection'
[4.916s] Level 1:colcon.colcon_core.package_discovery:discover_packages(recursive) using defaults
[4.916s] Level 1:colcon.colcon_core.package_discovery:discover_packages(ignore) discover
[4.916s] Level 1:colcon.colcon_core.package_discovery:discover_packages(ignore) using defaults
[4.916s] Level 1:colcon.colcon_core.package_discovery:discover_packages(path) discover
[4.916s] Level 1:colcon.colcon_core.package_discovery:discover_packages(path) using defaults
[5.262s] Level 5:colcon.colcon_core.verb:set package 'detection_interfaces' build argument 'cmake_args' from command line to 'None'
[5.263s] Level 5:colcon.colcon_core.verb:set package 'detection_interfaces' build argument 'cmake_target' from command line to 'None'
[5.263s] Level 5:colcon.colcon_core.verb:set package 'detection_interfaces' build argument 'cmake_target_skip_unavailable' from command line to 'False'
[5.263s] Level 5:colcon.colcon_core.verb:set package 'detection_interfaces' build argument 'cmake_clean_cache' from command line to 'False'
[5.263s] Level 5:colcon.colcon_core.verb:set package 'detection_interfaces' build argument 'cmake_clean_first' from command line to 'False'
[5.263s] Level 5:colcon.colcon_core.verb:set package 'detection_interfaces' build argument 'cmake_force_configure' from command line to 'False'
[5.263s] Level 5:colcon.colcon_core.verb:set package 'detection_interfaces' build argument 'ament_cmake_args' from command line to 'None'
[5.263s] Level 5:colcon.colcon_core.verb:set package 'detection_interfaces' build argument 'catkin_cmake_args' from command line to 'None'
[5.263s] Level 5:colcon.colcon_core.verb:set package 'detection_interfaces' build argument 'catkin_skip_building_tests' from command line to 'False'
[5.264s] DEBUG:colcon.colcon_core.verb:Building package 'detection_interfaces' with the following arguments: {'ament_cmake_args': None, 'build_base': '/home/soumo/ros2_ws/build/detection_interfaces', 'catkin_cmake_args': None, 'catkin_skip_building_tests': False, 'cmake_args': None, 'cmake_clean_cache': False, 'cmake_clean_first': False, 'cmake_force_configure': False, 'cmake_target': None, 'cmake_target_skip_unavailable': False, 'install_base': '/home/soumo/ros2_ws/install/detection_interfaces', 'merge_install': False, 'path': '/home/soumo/ros2_ws/src/detection_interfaces', 'symlink_install': True, 'test_result_base': None}
[5.319s] Level 5:colcon.colcon_core.verb:set package 'navigation' build argument 'cmake_args' from command line to 'None'
[5.320s] Level 5:colcon.colcon_core.verb:set package 'navigation' build argument 'cmake_target' from command line to 'None'
[5.320s] Level 5:colcon.colcon_core.verb:set package 'navigation' build argument 'cmake_target_skip_unavailable' from command line to 'False'
[5.320s] Level 5:colcon.colcon_core.verb:set package 'navigation' build argument 'cmake_clean_cache' from command line to 'False'
[5.320s] Level 5:colcon.colcon_core.verb:set package 'navigation' build argument 'cmake_clean_first' from command line to 'False'
[5.320s] Level 5:colcon.colcon_core.verb:set package 'navigation' build argument 'cmake_force_configure' from command line to 'False'
[5.320s] Level 5:colcon.colcon_core.verb:set package 'navigation' build argument 'ament_cmake_args' from command line to 'None'
[5.320s] Level 5:colcon.colcon_core.verb:set package 'navigation' build argument 'catkin_cmake_args' from command line to 'None'
[5.320s] Level 5:colcon.colcon_core.verb:set package 'navigation' build argument 'catkin_skip_building_tests' from command line to 'False'
[5.320s] DEBUG:colcon.colcon_core.verb:Building package 'navigation' with the following arguments: {'ament_cmake_args': None, 'build_base': '/home/soumo/ros2_ws/build/navigation', 'catkin_cmake_args': None, 'catkin_skip_building_tests': False, 'cmake_args': None, 'cmake_clean_cache': False, 'cmake_clean_first': False, 'cmake_force_configure': False, 'cmake_target': None, 'cmake_target_skip_unavailable': False, 'install_base': '/home/soumo/ros2_ws/install/navigation', 'merge_install': False, 'path': '/home/soumo/ros2_ws/src/navigation', 'symlink_install': True, 'test_result_base': None}
[5.376s] Level 5:colcon.colcon_core.verb:set package 'pothole_detection' build argument 'cmake_args' from command line to 'None'
[5.376s] Level 5:colcon.colcon_core.verb:set package 'pothole_detection' build argument 'cmake_target' from command line to 'None'
[5.376s] Level 5:colcon.colcon_core.verb:set package 'pothole_detection' build argument 'cmake_target_skip_unavailable' from command line to 'False'
[5.376s] Level 5:colcon.colcon_core.verb:set package 'pothole_detection' build argument 'cmake_clean_cache' from command line to 'False'
[5.376s] Level 5:colcon.colcon_core.verb:set package 'pothole_detection' build argument 'cmake_clean_first' from command line to 'False'
[5.376s] Level 5:colcon.colcon_core.verb:set package 'pothole_detection' build argument 'cmake_force_configure' from command line to 'False'
[5.376s] Level 5:colcon.colcon_core.verb:set package 'pothole_detection' build argument 'ament_cmake_args' from command line to 'None'
[5.377s] Level 5:colcon.colcon_core.verb:set package 'pothole_detection' build argument 'catkin_cmake_args' from command line to 'None'
[5.377s] Level 5:colcon.colcon_core.verb:set package 'pothole_detection' build argument 'catkin_skip_building_tests' from command line to 'False'
[5.377s] DEBUG:colcon.colcon_core.verb:Building package 'pothole_detection' with the following arguments: {'ament_cmake_args': None, 'build_base': '/home/soumo/ros2_ws/build/pothole_detection', 'catkin_cmake_args': None, 'catkin_skip_building_tests': False, 'cmake_args': None, 'cmake_clean_cache': False, 'cmake_clean_first': False, 'cmake_force_configure': False, 'cmake_target': None, 'cmake_target_skip_unavailable': False, 'install_base': '/home/soumo/ros2_ws/install/pothole_detection', 'merge_install': False, 'path': '/home/soumo/ros2_ws/src/pothole_detection', 'symlink_install': True, 'test_result_base': None}
[5.438s] INFO:colcon.colcon_core.executor:Executing jobs using 'parallel' executor
[5.502s] DEBUG:colcon.colcon_parallel_executor.executor.parallel:run_until_complete
[5.503s] INFO:colcon.colcon_ros.task.ament_cmake.build:Building ROS package in '/home/soumo/ros2_ws/src/detection_interfaces' with build type 'ament_cmake'
[5.503s] INFO:colcon.colcon_cmake.task.cmake.build:Building CMake package in '/home/soumo/ros2_ws/src/detection_interfaces'
[5.595s] INFO:colcon.colcon_core.plugin_system:Skipping extension 'colcon_core.shell.bat': Not used on non-Windows systems
[5.595s] INFO:colcon.colcon_core.shell:Skip shell extension 'powershell' for command environment: Not usable outside of PowerShell
[5.596s] DEBUG:colcon.colcon_core.shell:Skip shell extension 'dsv' for command environment
[5.956s] INFO:colcon.colcon_ros.task.ament_python.build:Building ROS package in '/home/soumo/ros2_ws/src/navigation' with build type 'ament_python'
[5.962s] Level 1:colcon.colcon_core.shell:create_environment_hook('navigation', 'ament_prefix_path')
[6.039s] INFO:colcon.colcon_core.shell:Creating environment hook '/home/soumo/ros2_ws/install/navigation/share/navigation/hook/ament_prefix_path.ps1'
[6.043s] INFO:colcon.colcon_core.shell:Creating environment descriptor '/home/soumo/ros2_ws/install/navigation/share/navigation/hook/ament_prefix_path.dsv'
[6.045s] INFO:colcon.colcon_core.shell:Creating environment hook '/home/soumo/ros2_ws/install/navigation/share/navigation/hook/ament_prefix_path.sh'
[6.117s] INFO:colcon.colcon_core.shell:Skip shell extension 'powershell' for command environment: Not usable outside of PowerShell
[6.117s] DEBUG:colcon.colcon_core.shell:Skip shell extension 'dsv' for command environment
[6.391s] INFO:colcon.colcon_ros.task.ament_python.build:Building ROS package in '/home/soumo/ros2_ws/src/pothole_detection' with build type 'ament_python'
[6.391s] Level 1:colcon.colcon_core.shell:create_environment_hook('pothole_detection', 'ament_prefix_path')
[6.462s] INFO:colcon.colcon_core.shell:Creating environment hook '/home/soumo/ros2_ws/install/pothole_detection/share/pothole_detection/hook/ament_prefix_path.ps1'
[6.464s] INFO:colcon.colcon_core.shell:Creating environment descriptor '/home/soumo/ros2_ws/install/pothole_detection/share/pothole_detection/hook/ament_prefix_path.dsv'
[6.465s] INFO:colcon.colcon_core.shell:Creating environment hook '/home/soumo/ros2_ws/install/pothole_detection/share/pothole_detection/hook/ament_prefix_path.sh'
[6.538s] INFO:colcon.colcon_core.shell:Skip shell extension 'powershell' for command environment: Not usable outside of PowerShell
[6.539s] DEBUG:colcon.colcon_core.shell:Skip shell extension 'dsv' for command environment
[6.881s] DEBUG:colcon.colcon_core.event_handler.log_command:Invoking command in '/home/soumo/ros2_ws/build/detection_interfaces': CMAKE_PREFIX_PATH=${CMAKE_PREFIX_PATH}:/home/soumo/ros2_ws/install/pothole_detection:/home/soumo/ros2_ws/install/navigation:/opt/ros/humble /usr/bin/cmake --build /home/soumo/ros2_ws/build/detection_interfaces -- -j8 -l8
[8.282s] INFO:colcon.colcon_core.task.python.build:Building Python package in '/home/soumo/ros2_ws/src/navigation'
[8.359s] INFO:colcon.colcon_core.shell:Skip shell extension 'powershell' for command environment: Not usable outside of PowerShell
[8.359s] DEBUG:colcon.colcon_core.shell:Skip shell extension 'dsv' for command environment
[10.183s] INFO:colcon.colcon_core.task.python.build:Building Python package in '/home/soumo/ros2_ws/src/pothole_detection'
[10.356s] INFO:colcon.colcon_core.shell:Skip shell extension 'powershell' for command environment: Not usable outside of PowerShell
[10.357s] DEBUG:colcon.colcon_core.shell:Skip shell extension 'dsv' for command environment
[10.814s] DEBUG:colcon.colcon_core.event_handler.log_command:Invoked command in '/home/soumo/ros2_ws/build/detection_interfaces' returned '0': CMAKE_PREFIX_PATH=${CMAKE_PREFIX_PATH}:/home/soumo/ros2_ws/install/pothole_detection:/home/soumo/ros2_ws/install/navigation:/opt/ros/humble /usr/bin/cmake --build /home/soumo/ros2_ws/build/detection_interfaces -- -j8 -l8
[11.751s] DEBUG:colcon.colcon_core.event_handler.log_command:Invoking command in '/home/soumo/ros2_ws/build/detection_interfaces': CMAKE_PREFIX_PATH=${CMAKE_PREFIX_PATH}:/home/soumo/ros2_ws/install/pothole_detection:/home/soumo/ros2_ws/install/navigation:/opt/ros/humble /usr/bin/cmake --install /home/soumo/ros2_ws/build/detection_interfaces
[12.391s] Level 1:colcon.colcon_core.environment:create_environment_scripts_only(detection_interfaces)
[12.427s] DEBUG:colcon.colcon_core.event_handler.log_command:Invoked command in '/home/soumo/ros2_ws/build/detection_interfaces' returned '0': CMAKE_PREFIX_PATH=${CMAKE_PREFIX_PATH}:/home/soumo/ros2_ws/install/pothole_detection:/home/soumo/ros2_ws/install/navigation:/opt/ros/humble /usr/bin/cmake --install /home/soumo/ros2_ws/build/detection_interfaces
[12.541s] Level 1:colcon.colcon_core.environment:checking '/home/soumo/ros2_ws/install/detection_interfaces' for CMake module files
[12.544s] Level 1:colcon.colcon_core.environment:checking '/home/soumo/ros2_ws/install/detection_interfaces' for CMake config files
[12.556s] Level 1:colcon.colcon_core.shell:create_environment_hook('detection_interfaces', 'cmake_prefix_path')
[12.700s] INFO:colcon.colcon_core.shell:Creating environment hook '/home/soumo/ros2_ws/install/detection_interfaces/share/detection_interfaces/hook/cmake_prefix_path.ps1'
[12.707s] INFO:colcon.colcon_core.shell:Creating environment descriptor '/home/soumo/ros2_ws/install/detection_interfaces/share/detection_interfaces/hook/cmake_prefix_path.dsv'
[12.709s] INFO:colcon.colcon_core.shell:Creating environment hook '/home/soumo/ros2_ws/install/detection_interfaces/share/detection_interfaces/hook/cmake_prefix_path.sh'
[12.714s] Level 1:colcon.colcon_core.environment:checking '/home/soumo/ros2_ws/install/detection_interfaces/lib'
[12.715s] Level 1:colcon.colcon_core.shell:create_environment_hook('detection_interfaces', 'ld_library_path_lib')
[12.882s] INFO:colcon.colcon_core.shell:Creating environment hook '/home/soumo/ros2_ws/install/detection_interfaces/share/detection_interfaces/hook/ld_library_path_lib.ps1'
[12.884s] INFO:colcon.colcon_core.shell:Creating environment descriptor '/home/soumo/ros2_ws/install/detection_interfaces/share/detection_interfaces/hook/ld_library_path_lib.dsv'
[12.886s] INFO:colcon.colcon_core.shell:Creating environment hook '/home/soumo/ros2_ws/install/detection_interfaces/share/detection_interfaces/hook/ld_library_path_lib.sh'
[12.888s] Level 1:colcon.colcon_core.environment:checking '/home/soumo/ros2_ws/install/detection_interfaces/bin'
[12.888s] Level 1:colcon.colcon_core.environment:checking '/home/soumo/ros2_ws/install/detection_interfaces/lib/pkgconfig/detection_interfaces.pc'
[12.889s] Level 1:colcon.colcon_core.environment:checking '/home/soumo/ros2_ws/install/detection_interfaces/lib/python3.10/site-packages'
[12.890s] Level 1:colcon.colcon_core.environment:checking '/home/soumo/ros2_ws/install/detection_interfaces/bin'
[12.987s] INFO:colcon.colcon_core.shell:Creating package script '/home/soumo/ros2_ws/install/detection_interfaces/share/detection_interfaces/package.ps1'
[12.998s] INFO:colcon.colcon_core.shell:Creating package descriptor '/home/soumo/ros2_ws/install/detection_interfaces/share/detection_interfaces/package.dsv'
[13.002s] INFO:colcon.colcon_core.shell:Creating package script '/home/soumo/ros2_ws/install/detection_interfaces/share/detection_interfaces/package.sh'
[13.008s] INFO:colcon.colcon_core.shell:Creating package script '/home/soumo/ros2_ws/install/detection_interfaces/share/detection_interfaces/package.bash'
[13.013s] INFO:colcon.colcon_core.shell:Creating package script '/home/soumo/ros2_ws/install/detection_interfaces/share/detection_interfaces/package.zsh'
[13.016s] Level 1:colcon.colcon_core.environment:create_file_with_runtime_dependencies(/home/soumo/ros2_ws/install/detection_interfaces/share/colcon-core/packages/detection_interfaces)
[13.692s] DEBUG:colcon.colcon_core.event_handler.log_command:Invoking command in '/home/soumo/ros2_ws/build/pothole_detection': PYTHONPATH=/home/soumo/ros2_ws/build/pothole_detection/prefix_override:/home/soumo/ros2_ws/install/pothole_detection/lib/python3.10/site-packages:${PYTHONPATH} /usr/bin/python3 setup.py develop --editable --build-directory /home/soumo/ros2_ws/build/pothole_detection/build --no-deps install_data
[13.766s] DEBUG:colcon.colcon_core.event_handler.log_command:Invoking command in '/home/soumo/ros2_ws/build/navigation': PYTHONPATH=/home/soumo/ros2_ws/build/navigation/prefix_override:/home/soumo/ros2_ws/install/navigation/lib/python3.10/site-packages:${PYTHONPATH} /usr/bin/python3 setup.py develop --editable --build-directory /home/soumo/ros2_ws/build/navigation/build --no-deps install_data
[14.106s] Level 1:colcon.colcon_core.environment:create_environment_scripts_only(detection_interfaces)
[14.250s] Level 1:colcon.colcon_core.environment:checking '/home/soumo/ros2_ws/install/detection_interfaces' for CMake module files
[14.254s] Level 1:colcon.colcon_core.environment:checking '/home/soumo/ros2_ws/install/detection_interfaces' for CMake config files
[14.259s] Level 1:colcon.colcon_core.shell:create_environment_hook('detection_interfaces', 'cmake_prefix_path')
[14.392s] INFO:colcon.colcon_core.shell:Creating environment hook '/home/soumo/ros2_ws/install/detection_interfaces/share/detection_interfaces/hook/cmake_prefix_path.ps1'
[14.408s] INFO:colcon.colcon_core.shell:Creating environment descriptor '/home/soumo/ros2_ws/install/detection_interfaces/share/detection_interfaces/hook/cmake_prefix_path.dsv'
[14.409s] INFO:colcon.colcon_core.shell:Creating environment hook '/home/soumo/ros2_ws/install/detection_interfaces/share/detection_interfaces/hook/cmake_prefix_path.sh'
[14.415s] Level 1:colcon.colcon_core.environment:checking '/home/soumo/ros2_ws/install/detection_interfaces/lib'
[14.416s] Level 1:colcon.colcon_core.shell:create_environment_hook('detection_interfaces', 'ld_library_path_lib')
[14.555s] INFO:colcon.colcon_core.shell:Creating environment hook '/home/soumo/ros2_ws/install/detection_interfaces/share/detection_interfaces/hook/ld_library_path_lib.ps1'
[14.558s] INFO:colcon.colcon_core.shell:Creating environment descriptor '/home/soumo/ros2_ws/install/detection_interfaces/share/detection_interfaces/hook/ld_library_path_lib.dsv'
[14.560s] INFO:colcon.colcon_core.shell:Creating environment hook '/home/soumo/ros2_ws/install/detection_interfaces/share/detection_interfaces/hook/ld_library_path_lib.sh'
[14.567s] Level 1:colcon.colcon_core.environment:checking '/home/soumo/ros2_ws/install/detection_interfaces/bin'
[14.567s] Level 1:colcon.colcon_core.environment:checking '/home/soumo/ros2_ws/install/detection_interfaces/lib/pkgconfig/detection_interfaces.pc'
[14.568s] Level 1:colcon.colcon_core.environment:checking '/home/soumo/ros2_ws/install/detection_interfaces/lib/python3.10/site-packages'
[14.569s] Level 1:colcon.colcon_core.environment:checking '/home/soumo/ros2_ws/install/detection_interfaces/bin'
[14.709s] INFO:colcon.colcon_core.shell:Creating package script '/home/soumo/ros2_ws/install/detection_interfaces/share/detection_interfaces/package.ps1'
[14.717s] INFO:colcon.colcon_core.shell:Creating package descriptor '/home/soumo/ros2_ws/install/detection_interfaces/share/detection_interfaces/package.dsv'
[14.720s] INFO:colcon.colcon_core.shell:Creating package script '/home/soumo/ros2_ws/install/detection_interfaces/share/detection_interfaces/package.sh'
[14.722s] INFO:colcon.colcon_core.shell:Creating package script '/home/soumo/ros2_ws/install/detection_interfaces/share/detection_interfaces/package.bash'
[14.725s] INFO:colcon.colcon_core.shell:Creating package script '/home/soumo/ros2_ws/install/detection_interfaces/share/detection_interfaces/package.zsh'
[14.732s] Level 1:colcon.colcon_core.environment:create_file_with_runtime_dependencies(/home/soumo/ros2_ws/install/detection_interfaces/share/colcon-core/packages/detection_interfaces)
[17.004s] Level 1:colcon.colcon_core.shell:create_environment_hook('pothole_detection', 'pythonpath_develop')
[17.019s] DEBUG:colcon.colcon_core.event_handler.log_command:Invoked command in '/home/soumo/ros2_ws/build/pothole_detection' returned '0': PYTHONPATH=/home/soumo/ros2_ws/build/pothole_detection/prefix_override:/home/soumo/ros2_ws/install/pothole_detection/lib/python3.10/site-packages:${PYTHONPATH} /usr/bin/python3 setup.py develop --editable --build-directory /home/soumo/ros2_ws/build/pothole_detection/build --no-deps install_data
[17.104s] INFO:colcon.colcon_core.shell:Creating environment hook '/home/soumo/ros2_ws/build/pothole_detection/share/pothole_detection/hook/pythonpath_develop.ps1'
[17.107s] INFO:colcon.colcon_core.shell:Creating environment descriptor '/home/soumo/ros2_ws/build/pothole_detection/share/pothole_detection/hook/pythonpath_develop.dsv'
[17.109s] INFO:colcon.colcon_core.shell:Creating environment hook '/home/soumo/ros2_ws/build/pothole_detection/share/pothole_detection/hook/pythonpath_develop.sh'
[17.183s] Level 1:colcon.colcon_core.environment:checking '/home/soumo/ros2_ws/install/pothole_detection' for CMake module files
[17.185s] Level 1:colcon.colcon_core.environment:checking '/home/soumo/ros2_ws/install/pothole_detection' for CMake config files
[17.187s] Level 1:colcon.colcon_core.environment:checking '/home/soumo/ros2_ws/install/pothole_detection/lib'
[17.188s] Level 1:colcon.colcon_core.environment:checking '/home/soumo/ros2_ws/install/pothole_detection/bin'
[17.188s] Level 1:colcon.colcon_core.environment:checking '/home/soumo/ros2_ws/install/pothole_detection/lib/pkgconfig/pothole_detection.pc'
[17.189s] Level 1:colcon.colcon_core.environment:checking '/home/soumo/ros2_ws/install/pothole_detection/lib/python3.10/site-packages'
[17.190s] Level 1:colcon.colcon_core.shell:create_environment_hook('pothole_detection', 'pythonpath')
[17.269s] INFO:colcon.colcon_core.shell:Creating environment hook '/home/soumo/ros2_ws/install/pothole_detection/share/pothole_detection/hook/pythonpath.ps1'
[17.270s] INFO:colcon.colcon_core.shell:Creating environment descriptor '/home/soumo/ros2_ws/install/pothole_detection/share/pothole_detection/hook/pythonpath.dsv'
[17.272s] INFO:colcon.colcon_core.shell:Creating environment hook '/home/soumo/ros2_ws/install/pothole_detection/share/pothole_detection/hook/pythonpath.sh'
[17.274s] Level 1:colcon.colcon_core.environment:checking '/home/soumo/ros2_ws/install/pothole_detection/bin'
[17.275s] Level 1:colcon.colcon_core.environment:create_environment_scripts_only(pothole_detection)
[17.345s] INFO:colcon.colcon_core.shell:Creating package script '/home/soumo/ros2_ws/install/pothole_detection/share/pothole_detection/package.ps1'
[17.347s] INFO:colcon.colcon_core.shell:Creating package descriptor '/home/soumo/ros2_ws/install/pothole_detection/share/pothole_detection/package.dsv'
[17.349s] INFO:colcon.colcon_core.shell:Creating package script '/home/soumo/ros2_ws/install/pothole_detection/share/pothole_detection/package.sh'
[17.351s] INFO:colcon.colcon_core.shell:Creating package script '/home/soumo/ros2_ws/install/pothole_detection/share/pothole_detection/package.bash'
[17.352s] INFO:colcon.colcon_core.shell:Creating package script '/home/soumo/ros2_ws/install/pothole_detection/share/pothole_detection/package.zsh'
[17.360s] Level 1:colcon.colcon_core.environment:create_file_with_runtime_dependencies(/home/soumo/ros2_ws/install/pothole_detection/share/colcon-core/packages/pothole_detection)
[17.365s] Level 1:colcon.colcon_core.shell:create_environment_hook('navigation', 'pythonpath_develop')
[17.374s] DEBUG:colcon.colcon_core.event_handler.log_command:Invoked command in '/home/soumo/ros2_ws/build/navigation' returned '0': PYTHONPATH=/home/soumo/ros2_ws/build/navigation/prefix_override:/home/soumo/ros2_ws/install/navigation/lib/python3.10/site-packages:${PYTHONPATH} /usr/bin/python3 setup.py develop --editable --build-directory /home/soumo/ros2_ws/build/navigation/build --no-deps install_data
[17.443s] INFO:colcon.colcon_core.shell:Creating environment hook '/home/soumo/ros2_ws/build/navigation/share/navigation/hook/pythonpath_develop.ps1'
[17.444s] INFO:colcon.colcon_core.shell:Creating environment descriptor '/home/soumo/ros2_ws/build/navigation/share/navigation/hook/pythonpath_develop.dsv'
[17.446s] INFO:colcon.colcon_core.shell:Creating environment hook '/home/soumo/ros2_ws/build/navigation/share/navigation/hook/pythonpath_develop.sh'
[17.509s] Level 1:colcon.colcon_core.environment:checking '/home/soumo/ros2_ws/install/navigation' for CMake module files
[17.511s] Level 1:colcon.colcon_core.environment:checking '/home/soumo/ros2_ws/install/navigation' for CMake config files
[17.514s] Level 1:colcon.colcon_core.environment:checking '/home/soumo/ros2_ws/install/navigation/lib'
[17.514s] Level 1:colcon.colcon_core.environment:checking '/home/soumo/ros2_ws/install/navigation/bin'
[17.514s] Level 1:colcon.colcon_core.environment:checking '/home/soumo/ros2_ws/install/navigation/lib/pkgconfig/navigation.pc'
[17.515s] Level 1:colcon.colcon_core.environment:checking '/home/soumo/ros2_ws/install/navigation/lib/python3.10/site-packages'
[17.515s] Level 1:colcon.colcon_core.shell:create_environment_hook('navigation', 'pythonpath')
[17.579s] INFO:colcon.colcon_core.shell:Creating environment hook '/home/soumo/ros2_ws/install/navigation/share/navigation/hook/pythonpath.ps1'
[17.581s] INFO:colcon.colcon_core.shell:Creating environment descriptor '/home/soumo/ros2_ws/install/navigation/share/navigation/hook/pythonpath.dsv'
[17.582s] INFO:colcon.colcon_core.shell:Creating environment hook '/home/soumo/ros2_ws/install/navigation/share/navigation/hook/pythonpath.sh'
[17.584s] Level 1:colcon.colcon_core.environment:checking '/home/soumo/ros2_ws/install/navigation/bin'
[17.585s] Level 1:colcon.colcon_core.environment:create_environment_scripts_only(navigation)
[17.652s] INFO:colcon.colcon_core.shell:Creating package script '/home/soumo/ros2_ws/install/navigation/share/navigation/package.ps1'
[17.654s] INFO:colcon.colcon_core.shell:Creating package descriptor '/home/soumo/ros2_ws/install/navigation/share/navigation/package.dsv'
[17.657s] INFO:colcon.colcon_core.shell:Creating package script '/home/soumo/ros2_ws/install/navigation/share/navigation/package.sh'
[17.659s] INFO:colcon.colcon_core.shell:Creating package script '/home/soumo/ros2_ws/install/navigation/share/navigation/package.bash'
[17.661s] INFO:colcon.colcon_core.shell:Creating package script '/home/soumo/ros2_ws/install/navigation/share/navigation/package.zsh'
[17.662s] Level 1:colcon.colcon_core.environment:create_file_with_runtime_dependencies(/home/soumo/ros2_ws/install/navigation/share/colcon-core/packages/navigation)
[17.664s] DEBUG:colcon.colcon_parallel_executor.executor.parallel:closing loop
[17.666s] DEBUG:colcon.colcon_parallel_executor.executor.parallel:loop closed
[17.667s] DEBUG:colcon.colcon_parallel_executor.executor.parallel:run_until_complete finished with '0'
[17.667s] DEBUG:colcon.colcon_core.event_reactor:joining thread
[17.771s] INFO:colcon.colcon_core.plugin_system:Skipping extension 'colcon_notification.desktop_notification.terminal_notifier': Not used on non-Darwin systems
[17.771s] INFO:colcon.colcon_core.plugin_system:Skipping extension 'colcon_notification.desktop_notification.win32': Not used on non-Windows systems
[17.771s] INFO:colcon.colcon_notification.desktop_notification:Sending desktop notification using 'notify2'
[17.836s] DEBUG:colcon.colcon_core.event_reactor:joined thread
[17.900s] INFO:colcon.colcon_core.shell:Creating prefix script '/home/soumo/ros2_ws/install/local_setup.ps1'
[17.904s] INFO:colcon.colcon_core.shell:Creating prefix util module '/home/soumo/ros2_ws/install/_local_setup_util_ps1.py'
[17.910s] INFO:colcon.colcon_core.shell:Creating prefix chain script '/home/soumo/ros2_ws/install/setup.ps1'
[17.972s] INFO:colcon.colcon_core.shell:Creating prefix script '/home/soumo/ros2_ws/install/local_setup.sh'
[17.975s] INFO:colcon.colcon_core.shell:Creating prefix util module '/home/soumo/ros2_ws/install/_local_setup_util_sh.py'
[17.977s] INFO:colcon.colcon_core.shell:Creating prefix chain script '/home/soumo/ros2_ws/install/setup.sh'
[18.040s] INFO:colcon.colcon_core.shell:Creating prefix script '/home/soumo/ros2_ws/install/local_setup.bash'
[18.043s] INFO:colcon.colcon_core.shell:Creating prefix chain script '/home/soumo/ros2_ws/install/setup.bash'
[18.106s] INFO:colcon.colcon_core.shell:Creating prefix script '/home/soumo/ros2_ws/install/local_setup.zsh'
[18.109s] INFO:colcon.colcon_core.shell:Creating prefix chain script '/home/soumo/ros2_ws/install/setup.zsh'
