[2.089s] Invoking command in '/home/soumo/robot_programming/build/detection_interfaces': CMAKE_PREFIX_PATH=${CMAKE_PREFIX_PATH}:/home/soumo/robot_programming/install/pothole_detection:/home/soumo/robot_programming/install/navigation:/home/soumo/ros2_ws/install/pothole_detection:/home/soumo/ros2_ws/install/navigation:/opt/ros/humble /usr/bin/cmake --build /home/soumo/robot_programming/build/detection_interfaces -- -j8 -l8
[4.176s] [  2%] Built target detection_interfaces__cpp
[4.176s] [  2%] Built target ament_cmake_python_symlink_detection_interfaces
[4.177s] [ 12%] Built target detection_interfaces__rosidl_typesupport_introspection_cpp
[4.466s] running egg_info
[4.474s] writing detection_interfaces.egg-info/PKG-INFO
[4.477s] writing dependency_links to detection_interfaces.egg-info/dependency_links.txt
[4.477s] writing top-level names to detection_interfaces.egg-info/top_level.txt
[4.490s] reading manifest file 'detection_interfaces.egg-info/SOURCES.txt'
[4.493s] writing manifest file 'detection_interfaces.egg-info/SOURCES.txt'
[4.612s] [ 12%] Built target ament_cmake_python_build_detection_interfaces_egg
[4.820s] [ 23%] Built target detection_interfaces__rosidl_typesupport_fastrtps_cpp
[4.950s] [ 34%] Built target detection_interfaces__rosidl_typesupport_cpp
[5.109s] [ 44%] Built target detection_interfaces__rosidl_generator_c
[5.280s] [ 55%] Built target detection_interfaces__rosidl_typesupport_fastrtps_c
[5.422s] [ 65%] Built target detection_interfaces__rosidl_typesupport_c
[5.602s] [ 76%] Built target detection_interfaces__rosidl_typesupport_introspection_c
[5.764s] [ 76%] Built target detection_interfaces
[5.967s] [ 78%] Built target detection_interfaces__py
[6.140s] [ 87%] Built target detection_interfaces__rosidl_generator_py
[6.406s] [ 91%] Built target detection_interfaces__rosidl_typesupport_fastrtps_c__pyext
[6.663s] [ 95%] Built target detection_interfaces__rosidl_typesupport_c__pyext
[6.970s] [100%] Built target detection_interfaces__rosidl_typesupport_introspection_c__pyext
[7.442s] Invoked command in '/home/soumo/robot_programming/build/detection_interfaces' returned '0': CMAKE_PREFIX_PATH=${CMAKE_PREFIX_PATH}:/home/soumo/robot_programming/install/pothole_detection:/home/soumo/robot_programming/install/navigation:/home/soumo/ros2_ws/install/pothole_detection:/home/soumo/ros2_ws/install/navigation:/opt/ros/humble /usr/bin/cmake --build /home/soumo/robot_programming/build/detection_interfaces -- -j8 -l8
[8.788s] Invoking command in '/home/soumo/robot_programming/build/detection_interfaces': CMAKE_PREFIX_PATH=${CMAKE_PREFIX_PATH}:/home/soumo/robot_programming/install/pothole_detection:/home/soumo/robot_programming/install/navigation:/home/soumo/ros2_ws/install/pothole_detection:/home/soumo/ros2_ws/install/navigation:/opt/ros/humble /usr/bin/cmake --install /home/soumo/robot_programming/build/detection_interfaces
[8.865s] -- Install configuration: ""
[8.866s] -- Execute custom install script
[8.873s] -- Up-to-date symlink: /home/soumo/robot_programming/install/detection_interfaces/share/ament_index/resource_index/rosidl_interfaces/detection_interfaces
[8.874s] -- Up-to-date symlink: /home/soumo/robot_programming/install/detection_interfaces/include/detection_interfaces/detection_interfaces/msg/detail/inference_result__functions.h
[8.875s] -- Up-to-date symlink: /home/soumo/robot_programming/install/detection_interfaces/include/detection_interfaces/detection_interfaces/msg/detail/inference_result__struct.h
[8.886s] -- Up-to-date symlink: /home/soumo/robot_programming/install/detection_interfaces/include/detection_interfaces/detection_interfaces/msg/detail/inference_result__type_support.h
[8.886s] -- Up-to-date symlink: /home/soumo/robot_programming/install/detection_interfaces/include/detection_interfaces/detection_interfaces/msg/detail/inference_result_array__functions.h
[8.886s] -- Up-to-date symlink: /home/soumo/robot_programming/install/detection_interfaces/include/detection_interfaces/detection_interfaces/msg/detail/inference_result_array__struct.h
[8.887s] -- Up-to-date symlink: /home/soumo/robot_programming/install/detection_interfaces/include/detection_interfaces/detection_interfaces/msg/detail/inference_result_array__type_support.h
[8.887s] -- Up-to-date symlink: /home/soumo/robot_programming/install/detection_interfaces/include/detection_interfaces/detection_interfaces/msg/detail/pothole_cordinate__functions.h
[8.887s] -- Up-to-date symlink: /home/soumo/robot_programming/install/detection_interfaces/include/detection_interfaces/detection_interfaces/msg/detail/pothole_cordinate__struct.h
[8.888s] -- Up-to-date symlink: /home/soumo/robot_programming/install/detection_interfaces/include/detection_interfaces/detection_interfaces/msg/detail/pothole_cordinate__type_support.h
[8.888s] -- Up-to-date symlink: /home/soumo/robot_programming/install/detection_interfaces/include/detection_interfaces/detection_interfaces/msg/inference_result.h
[8.888s] -- Up-to-date symlink: /home/soumo/robot_programming/install/detection_interfaces/include/detection_interfaces/detection_interfaces/msg/inference_result_array.h
[8.893s] -- Up-to-date symlink: /home/soumo/robot_programming/install/detection_interfaces/include/detection_interfaces/detection_interfaces/msg/pothole_cordinate.h
[8.894s] -- Up-to-date symlink: /home/soumo/robot_programming/install/detection_interfaces/include/detection_interfaces/detection_interfaces/msg/rosidl_generator_c__visibility_control.h
[8.894s] -- Up-to-date symlink: /home/soumo/robot_programming/install/detection_interfaces/share/detection_interfaces/environment/library_path.sh
[8.894s] -- Up-to-date symlink: /home/soumo/robot_programming/install/detection_interfaces/share/detection_interfaces/environment/library_path.dsv
[8.908s] -- Up-to-date symlink: /home/soumo/robot_programming/install/detection_interfaces/include/detection_interfaces/detection_interfaces/msg/detail/inference_result__rosidl_typesupport_fastrtps_c.h
[8.909s] -- Up-to-date symlink: /home/soumo/robot_programming/install/detection_interfaces/include/detection_interfaces/detection_interfaces/msg/detail/inference_result_array__rosidl_typesupport_fastrtps_c.h
[8.909s] -- Up-to-date symlink: /home/soumo/robot_programming/install/detection_interfaces/include/detection_interfaces/detection_interfaces/msg/detail/pothole_cordinate__rosidl_typesupport_fastrtps_c.h
[8.910s] -- Up-to-date symlink: /home/soumo/robot_programming/install/detection_interfaces/include/detection_interfaces/detection_interfaces/msg/rosidl_typesupport_fastrtps_c__visibility_control.h
[8.910s] -- Up-to-date symlink: /home/soumo/robot_programming/install/detection_interfaces/include/detection_interfaces/detection_interfaces/msg/detail/inference_result__rosidl_typesupport_introspection_c.h
[8.910s] -- Up-to-date symlink: /home/soumo/robot_programming/install/detection_interfaces/include/detection_interfaces/detection_interfaces/msg/detail/inference_result_array__rosidl_typesupport_introspection_c.h
[8.910s] -- Up-to-date symlink: /home/soumo/robot_programming/install/detection_interfaces/include/detection_interfaces/detection_interfaces/msg/detail/pothole_cordinate__rosidl_typesupport_introspection_c.h
[8.911s] -- Up-to-date symlink: /home/soumo/robot_programming/install/detection_interfaces/include/detection_interfaces/detection_interfaces/msg/rosidl_typesupport_introspection_c__visibility_control.h
[8.911s] -- Up-to-date symlink: /home/soumo/robot_programming/install/detection_interfaces/include/detection_interfaces/detection_interfaces/msg/detail/inference_result__builder.hpp
[8.916s] -- Up-to-date symlink: /home/soumo/robot_programming/install/detection_interfaces/include/detection_interfaces/detection_interfaces/msg/detail/inference_result__struct.hpp
[8.917s] -- Up-to-date symlink: /home/soumo/robot_programming/install/detection_interfaces/include/detection_interfaces/detection_interfaces/msg/detail/inference_result__traits.hpp
[8.917s] -- Up-to-date symlink: /home/soumo/robot_programming/install/detection_interfaces/include/detection_interfaces/detection_interfaces/msg/detail/inference_result_array__builder.hpp
[8.918s] -- Up-to-date symlink: /home/soumo/robot_programming/install/detection_interfaces/include/detection_interfaces/detection_interfaces/msg/detail/inference_result_array__struct.hpp
[8.918s] -- Up-to-date symlink: /home/soumo/robot_programming/install/detection_interfaces/include/detection_interfaces/detection_interfaces/msg/detail/inference_result_array__traits.hpp
[8.919s] -- Up-to-date symlink: /home/soumo/robot_programming/install/detection_interfaces/include/detection_interfaces/detection_interfaces/msg/detail/pothole_cordinate__builder.hpp
[8.919s] -- Up-to-date symlink: /home/soumo/robot_programming/install/detection_interfaces/include/detection_interfaces/detection_interfaces/msg/detail/pothole_cordinate__struct.hpp
[8.921s] -- Up-to-date symlink: /home/soumo/robot_programming/install/detection_interfaces/include/detection_interfaces/detection_interfaces/msg/detail/pothole_cordinate__traits.hpp
[8.921s] -- Up-to-date symlink: /home/soumo/robot_programming/install/detection_interfaces/include/detection_interfaces/detection_interfaces/msg/inference_result.hpp
[8.921s] -- Up-to-date symlink: /home/soumo/robot_programming/install/detection_interfaces/include/detection_interfaces/detection_interfaces/msg/inference_result_array.hpp
[8.922s] -- Up-to-date symlink: /home/soumo/robot_programming/install/detection_interfaces/include/detection_interfaces/detection_interfaces/msg/pothole_cordinate.hpp
[8.922s] -- Up-to-date symlink: /home/soumo/robot_programming/install/detection_interfaces/include/detection_interfaces/detection_interfaces/msg/detail/inference_result__rosidl_typesupport_fastrtps_cpp.hpp
[8.923s] -- Up-to-date symlink: /home/soumo/robot_programming/install/detection_interfaces/include/detection_interfaces/detection_interfaces/msg/detail/inference_result_array__rosidl_typesupport_fastrtps_cpp.hpp
[8.923s] -- Up-to-date symlink: /home/soumo/robot_programming/install/detection_interfaces/include/detection_interfaces/detection_interfaces/msg/detail/pothole_cordinate__rosidl_typesupport_fastrtps_cpp.hpp
[8.923s] -- Up-to-date symlink: /home/soumo/robot_programming/install/detection_interfaces/include/detection_interfaces/detection_interfaces/msg/rosidl_typesupport_fastrtps_cpp__visibility_control.h
[8.923s] -- Up-to-date symlink: /home/soumo/robot_programming/install/detection_interfaces/include/detection_interfaces/detection_interfaces/msg/detail/inference_result__rosidl_typesupport_introspection_cpp.hpp
[8.923s] -- Up-to-date symlink: /home/soumo/robot_programming/install/detection_interfaces/include/detection_interfaces/detection_interfaces/msg/detail/inference_result_array__rosidl_typesupport_introspection_cpp.hpp
[8.924s] -- Up-to-date symlink: /home/soumo/robot_programming/install/detection_interfaces/include/detection_interfaces/detection_interfaces/msg/detail/pothole_cordinate__rosidl_typesupport_introspection_cpp.hpp
[8.924s] -- Up-to-date symlink: /home/soumo/robot_programming/install/detection_interfaces/share/detection_interfaces/environment/pythonpath.sh
[8.924s] -- Up-to-date symlink: /home/soumo/robot_programming/install/detection_interfaces/share/detection_interfaces/environment/pythonpath.dsv
[8.924s] -- Up-to-date symlink: /home/soumo/robot_programming/install/detection_interfaces/local/lib/python3.10/dist-packages/detection_interfaces-0.0.0-py3.10.egg-info/PKG-INFO
[8.930s] -- Up-to-date symlink: /home/soumo/robot_programming/install/detection_interfaces/local/lib/python3.10/dist-packages/detection_interfaces-0.0.0-py3.10.egg-info/SOURCES.txt
[8.930s] -- Up-to-date symlink: /home/soumo/robot_programming/install/detection_interfaces/local/lib/python3.10/dist-packages/detection_interfaces-0.0.0-py3.10.egg-info/dependency_links.txt
[8.931s] -- Up-to-date symlink: /home/soumo/robot_programming/install/detection_interfaces/local/lib/python3.10/dist-packages/detection_interfaces-0.0.0-py3.10.egg-info/top_level.txt
[8.931s] -- Up-to-date symlink: /home/soumo/robot_programming/install/detection_interfaces/local/lib/python3.10/dist-packages/detection_interfaces/__init__.py
[8.931s] -- Up-to-date symlink: /home/soumo/robot_programming/install/detection_interfaces/local/lib/python3.10/dist-packages/detection_interfaces/_detection_interfaces_s.ep.rosidl_typesupport_c.c
[8.932s] -- Up-to-date symlink: /home/soumo/robot_programming/install/detection_interfaces/local/lib/python3.10/dist-packages/detection_interfaces/_detection_interfaces_s.ep.rosidl_typesupport_fastrtps_c.c
[8.932s] -- Up-to-date symlink: /home/soumo/robot_programming/install/detection_interfaces/local/lib/python3.10/dist-packages/detection_interfaces/_detection_interfaces_s.ep.rosidl_typesupport_introspection_c.c
[8.932s] -- Up-to-date symlink: /home/soumo/robot_programming/install/detection_interfaces/local/lib/python3.10/dist-packages/detection_interfaces/detection_interfaces_s__rosidl_typesupport_c.cpython-310-x86_64-linux-gnu.so
[8.933s] -- Up-to-date symlink: /home/soumo/robot_programming/install/detection_interfaces/local/lib/python3.10/dist-packages/detection_interfaces/detection_interfaces_s__rosidl_typesupport_fastrtps_c.cpython-310-x86_64-linux-gnu.so
[8.933s] -- Up-to-date symlink: /home/soumo/robot_programming/install/detection_interfaces/local/lib/python3.10/dist-packages/detection_interfaces/detection_interfaces_s__rosidl_typesupport_introspection_c.cpython-310-x86_64-linux-gnu.so
[8.934s] -- Up-to-date symlink: /home/soumo/robot_programming/install/detection_interfaces/local/lib/python3.10/dist-packages/detection_interfaces/libdetection_interfaces__rosidl_generator_py.so
[8.934s] -- Up-to-date symlink: /home/soumo/robot_programming/install/detection_interfaces/local/lib/python3.10/dist-packages/detection_interfaces/msg/__init__.py
[8.935s] -- Up-to-date symlink: /home/soumo/robot_programming/install/detection_interfaces/local/lib/python3.10/dist-packages/detection_interfaces/msg/_inference_result.py
[8.935s] -- Up-to-date symlink: /home/soumo/robot_programming/install/detection_interfaces/local/lib/python3.10/dist-packages/detection_interfaces/msg/_inference_result_array.py
[8.935s] -- Up-to-date symlink: /home/soumo/robot_programming/install/detection_interfaces/local/lib/python3.10/dist-packages/detection_interfaces/msg/_inference_result_array_s.c
[8.936s] -- Up-to-date symlink: /home/soumo/robot_programming/install/detection_interfaces/local/lib/python3.10/dist-packages/detection_interfaces/msg/_inference_result_s.c
[8.938s] -- Up-to-date symlink: /home/soumo/robot_programming/install/detection_interfaces/local/lib/python3.10/dist-packages/detection_interfaces/msg/_pothole_cordinate.py
[8.938s] -- Up-to-date symlink: /home/soumo/robot_programming/install/detection_interfaces/local/lib/python3.10/dist-packages/detection_interfaces/msg/_pothole_cordinate_s.c
[8.943s] -- Up-to-date symlink: /home/soumo/robot_programming/install/detection_interfaces/local/lib/python3.10/dist-packages/detection_interfaces/detection_interfaces_s__rosidl_typesupport_fastrtps_c.cpython-310-x86_64-linux-gnu.so
[8.945s] -- Up-to-date symlink: /home/soumo/robot_programming/install/detection_interfaces/local/lib/python3.10/dist-packages/detection_interfaces/detection_interfaces_s__rosidl_typesupport_introspection_c.cpython-310-x86_64-linux-gnu.so
[8.947s] -- Up-to-date symlink: /home/soumo/robot_programming/install/detection_interfaces/local/lib/python3.10/dist-packages/detection_interfaces/detection_interfaces_s__rosidl_typesupport_c.cpython-310-x86_64-linux-gnu.so
[8.950s] -- Up-to-date symlink: /home/soumo/robot_programming/install/detection_interfaces/share/detection_interfaces/msg/InferenceResult.idl
[8.952s] -- Up-to-date symlink: /home/soumo/robot_programming/install/detection_interfaces/share/detection_interfaces/msg/InferenceResultArray.idl
[8.953s] -- Up-to-date symlink: /home/soumo/robot_programming/install/detection_interfaces/share/detection_interfaces/msg/PotholeCordinate.idl
[8.953s] -- Up-to-date symlink: /home/soumo/robot_programming/install/detection_interfaces/share/detection_interfaces/msg/InferenceResult.msg
[8.957s] -- Up-to-date symlink: /home/soumo/robot_programming/install/detection_interfaces/share/detection_interfaces/msg/InferenceResultArray.msg
[8.957s] -- Up-to-date symlink: /home/soumo/robot_programming/install/detection_interfaces/share/detection_interfaces/msg/PotholeCordinate.msg
[8.958s] -- Up-to-date symlink: /home/soumo/robot_programming/install/detection_interfaces/share/ament_index/resource_index/package_run_dependencies/detection_interfaces
[8.958s] -- Up-to-date symlink: /home/soumo/robot_programming/install/detection_interfaces/share/ament_index/resource_index/parent_prefix_path/detection_interfaces
[8.958s] -- Up-to-date symlink: /home/soumo/robot_programming/install/detection_interfaces/share/detection_interfaces/environment/ament_prefix_path.sh
[8.963s] -- Up-to-date symlink: /home/soumo/robot_programming/install/detection_interfaces/share/detection_interfaces/environment/ament_prefix_path.dsv
[8.966s] -- Up-to-date symlink: /home/soumo/robot_programming/install/detection_interfaces/share/detection_interfaces/environment/path.sh
[8.966s] -- Up-to-date symlink: /home/soumo/robot_programming/install/detection_interfaces/share/detection_interfaces/environment/path.dsv
[8.966s] -- Up-to-date symlink: /home/soumo/robot_programming/install/detection_interfaces/share/detection_interfaces/local_setup.bash
[8.966s] -- Up-to-date symlink: /home/soumo/robot_programming/install/detection_interfaces/share/detection_interfaces/local_setup.sh
[8.966s] -- Up-to-date symlink: /home/soumo/robot_programming/install/detection_interfaces/share/detection_interfaces/local_setup.zsh
[8.967s] -- Up-to-date symlink: /home/soumo/robot_programming/install/detection_interfaces/share/detection_interfaces/local_setup.dsv
[8.973s] -- Symlinking: /home/soumo/robot_programming/install/detection_interfaces/share/detection_interfaces/package.dsv
[9.033s] -- Up-to-date symlink: /home/soumo/robot_programming/install/detection_interfaces/share/ament_index/resource_index/packages/detection_interfaces
[9.033s] -- Up-to-date symlink: /home/soumo/robot_programming/install/detection_interfaces/share/detection_interfaces/cmake/rosidl_cmake-extras.cmake
[9.034s] -- Up-to-date symlink: /home/soumo/robot_programming/install/detection_interfaces/share/detection_interfaces/cmake/ament_cmake_export_include_directories-extras.cmake
[9.037s] -- Up-to-date symlink: /home/soumo/robot_programming/install/detection_interfaces/share/detection_interfaces/cmake/ament_cmake_export_libraries-extras.cmake
[9.038s] -- Up-to-date symlink: /home/soumo/robot_programming/install/detection_interfaces/share/detection_interfaces/cmake/ament_cmake_export_targets-extras.cmake
[9.038s] -- Up-to-date symlink: /home/soumo/robot_programming/install/detection_interfaces/share/detection_interfaces/cmake/rosidl_cmake_export_typesupport_targets-extras.cmake
[9.038s] -- Up-to-date symlink: /home/soumo/robot_programming/install/detection_interfaces/share/detection_interfaces/cmake/ament_cmake_export_dependencies-extras.cmake
[9.044s] -- Up-to-date symlink: /home/soumo/robot_programming/install/detection_interfaces/share/detection_interfaces/cmake/rosidl_cmake_export_typesupport_libraries-extras.cmake
[9.044s] -- Up-to-date symlink: /home/soumo/robot_programming/install/detection_interfaces/share/detection_interfaces/cmake/detection_interfacesConfig.cmake
[9.046s] -- Up-to-date symlink: /home/soumo/robot_programming/install/detection_interfaces/share/detection_interfaces/cmake/detection_interfacesConfig-version.cmake
[9.046s] -- Up-to-date symlink: /home/soumo/robot_programming/install/detection_interfaces/share/detection_interfaces/package.xml
[9.058s] -- Up-to-date: /home/soumo/robot_programming/install/detection_interfaces/lib/libdetection_interfaces__rosidl_generator_c.so
[9.066s] -- Up-to-date: /home/soumo/robot_programming/install/detection_interfaces/lib/libdetection_interfaces__rosidl_typesupport_fastrtps_c.so
[9.070s] -- Up-to-date: /home/soumo/robot_programming/install/detection_interfaces/lib/libdetection_interfaces__rosidl_typesupport_introspection_c.so
[9.078s] -- Up-to-date: /home/soumo/robot_programming/install/detection_interfaces/lib/libdetection_interfaces__rosidl_typesupport_c.so
[9.083s] -- Up-to-date: /home/soumo/robot_programming/install/detection_interfaces/lib/libdetection_interfaces__rosidl_typesupport_fastrtps_cpp.so
[9.095s] -- Up-to-date: /home/soumo/robot_programming/install/detection_interfaces/lib/libdetection_interfaces__rosidl_typesupport_introspection_cpp.so
[9.099s] -- Up-to-date: /home/soumo/robot_programming/install/detection_interfaces/lib/libdetection_interfaces__rosidl_typesupport_cpp.so
[9.429s] Listing '/home/soumo/robot_programming/install/detection_interfaces/local/lib/python3.10/dist-packages/detection_interfaces'...
[9.430s] Listing '/home/soumo/robot_programming/install/detection_interfaces/local/lib/python3.10/dist-packages/detection_interfaces/msg'...
[9.483s] -- Up-to-date: /home/soumo/robot_programming/install/detection_interfaces/lib/libdetection_interfaces__rosidl_generator_py.so
[9.492s] -- Up-to-date: /home/soumo/robot_programming/install/detection_interfaces/share/detection_interfaces/cmake/export_detection_interfaces__rosidl_generator_cExport.cmake
[9.493s] -- Up-to-date: /home/soumo/robot_programming/install/detection_interfaces/share/detection_interfaces/cmake/export_detection_interfaces__rosidl_generator_cExport-noconfig.cmake
[9.502s] -- Up-to-date: /home/soumo/robot_programming/install/detection_interfaces/share/detection_interfaces/cmake/export_detection_interfaces__rosidl_typesupport_fastrtps_cExport.cmake
[9.502s] -- Up-to-date: /home/soumo/robot_programming/install/detection_interfaces/share/detection_interfaces/cmake/export_detection_interfaces__rosidl_typesupport_fastrtps_cExport-noconfig.cmake
[9.507s] -- Up-to-date: /home/soumo/robot_programming/install/detection_interfaces/share/detection_interfaces/cmake/detection_interfaces__rosidl_typesupport_introspection_cExport.cmake
[9.507s] -- Up-to-date: /home/soumo/robot_programming/install/detection_interfaces/share/detection_interfaces/cmake/detection_interfaces__rosidl_typesupport_introspection_cExport-noconfig.cmake
[9.510s] -- Up-to-date: /home/soumo/robot_programming/install/detection_interfaces/share/detection_interfaces/cmake/detection_interfaces__rosidl_typesupport_cExport.cmake
[9.511s] -- Up-to-date: /home/soumo/robot_programming/install/detection_interfaces/share/detection_interfaces/cmake/detection_interfaces__rosidl_typesupport_cExport-noconfig.cmake
[9.517s] -- Up-to-date: /home/soumo/robot_programming/install/detection_interfaces/share/detection_interfaces/cmake/export_detection_interfaces__rosidl_generator_cppExport.cmake
[9.530s] -- Up-to-date: /home/soumo/robot_programming/install/detection_interfaces/share/detection_interfaces/cmake/export_detection_interfaces__rosidl_typesupport_fastrtps_cppExport.cmake
[9.530s] -- Up-to-date: /home/soumo/robot_programming/install/detection_interfaces/share/detection_interfaces/cmake/export_detection_interfaces__rosidl_typesupport_fastrtps_cppExport-noconfig.cmake
[9.535s] -- Up-to-date: /home/soumo/robot_programming/install/detection_interfaces/share/detection_interfaces/cmake/detection_interfaces__rosidl_typesupport_introspection_cppExport.cmake
[9.536s] -- Up-to-date: /home/soumo/robot_programming/install/detection_interfaces/share/detection_interfaces/cmake/detection_interfaces__rosidl_typesupport_introspection_cppExport-noconfig.cmake
[9.542s] -- Up-to-date: /home/soumo/robot_programming/install/detection_interfaces/share/detection_interfaces/cmake/detection_interfaces__rosidl_typesupport_cppExport.cmake
[9.542s] -- Up-to-date: /home/soumo/robot_programming/install/detection_interfaces/share/detection_interfaces/cmake/detection_interfaces__rosidl_typesupport_cppExport-noconfig.cmake
[9.548s] -- Up-to-date: /home/soumo/robot_programming/install/detection_interfaces/share/detection_interfaces/cmake/export_detection_interfaces__rosidl_generator_pyExport.cmake
[9.549s] -- Up-to-date: /home/soumo/robot_programming/install/detection_interfaces/share/detection_interfaces/cmake/export_detection_interfaces__rosidl_generator_pyExport-noconfig.cmake
[9.573s] Invoked command in '/home/soumo/robot_programming/build/detection_interfaces' returned '0': CMAKE_PREFIX_PATH=${CMAKE_PREFIX_PATH}:/home/soumo/robot_programming/install/pothole_detection:/home/soumo/robot_programming/install/navigation:/home/soumo/ros2_ws/install/pothole_detection:/home/soumo/ros2_ws/install/navigation:/opt/ros/humble /usr/bin/cmake --install /home/soumo/robot_programming/build/detection_interfaces
