[2.188s] DEBUG:colcon:Command line arguments: ['/usr/bin/colcon', 'build', '--symlink-install']
[2.188s] DEBUG:colcon:Parsed command line arguments: Namespace(log_base=None, log_level=None, verb_name='build', build_base='build', install_base='install', merge_install=False, symlink_install=True, test_result_base=None, continue_on_error=False, executor='parallel', parallel_workers=8, event_handlers=None, ignore_user_meta=False, metas=['./colcon.meta'], base_paths=['.'], packages_ignore=None, packages_ignore_regex=None, paths=None, packages_up_to=None, packages_up_to_regex=None, packages_above=None, packages_above_and_dependencies=None, packages_above_depth=None, packages_select_by_dep=None, packages_skip_by_dep=None, packages_skip_up_to=None, packages_select_build_failed=False, packages_skip_build_finished=False, packages_select_test_failures=False, packages_skip_test_passed=False, packages_select=None, packages_skip=None, packages_select_regex=None, packages_skip_regex=None, packages_start=None, packages_end=None, cmake_args=None, cmake_target=None, cmake_target_skip_unavailable=False, cmake_clean_cache=False, cmake_clean_first=False, cmake_force_configure=False, ament_cmake_args=None, catkin_cmake_args=None, catkin_skip_building_tests=False, verb_parser=<colcon_defaults.argument_parser.defaults.DefaultArgumentsDecorator object at 0x7fc74deb6c50>, verb_extension=<colcon_core.verb.build.BuildVerb object at 0x7fc74deb5f00>, main=<bound method BuildVerb.main of <colcon_core.verb.build.BuildVerb object at 0x7fc74deb5f00>>)
[2.295s] Level 1:colcon.colcon_core.package_discovery:discover_packages(colcon_meta) check parameters
[2.295s] Level 1:colcon.colcon_core.package_discovery:discover_packages(recursive) check parameters
[2.296s] Level 1:colcon.colcon_core.package_discovery:discover_packages(ignore) check parameters
[2.296s] Level 1:colcon.colcon_core.package_discovery:discover_packages(path) check parameters
[2.296s] Level 1:colcon.colcon_core.package_discovery:discover_packages(colcon_meta) discover
[2.296s] Level 1:colcon.colcon_core.package_discovery:discover_packages(recursive) discover
[2.296s] INFO:colcon.colcon_core.package_discovery:Crawling recursively for packages in '/home/soumo/robot_programming'
[2.296s] Level 1:colcon.colcon_core.package_identification:_identify(.) by extensions ['ignore', 'ignore_ament_install']
[2.296s] Level 1:colcon.colcon_core.package_identification:_identify(.) by extension 'ignore'
[2.296s] Level 1:colcon.colcon_core.package_identification:_identify(.) by extension 'ignore_ament_install'
[2.296s] Level 1:colcon.colcon_core.package_identification:_identify(.) by extensions ['colcon_pkg']
[2.296s] Level 1:colcon.colcon_core.package_identification:_identify(.) by extension 'colcon_pkg'
[2.296s] Level 1:colcon.colcon_core.package_identification:_identify(.) by extensions ['colcon_meta']
[2.296s] Level 1:colcon.colcon_core.package_identification:_identify(.) by extension 'colcon_meta'
[2.296s] Level 1:colcon.colcon_core.package_identification:_identify(.) by extensions ['ros']
[2.296s] Level 1:colcon.colcon_core.package_identification:_identify(.) by extension 'ros'
[2.317s] Level 1:colcon.colcon_core.package_identification:_identify(.) by extensions ['cmake', 'python']
[2.317s] Level 1:colcon.colcon_core.package_identification:_identify(.) by extension 'cmake'
[2.317s] Level 1:colcon.colcon_core.package_identification:_identify(.) by extension 'python'
[2.317s] Level 1:colcon.colcon_core.package_identification:_identify(.) by extensions ['python_setup_py']
[2.317s] Level 1:colcon.colcon_core.package_identification:_identify(.) by extension 'python_setup_py'
[2.317s] Level 1:colcon.colcon_core.package_identification:_identify(build) by extensions ['ignore', 'ignore_ament_install']
[2.317s] Level 1:colcon.colcon_core.package_identification:_identify(build) by extension 'ignore'
[2.318s] Level 1:colcon.colcon_core.package_identification:_identify(build) ignored
[2.318s] Level 1:colcon.colcon_core.package_identification:_identify(install) by extensions ['ignore', 'ignore_ament_install']
[2.318s] Level 1:colcon.colcon_core.package_identification:_identify(install) by extension 'ignore'
[2.318s] Level 1:colcon.colcon_core.package_identification:_identify(install) ignored
[2.318s] Level 1:colcon.colcon_core.package_identification:_identify(log) by extensions ['ignore', 'ignore_ament_install']
[2.318s] Level 1:colcon.colcon_core.package_identification:_identify(log) by extension 'ignore'
[2.318s] Level 1:colcon.colcon_core.package_identification:_identify(log) ignored
[2.318s] Level 1:colcon.colcon_core.package_identification:_identify(src) by extensions ['ignore', 'ignore_ament_install']
[2.318s] Level 1:colcon.colcon_core.package_identification:_identify(src) by extension 'ignore'
[2.319s] Level 1:colcon.colcon_core.package_identification:_identify(src) by extension 'ignore_ament_install'
[2.319s] Level 1:colcon.colcon_core.package_identification:_identify(src) by extensions ['colcon_pkg']
[2.319s] Level 1:colcon.colcon_core.package_identification:_identify(src) by extension 'colcon_pkg'
[2.319s] Level 1:colcon.colcon_core.package_identification:_identify(src) by extensions ['colcon_meta']
[2.319s] Level 1:colcon.colcon_core.package_identification:_identify(src) by extension 'colcon_meta'
[2.319s] Level 1:colcon.colcon_core.package_identification:_identify(src) by extensions ['ros']
[2.319s] Level 1:colcon.colcon_core.package_identification:_identify(src) by extension 'ros'
[2.319s] Level 1:colcon.colcon_core.package_identification:_identify(src) by extensions ['cmake', 'python']
[2.319s] Level 1:colcon.colcon_core.package_identification:_identify(src) by extension 'cmake'
[2.319s] Level 1:colcon.colcon_core.package_identification:_identify(src) by extension 'python'
[2.319s] Level 1:colcon.colcon_core.package_identification:_identify(src) by extensions ['python_setup_py']
[2.319s] Level 1:colcon.colcon_core.package_identification:_identify(src) by extension 'python_setup_py'
[2.319s] Level 1:colcon.colcon_core.package_identification:_identify(src/detection_interfaces) by extensions ['ignore', 'ignore_ament_install']
[2.320s] Level 1:colcon.colcon_core.package_identification:_identify(src/detection_interfaces) by extension 'ignore'
[2.320s] Level 1:colcon.colcon_core.package_identification:_identify(src/detection_interfaces) by extension 'ignore_ament_install'
[2.320s] Level 1:colcon.colcon_core.package_identification:_identify(src/detection_interfaces) by extensions ['colcon_pkg']
[2.320s] Level 1:colcon.colcon_core.package_identification:_identify(src/detection_interfaces) by extension 'colcon_pkg'
[2.320s] Level 1:colcon.colcon_core.package_identification:_identify(src/detection_interfaces) by extensions ['colcon_meta']
[2.320s] Level 1:colcon.colcon_core.package_identification:_identify(src/detection_interfaces) by extension 'colcon_meta'
[2.320s] Level 1:colcon.colcon_core.package_identification:_identify(src/detection_interfaces) by extensions ['ros']
[2.320s] Level 1:colcon.colcon_core.package_identification:_identify(src/detection_interfaces) by extension 'ros'
[2.324s] DEBUG:colcon.colcon_core.package_identification:Package 'src/detection_interfaces' with type 'ros.ament_cmake' and name 'detection_interfaces'
[2.324s] Level 1:colcon.colcon_core.package_identification:_identify(src/limo_pothole_detection_navigation_bringup) by extensions ['ignore', 'ignore_ament_install']
[2.324s] Level 1:colcon.colcon_core.package_identification:_identify(src/limo_pothole_detection_navigation_bringup) by extension 'ignore'
[2.325s] Level 1:colcon.colcon_core.package_identification:_identify(src/limo_pothole_detection_navigation_bringup) by extension 'ignore_ament_install'
[2.325s] Level 1:colcon.colcon_core.package_identification:_identify(src/limo_pothole_detection_navigation_bringup) by extensions ['colcon_pkg']
[2.325s] Level 1:colcon.colcon_core.package_identification:_identify(src/limo_pothole_detection_navigation_bringup) by extension 'colcon_pkg'
[2.325s] Level 1:colcon.colcon_core.package_identification:_identify(src/limo_pothole_detection_navigation_bringup) by extensions ['colcon_meta']
[2.325s] Level 1:colcon.colcon_core.package_identification:_identify(src/limo_pothole_detection_navigation_bringup) by extension 'colcon_meta'
[2.325s] Level 1:colcon.colcon_core.package_identification:_identify(src/limo_pothole_detection_navigation_bringup) by extensions ['ros']
[2.325s] Level 1:colcon.colcon_core.package_identification:_identify(src/limo_pothole_detection_navigation_bringup) by extension 'ros'
[2.326s] DEBUG:colcon.colcon_core.package_identification:Package 'src/limo_pothole_detection_navigation_bringup' with type 'ros.ament_cmake' and name 'limo_pothole_detection_navigation_bringup'
[2.326s] Level 1:colcon.colcon_core.package_identification:_identify(src/map) by extensions ['ignore', 'ignore_ament_install']
[2.326s] Level 1:colcon.colcon_core.package_identification:_identify(src/map) by extension 'ignore'
[2.327s] Level 1:colcon.colcon_core.package_identification:_identify(src/map) by extension 'ignore_ament_install'
[2.327s] Level 1:colcon.colcon_core.package_identification:_identify(src/map) by extensions ['colcon_pkg']
[2.327s] Level 1:colcon.colcon_core.package_identification:_identify(src/map) by extension 'colcon_pkg'
[2.327s] Level 1:colcon.colcon_core.package_identification:_identify(src/map) by extensions ['colcon_meta']
[2.327s] Level 1:colcon.colcon_core.package_identification:_identify(src/map) by extension 'colcon_meta'
[2.327s] Level 1:colcon.colcon_core.package_identification:_identify(src/map) by extensions ['ros']
[2.327s] Level 1:colcon.colcon_core.package_identification:_identify(src/map) by extension 'ros'
[2.327s] Level 1:colcon.colcon_core.package_identification:_identify(src/map) by extensions ['cmake', 'python']
[2.327s] Level 1:colcon.colcon_core.package_identification:_identify(src/map) by extension 'cmake'
[2.327s] Level 1:colcon.colcon_core.package_identification:_identify(src/map) by extension 'python'
[2.327s] Level 1:colcon.colcon_core.package_identification:_identify(src/map) by extensions ['python_setup_py']
[2.327s] Level 1:colcon.colcon_core.package_identification:_identify(src/map) by extension 'python_setup_py'
[2.328s] Level 1:colcon.colcon_core.package_identification:_identify(src/navigation) by extensions ['ignore', 'ignore_ament_install']
[2.328s] Level 1:colcon.colcon_core.package_identification:_identify(src/navigation) by extension 'ignore'
[2.328s] Level 1:colcon.colcon_core.package_identification:_identify(src/navigation) by extension 'ignore_ament_install'
[2.328s] Level 1:colcon.colcon_core.package_identification:_identify(src/navigation) by extensions ['colcon_pkg']
[2.328s] Level 1:colcon.colcon_core.package_identification:_identify(src/navigation) by extension 'colcon_pkg'
[2.328s] Level 1:colcon.colcon_core.package_identification:_identify(src/navigation) by extensions ['colcon_meta']
[2.328s] Level 1:colcon.colcon_core.package_identification:_identify(src/navigation) by extension 'colcon_meta'
[2.328s] Level 1:colcon.colcon_core.package_identification:_identify(src/navigation) by extensions ['ros']
[2.328s] Level 1:colcon.colcon_core.package_identification:_identify(src/navigation) by extension 'ros'
[2.329s] DEBUG:colcon.colcon_core.package_identification:Package 'src/navigation' with type 'ros.ament_python' and name 'navigation'
[2.329s] Level 1:colcon.colcon_core.package_identification:_identify(src/pothole_detection) by extensions ['ignore', 'ignore_ament_install']
[2.329s] Level 1:colcon.colcon_core.package_identification:_identify(src/pothole_detection) by extension 'ignore'
[2.330s] Level 1:colcon.colcon_core.package_identification:_identify(src/pothole_detection) by extension 'ignore_ament_install'
[2.330s] Level 1:colcon.colcon_core.package_identification:_identify(src/pothole_detection) by extensions ['colcon_pkg']
[2.330s] Level 1:colcon.colcon_core.package_identification:_identify(src/pothole_detection) by extension 'colcon_pkg'
[2.330s] Level 1:colcon.colcon_core.package_identification:_identify(src/pothole_detection) by extensions ['colcon_meta']
[2.330s] Level 1:colcon.colcon_core.package_identification:_identify(src/pothole_detection) by extension 'colcon_meta'
[2.330s] Level 1:colcon.colcon_core.package_identification:_identify(src/pothole_detection) by extensions ['ros']
[2.330s] Level 1:colcon.colcon_core.package_identification:_identify(src/pothole_detection) by extension 'ros'
[2.331s] DEBUG:colcon.colcon_core.package_identification:Package 'src/pothole_detection' with type 'ros.ament_python' and name 'pothole_detection'
[2.331s] Level 1:colcon.colcon_core.package_discovery:discover_packages(recursive) using defaults
[2.331s] Level 1:colcon.colcon_core.package_discovery:discover_packages(ignore) discover
[2.331s] Level 1:colcon.colcon_core.package_discovery:discover_packages(ignore) using defaults
[2.331s] Level 1:colcon.colcon_core.package_discovery:discover_packages(path) discover
[2.331s] Level 1:colcon.colcon_core.package_discovery:discover_packages(path) using defaults
[2.485s] Level 5:colcon.colcon_core.verb:set package 'detection_interfaces' build argument 'cmake_args' from command line to 'None'
[2.485s] Level 5:colcon.colcon_core.verb:set package 'detection_interfaces' build argument 'cmake_target' from command line to 'None'
[2.485s] Level 5:colcon.colcon_core.verb:set package 'detection_interfaces' build argument 'cmake_target_skip_unavailable' from command line to 'False'
[2.485s] Level 5:colcon.colcon_core.verb:set package 'detection_interfaces' build argument 'cmake_clean_cache' from command line to 'False'
[2.485s] Level 5:colcon.colcon_core.verb:set package 'detection_interfaces' build argument 'cmake_clean_first' from command line to 'False'
[2.485s] Level 5:colcon.colcon_core.verb:set package 'detection_interfaces' build argument 'cmake_force_configure' from command line to 'False'
[2.485s] Level 5:colcon.colcon_core.verb:set package 'detection_interfaces' build argument 'ament_cmake_args' from command line to 'None'
[2.485s] Level 5:colcon.colcon_core.verb:set package 'detection_interfaces' build argument 'catkin_cmake_args' from command line to 'None'
[2.485s] Level 5:colcon.colcon_core.verb:set package 'detection_interfaces' build argument 'catkin_skip_building_tests' from command line to 'False'
[2.485s] DEBUG:colcon.colcon_core.verb:Building package 'detection_interfaces' with the following arguments: {'ament_cmake_args': None, 'build_base': '/home/soumo/robot_programming/build/detection_interfaces', 'catkin_cmake_args': None, 'catkin_skip_building_tests': False, 'cmake_args': None, 'cmake_clean_cache': False, 'cmake_clean_first': False, 'cmake_force_configure': False, 'cmake_target': None, 'cmake_target_skip_unavailable': False, 'install_base': '/home/soumo/robot_programming/install/detection_interfaces', 'merge_install': False, 'path': '/home/soumo/robot_programming/src/detection_interfaces', 'symlink_install': True, 'test_result_base': None}
[2.514s] Level 5:colcon.colcon_core.verb:set package 'limo_pothole_detection_navigation_bringup' build argument 'cmake_args' from command line to 'None'
[2.514s] Level 5:colcon.colcon_core.verb:set package 'limo_pothole_detection_navigation_bringup' build argument 'cmake_target' from command line to 'None'
[2.514s] Level 5:colcon.colcon_core.verb:set package 'limo_pothole_detection_navigation_bringup' build argument 'cmake_target_skip_unavailable' from command line to 'False'
[2.514s] Level 5:colcon.colcon_core.verb:set package 'limo_pothole_detection_navigation_bringup' build argument 'cmake_clean_cache' from command line to 'False'
[2.514s] Level 5:colcon.colcon_core.verb:set package 'limo_pothole_detection_navigation_bringup' build argument 'cmake_clean_first' from command line to 'False'
[2.514s] Level 5:colcon.colcon_core.verb:set package 'limo_pothole_detection_navigation_bringup' build argument 'cmake_force_configure' from command line to 'False'
[2.514s] Level 5:colcon.colcon_core.verb:set package 'limo_pothole_detection_navigation_bringup' build argument 'ament_cmake_args' from command line to 'None'
[2.514s] Level 5:colcon.colcon_core.verb:set package 'limo_pothole_detection_navigation_bringup' build argument 'catkin_cmake_args' from command line to 'None'
[2.514s] Level 5:colcon.colcon_core.verb:set package 'limo_pothole_detection_navigation_bringup' build argument 'catkin_skip_building_tests' from command line to 'False'
[2.515s] DEBUG:colcon.colcon_core.verb:Building package 'limo_pothole_detection_navigation_bringup' with the following arguments: {'ament_cmake_args': None, 'build_base': '/home/soumo/robot_programming/build/limo_pothole_detection_navigation_bringup', 'catkin_cmake_args': None, 'catkin_skip_building_tests': False, 'cmake_args': None, 'cmake_clean_cache': False, 'cmake_clean_first': False, 'cmake_force_configure': False, 'cmake_target': None, 'cmake_target_skip_unavailable': False, 'install_base': '/home/soumo/robot_programming/install/limo_pothole_detection_navigation_bringup', 'merge_install': False, 'path': '/home/soumo/robot_programming/src/limo_pothole_detection_navigation_bringup', 'symlink_install': True, 'test_result_base': None}
[2.543s] Level 5:colcon.colcon_core.verb:set package 'navigation' build argument 'cmake_args' from command line to 'None'
[2.544s] Level 5:colcon.colcon_core.verb:set package 'navigation' build argument 'cmake_target' from command line to 'None'
[2.544s] Level 5:colcon.colcon_core.verb:set package 'navigation' build argument 'cmake_target_skip_unavailable' from command line to 'False'
[2.544s] Level 5:colcon.colcon_core.verb:set package 'navigation' build argument 'cmake_clean_cache' from command line to 'False'
[2.544s] Level 5:colcon.colcon_core.verb:set package 'navigation' build argument 'cmake_clean_first' from command line to 'False'
[2.544s] Level 5:colcon.colcon_core.verb:set package 'navigation' build argument 'cmake_force_configure' from command line to 'False'
[2.544s] Level 5:colcon.colcon_core.verb:set package 'navigation' build argument 'ament_cmake_args' from command line to 'None'
[2.544s] Level 5:colcon.colcon_core.verb:set package 'navigation' build argument 'catkin_cmake_args' from command line to 'None'
[2.544s] Level 5:colcon.colcon_core.verb:set package 'navigation' build argument 'catkin_skip_building_tests' from command line to 'False'
[2.544s] DEBUG:colcon.colcon_core.verb:Building package 'navigation' with the following arguments: {'ament_cmake_args': None, 'build_base': '/home/soumo/robot_programming/build/navigation', 'catkin_cmake_args': None, 'catkin_skip_building_tests': False, 'cmake_args': None, 'cmake_clean_cache': False, 'cmake_clean_first': False, 'cmake_force_configure': False, 'cmake_target': None, 'cmake_target_skip_unavailable': False, 'install_base': '/home/soumo/robot_programming/install/navigation', 'merge_install': False, 'path': '/home/soumo/robot_programming/src/navigation', 'symlink_install': True, 'test_result_base': None}
[2.574s] Level 5:colcon.colcon_core.verb:set package 'pothole_detection' build argument 'cmake_args' from command line to 'None'
[2.574s] Level 5:colcon.colcon_core.verb:set package 'pothole_detection' build argument 'cmake_target' from command line to 'None'
[2.574s] Level 5:colcon.colcon_core.verb:set package 'pothole_detection' build argument 'cmake_target_skip_unavailable' from command line to 'False'
[2.574s] Level 5:colcon.colcon_core.verb:set package 'pothole_detection' build argument 'cmake_clean_cache' from command line to 'False'
[2.574s] Level 5:colcon.colcon_core.verb:set package 'pothole_detection' build argument 'cmake_clean_first' from command line to 'False'
[2.574s] Level 5:colcon.colcon_core.verb:set package 'pothole_detection' build argument 'cmake_force_configure' from command line to 'False'
[2.574s] Level 5:colcon.colcon_core.verb:set package 'pothole_detection' build argument 'ament_cmake_args' from command line to 'None'
[2.574s] Level 5:colcon.colcon_core.verb:set package 'pothole_detection' build argument 'catkin_cmake_args' from command line to 'None'
[2.574s] Level 5:colcon.colcon_core.verb:set package 'pothole_detection' build argument 'catkin_skip_building_tests' from command line to 'False'
[2.574s] DEBUG:colcon.colcon_core.verb:Building package 'pothole_detection' with the following arguments: {'ament_cmake_args': None, 'build_base': '/home/soumo/robot_programming/build/pothole_detection', 'catkin_cmake_args': None, 'catkin_skip_building_tests': False, 'cmake_args': None, 'cmake_clean_cache': False, 'cmake_clean_first': False, 'cmake_force_configure': False, 'cmake_target': None, 'cmake_target_skip_unavailable': False, 'install_base': '/home/soumo/robot_programming/install/pothole_detection', 'merge_install': False, 'path': '/home/soumo/robot_programming/src/pothole_detection', 'symlink_install': True, 'test_result_base': None}
[2.602s] INFO:colcon.colcon_core.executor:Executing jobs using 'parallel' executor
[2.631s] DEBUG:colcon.colcon_parallel_executor.executor.parallel:run_until_complete
[2.632s] INFO:colcon.colcon_ros.task.ament_cmake.build:Building ROS package in '/home/soumo/robot_programming/src/detection_interfaces' with build type 'ament_cmake'
[2.633s] INFO:colcon.colcon_cmake.task.cmake.build:Building CMake package in '/home/soumo/robot_programming/src/detection_interfaces'
[2.709s] INFO:colcon.colcon_core.plugin_system:Skipping extension 'colcon_core.shell.bat': Not used on non-Windows systems
[2.709s] INFO:colcon.colcon_core.shell:Skip shell extension 'powershell' for command environment: Not usable outside of PowerShell
[2.709s] DEBUG:colcon.colcon_core.shell:Skip shell extension 'dsv' for command environment
[2.891s] INFO:colcon.colcon_ros.task.ament_cmake.build:Building ROS package in '/home/soumo/robot_programming/src/limo_pothole_detection_navigation_bringup' with build type 'ament_cmake'
[2.891s] INFO:colcon.colcon_cmake.task.cmake.build:Building CMake package in '/home/soumo/robot_programming/src/limo_pothole_detection_navigation_bringup'
[2.925s] INFO:colcon.colcon_core.shell:Skip shell extension 'powershell' for command environment: Not usable outside of PowerShell
[2.925s] DEBUG:colcon.colcon_core.shell:Skip shell extension 'dsv' for command environment
[3.083s] INFO:colcon.colcon_ros.task.ament_python.build:Building ROS package in '/home/soumo/robot_programming/src/navigation' with build type 'ament_python'
[3.083s] Level 1:colcon.colcon_core.shell:create_environment_hook('navigation', 'ament_prefix_path')
[3.113s] INFO:colcon.colcon_core.shell:Creating environment hook '/home/soumo/robot_programming/install/navigation/share/navigation/hook/ament_prefix_path.ps1'
[3.114s] INFO:colcon.colcon_core.shell:Creating environment descriptor '/home/soumo/robot_programming/install/navigation/share/navigation/hook/ament_prefix_path.dsv'
[3.115s] INFO:colcon.colcon_core.shell:Creating environment hook '/home/soumo/robot_programming/install/navigation/share/navigation/hook/ament_prefix_path.sh'
[3.147s] INFO:colcon.colcon_core.shell:Skip shell extension 'powershell' for command environment: Not usable outside of PowerShell
[3.148s] DEBUG:colcon.colcon_core.shell:Skip shell extension 'dsv' for command environment
[3.295s] INFO:colcon.colcon_ros.task.ament_python.build:Building ROS package in '/home/soumo/robot_programming/src/pothole_detection' with build type 'ament_python'
[3.295s] Level 1:colcon.colcon_core.shell:create_environment_hook('pothole_detection', 'ament_prefix_path')
[3.324s] INFO:colcon.colcon_core.shell:Creating environment hook '/home/soumo/robot_programming/install/pothole_detection/share/pothole_detection/hook/ament_prefix_path.ps1'
[3.325s] INFO:colcon.colcon_core.shell:Creating environment descriptor '/home/soumo/robot_programming/install/pothole_detection/share/pothole_detection/hook/ament_prefix_path.dsv'
[3.325s] INFO:colcon.colcon_core.shell:Creating environment hook '/home/soumo/robot_programming/install/pothole_detection/share/pothole_detection/hook/ament_prefix_path.sh'
[3.358s] INFO:colcon.colcon_core.shell:Skip shell extension 'powershell' for command environment: Not usable outside of PowerShell
[3.358s] DEBUG:colcon.colcon_core.shell:Skip shell extension 'dsv' for command environment
[3.523s] DEBUG:colcon.colcon_core.event_handler.log_command:Invoking command in '/home/soumo/robot_programming/build/detection_interfaces': CMAKE_PREFIX_PATH=${CMAKE_PREFIX_PATH}:/home/soumo/robot_programming/install/pothole_detection:/home/soumo/robot_programming/install/navigation:/home/soumo/ros2_ws/install/pothole_detection:/home/soumo/ros2_ws/install/navigation:/opt/ros/humble /usr/bin/cmake --build /home/soumo/robot_programming/build/detection_interfaces -- -j8 -l8
[3.537s] DEBUG:colcon.colcon_core.event_handler.log_command:Invoking command in '/home/soumo/robot_programming/build/limo_pothole_detection_navigation_bringup': CMAKE_PREFIX_PATH=${CMAKE_PREFIX_PATH}:/home/soumo/robot_programming/install/pothole_detection:/home/soumo/robot_programming/install/navigation:/home/soumo/ros2_ws/install/pothole_detection:/home/soumo/ros2_ws/install/navigation:/opt/ros/humble /usr/bin/cmake --build /home/soumo/robot_programming/build/limo_pothole_detection_navigation_bringup -- -j8 -l8
[4.308s] INFO:colcon.colcon_core.task.python.build:Building Python package in '/home/soumo/robot_programming/src/navigation'
[4.344s] INFO:colcon.colcon_core.shell:Skip shell extension 'powershell' for command environment: Not usable outside of PowerShell
[4.344s] DEBUG:colcon.colcon_core.shell:Skip shell extension 'dsv' for command environment
[5.124s] INFO:colcon.colcon_core.task.python.build:Building Python package in '/home/soumo/robot_programming/src/pothole_detection'
[5.152s] INFO:colcon.colcon_core.shell:Skip shell extension 'powershell' for command environment: Not usable outside of PowerShell
[5.152s] DEBUG:colcon.colcon_core.shell:Skip shell extension 'dsv' for command environment
[5.310s] DEBUG:colcon.colcon_core.event_handler.log_command:Invoked command in '/home/soumo/robot_programming/build/limo_pothole_detection_navigation_bringup' returned '0': CMAKE_PREFIX_PATH=${CMAKE_PREFIX_PATH}:/home/soumo/robot_programming/install/pothole_detection:/home/soumo/robot_programming/install/navigation:/home/soumo/ros2_ws/install/pothole_detection:/home/soumo/ros2_ws/install/navigation:/opt/ros/humble /usr/bin/cmake --build /home/soumo/robot_programming/build/limo_pothole_detection_navigation_bringup -- -j8 -l8
[5.314s] DEBUG:colcon.colcon_core.event_handler.log_command:Invoked command in '/home/soumo/robot_programming/build/detection_interfaces' returned '0': CMAKE_PREFIX_PATH=${CMAKE_PREFIX_PATH}:/home/soumo/robot_programming/install/pothole_detection:/home/soumo/robot_programming/install/navigation:/home/soumo/ros2_ws/install/pothole_detection:/home/soumo/ros2_ws/install/navigation:/opt/ros/humble /usr/bin/cmake --build /home/soumo/robot_programming/build/detection_interfaces -- -j8 -l8
[5.406s] DEBUG:colcon.colcon_core.event_handler.log_command:Invoking command in '/home/soumo/robot_programming/build/limo_pothole_detection_navigation_bringup': CMAKE_PREFIX_PATH=${CMAKE_PREFIX_PATH}:/home/soumo/robot_programming/install/pothole_detection:/home/soumo/robot_programming/install/navigation:/home/soumo/ros2_ws/install/pothole_detection:/home/soumo/ros2_ws/install/navigation:/opt/ros/humble /usr/bin/cmake --install /home/soumo/robot_programming/build/limo_pothole_detection_navigation_bringup
[5.491s] Level 1:colcon.colcon_core.environment:create_environment_scripts_only(limo_pothole_detection_navigation_bringup)
[5.493s] DEBUG:colcon.colcon_core.event_handler.log_command:Invoked command in '/home/soumo/robot_programming/build/limo_pothole_detection_navigation_bringup' returned '0': CMAKE_PREFIX_PATH=${CMAKE_PREFIX_PATH}:/home/soumo/robot_programming/install/pothole_detection:/home/soumo/robot_programming/install/navigation:/home/soumo/ros2_ws/install/pothole_detection:/home/soumo/ros2_ws/install/navigation:/opt/ros/humble /usr/bin/cmake --install /home/soumo/robot_programming/build/limo_pothole_detection_navigation_bringup
[5.567s] Level 1:colcon.colcon_core.environment:checking '/home/soumo/robot_programming/install/limo_pothole_detection_navigation_bringup' for CMake module files
[5.569s] Level 1:colcon.colcon_core.environment:checking '/home/soumo/robot_programming/install/limo_pothole_detection_navigation_bringup' for CMake config files
[5.570s] Level 1:colcon.colcon_core.shell:create_environment_hook('limo_pothole_detection_navigation_bringup', 'cmake_prefix_path')
[5.625s] INFO:colcon.colcon_core.shell:Creating environment hook '/home/soumo/robot_programming/install/limo_pothole_detection_navigation_bringup/share/limo_pothole_detection_navigation_bringup/hook/cmake_prefix_path.ps1'
[5.626s] INFO:colcon.colcon_core.shell:Creating environment descriptor '/home/soumo/robot_programming/install/limo_pothole_detection_navigation_bringup/share/limo_pothole_detection_navigation_bringup/hook/cmake_prefix_path.dsv'
[5.627s] INFO:colcon.colcon_core.shell:Creating environment hook '/home/soumo/robot_programming/install/limo_pothole_detection_navigation_bringup/share/limo_pothole_detection_navigation_bringup/hook/cmake_prefix_path.sh'
[5.629s] Level 1:colcon.colcon_core.environment:checking '/home/soumo/robot_programming/install/limo_pothole_detection_navigation_bringup/bin'
[5.629s] Level 1:colcon.colcon_core.environment:checking '/home/soumo/robot_programming/install/limo_pothole_detection_navigation_bringup/lib/pkgconfig/limo_pothole_detection_navigation_bringup.pc'
[5.630s] Level 1:colcon.colcon_core.environment:checking '/home/soumo/robot_programming/install/limo_pothole_detection_navigation_bringup/lib/python3.10/site-packages'
[5.631s] Level 1:colcon.colcon_core.environment:checking '/home/soumo/robot_programming/install/limo_pothole_detection_navigation_bringup/bin'
[5.679s] INFO:colcon.colcon_core.shell:Creating package script '/home/soumo/robot_programming/install/limo_pothole_detection_navigation_bringup/share/limo_pothole_detection_navigation_bringup/package.ps1'
[5.683s] INFO:colcon.colcon_core.shell:Creating package descriptor '/home/soumo/robot_programming/install/limo_pothole_detection_navigation_bringup/share/limo_pothole_detection_navigation_bringup/package.dsv'
[5.687s] INFO:colcon.colcon_core.shell:Creating package script '/home/soumo/robot_programming/install/limo_pothole_detection_navigation_bringup/share/limo_pothole_detection_navigation_bringup/package.sh'
[5.690s] INFO:colcon.colcon_core.shell:Creating package script '/home/soumo/robot_programming/install/limo_pothole_detection_navigation_bringup/share/limo_pothole_detection_navigation_bringup/package.bash'
[5.692s] INFO:colcon.colcon_core.shell:Creating package script '/home/soumo/robot_programming/install/limo_pothole_detection_navigation_bringup/share/limo_pothole_detection_navigation_bringup/package.zsh'
[5.694s] Level 1:colcon.colcon_core.environment:create_file_with_runtime_dependencies(/home/soumo/robot_programming/install/limo_pothole_detection_navigation_bringup/share/colcon-core/packages/limo_pothole_detection_navigation_bringup)
[5.706s] DEBUG:colcon.colcon_core.event_handler.log_command:Invoking command in '/home/soumo/robot_programming/build/detection_interfaces': CMAKE_PREFIX_PATH=${CMAKE_PREFIX_PATH}:/home/soumo/robot_programming/install/pothole_detection:/home/soumo/robot_programming/install/navigation:/home/soumo/ros2_ws/install/pothole_detection:/home/soumo/ros2_ws/install/navigation:/opt/ros/humble /usr/bin/cmake --install /home/soumo/robot_programming/build/detection_interfaces
[5.873s] Level 1:colcon.colcon_core.environment:create_environment_scripts_only(limo_pothole_detection_navigation_bringup)
[5.920s] Level 1:colcon.colcon_core.environment:checking '/home/soumo/robot_programming/install/limo_pothole_detection_navigation_bringup' for CMake module files
[5.922s] Level 1:colcon.colcon_core.environment:checking '/home/soumo/robot_programming/install/limo_pothole_detection_navigation_bringup' for CMake config files
[5.923s] Level 1:colcon.colcon_core.shell:create_environment_hook('limo_pothole_detection_navigation_bringup', 'cmake_prefix_path')
[5.975s] INFO:colcon.colcon_core.shell:Creating environment hook '/home/soumo/robot_programming/install/limo_pothole_detection_navigation_bringup/share/limo_pothole_detection_navigation_bringup/hook/cmake_prefix_path.ps1'
[5.978s] INFO:colcon.colcon_core.shell:Creating environment descriptor '/home/soumo/robot_programming/install/limo_pothole_detection_navigation_bringup/share/limo_pothole_detection_navigation_bringup/hook/cmake_prefix_path.dsv'
[5.981s] INFO:colcon.colcon_core.shell:Creating environment hook '/home/soumo/robot_programming/install/limo_pothole_detection_navigation_bringup/share/limo_pothole_detection_navigation_bringup/hook/cmake_prefix_path.sh'
[5.990s] Level 1:colcon.colcon_core.environment:checking '/home/soumo/robot_programming/install/limo_pothole_detection_navigation_bringup/bin'
[5.991s] Level 1:colcon.colcon_core.environment:checking '/home/soumo/robot_programming/install/limo_pothole_detection_navigation_bringup/lib/pkgconfig/limo_pothole_detection_navigation_bringup.pc'
[5.992s] Level 1:colcon.colcon_core.environment:checking '/home/soumo/robot_programming/install/limo_pothole_detection_navigation_bringup/lib/python3.10/site-packages'
[5.993s] Level 1:colcon.colcon_core.environment:checking '/home/soumo/robot_programming/install/limo_pothole_detection_navigation_bringup/bin'
[6.066s] INFO:colcon.colcon_core.shell:Creating package script '/home/soumo/robot_programming/install/limo_pothole_detection_navigation_bringup/share/limo_pothole_detection_navigation_bringup/package.ps1'
[6.068s] INFO:colcon.colcon_core.shell:Creating package descriptor '/home/soumo/robot_programming/install/limo_pothole_detection_navigation_bringup/share/limo_pothole_detection_navigation_bringup/package.dsv'
[6.074s] INFO:colcon.colcon_core.shell:Creating package script '/home/soumo/robot_programming/install/limo_pothole_detection_navigation_bringup/share/limo_pothole_detection_navigation_bringup/package.sh'
[6.075s] INFO:colcon.colcon_core.shell:Creating package script '/home/soumo/robot_programming/install/limo_pothole_detection_navigation_bringup/share/limo_pothole_detection_navigation_bringup/package.bash'
[6.077s] INFO:colcon.colcon_core.shell:Creating package script '/home/soumo/robot_programming/install/limo_pothole_detection_navigation_bringup/share/limo_pothole_detection_navigation_bringup/package.zsh'
[6.078s] Level 1:colcon.colcon_core.environment:create_file_with_runtime_dependencies(/home/soumo/robot_programming/install/limo_pothole_detection_navigation_bringup/share/colcon-core/packages/limo_pothole_detection_navigation_bringup)
[6.085s] Level 1:colcon.colcon_core.environment:create_environment_scripts_only(detection_interfaces)
[6.088s] DEBUG:colcon.colcon_core.event_handler.log_command:Invoked command in '/home/soumo/robot_programming/build/detection_interfaces' returned '0': CMAKE_PREFIX_PATH=${CMAKE_PREFIX_PATH}:/home/soumo/robot_programming/install/pothole_detection:/home/soumo/robot_programming/install/navigation:/home/soumo/ros2_ws/install/pothole_detection:/home/soumo/ros2_ws/install/navigation:/opt/ros/humble /usr/bin/cmake --install /home/soumo/robot_programming/build/detection_interfaces
[6.146s] Level 1:colcon.colcon_core.environment:checking '/home/soumo/robot_programming/install/detection_interfaces' for CMake module files
[6.148s] Level 1:colcon.colcon_core.environment:checking '/home/soumo/robot_programming/install/detection_interfaces' for CMake config files
[6.151s] Level 1:colcon.colcon_core.shell:create_environment_hook('detection_interfaces', 'cmake_prefix_path')
[6.203s] INFO:colcon.colcon_core.shell:Creating environment hook '/home/soumo/robot_programming/install/detection_interfaces/share/detection_interfaces/hook/cmake_prefix_path.ps1'
[6.204s] INFO:colcon.colcon_core.shell:Creating environment descriptor '/home/soumo/robot_programming/install/detection_interfaces/share/detection_interfaces/hook/cmake_prefix_path.dsv'
[6.205s] INFO:colcon.colcon_core.shell:Creating environment hook '/home/soumo/robot_programming/install/detection_interfaces/share/detection_interfaces/hook/cmake_prefix_path.sh'
[6.206s] Level 1:colcon.colcon_core.environment:checking '/home/soumo/robot_programming/install/detection_interfaces/lib'
[6.207s] Level 1:colcon.colcon_core.shell:create_environment_hook('detection_interfaces', 'ld_library_path_lib')
[6.251s] INFO:colcon.colcon_core.shell:Creating environment hook '/home/soumo/robot_programming/install/detection_interfaces/share/detection_interfaces/hook/ld_library_path_lib.ps1'
[6.253s] INFO:colcon.colcon_core.shell:Creating environment descriptor '/home/soumo/robot_programming/install/detection_interfaces/share/detection_interfaces/hook/ld_library_path_lib.dsv'
[6.254s] INFO:colcon.colcon_core.shell:Creating environment hook '/home/soumo/robot_programming/install/detection_interfaces/share/detection_interfaces/hook/ld_library_path_lib.sh'
[6.255s] Level 1:colcon.colcon_core.environment:checking '/home/soumo/robot_programming/install/detection_interfaces/bin'
[6.256s] Level 1:colcon.colcon_core.environment:checking '/home/soumo/robot_programming/install/detection_interfaces/lib/pkgconfig/detection_interfaces.pc'
[6.258s] Level 1:colcon.colcon_core.environment:checking '/home/soumo/robot_programming/install/detection_interfaces/lib/python3.10/site-packages'
[6.258s] Level 1:colcon.colcon_core.environment:checking '/home/soumo/robot_programming/install/detection_interfaces/bin'
[6.312s] INFO:colcon.colcon_core.shell:Creating package script '/home/soumo/robot_programming/install/detection_interfaces/share/detection_interfaces/package.ps1'
[6.313s] INFO:colcon.colcon_core.shell:Creating package descriptor '/home/soumo/robot_programming/install/detection_interfaces/share/detection_interfaces/package.dsv'
[6.315s] INFO:colcon.colcon_core.shell:Creating package script '/home/soumo/robot_programming/install/detection_interfaces/share/detection_interfaces/package.sh'
[6.316s] INFO:colcon.colcon_core.shell:Creating package script '/home/soumo/robot_programming/install/detection_interfaces/share/detection_interfaces/package.bash'
[6.317s] INFO:colcon.colcon_core.shell:Creating package script '/home/soumo/robot_programming/install/detection_interfaces/share/detection_interfaces/package.zsh'
[6.318s] Level 1:colcon.colcon_core.environment:create_file_with_runtime_dependencies(/home/soumo/robot_programming/install/detection_interfaces/share/colcon-core/packages/detection_interfaces)
[6.624s] DEBUG:colcon.colcon_core.event_handler.log_command:Invoking command in '/home/soumo/robot_programming/build/navigation': PYTHONPATH=/home/soumo/robot_programming/build/navigation/prefix_override:/home/soumo/robot_programming/install/navigation/lib/python3.10/site-packages:${PYTHONPATH} /usr/bin/python3 setup.py develop --editable --build-directory /home/soumo/robot_programming/build/navigation/build --no-deps install_data
[6.700s] DEBUG:colcon.colcon_core.event_handler.log_command:Invoking command in '/home/soumo/robot_programming/build/pothole_detection': PYTHONPATH=/home/soumo/robot_programming/build/pothole_detection/prefix_override:/home/soumo/robot_programming/install/pothole_detection/lib/python3.10/site-packages:${PYTHONPATH} /usr/bin/python3 setup.py develop --editable --build-directory /home/soumo/robot_programming/build/pothole_detection/build --no-deps install_data
[6.818s] Level 1:colcon.colcon_core.environment:create_environment_scripts_only(detection_interfaces)
[6.876s] Level 1:colcon.colcon_core.environment:checking '/home/soumo/robot_programming/install/detection_interfaces' for CMake module files
[6.878s] Level 1:colcon.colcon_core.environment:checking '/home/soumo/robot_programming/install/detection_interfaces' for CMake config files
[6.880s] Level 1:colcon.colcon_core.shell:create_environment_hook('detection_interfaces', 'cmake_prefix_path')
[6.933s] INFO:colcon.colcon_core.shell:Creating environment hook '/home/soumo/robot_programming/install/detection_interfaces/share/detection_interfaces/hook/cmake_prefix_path.ps1'
[6.936s] INFO:colcon.colcon_core.shell:Creating environment descriptor '/home/soumo/robot_programming/install/detection_interfaces/share/detection_interfaces/hook/cmake_prefix_path.dsv'
[6.937s] INFO:colcon.colcon_core.shell:Creating environment hook '/home/soumo/robot_programming/install/detection_interfaces/share/detection_interfaces/hook/cmake_prefix_path.sh'
[6.938s] Level 1:colcon.colcon_core.environment:checking '/home/soumo/robot_programming/install/detection_interfaces/lib'
[6.939s] Level 1:colcon.colcon_core.shell:create_environment_hook('detection_interfaces', 'ld_library_path_lib')
[6.996s] INFO:colcon.colcon_core.shell:Creating environment hook '/home/soumo/robot_programming/install/detection_interfaces/share/detection_interfaces/hook/ld_library_path_lib.ps1'
[6.998s] INFO:colcon.colcon_core.shell:Creating environment descriptor '/home/soumo/robot_programming/install/detection_interfaces/share/detection_interfaces/hook/ld_library_path_lib.dsv'
[6.999s] INFO:colcon.colcon_core.shell:Creating environment hook '/home/soumo/robot_programming/install/detection_interfaces/share/detection_interfaces/hook/ld_library_path_lib.sh'
[7.000s] Level 1:colcon.colcon_core.environment:checking '/home/soumo/robot_programming/install/detection_interfaces/bin'
[7.000s] Level 1:colcon.colcon_core.environment:checking '/home/soumo/robot_programming/install/detection_interfaces/lib/pkgconfig/detection_interfaces.pc'
[7.001s] Level 1:colcon.colcon_core.environment:checking '/home/soumo/robot_programming/install/detection_interfaces/lib/python3.10/site-packages'
[7.001s] Level 1:colcon.colcon_core.environment:checking '/home/soumo/robot_programming/install/detection_interfaces/bin'
[7.062s] INFO:colcon.colcon_core.shell:Creating package script '/home/soumo/robot_programming/install/detection_interfaces/share/detection_interfaces/package.ps1'
[7.064s] INFO:colcon.colcon_core.shell:Creating package descriptor '/home/soumo/robot_programming/install/detection_interfaces/share/detection_interfaces/package.dsv'
[7.065s] INFO:colcon.colcon_core.shell:Creating package script '/home/soumo/robot_programming/install/detection_interfaces/share/detection_interfaces/package.sh'
[7.067s] INFO:colcon.colcon_core.shell:Creating package script '/home/soumo/robot_programming/install/detection_interfaces/share/detection_interfaces/package.bash'
[7.068s] INFO:colcon.colcon_core.shell:Creating package script '/home/soumo/robot_programming/install/detection_interfaces/share/detection_interfaces/package.zsh'
[7.069s] Level 1:colcon.colcon_core.environment:create_file_with_runtime_dependencies(/home/soumo/robot_programming/install/detection_interfaces/share/colcon-core/packages/detection_interfaces)
[8.246s] Level 1:colcon.colcon_core.shell:create_environment_hook('navigation', 'pythonpath_develop')
[8.248s] DEBUG:colcon.colcon_core.event_handler.log_command:Invoked command in '/home/soumo/robot_programming/build/navigation' returned '0': PYTHONPATH=/home/soumo/robot_programming/build/navigation/prefix_override:/home/soumo/robot_programming/install/navigation/lib/python3.10/site-packages:${PYTHONPATH} /usr/bin/python3 setup.py develop --editable --build-directory /home/soumo/robot_programming/build/navigation/build --no-deps install_data
[8.303s] INFO:colcon.colcon_core.shell:Creating environment hook '/home/soumo/robot_programming/build/navigation/share/navigation/hook/pythonpath_develop.ps1'
[8.305s] INFO:colcon.colcon_core.shell:Creating environment descriptor '/home/soumo/robot_programming/build/navigation/share/navigation/hook/pythonpath_develop.dsv'
[8.306s] INFO:colcon.colcon_core.shell:Creating environment hook '/home/soumo/robot_programming/build/navigation/share/navigation/hook/pythonpath_develop.sh'
[8.349s] Level 1:colcon.colcon_core.environment:checking '/home/soumo/robot_programming/install/navigation' for CMake module files
[8.351s] Level 1:colcon.colcon_core.environment:checking '/home/soumo/robot_programming/install/navigation' for CMake config files
[8.352s] Level 1:colcon.colcon_core.environment:checking '/home/soumo/robot_programming/install/navigation/lib'
[8.353s] Level 1:colcon.colcon_core.environment:checking '/home/soumo/robot_programming/install/navigation/bin'
[8.353s] Level 1:colcon.colcon_core.environment:checking '/home/soumo/robot_programming/install/navigation/lib/pkgconfig/navigation.pc'
[8.354s] Level 1:colcon.colcon_core.environment:checking '/home/soumo/robot_programming/install/navigation/lib/python3.10/site-packages'
[8.354s] Level 1:colcon.colcon_core.shell:create_environment_hook('navigation', 'pythonpath')
[8.399s] INFO:colcon.colcon_core.shell:Creating environment hook '/home/soumo/robot_programming/install/navigation/share/navigation/hook/pythonpath.ps1'
[8.400s] INFO:colcon.colcon_core.shell:Creating environment descriptor '/home/soumo/robot_programming/install/navigation/share/navigation/hook/pythonpath.dsv'
[8.401s] INFO:colcon.colcon_core.shell:Creating environment hook '/home/soumo/robot_programming/install/navigation/share/navigation/hook/pythonpath.sh'
[8.403s] Level 1:colcon.colcon_core.environment:checking '/home/soumo/robot_programming/install/navigation/bin'
[8.403s] Level 1:colcon.colcon_core.environment:create_environment_scripts_only(navigation)
[8.449s] INFO:colcon.colcon_core.shell:Creating package script '/home/soumo/robot_programming/install/navigation/share/navigation/package.ps1'
[8.451s] INFO:colcon.colcon_core.shell:Creating package descriptor '/home/soumo/robot_programming/install/navigation/share/navigation/package.dsv'
[8.452s] INFO:colcon.colcon_core.shell:Creating package script '/home/soumo/robot_programming/install/navigation/share/navigation/package.sh'
[8.453s] INFO:colcon.colcon_core.shell:Creating package script '/home/soumo/robot_programming/install/navigation/share/navigation/package.bash'
[8.455s] INFO:colcon.colcon_core.shell:Creating package script '/home/soumo/robot_programming/install/navigation/share/navigation/package.zsh'
[8.456s] Level 1:colcon.colcon_core.environment:create_file_with_runtime_dependencies(/home/soumo/robot_programming/install/navigation/share/colcon-core/packages/navigation)
[8.459s] Level 1:colcon.colcon_core.shell:create_environment_hook('pothole_detection', 'pythonpath_develop')
[8.464s] DEBUG:colcon.colcon_core.event_handler.log_command:Invoked command in '/home/soumo/robot_programming/build/pothole_detection' returned '0': PYTHONPATH=/home/soumo/robot_programming/build/pothole_detection/prefix_override:/home/soumo/robot_programming/install/pothole_detection/lib/python3.10/site-packages:${PYTHONPATH} /usr/bin/python3 setup.py develop --editable --build-directory /home/soumo/robot_programming/build/pothole_detection/build --no-deps install_data
[8.509s] INFO:colcon.colcon_core.shell:Creating environment hook '/home/soumo/robot_programming/build/pothole_detection/share/pothole_detection/hook/pythonpath_develop.ps1'
[8.511s] INFO:colcon.colcon_core.shell:Creating environment descriptor '/home/soumo/robot_programming/build/pothole_detection/share/pothole_detection/hook/pythonpath_develop.dsv'
[8.512s] INFO:colcon.colcon_core.shell:Creating environment hook '/home/soumo/robot_programming/build/pothole_detection/share/pothole_detection/hook/pythonpath_develop.sh'
[8.560s] Level 1:colcon.colcon_core.environment:checking '/home/soumo/robot_programming/install/pothole_detection' for CMake module files
[8.561s] Level 1:colcon.colcon_core.environment:checking '/home/soumo/robot_programming/install/pothole_detection' for CMake config files
[8.563s] Level 1:colcon.colcon_core.environment:checking '/home/soumo/robot_programming/install/pothole_detection/lib'
[8.563s] Level 1:colcon.colcon_core.environment:checking '/home/soumo/robot_programming/install/pothole_detection/bin'
[8.563s] Level 1:colcon.colcon_core.environment:checking '/home/soumo/robot_programming/install/pothole_detection/lib/pkgconfig/pothole_detection.pc'
[8.564s] Level 1:colcon.colcon_core.environment:checking '/home/soumo/robot_programming/install/pothole_detection/lib/python3.10/site-packages'
[8.564s] Level 1:colcon.colcon_core.shell:create_environment_hook('pothole_detection', 'pythonpath')
[8.611s] INFO:colcon.colcon_core.shell:Creating environment hook '/home/soumo/robot_programming/install/pothole_detection/share/pothole_detection/hook/pythonpath.ps1'
[8.613s] INFO:colcon.colcon_core.shell:Creating environment descriptor '/home/soumo/robot_programming/install/pothole_detection/share/pothole_detection/hook/pythonpath.dsv'
[8.614s] INFO:colcon.colcon_core.shell:Creating environment hook '/home/soumo/robot_programming/install/pothole_detection/share/pothole_detection/hook/pythonpath.sh'
[8.616s] Level 1:colcon.colcon_core.environment:checking '/home/soumo/robot_programming/install/pothole_detection/bin'
[8.616s] Level 1:colcon.colcon_core.environment:create_environment_scripts_only(pothole_detection)
[8.658s] INFO:colcon.colcon_core.shell:Creating package script '/home/soumo/robot_programming/install/pothole_detection/share/pothole_detection/package.ps1'
[8.660s] INFO:colcon.colcon_core.shell:Creating package descriptor '/home/soumo/robot_programming/install/pothole_detection/share/pothole_detection/package.dsv'
[8.662s] INFO:colcon.colcon_core.shell:Creating package script '/home/soumo/robot_programming/install/pothole_detection/share/pothole_detection/package.sh'
[8.663s] INFO:colcon.colcon_core.shell:Creating package script '/home/soumo/robot_programming/install/pothole_detection/share/pothole_detection/package.bash'
[8.664s] INFO:colcon.colcon_core.shell:Creating package script '/home/soumo/robot_programming/install/pothole_detection/share/pothole_detection/package.zsh'
[8.664s] Level 1:colcon.colcon_core.environment:create_file_with_runtime_dependencies(/home/soumo/robot_programming/install/pothole_detection/share/colcon-core/packages/pothole_detection)
[8.665s] DEBUG:colcon.colcon_parallel_executor.executor.parallel:closing loop
[8.665s] DEBUG:colcon.colcon_parallel_executor.executor.parallel:loop closed
[8.666s] DEBUG:colcon.colcon_parallel_executor.executor.parallel:run_until_complete finished with '0'
[8.666s] DEBUG:colcon.colcon_core.event_reactor:joining thread
[8.744s] INFO:colcon.colcon_core.plugin_system:Skipping extension 'colcon_notification.desktop_notification.terminal_notifier': Not used on non-Darwin systems
[8.745s] INFO:colcon.colcon_core.plugin_system:Skipping extension 'colcon_notification.desktop_notification.win32': Not used on non-Windows systems
[8.745s] INFO:colcon.colcon_notification.desktop_notification:Sending desktop notification using 'notify2'
[8.774s] DEBUG:colcon.colcon_core.event_reactor:joined thread
[8.818s] INFO:colcon.colcon_core.shell:Creating prefix script '/home/soumo/robot_programming/install/local_setup.ps1'
[8.820s] INFO:colcon.colcon_core.shell:Creating prefix util module '/home/soumo/robot_programming/install/_local_setup_util_ps1.py'
[8.824s] INFO:colcon.colcon_core.shell:Creating prefix chain script '/home/soumo/robot_programming/install/setup.ps1'
[8.875s] INFO:colcon.colcon_core.shell:Creating prefix script '/home/soumo/robot_programming/install/local_setup.sh'
[8.877s] INFO:colcon.colcon_core.shell:Creating prefix util module '/home/soumo/robot_programming/install/_local_setup_util_sh.py'
[8.878s] INFO:colcon.colcon_core.shell:Creating prefix chain script '/home/soumo/robot_programming/install/setup.sh'
[8.921s] INFO:colcon.colcon_core.shell:Creating prefix script '/home/soumo/robot_programming/install/local_setup.bash'
[8.922s] INFO:colcon.colcon_core.shell:Creating prefix chain script '/home/soumo/robot_programming/install/setup.bash'
[8.986s] INFO:colcon.colcon_core.shell:Creating prefix script '/home/soumo/robot_programming/install/local_setup.zsh'
[8.987s] INFO:colcon.colcon_core.shell:Creating prefix chain script '/home/soumo/robot_programming/install/setup.zsh'
