[3.404s] Invoking command in '/home/soumo/robot_programming/build/pothole_detection': PYTHONPATH=/home/soumo/robot_programming/build/pothole_detection/prefix_override:/home/soumo/robot_programming/install/pothole_detection/lib/python3.10/site-packages:${PYTHONPATH} /usr/bin/python3 setup.py develop --editable --build-directory /home/soumo/robot_programming/build/pothole_detection/build --no-deps install_data
[4.254s] running develop
[4.753s] running egg_info
[4.754s] writing pothole_detection.egg-info/PKG-INFO
[4.755s] writing dependency_links to pothole_detection.egg-info/dependency_links.txt
[4.761s] writing entry points to pothole_detection.egg-info/entry_points.txt
[4.761s] writing requirements to pothole_detection.egg-info/requires.txt
[4.762s] writing top-level names to pothole_detection.egg-info/top_level.txt
[4.762s] reading manifest file 'pothole_detection.egg-info/SOURCES.txt'
[4.766s] writing manifest file 'pothole_detection.egg-info/SOURCES.txt'
[4.886s] running build_ext
[4.887s] Creating /home/soumo/robot_programming/install/pothole_detection/lib/python3.10/site-packages/pothole-detection.egg-link (link to .)
[4.889s] Installing dataset_extraction script to /home/soumo/robot_programming/install/pothole_detection/lib/pothole_detection
[4.890s] Installing pothole_detection_opencv script to /home/soumo/robot_programming/install/pothole_detection/lib/pothole_detection
[4.890s] Installing pothole_detection_yolo script to /home/soumo/robot_programming/install/pothole_detection/lib/pothole_detection
[4.891s] Installing pothole_location script to /home/soumo/robot_programming/install/pothole_detection/lib/pothole_detection
[4.891s] Installing pothole_location1 script to /home/soumo/robot_programming/install/pothole_detection/lib/pothole_detection
[4.892s] 
[4.892s] Installed /home/soumo/robot_programming/build/pothole_detection
[4.893s] running install_data
[5.168s] Invoked command in '/home/soumo/robot_programming/build/pothole_detection' returned '0': PYTHONPATH=/home/soumo/robot_programming/build/pothole_detection/prefix_override:/home/soumo/robot_programming/install/pothole_detection/lib/python3.10/site-packages:${PYTHONPATH} /usr/bin/python3 setup.py develop --editable --build-directory /home/soumo/robot_programming/build/pothole_detection/build --no-deps install_data
