[0.377s] Invoking command in '/home/soumo/ros2_ws/build/detection_interfaces': CMAKE_PREFIX_PATH=${CMAKE_PREFIX_PATH}:/home/soumo/ros2_ws/install/pothole_detection:/home/soumo/ros2_ws/install/navigation:/opt/ros/humble /usr/bin/cmake --build /home/soumo/ros2_ws/build/detection_interfaces -- -j8 -l8
[0.939s] [  2%] Built target detection_interfaces__cpp
[0.941s] [ 12%] Built target detection_interfaces__rosidl_generator_c
[0.941s] [ 12%] Built target ament_cmake_python_symlink_detection_interfaces
[0.943s] [ 25%] Built target detection_interfaces__rosidl_typesupport_c
[0.943s] [ 36%] Built target detection_interfaces__rosidl_typesupport_cpp
[0.943s] [ 46%] Built target detection_interfaces__rosidl_typesupport_fastrtps_c
[0.943s] [ 68%] Built target detection_interfaces__rosidl_typesupport_introspection_c
[0.944s] [ 74%] Built target detection_interfaces__rosidl_typesupport_introspection_cpp
[0.944s] [ 76%] Built target detection_interfaces__rosidl_typesupport_fastrtps_cpp
[0.944s] [ 76%] Built target detection_interfaces
[0.944s] [ 78%] Built target detection_interfaces__py
[0.945s] [ 87%] Built target detection_interfaces__rosidl_generator_py
[0.945s] [ 91%] Built target detection_interfaces__rosidl_typesupport_fastrtps_c__pyext
[0.946s] [ 95%] Built target detection_interfaces__rosidl_typesupport_introspection_c__pyext
[0.946s] [100%] Built target detection_interfaces__rosidl_typesupport_c__pyext
[0.946s] running egg_info
[0.946s] writing detection_interfaces.egg-info/PKG-INFO
[0.947s] writing dependency_links to detection_interfaces.egg-info/dependency_links.txt
[0.947s] writing top-level names to detection_interfaces.egg-info/top_level.txt
[0.947s] reading manifest file 'detection_interfaces.egg-info/SOURCES.txt'
[0.947s] writing manifest file 'detection_interfaces.egg-info/SOURCES.txt'
[0.968s] [100%] Built target ament_cmake_python_build_detection_interfaces_egg
[1.432s] Invoked command in '/home/soumo/ros2_ws/build/detection_interfaces' returned '0': CMAKE_PREFIX_PATH=${CMAKE_PREFIX_PATH}:/home/soumo/ros2_ws/install/pothole_detection:/home/soumo/ros2_ws/install/navigation:/opt/ros/humble /usr/bin/cmake --build /home/soumo/ros2_ws/build/detection_interfaces -- -j8 -l8
[1.680s] Invoking command in '/home/soumo/ros2_ws/build/detection_interfaces': CMAKE_PREFIX_PATH=${CMAKE_PREFIX_PATH}:/home/soumo/ros2_ws/install/pothole_detection:/home/soumo/ros2_ws/install/navigation:/opt/ros/humble /usr/bin/cmake --install /home/soumo/ros2_ws/build/detection_interfaces
[1.693s] -- Install configuration: ""
[1.694s] -- Execute custom install script
[1.695s] -- Up-to-date symlink: /home/soumo/ros2_ws/install/detection_interfaces/share/ament_index/resource_index/rosidl_interfaces/detection_interfaces
[1.696s] -- Up-to-date symlink: /home/soumo/ros2_ws/install/detection_interfaces/include/detection_interfaces/detection_interfaces/msg/detail/inference_result__functions.h
[1.696s] -- Up-to-date symlink: /home/soumo/ros2_ws/install/detection_interfaces/include/detection_interfaces/detection_interfaces/msg/detail/inference_result__struct.h
[1.696s] -- Up-to-date symlink: /home/soumo/ros2_ws/install/detection_interfaces/include/detection_interfaces/detection_interfaces/msg/detail/inference_result__type_support.h
[1.697s] -- Up-to-date symlink: /home/soumo/ros2_ws/install/detection_interfaces/include/detection_interfaces/detection_interfaces/msg/detail/inference_result_array__functions.h
[1.697s] -- Up-to-date symlink: /home/soumo/ros2_ws/install/detection_interfaces/include/detection_interfaces/detection_interfaces/msg/detail/inference_result_array__struct.h
[1.697s] -- Up-to-date symlink: /home/soumo/ros2_ws/install/detection_interfaces/include/detection_interfaces/detection_interfaces/msg/detail/inference_result_array__type_support.h
[1.697s] -- Up-to-date symlink: /home/soumo/ros2_ws/install/detection_interfaces/include/detection_interfaces/detection_interfaces/msg/detail/pothole_cordinate__functions.h
[1.698s] -- Up-to-date symlink: /home/soumo/ros2_ws/install/detection_interfaces/include/detection_interfaces/detection_interfaces/msg/detail/pothole_cordinate__struct.h
[1.698s] -- Up-to-date symlink: /home/soumo/ros2_ws/install/detection_interfaces/include/detection_interfaces/detection_interfaces/msg/detail/pothole_cordinate__type_support.h
[1.698s] -- Up-to-date symlink: /home/soumo/ros2_ws/install/detection_interfaces/include/detection_interfaces/detection_interfaces/msg/inference_result.h
[1.698s] -- Up-to-date symlink: /home/soumo/ros2_ws/install/detection_interfaces/include/detection_interfaces/detection_interfaces/msg/inference_result_array.h
[1.699s] -- Up-to-date symlink: /home/soumo/ros2_ws/install/detection_interfaces/include/detection_interfaces/detection_interfaces/msg/pothole_cordinate.h
[1.699s] -- Up-to-date symlink: /home/soumo/ros2_ws/install/detection_interfaces/include/detection_interfaces/detection_interfaces/msg/rosidl_generator_c__visibility_control.h
[1.699s] -- Up-to-date symlink: /home/soumo/ros2_ws/install/detection_interfaces/share/detection_interfaces/environment/library_path.sh
[1.700s] -- Up-to-date symlink: /home/soumo/ros2_ws/install/detection_interfaces/share/detection_interfaces/environment/library_path.dsv
[1.701s] -- Up-to-date symlink: /home/soumo/ros2_ws/install/detection_interfaces/include/detection_interfaces/detection_interfaces/msg/detail/inference_result__rosidl_typesupport_fastrtps_c.h
[1.701s] -- Up-to-date symlink: /home/soumo/ros2_ws/install/detection_interfaces/include/detection_interfaces/detection_interfaces/msg/detail/inference_result_array__rosidl_typesupport_fastrtps_c.h
[1.701s] -- Up-to-date symlink: /home/soumo/ros2_ws/install/detection_interfaces/include/detection_interfaces/detection_interfaces/msg/detail/pothole_cordinate__rosidl_typesupport_fastrtps_c.h
[1.702s] -- Up-to-date symlink: /home/soumo/ros2_ws/install/detection_interfaces/include/detection_interfaces/detection_interfaces/msg/rosidl_typesupport_fastrtps_c__visibility_control.h
[1.702s] -- Up-to-date symlink: /home/soumo/ros2_ws/install/detection_interfaces/include/detection_interfaces/detection_interfaces/msg/detail/inference_result__rosidl_typesupport_introspection_c.h
[1.703s] -- Up-to-date symlink: /home/soumo/ros2_ws/install/detection_interfaces/include/detection_interfaces/detection_interfaces/msg/detail/inference_result_array__rosidl_typesupport_introspection_c.h
[1.703s] -- Up-to-date symlink: /home/soumo/ros2_ws/install/detection_interfaces/include/detection_interfaces/detection_interfaces/msg/detail/pothole_cordinate__rosidl_typesupport_introspection_c.h
[1.703s] -- Up-to-date symlink: /home/soumo/ros2_ws/install/detection_interfaces/include/detection_interfaces/detection_interfaces/msg/rosidl_typesupport_introspection_c__visibility_control.h
[1.704s] -- Up-to-date symlink: /home/soumo/ros2_ws/install/detection_interfaces/include/detection_interfaces/detection_interfaces/msg/detail/inference_result__builder.hpp
[1.704s] -- Up-to-date symlink: /home/soumo/ros2_ws/install/detection_interfaces/include/detection_interfaces/detection_interfaces/msg/detail/inference_result__struct.hpp
[1.705s] -- Up-to-date symlink: /home/soumo/ros2_ws/install/detection_interfaces/include/detection_interfaces/detection_interfaces/msg/detail/inference_result__traits.hpp
[1.705s] -- Up-to-date symlink: /home/soumo/ros2_ws/install/detection_interfaces/include/detection_interfaces/detection_interfaces/msg/detail/inference_result_array__builder.hpp
[1.705s] -- Up-to-date symlink: /home/soumo/ros2_ws/install/detection_interfaces/include/detection_interfaces/detection_interfaces/msg/detail/inference_result_array__struct.hpp
[1.705s] -- Up-to-date symlink: /home/soumo/ros2_ws/install/detection_interfaces/include/detection_interfaces/detection_interfaces/msg/detail/inference_result_array__traits.hpp
[1.706s] -- Up-to-date symlink: /home/soumo/ros2_ws/install/detection_interfaces/include/detection_interfaces/detection_interfaces/msg/detail/pothole_cordinate__builder.hpp
[1.706s] -- Up-to-date symlink: /home/soumo/ros2_ws/install/detection_interfaces/include/detection_interfaces/detection_interfaces/msg/detail/pothole_cordinate__struct.hpp
[1.706s] -- Up-to-date symlink: /home/soumo/ros2_ws/install/detection_interfaces/include/detection_interfaces/detection_interfaces/msg/detail/pothole_cordinate__traits.hpp
[1.706s] -- Up-to-date symlink: /home/soumo/ros2_ws/install/detection_interfaces/include/detection_interfaces/detection_interfaces/msg/inference_result.hpp
[1.707s] -- Up-to-date symlink: /home/soumo/ros2_ws/install/detection_interfaces/include/detection_interfaces/detection_interfaces/msg/inference_result_array.hpp
[1.707s] -- Up-to-date symlink: /home/soumo/ros2_ws/install/detection_interfaces/include/detection_interfaces/detection_interfaces/msg/pothole_cordinate.hpp
[1.708s] -- Up-to-date symlink: /home/soumo/ros2_ws/install/detection_interfaces/include/detection_interfaces/detection_interfaces/msg/detail/inference_result__rosidl_typesupport_fastrtps_cpp.hpp
[1.708s] -- Up-to-date symlink: /home/soumo/ros2_ws/install/detection_interfaces/include/detection_interfaces/detection_interfaces/msg/detail/inference_result_array__rosidl_typesupport_fastrtps_cpp.hpp
[1.708s] -- Up-to-date symlink: /home/soumo/ros2_ws/install/detection_interfaces/include/detection_interfaces/detection_interfaces/msg/detail/pothole_cordinate__rosidl_typesupport_fastrtps_cpp.hpp
[1.708s] -- Up-to-date symlink: /home/soumo/ros2_ws/install/detection_interfaces/include/detection_interfaces/detection_interfaces/msg/rosidl_typesupport_fastrtps_cpp__visibility_control.h
[1.709s] -- Up-to-date symlink: /home/soumo/ros2_ws/install/detection_interfaces/include/detection_interfaces/detection_interfaces/msg/detail/inference_result__rosidl_typesupport_introspection_cpp.hpp
[1.709s] -- Up-to-date symlink: /home/soumo/ros2_ws/install/detection_interfaces/include/detection_interfaces/detection_interfaces/msg/detail/inference_result_array__rosidl_typesupport_introspection_cpp.hpp
[1.710s] -- Up-to-date symlink: /home/soumo/ros2_ws/install/detection_interfaces/include/detection_interfaces/detection_interfaces/msg/detail/pothole_cordinate__rosidl_typesupport_introspection_cpp.hpp
[1.710s] -- Up-to-date symlink: /home/soumo/ros2_ws/install/detection_interfaces/share/detection_interfaces/environment/pythonpath.sh
[1.710s] -- Up-to-date symlink: /home/soumo/ros2_ws/install/detection_interfaces/share/detection_interfaces/environment/pythonpath.dsv
[1.711s] -- Up-to-date symlink: /home/soumo/ros2_ws/install/detection_interfaces/local/lib/python3.10/dist-packages/detection_interfaces-0.0.0-py3.10.egg-info/PKG-INFO
[1.711s] -- Up-to-date symlink: /home/soumo/ros2_ws/install/detection_interfaces/local/lib/python3.10/dist-packages/detection_interfaces-0.0.0-py3.10.egg-info/SOURCES.txt
[1.711s] -- Up-to-date symlink: /home/soumo/ros2_ws/install/detection_interfaces/local/lib/python3.10/dist-packages/detection_interfaces-0.0.0-py3.10.egg-info/dependency_links.txt
[1.711s] -- Up-to-date symlink: /home/soumo/ros2_ws/install/detection_interfaces/local/lib/python3.10/dist-packages/detection_interfaces-0.0.0-py3.10.egg-info/top_level.txt
[1.713s] -- Up-to-date symlink: /home/soumo/ros2_ws/install/detection_interfaces/local/lib/python3.10/dist-packages/detection_interfaces/__init__.py
[1.713s] -- Up-to-date symlink: /home/soumo/ros2_ws/install/detection_interfaces/local/lib/python3.10/dist-packages/detection_interfaces/_detection_interfaces_s.ep.rosidl_typesupport_c.c
[1.713s] -- Up-to-date symlink: /home/soumo/ros2_ws/install/detection_interfaces/local/lib/python3.10/dist-packages/detection_interfaces/_detection_interfaces_s.ep.rosidl_typesupport_fastrtps_c.c
[1.713s] -- Up-to-date symlink: /home/soumo/ros2_ws/install/detection_interfaces/local/lib/python3.10/dist-packages/detection_interfaces/_detection_interfaces_s.ep.rosidl_typesupport_introspection_c.c
[1.714s] -- Up-to-date symlink: /home/soumo/ros2_ws/install/detection_interfaces/local/lib/python3.10/dist-packages/detection_interfaces/detection_interfaces_s__rosidl_typesupport_c.cpython-310-x86_64-linux-gnu.so
[1.714s] -- Up-to-date symlink: /home/soumo/ros2_ws/install/detection_interfaces/local/lib/python3.10/dist-packages/detection_interfaces/detection_interfaces_s__rosidl_typesupport_fastrtps_c.cpython-310-x86_64-linux-gnu.so
[1.714s] -- Up-to-date symlink: /home/soumo/ros2_ws/install/detection_interfaces/local/lib/python3.10/dist-packages/detection_interfaces/detection_interfaces_s__rosidl_typesupport_introspection_c.cpython-310-x86_64-linux-gnu.so
[1.714s] -- Up-to-date symlink: /home/soumo/ros2_ws/install/detection_interfaces/local/lib/python3.10/dist-packages/detection_interfaces/libdetection_interfaces__rosidl_generator_py.so
[1.715s] -- Up-to-date symlink: /home/soumo/ros2_ws/install/detection_interfaces/local/lib/python3.10/dist-packages/detection_interfaces/msg/__init__.py
[1.715s] -- Up-to-date symlink: /home/soumo/ros2_ws/install/detection_interfaces/local/lib/python3.10/dist-packages/detection_interfaces/msg/_inference_result.py
[1.715s] -- Up-to-date symlink: /home/soumo/ros2_ws/install/detection_interfaces/local/lib/python3.10/dist-packages/detection_interfaces/msg/_inference_result_array.py
[1.715s] -- Up-to-date symlink: /home/soumo/ros2_ws/install/detection_interfaces/local/lib/python3.10/dist-packages/detection_interfaces/msg/_inference_result_array_s.c
[1.715s] -- Up-to-date symlink: /home/soumo/ros2_ws/install/detection_interfaces/local/lib/python3.10/dist-packages/detection_interfaces/msg/_inference_result_s.c
[1.716s] -- Up-to-date symlink: /home/soumo/ros2_ws/install/detection_interfaces/local/lib/python3.10/dist-packages/detection_interfaces/msg/_pothole_cordinate.py
[1.716s] -- Up-to-date symlink: /home/soumo/ros2_ws/install/detection_interfaces/local/lib/python3.10/dist-packages/detection_interfaces/msg/_pothole_cordinate_s.c
[1.717s] -- Up-to-date symlink: /home/soumo/ros2_ws/install/detection_interfaces/local/lib/python3.10/dist-packages/detection_interfaces/detection_interfaces_s__rosidl_typesupport_fastrtps_c.cpython-310-x86_64-linux-gnu.so
[1.717s] -- Up-to-date symlink: /home/soumo/ros2_ws/install/detection_interfaces/local/lib/python3.10/dist-packages/detection_interfaces/detection_interfaces_s__rosidl_typesupport_introspection_c.cpython-310-x86_64-linux-gnu.so
[1.718s] -- Up-to-date symlink: /home/soumo/ros2_ws/install/detection_interfaces/local/lib/python3.10/dist-packages/detection_interfaces/detection_interfaces_s__rosidl_typesupport_c.cpython-310-x86_64-linux-gnu.so
[1.718s] -- Up-to-date symlink: /home/soumo/ros2_ws/install/detection_interfaces/share/detection_interfaces/msg/InferenceResult.idl
[1.718s] -- Up-to-date symlink: /home/soumo/ros2_ws/install/detection_interfaces/share/detection_interfaces/msg/InferenceResultArray.idl
[1.718s] -- Up-to-date symlink: /home/soumo/ros2_ws/install/detection_interfaces/share/detection_interfaces/msg/PotholeCordinate.idl
[1.719s] -- Up-to-date symlink: /home/soumo/ros2_ws/install/detection_interfaces/share/detection_interfaces/msg/InferenceResult.msg
[1.719s] -- Up-to-date symlink: /home/soumo/ros2_ws/install/detection_interfaces/share/detection_interfaces/msg/InferenceResultArray.msg
[1.719s] -- Up-to-date symlink: /home/soumo/ros2_ws/install/detection_interfaces/share/detection_interfaces/msg/PotholeCordinate.msg
[1.719s] -- Up-to-date symlink: /home/soumo/ros2_ws/install/detection_interfaces/share/ament_index/resource_index/package_run_dependencies/detection_interfaces
[1.720s] -- Up-to-date symlink: /home/soumo/ros2_ws/install/detection_interfaces/share/ament_index/resource_index/parent_prefix_path/detection_interfaces
[1.720s] -- Up-to-date symlink: /home/soumo/ros2_ws/install/detection_interfaces/share/detection_interfaces/environment/ament_prefix_path.sh
[1.720s] -- Up-to-date symlink: /home/soumo/ros2_ws/install/detection_interfaces/share/detection_interfaces/environment/ament_prefix_path.dsv
[1.721s] -- Up-to-date symlink: /home/soumo/ros2_ws/install/detection_interfaces/share/detection_interfaces/environment/path.sh
[1.721s] -- Up-to-date symlink: /home/soumo/ros2_ws/install/detection_interfaces/share/detection_interfaces/environment/path.dsv
[1.722s] -- Up-to-date symlink: /home/soumo/ros2_ws/install/detection_interfaces/share/detection_interfaces/local_setup.bash
[1.722s] -- Up-to-date symlink: /home/soumo/ros2_ws/install/detection_interfaces/share/detection_interfaces/local_setup.sh
[1.722s] -- Up-to-date symlink: /home/soumo/ros2_ws/install/detection_interfaces/share/detection_interfaces/local_setup.zsh
[1.723s] -- Up-to-date symlink: /home/soumo/ros2_ws/install/detection_interfaces/share/detection_interfaces/local_setup.dsv
[1.723s] -- Symlinking: /home/soumo/ros2_ws/install/detection_interfaces/share/detection_interfaces/package.dsv
[1.744s] -- Up-to-date symlink: /home/soumo/ros2_ws/install/detection_interfaces/share/ament_index/resource_index/packages/detection_interfaces
[1.745s] -- Up-to-date symlink: /home/soumo/ros2_ws/install/detection_interfaces/share/detection_interfaces/cmake/rosidl_cmake-extras.cmake
[1.745s] -- Up-to-date symlink: /home/soumo/ros2_ws/install/detection_interfaces/share/detection_interfaces/cmake/ament_cmake_export_include_directories-extras.cmake
[1.745s] -- Up-to-date symlink: /home/soumo/ros2_ws/install/detection_interfaces/share/detection_interfaces/cmake/ament_cmake_export_libraries-extras.cmake
[1.746s] -- Up-to-date symlink: /home/soumo/ros2_ws/install/detection_interfaces/share/detection_interfaces/cmake/ament_cmake_export_targets-extras.cmake
[1.746s] -- Up-to-date symlink: /home/soumo/ros2_ws/install/detection_interfaces/share/detection_interfaces/cmake/rosidl_cmake_export_typesupport_targets-extras.cmake
[1.746s] -- Up-to-date symlink: /home/soumo/ros2_ws/install/detection_interfaces/share/detection_interfaces/cmake/ament_cmake_export_dependencies-extras.cmake
[1.747s] -- Up-to-date symlink: /home/soumo/ros2_ws/install/detection_interfaces/share/detection_interfaces/cmake/rosidl_cmake_export_typesupport_libraries-extras.cmake
[1.747s] -- Up-to-date symlink: /home/soumo/ros2_ws/install/detection_interfaces/share/detection_interfaces/cmake/detection_interfacesConfig.cmake
[1.747s] -- Up-to-date symlink: /home/soumo/ros2_ws/install/detection_interfaces/share/detection_interfaces/cmake/detection_interfacesConfig-version.cmake
[1.747s] -- Up-to-date symlink: /home/soumo/ros2_ws/install/detection_interfaces/share/detection_interfaces/package.xml
[1.748s] -- Up-to-date: /home/soumo/ros2_ws/install/detection_interfaces/lib/libdetection_interfaces__rosidl_generator_c.so
[1.749s] -- Up-to-date: /home/soumo/ros2_ws/install/detection_interfaces/lib/libdetection_interfaces__rosidl_typesupport_fastrtps_c.so
[1.749s] -- Up-to-date: /home/soumo/ros2_ws/install/detection_interfaces/lib/libdetection_interfaces__rosidl_typesupport_introspection_c.so
[1.750s] -- Up-to-date: /home/soumo/ros2_ws/install/detection_interfaces/lib/libdetection_interfaces__rosidl_typesupport_c.so
[1.751s] -- Up-to-date: /home/soumo/ros2_ws/install/detection_interfaces/lib/libdetection_interfaces__rosidl_typesupport_fastrtps_cpp.so
[1.751s] -- Up-to-date: /home/soumo/ros2_ws/install/detection_interfaces/lib/libdetection_interfaces__rosidl_typesupport_introspection_cpp.so
[1.752s] -- Up-to-date: /home/soumo/ros2_ws/install/detection_interfaces/lib/libdetection_interfaces__rosidl_typesupport_cpp.so
[1.809s] Listing '/home/soumo/ros2_ws/install/detection_interfaces/local/lib/python3.10/dist-packages/detection_interfaces'...
[1.810s] Listing '/home/soumo/ros2_ws/install/detection_interfaces/local/lib/python3.10/dist-packages/detection_interfaces/msg'...
[1.818s] -- Up-to-date: /home/soumo/ros2_ws/install/detection_interfaces/lib/libdetection_interfaces__rosidl_generator_py.so
[1.819s] -- Up-to-date: /home/soumo/ros2_ws/install/detection_interfaces/share/detection_interfaces/cmake/export_detection_interfaces__rosidl_generator_cExport.cmake
[1.820s] -- Up-to-date: /home/soumo/ros2_ws/install/detection_interfaces/share/detection_interfaces/cmake/export_detection_interfaces__rosidl_generator_cExport-noconfig.cmake
[1.820s] -- Up-to-date: /home/soumo/ros2_ws/install/detection_interfaces/share/detection_interfaces/cmake/export_detection_interfaces__rosidl_typesupport_fastrtps_cExport.cmake
[1.820s] -- Up-to-date: /home/soumo/ros2_ws/install/detection_interfaces/share/detection_interfaces/cmake/export_detection_interfaces__rosidl_typesupport_fastrtps_cExport-noconfig.cmake
[1.821s] -- Up-to-date: /home/soumo/ros2_ws/install/detection_interfaces/share/detection_interfaces/cmake/detection_interfaces__rosidl_typesupport_introspection_cExport.cmake
[1.821s] -- Up-to-date: /home/soumo/ros2_ws/install/detection_interfaces/share/detection_interfaces/cmake/detection_interfaces__rosidl_typesupport_introspection_cExport-noconfig.cmake
[1.821s] -- Up-to-date: /home/soumo/ros2_ws/install/detection_interfaces/share/detection_interfaces/cmake/detection_interfaces__rosidl_typesupport_cExport.cmake
[1.822s] -- Up-to-date: /home/soumo/ros2_ws/install/detection_interfaces/share/detection_interfaces/cmake/detection_interfaces__rosidl_typesupport_cExport-noconfig.cmake
[1.822s] -- Up-to-date: /home/soumo/ros2_ws/install/detection_interfaces/share/detection_interfaces/cmake/export_detection_interfaces__rosidl_generator_cppExport.cmake
[1.823s] -- Up-to-date: /home/soumo/ros2_ws/install/detection_interfaces/share/detection_interfaces/cmake/export_detection_interfaces__rosidl_typesupport_fastrtps_cppExport.cmake
[1.823s] -- Up-to-date: /home/soumo/ros2_ws/install/detection_interfaces/share/detection_interfaces/cmake/export_detection_interfaces__rosidl_typesupport_fastrtps_cppExport-noconfig.cmake
[1.823s] -- Up-to-date: /home/soumo/ros2_ws/install/detection_interfaces/share/detection_interfaces/cmake/detection_interfaces__rosidl_typesupport_introspection_cppExport.cmake
[1.823s] -- Up-to-date: /home/soumo/ros2_ws/install/detection_interfaces/share/detection_interfaces/cmake/detection_interfaces__rosidl_typesupport_introspection_cppExport-noconfig.cmake
[1.824s] -- Up-to-date: /home/soumo/ros2_ws/install/detection_interfaces/share/detection_interfaces/cmake/detection_interfaces__rosidl_typesupport_cppExport.cmake
[1.824s] -- Up-to-date: /home/soumo/ros2_ws/install/detection_interfaces/share/detection_interfaces/cmake/detection_interfaces__rosidl_typesupport_cppExport-noconfig.cmake
[1.824s] -- Up-to-date: /home/soumo/ros2_ws/install/detection_interfaces/share/detection_interfaces/cmake/export_detection_interfaces__rosidl_generator_pyExport.cmake
[1.824s] -- Up-to-date: /home/soumo/ros2_ws/install/detection_interfaces/share/detection_interfaces/cmake/export_detection_interfaces__rosidl_generator_pyExport-noconfig.cmake
[1.833s] Invoked command in '/home/soumo/ros2_ws/build/detection_interfaces' returned '0': CMAKE_PREFIX_PATH=${CMAKE_PREFIX_PATH}:/home/soumo/ros2_ws/install/pothole_detection:/home/soumo/ros2_ws/install/navigation:/opt/ros/humble /usr/bin/cmake --install /home/soumo/ros2_ws/build/detection_interfaces
