running develop
Removing /home/soumo/robot_programming/install/navigation/lib/python3.10/site-packages/navigation.egg-link (link to .)
running egg_info
writing ../../build/navigation/navigation.egg-info/PKG-INFO
writing dependency_links to ../../build/navigation/navigation.egg-info/dependency_links.txt
writing entry points to ../../build/navigation/navigation.egg-info/entry_points.txt
writing requirements to ../../build/navigation/navigation.egg-info/requires.txt
writing top-level names to ../../build/navigation/navigation.egg-info/top_level.txt
reading manifest file '../../build/navigation/navigation.egg-info/SOURCES.txt'
writing manifest file '../../build/navigation/navigation.egg-info/SOURCES.txt'
running build
running build_py
creating /home/soumo/robot_programming/build/navigation/build
creating /home/soumo/robot_programming/build/navigation/build/lib
creating /home/soumo/robot_programming/build/navigation/build/lib/navigation
copying navigation/waypointfollower.py -> /home/soumo/robot_programming/build/navigation/build/lib/navigation
copying navigation/__init__.py -> /home/soumo/robot_programming/build/navigation/build/lib/navigation
running install
running install_lib
creating /home/soumo/robot_programming/install/navigation/lib/python3.10/site-packages/navigation
copying /home/soumo/robot_programming/build/navigation/build/lib/navigation/waypointfollower.py -> /home/soumo/robot_programming/install/navigation/lib/python3.10/site-packages/navigation
copying /home/soumo/robot_programming/build/navigation/build/lib/navigation/__init__.py -> /home/soumo/robot_programming/install/navigation/lib/python3.10/site-packages/navigation
byte-compiling /home/soumo/robot_programming/install/navigation/lib/python3.10/site-packages/navigation/waypointfollower.py to waypointfollower.cpython-310.pyc
byte-compiling /home/soumo/robot_programming/install/navigation/lib/python3.10/site-packages/navigation/__init__.py to __init__.cpython-310.pyc
running install_data
running install_egg_info
Copying ../../build/navigation/navigation.egg-info to /home/soumo/robot_programming/install/navigation/lib/python3.10/site-packages/navigation-0.0.0-py3.10.egg-info
running install_scripts
Installing Nav_through_waypoint script to /home/soumo/robot_programming/install/navigation/lib/navigation
writing list of installed files to '/home/soumo/robot_programming/build/navigation/install.log'
