[2.779s] Invoking command in '/home/soumo/robot_programming/build/navigation': PYTHONPATH=/home/soumo/robot_programming/build/navigation/prefix_override:/home/soumo/robot_programming/install/navigation/lib/python3.10/site-packages:${PYTHONPATH} /usr/bin/python3 setup.py develop --uninstall --editable --build-directory /home/soumo/robot_programming/build/navigation/build
[3.796s] running develop
[4.239s] Removing /home/soumo/robot_programming/install/navigation/lib/python3.10/site-packages/navigation.egg-link (link to .)
[4.328s] Invoked command in '/home/soumo/robot_programming/build/navigation' returned '0': PYTHONPATH=/home/soumo/robot_programming/build/navigation/prefix_override:/home/soumo/robot_programming/install/navigation/lib/python3.10/site-packages:${PYTHONPATH} /usr/bin/python3 setup.py develop --uninstall --editable --build-directory /home/soumo/robot_programming/build/navigation/build
[4.331s] Invoking command in '/home/soumo/robot_programming/src/navigation': PYTHONPATH=/home/soumo/robot_programming/build/navigation/prefix_override:/home/soumo/robot_programming/install/navigation/lib/python3.10/site-packages:${PYTHONPATH} /usr/bin/python3 setup.py egg_info --egg-base ../../build/navigation build --build-base /home/soumo/robot_programming/build/navigation/build install --record /home/soumo/robot_programming/build/navigation/install.log --single-version-externally-managed
[4.977s] running egg_info
[4.977s] writing ../../build/navigation/navigation.egg-info/PKG-INFO
[4.980s] writing dependency_links to ../../build/navigation/navigation.egg-info/dependency_links.txt
[4.983s] writing entry points to ../../build/navigation/navigation.egg-info/entry_points.txt
[4.983s] writing requirements to ../../build/navigation/navigation.egg-info/requires.txt
[4.983s] writing top-level names to ../../build/navigation/navigation.egg-info/top_level.txt
[4.986s] reading manifest file '../../build/navigation/navigation.egg-info/SOURCES.txt'
[4.988s] writing manifest file '../../build/navigation/navigation.egg-info/SOURCES.txt'
[4.988s] running build
[4.988s] running build_py
[4.988s] creating /home/soumo/robot_programming/build/navigation/build
[4.988s] creating /home/soumo/robot_programming/build/navigation/build/lib
[4.989s] creating /home/soumo/robot_programming/build/navigation/build/lib/navigation
[4.989s] copying navigation/waypointfollower.py -> /home/soumo/robot_programming/build/navigation/build/lib/navigation
[4.990s] copying navigation/__init__.py -> /home/soumo/robot_programming/build/navigation/build/lib/navigation
[4.990s] running install
[4.990s] running install_lib
[4.994s] creating /home/soumo/robot_programming/install/navigation/lib/python3.10/site-packages/navigation
[4.995s] copying /home/soumo/robot_programming/build/navigation/build/lib/navigation/waypointfollower.py -> /home/soumo/robot_programming/install/navigation/lib/python3.10/site-packages/navigation
[4.996s] copying /home/soumo/robot_programming/build/navigation/build/lib/navigation/__init__.py -> /home/soumo/robot_programming/install/navigation/lib/python3.10/site-packages/navigation
[4.996s] byte-compiling /home/soumo/robot_programming/install/navigation/lib/python3.10/site-packages/navigation/waypointfollower.py to waypointfollower.cpython-310.pyc
[4.997s] byte-compiling /home/soumo/robot_programming/install/navigation/lib/python3.10/site-packages/navigation/__init__.py to __init__.cpython-310.pyc
[4.998s] running install_data
[4.999s] running install_egg_info
[5.002s] Copying ../../build/navigation/navigation.egg-info to /home/soumo/robot_programming/install/navigation/lib/python3.10/site-packages/navigation-0.0.0-py3.10.egg-info
[5.006s] running install_scripts
[5.054s] Installing Nav_through_waypoint script to /home/soumo/robot_programming/install/navigation/lib/navigation
[5.054s] writing list of installed files to '/home/soumo/robot_programming/build/navigation/install.log'
[5.138s] Invoked command in '/home/soumo/robot_programming/src/navigation' returned '0': PYTHONPATH=/home/soumo/robot_programming/build/navigation/prefix_override:/home/soumo/robot_programming/install/navigation/lib/python3.10/site-packages:${PYTHONPATH} /usr/bin/python3 setup.py egg_info --egg-base ../../build/navigation build --build-base /home/soumo/robot_programming/build/navigation/build install --record /home/soumo/robot_programming/build/navigation/install.log --single-version-externally-managed
