[2.845s] Invoking command in '/home/soumo/robot_programming/build/pothole_detection': PYTHONPATH=/home/soumo/robot_programming/build/pothole_detection/prefix_override:/home/soumo/robot_programming/install/pothole_detection/lib/python3.10/site-packages:${PYTHONPATH} /usr/bin/python3 setup.py develop --editable --build-directory /home/soumo/robot_programming/build/pothole_detection/build --no-deps install_data
[3.488s] running develop
[3.801s] running egg_info
[3.802s] creating pothole_detection.egg-info
[3.802s] writing pothole_detection.egg-info/PKG-INFO
[3.803s] writing dependency_links to pothole_detection.egg-info/dependency_links.txt
[3.804s] writing entry points to pothole_detection.egg-info/entry_points.txt
[3.804s] writing requirements to pothole_detection.egg-info/requires.txt
[3.804s] writing top-level names to pothole_detection.egg-info/top_level.txt
[3.804s] writing manifest file 'pothole_detection.egg-info/SOURCES.txt'
[3.807s] reading manifest file 'pothole_detection.egg-info/SOURCES.txt'
[3.808s] writing manifest file 'pothole_detection.egg-info/SOURCES.txt'
[3.887s] running build_ext
[3.888s] Creating /home/soumo/robot_programming/install/pothole_detection/lib/python3.10/site-packages/pothole-detection.egg-link (link to .)
[3.888s] Installing dataset_extraction script to /home/soumo/robot_programming/install/pothole_detection/lib/pothole_detection
[3.888s] Installing pothole_detection_opencv script to /home/soumo/robot_programming/install/pothole_detection/lib/pothole_detection
[3.888s] Installing pothole_detection_yolo script to /home/soumo/robot_programming/install/pothole_detection/lib/pothole_detection
[3.888s] Installing pothole_location script to /home/soumo/robot_programming/install/pothole_detection/lib/pothole_detection
[3.889s] Installing pothole_location1 script to /home/soumo/robot_programming/install/pothole_detection/lib/pothole_detection
[3.889s] 
[3.889s] Installed /home/soumo/robot_programming/build/pothole_detection
[3.889s] running install_data
[3.889s] creating /home/soumo/robot_programming/install/pothole_detection/share/ament_index
[3.889s] creating /home/soumo/robot_programming/install/pothole_detection/share/ament_index/resource_index
[3.889s] creating /home/soumo/robot_programming/install/pothole_detection/share/ament_index/resource_index/packages
[3.890s] copying resource/pothole_detection -> /home/soumo/robot_programming/install/pothole_detection/share/ament_index/resource_index/packages
[3.890s] copying package.xml -> /home/soumo/robot_programming/install/pothole_detection/share/pothole_detection
[3.983s] Invoked command in '/home/soumo/robot_programming/build/pothole_detection' returned '0': PYTHONPATH=/home/soumo/robot_programming/build/pothole_detection/prefix_override:/home/soumo/robot_programming/install/pothole_detection/lib/python3.10/site-packages:${PYTHONPATH} /usr/bin/python3 setup.py develop --editable --build-directory /home/soumo/robot_programming/build/pothole_detection/build --no-deps install_data
