[1.694s] Invoking command in '/home/soumo/robot_programming/build/detection_interfaces': CMAKE_PREFIX_PATH=${CMAKE_PREFIX_PATH}:/home/soumo/robot_programming/install/pothole_detection:/home/soumo/robot_programming/install/navigation:/home/soumo/ros2_ws/install/pothole_detection:/home/soumo/ros2_ws/install/navigation:/opt/ros/humble /usr/bin/cmake --build /home/soumo/robot_programming/build/detection_interfaces -- -j8 -l8
[3.429s] [  2%] Built target detection_interfaces__cpp
[3.431s] [ 12%] Built target detection_interfaces__rosidl_generator_c
[3.431s] [ 12%] Built target ament_cmake_python_symlink_detection_interfaces
[3.431s] [ 23%] Built target detection_interfaces__rosidl_typesupport_c
[3.432s] [ 34%] Built target detection_interfaces__rosidl_typesupport_introspection_c
[3.432s] [ 44%] Built target detection_interfaces__rosidl_typesupport_fastrtps_c
[3.432s] [ 55%] Built target detection_interfaces__rosidl_typesupport_introspection_cpp
[3.433s] [ 65%] Built target detection_interfaces__rosidl_typesupport_cpp
[3.433s] [ 76%] Built target detection_interfaces__rosidl_typesupport_fastrtps_cpp
[3.434s] [ 76%] Built target detection_interfaces
[3.434s] [ 78%] Built target detection_interfaces__py
[3.435s] [ 87%] Built target detection_interfaces__rosidl_generator_py
[3.435s] [ 91%] Built target detection_interfaces__rosidl_typesupport_c__pyext
[3.435s] [ 95%] Built target detection_interfaces__rosidl_typesupport_fastrtps_c__pyext
[3.435s] [100%] Built target detection_interfaces__rosidl_typesupport_introspection_c__pyext
[3.436s] running egg_info
[3.436s] writing detection_interfaces.egg-info/PKG-INFO
[3.436s] writing dependency_links to detection_interfaces.egg-info/dependency_links.txt
[3.436s] writing top-level names to detection_interfaces.egg-info/top_level.txt
[3.437s] reading manifest file 'detection_interfaces.egg-info/SOURCES.txt'
[3.437s] writing manifest file 'detection_interfaces.egg-info/SOURCES.txt'
[3.437s] [100%] Built target ament_cmake_python_build_detection_interfaces_egg
[4.892s] Invoked command in '/home/soumo/robot_programming/build/detection_interfaces' returned '0': CMAKE_PREFIX_PATH=${CMAKE_PREFIX_PATH}:/home/soumo/robot_programming/install/pothole_detection:/home/soumo/robot_programming/install/navigation:/home/soumo/ros2_ws/install/pothole_detection:/home/soumo/ros2_ws/install/navigation:/opt/ros/humble /usr/bin/cmake --build /home/soumo/robot_programming/build/detection_interfaces -- -j8 -l8
[5.983s] Invoking command in '/home/soumo/robot_programming/build/detection_interfaces': CMAKE_PREFIX_PATH=${CMAKE_PREFIX_PATH}:/home/soumo/robot_programming/install/pothole_detection:/home/soumo/robot_programming/install/navigation:/home/soumo/ros2_ws/install/pothole_detection:/home/soumo/ros2_ws/install/navigation:/opt/ros/humble /usr/bin/cmake --install /home/soumo/robot_programming/build/detection_interfaces
[6.015s] -- Install configuration: ""
[6.021s] -- Execute custom install script
[6.027s] -- Up-to-date symlink: /home/soumo/robot_programming/install/detection_interfaces/share/ament_index/resource_index/rosidl_interfaces/detection_interfaces
[6.030s] -- Up-to-date symlink: /home/soumo/robot_programming/install/detection_interfaces/include/detection_interfaces/detection_interfaces/msg/detail/inference_result__functions.h
[6.030s] -- Up-to-date symlink: /home/soumo/robot_programming/install/detection_interfaces/include/detection_interfaces/detection_interfaces/msg/detail/inference_result__struct.h
[6.030s] -- Up-to-date symlink: /home/soumo/robot_programming/install/detection_interfaces/include/detection_interfaces/detection_interfaces/msg/detail/inference_result__type_support.h
[6.030s] -- Up-to-date symlink: /home/soumo/robot_programming/install/detection_interfaces/include/detection_interfaces/detection_interfaces/msg/detail/inference_result_array__functions.h
[6.031s] -- Up-to-date symlink: /home/soumo/robot_programming/install/detection_interfaces/include/detection_interfaces/detection_interfaces/msg/detail/inference_result_array__struct.h
[6.031s] -- Up-to-date symlink: /home/soumo/robot_programming/install/detection_interfaces/include/detection_interfaces/detection_interfaces/msg/detail/inference_result_array__type_support.h
[6.032s] -- Up-to-date symlink: /home/soumo/robot_programming/install/detection_interfaces/include/detection_interfaces/detection_interfaces/msg/detail/pothole_cordinate__functions.h
[6.032s] -- Up-to-date symlink: /home/soumo/robot_programming/install/detection_interfaces/include/detection_interfaces/detection_interfaces/msg/detail/pothole_cordinate__struct.h
[6.033s] -- Up-to-date symlink: /home/soumo/robot_programming/install/detection_interfaces/include/detection_interfaces/detection_interfaces/msg/detail/pothole_cordinate__type_support.h
[6.033s] -- Up-to-date symlink: /home/soumo/robot_programming/install/detection_interfaces/include/detection_interfaces/detection_interfaces/msg/inference_result.h
[6.033s] -- Up-to-date symlink: /home/soumo/robot_programming/install/detection_interfaces/include/detection_interfaces/detection_interfaces/msg/inference_result_array.h
[6.036s] -- Up-to-date symlink: /home/soumo/robot_programming/install/detection_interfaces/include/detection_interfaces/detection_interfaces/msg/pothole_cordinate.h
[6.036s] -- Up-to-date symlink: /home/soumo/robot_programming/install/detection_interfaces/include/detection_interfaces/detection_interfaces/msg/rosidl_generator_c__visibility_control.h
[6.037s] -- Up-to-date symlink: /home/soumo/robot_programming/install/detection_interfaces/share/detection_interfaces/environment/library_path.sh
[6.039s] -- Up-to-date symlink: /home/soumo/robot_programming/install/detection_interfaces/share/detection_interfaces/environment/library_path.dsv
[6.040s] -- Up-to-date symlink: /home/soumo/robot_programming/install/detection_interfaces/include/detection_interfaces/detection_interfaces/msg/detail/inference_result__rosidl_typesupport_fastrtps_c.h
[6.040s] -- Up-to-date symlink: /home/soumo/robot_programming/install/detection_interfaces/include/detection_interfaces/detection_interfaces/msg/detail/inference_result_array__rosidl_typesupport_fastrtps_c.h
[6.040s] -- Up-to-date symlink: /home/soumo/robot_programming/install/detection_interfaces/include/detection_interfaces/detection_interfaces/msg/detail/pothole_cordinate__rosidl_typesupport_fastrtps_c.h
[6.041s] -- Up-to-date symlink: /home/soumo/robot_programming/install/detection_interfaces/include/detection_interfaces/detection_interfaces/msg/rosidl_typesupport_fastrtps_c__visibility_control.h
[6.045s] -- Up-to-date symlink: /home/soumo/robot_programming/install/detection_interfaces/include/detection_interfaces/detection_interfaces/msg/detail/inference_result__rosidl_typesupport_introspection_c.h
[6.045s] -- Up-to-date symlink: /home/soumo/robot_programming/install/detection_interfaces/include/detection_interfaces/detection_interfaces/msg/detail/inference_result_array__rosidl_typesupport_introspection_c.h
[6.046s] -- Up-to-date symlink: /home/soumo/robot_programming/install/detection_interfaces/include/detection_interfaces/detection_interfaces/msg/detail/pothole_cordinate__rosidl_typesupport_introspection_c.h
[6.046s] -- Up-to-date symlink: /home/soumo/robot_programming/install/detection_interfaces/include/detection_interfaces/detection_interfaces/msg/rosidl_typesupport_introspection_c__visibility_control.h
[6.047s] -- Up-to-date symlink: /home/soumo/robot_programming/install/detection_interfaces/include/detection_interfaces/detection_interfaces/msg/detail/inference_result__builder.hpp
[6.047s] -- Up-to-date symlink: /home/soumo/robot_programming/install/detection_interfaces/include/detection_interfaces/detection_interfaces/msg/detail/inference_result__struct.hpp
[6.047s] -- Up-to-date symlink: /home/soumo/robot_programming/install/detection_interfaces/include/detection_interfaces/detection_interfaces/msg/detail/inference_result__traits.hpp
[6.048s] -- Up-to-date symlink: /home/soumo/robot_programming/install/detection_interfaces/include/detection_interfaces/detection_interfaces/msg/detail/inference_result_array__builder.hpp
[6.051s] -- Up-to-date symlink: /home/soumo/robot_programming/install/detection_interfaces/include/detection_interfaces/detection_interfaces/msg/detail/inference_result_array__struct.hpp
[6.051s] -- Up-to-date symlink: /home/soumo/robot_programming/install/detection_interfaces/include/detection_interfaces/detection_interfaces/msg/detail/inference_result_array__traits.hpp
[6.052s] -- Up-to-date symlink: /home/soumo/robot_programming/install/detection_interfaces/include/detection_interfaces/detection_interfaces/msg/detail/pothole_cordinate__builder.hpp
[6.052s] -- Up-to-date symlink: /home/soumo/robot_programming/install/detection_interfaces/include/detection_interfaces/detection_interfaces/msg/detail/pothole_cordinate__struct.hpp
[6.054s] -- Up-to-date symlink: /home/soumo/robot_programming/install/detection_interfaces/include/detection_interfaces/detection_interfaces/msg/detail/pothole_cordinate__traits.hpp
[6.054s] -- Up-to-date symlink: /home/soumo/robot_programming/install/detection_interfaces/include/detection_interfaces/detection_interfaces/msg/inference_result.hpp
[6.054s] -- Up-to-date symlink: /home/soumo/robot_programming/install/detection_interfaces/include/detection_interfaces/detection_interfaces/msg/inference_result_array.hpp
[6.056s] -- Up-to-date symlink: /home/soumo/robot_programming/install/detection_interfaces/include/detection_interfaces/detection_interfaces/msg/pothole_cordinate.hpp
[6.057s] -- Up-to-date symlink: /home/soumo/robot_programming/install/detection_interfaces/include/detection_interfaces/detection_interfaces/msg/detail/inference_result__rosidl_typesupport_fastrtps_cpp.hpp
[6.057s] -- Up-to-date symlink: /home/soumo/robot_programming/install/detection_interfaces/include/detection_interfaces/detection_interfaces/msg/detail/inference_result_array__rosidl_typesupport_fastrtps_cpp.hpp
[6.058s] -- Up-to-date symlink: /home/soumo/robot_programming/install/detection_interfaces/include/detection_interfaces/detection_interfaces/msg/detail/pothole_cordinate__rosidl_typesupport_fastrtps_cpp.hpp
[6.058s] -- Up-to-date symlink: /home/soumo/robot_programming/install/detection_interfaces/include/detection_interfaces/detection_interfaces/msg/rosidl_typesupport_fastrtps_cpp__visibility_control.h
[6.060s] -- Up-to-date symlink: /home/soumo/robot_programming/install/detection_interfaces/include/detection_interfaces/detection_interfaces/msg/detail/inference_result__rosidl_typesupport_introspection_cpp.hpp
[6.061s] -- Up-to-date symlink: /home/soumo/robot_programming/install/detection_interfaces/include/detection_interfaces/detection_interfaces/msg/detail/inference_result_array__rosidl_typesupport_introspection_cpp.hpp
[6.061s] -- Up-to-date symlink: /home/soumo/robot_programming/install/detection_interfaces/include/detection_interfaces/detection_interfaces/msg/detail/pothole_cordinate__rosidl_typesupport_introspection_cpp.hpp
[6.064s] -- Up-to-date symlink: /home/soumo/robot_programming/install/detection_interfaces/share/detection_interfaces/environment/pythonpath.sh
[6.065s] -- Up-to-date symlink: /home/soumo/robot_programming/install/detection_interfaces/share/detection_interfaces/environment/pythonpath.dsv
[6.066s] -- Up-to-date symlink: /home/soumo/robot_programming/install/detection_interfaces/local/lib/python3.10/dist-packages/detection_interfaces-0.0.0-py3.10.egg-info/PKG-INFO
[6.066s] -- Up-to-date symlink: /home/soumo/robot_programming/install/detection_interfaces/local/lib/python3.10/dist-packages/detection_interfaces-0.0.0-py3.10.egg-info/SOURCES.txt
[6.069s] -- Up-to-date symlink: /home/soumo/robot_programming/install/detection_interfaces/local/lib/python3.10/dist-packages/detection_interfaces-0.0.0-py3.10.egg-info/dependency_links.txt
[6.069s] -- Up-to-date symlink: /home/soumo/robot_programming/install/detection_interfaces/local/lib/python3.10/dist-packages/detection_interfaces-0.0.0-py3.10.egg-info/top_level.txt
[6.070s] -- Up-to-date symlink: /home/soumo/robot_programming/install/detection_interfaces/local/lib/python3.10/dist-packages/detection_interfaces/__init__.py
[6.070s] -- Up-to-date symlink: /home/soumo/robot_programming/install/detection_interfaces/local/lib/python3.10/dist-packages/detection_interfaces/_detection_interfaces_s.ep.rosidl_typesupport_c.c
[6.071s] -- Up-to-date symlink: /home/soumo/robot_programming/install/detection_interfaces/local/lib/python3.10/dist-packages/detection_interfaces/_detection_interfaces_s.ep.rosidl_typesupport_fastrtps_c.c
[6.071s] -- Up-to-date symlink: /home/soumo/robot_programming/install/detection_interfaces/local/lib/python3.10/dist-packages/detection_interfaces/_detection_interfaces_s.ep.rosidl_typesupport_introspection_c.c
[6.072s] -- Up-to-date symlink: /home/soumo/robot_programming/install/detection_interfaces/local/lib/python3.10/dist-packages/detection_interfaces/detection_interfaces_s__rosidl_typesupport_c.cpython-310-x86_64-linux-gnu.so
[6.072s] -- Up-to-date symlink: /home/soumo/robot_programming/install/detection_interfaces/local/lib/python3.10/dist-packages/detection_interfaces/detection_interfaces_s__rosidl_typesupport_fastrtps_c.cpython-310-x86_64-linux-gnu.so
[6.072s] -- Up-to-date symlink: /home/soumo/robot_programming/install/detection_interfaces/local/lib/python3.10/dist-packages/detection_interfaces/detection_interfaces_s__rosidl_typesupport_introspection_c.cpython-310-x86_64-linux-gnu.so
[6.073s] -- Up-to-date symlink: /home/soumo/robot_programming/install/detection_interfaces/local/lib/python3.10/dist-packages/detection_interfaces/libdetection_interfaces__rosidl_generator_py.so
[6.073s] -- Up-to-date symlink: /home/soumo/robot_programming/install/detection_interfaces/local/lib/python3.10/dist-packages/detection_interfaces/msg/__init__.py
[6.074s] -- Up-to-date symlink: /home/soumo/robot_programming/install/detection_interfaces/local/lib/python3.10/dist-packages/detection_interfaces/msg/_inference_result.py
[6.074s] -- Up-to-date symlink: /home/soumo/robot_programming/install/detection_interfaces/local/lib/python3.10/dist-packages/detection_interfaces/msg/_inference_result_array.py
[6.075s] -- Up-to-date symlink: /home/soumo/robot_programming/install/detection_interfaces/local/lib/python3.10/dist-packages/detection_interfaces/msg/_inference_result_array_s.c
[6.075s] -- Up-to-date symlink: /home/soumo/robot_programming/install/detection_interfaces/local/lib/python3.10/dist-packages/detection_interfaces/msg/_inference_result_s.c
[6.076s] -- Up-to-date symlink: /home/soumo/robot_programming/install/detection_interfaces/local/lib/python3.10/dist-packages/detection_interfaces/msg/_pothole_cordinate.py
[6.077s] -- Up-to-date symlink: /home/soumo/robot_programming/install/detection_interfaces/local/lib/python3.10/dist-packages/detection_interfaces/msg/_pothole_cordinate_s.c
[6.078s] -- Up-to-date symlink: /home/soumo/robot_programming/install/detection_interfaces/local/lib/python3.10/dist-packages/detection_interfaces/detection_interfaces_s__rosidl_typesupport_fastrtps_c.cpython-310-x86_64-linux-gnu.so
[6.081s] -- Up-to-date symlink: /home/soumo/robot_programming/install/detection_interfaces/local/lib/python3.10/dist-packages/detection_interfaces/detection_interfaces_s__rosidl_typesupport_introspection_c.cpython-310-x86_64-linux-gnu.so
[6.087s] -- Up-to-date symlink: /home/soumo/robot_programming/install/detection_interfaces/local/lib/python3.10/dist-packages/detection_interfaces/detection_interfaces_s__rosidl_typesupport_c.cpython-310-x86_64-linux-gnu.so
[6.087s] -- Up-to-date symlink: /home/soumo/robot_programming/install/detection_interfaces/share/detection_interfaces/msg/InferenceResult.idl
[6.088s] -- Up-to-date symlink: /home/soumo/robot_programming/install/detection_interfaces/share/detection_interfaces/msg/InferenceResultArray.idl
[6.088s] -- Up-to-date symlink: /home/soumo/robot_programming/install/detection_interfaces/share/detection_interfaces/msg/PotholeCordinate.idl
[6.089s] -- Up-to-date symlink: /home/soumo/robot_programming/install/detection_interfaces/share/detection_interfaces/msg/InferenceResult.msg
[6.089s] -- Up-to-date symlink: /home/soumo/robot_programming/install/detection_interfaces/share/detection_interfaces/msg/InferenceResultArray.msg
[6.089s] -- Up-to-date symlink: /home/soumo/robot_programming/install/detection_interfaces/share/detection_interfaces/msg/PotholeCordinate.msg
[6.090s] -- Up-to-date symlink: /home/soumo/robot_programming/install/detection_interfaces/share/ament_index/resource_index/package_run_dependencies/detection_interfaces
[6.096s] -- Up-to-date symlink: /home/soumo/robot_programming/install/detection_interfaces/share/ament_index/resource_index/parent_prefix_path/detection_interfaces
[6.105s] -- Up-to-date symlink: /home/soumo/robot_programming/install/detection_interfaces/share/detection_interfaces/environment/ament_prefix_path.sh
[6.105s] -- Up-to-date symlink: /home/soumo/robot_programming/install/detection_interfaces/share/detection_interfaces/environment/ament_prefix_path.dsv
[6.105s] -- Up-to-date symlink: /home/soumo/robot_programming/install/detection_interfaces/share/detection_interfaces/environment/path.sh
[6.106s] -- Up-to-date symlink: /home/soumo/robot_programming/install/detection_interfaces/share/detection_interfaces/environment/path.dsv
[6.106s] -- Up-to-date symlink: /home/soumo/robot_programming/install/detection_interfaces/share/detection_interfaces/local_setup.bash
[6.106s] -- Up-to-date symlink: /home/soumo/robot_programming/install/detection_interfaces/share/detection_interfaces/local_setup.sh
[6.107s] -- Up-to-date symlink: /home/soumo/robot_programming/install/detection_interfaces/share/detection_interfaces/local_setup.zsh
[6.111s] -- Up-to-date symlink: /home/soumo/robot_programming/install/detection_interfaces/share/detection_interfaces/local_setup.dsv
[6.112s] -- Symlinking: /home/soumo/robot_programming/install/detection_interfaces/share/detection_interfaces/package.dsv
[6.194s] -- Up-to-date symlink: /home/soumo/robot_programming/install/detection_interfaces/share/ament_index/resource_index/packages/detection_interfaces
[6.194s] -- Up-to-date symlink: /home/soumo/robot_programming/install/detection_interfaces/share/detection_interfaces/cmake/rosidl_cmake-extras.cmake
[6.195s] -- Up-to-date symlink: /home/soumo/robot_programming/install/detection_interfaces/share/detection_interfaces/cmake/ament_cmake_export_include_directories-extras.cmake
[6.196s] -- Up-to-date symlink: /home/soumo/robot_programming/install/detection_interfaces/share/detection_interfaces/cmake/ament_cmake_export_libraries-extras.cmake
[6.197s] -- Up-to-date symlink: /home/soumo/robot_programming/install/detection_interfaces/share/detection_interfaces/cmake/ament_cmake_export_targets-extras.cmake
[6.197s] -- Up-to-date symlink: /home/soumo/robot_programming/install/detection_interfaces/share/detection_interfaces/cmake/rosidl_cmake_export_typesupport_targets-extras.cmake
[6.198s] -- Up-to-date symlink: /home/soumo/robot_programming/install/detection_interfaces/share/detection_interfaces/cmake/ament_cmake_export_dependencies-extras.cmake
[6.198s] -- Up-to-date symlink: /home/soumo/robot_programming/install/detection_interfaces/share/detection_interfaces/cmake/rosidl_cmake_export_typesupport_libraries-extras.cmake
[6.198s] -- Up-to-date symlink: /home/soumo/robot_programming/install/detection_interfaces/share/detection_interfaces/cmake/detection_interfacesConfig.cmake
[6.199s] -- Up-to-date symlink: /home/soumo/robot_programming/install/detection_interfaces/share/detection_interfaces/cmake/detection_interfacesConfig-version.cmake
[6.199s] -- Up-to-date symlink: /home/soumo/robot_programming/install/detection_interfaces/share/detection_interfaces/package.xml
[6.200s] -- Up-to-date: /home/soumo/robot_programming/install/detection_interfaces/lib/libdetection_interfaces__rosidl_generator_c.so
[6.202s] -- Up-to-date: /home/soumo/robot_programming/install/detection_interfaces/lib/libdetection_interfaces__rosidl_typesupport_fastrtps_c.so
[6.204s] -- Up-to-date: /home/soumo/robot_programming/install/detection_interfaces/lib/libdetection_interfaces__rosidl_typesupport_introspection_c.so
[6.205s] -- Up-to-date: /home/soumo/robot_programming/install/detection_interfaces/lib/libdetection_interfaces__rosidl_typesupport_c.so
[6.208s] -- Up-to-date: /home/soumo/robot_programming/install/detection_interfaces/lib/libdetection_interfaces__rosidl_typesupport_fastrtps_cpp.so
[6.212s] -- Up-to-date: /home/soumo/robot_programming/install/detection_interfaces/lib/libdetection_interfaces__rosidl_typesupport_introspection_cpp.so
[6.215s] -- Up-to-date: /home/soumo/robot_programming/install/detection_interfaces/lib/libdetection_interfaces__rosidl_typesupport_cpp.so
[6.386s] Listing '/home/soumo/robot_programming/install/detection_interfaces/local/lib/python3.10/dist-packages/detection_interfaces'...
[6.386s] Listing '/home/soumo/robot_programming/install/detection_interfaces/local/lib/python3.10/dist-packages/detection_interfaces/msg'...
[6.406s] -- Up-to-date: /home/soumo/robot_programming/install/detection_interfaces/lib/libdetection_interfaces__rosidl_generator_py.so
[6.408s] -- Up-to-date: /home/soumo/robot_programming/install/detection_interfaces/share/detection_interfaces/cmake/export_detection_interfaces__rosidl_generator_cExport.cmake
[6.408s] -- Up-to-date: /home/soumo/robot_programming/install/detection_interfaces/share/detection_interfaces/cmake/export_detection_interfaces__rosidl_generator_cExport-noconfig.cmake
[6.409s] -- Up-to-date: /home/soumo/robot_programming/install/detection_interfaces/share/detection_interfaces/cmake/export_detection_interfaces__rosidl_typesupport_fastrtps_cExport.cmake
[6.409s] -- Up-to-date: /home/soumo/robot_programming/install/detection_interfaces/share/detection_interfaces/cmake/export_detection_interfaces__rosidl_typesupport_fastrtps_cExport-noconfig.cmake
[6.410s] -- Up-to-date: /home/soumo/robot_programming/install/detection_interfaces/share/detection_interfaces/cmake/detection_interfaces__rosidl_typesupport_introspection_cExport.cmake
[6.410s] -- Up-to-date: /home/soumo/robot_programming/install/detection_interfaces/share/detection_interfaces/cmake/detection_interfaces__rosidl_typesupport_introspection_cExport-noconfig.cmake
[6.414s] -- Up-to-date: /home/soumo/robot_programming/install/detection_interfaces/share/detection_interfaces/cmake/detection_interfaces__rosidl_typesupport_cExport.cmake
[6.414s] -- Up-to-date: /home/soumo/robot_programming/install/detection_interfaces/share/detection_interfaces/cmake/detection_interfaces__rosidl_typesupport_cExport-noconfig.cmake
[6.415s] -- Up-to-date: /home/soumo/robot_programming/install/detection_interfaces/share/detection_interfaces/cmake/export_detection_interfaces__rosidl_generator_cppExport.cmake
[6.415s] -- Up-to-date: /home/soumo/robot_programming/install/detection_interfaces/share/detection_interfaces/cmake/export_detection_interfaces__rosidl_typesupport_fastrtps_cppExport.cmake
[6.416s] -- Up-to-date: /home/soumo/robot_programming/install/detection_interfaces/share/detection_interfaces/cmake/export_detection_interfaces__rosidl_typesupport_fastrtps_cppExport-noconfig.cmake
[6.416s] -- Up-to-date: /home/soumo/robot_programming/install/detection_interfaces/share/detection_interfaces/cmake/detection_interfaces__rosidl_typesupport_introspection_cppExport.cmake
[6.416s] -- Up-to-date: /home/soumo/robot_programming/install/detection_interfaces/share/detection_interfaces/cmake/detection_interfaces__rosidl_typesupport_introspection_cppExport-noconfig.cmake
[6.417s] -- Up-to-date: /home/soumo/robot_programming/install/detection_interfaces/share/detection_interfaces/cmake/detection_interfaces__rosidl_typesupport_cppExport.cmake
[6.418s] -- Up-to-date: /home/soumo/robot_programming/install/detection_interfaces/share/detection_interfaces/cmake/detection_interfaces__rosidl_typesupport_cppExport-noconfig.cmake
[6.418s] -- Up-to-date: /home/soumo/robot_programming/install/detection_interfaces/share/detection_interfaces/cmake/export_detection_interfaces__rosidl_generator_pyExport.cmake
[6.442s] -- Up-to-date: /home/soumo/robot_programming/install/detection_interfaces/share/detection_interfaces/cmake/export_detection_interfaces__rosidl_generator_pyExport-noconfig.cmake
[6.442s] Invoked command in '/home/soumo/robot_programming/build/detection_interfaces' returned '0': CMAKE_PREFIX_PATH=${CMAKE_PREFIX_PATH}:/home/soumo/robot_programming/install/pothole_detection:/home/soumo/robot_programming/install/navigation:/home/soumo/ros2_ws/install/pothole_detection:/home/soumo/ros2_ws/install/navigation:/opt/ros/humble /usr/bin/cmake --install /home/soumo/robot_programming/build/detection_interfaces
