[1.528s] DEBUG:colcon:Command line arguments: ['/usr/bin/colcon', 'build', '--symlink-install']
[1.528s] DEBUG:colcon:Parsed command line arguments: Namespace(log_base=None, log_level=None, verb_name='build', build_base='build', install_base='install', merge_install=False, symlink_install=True, test_result_base=None, continue_on_error=False, executor='parallel', parallel_workers=8, event_handlers=None, ignore_user_meta=False, metas=['./colcon.meta'], base_paths=['.'], packages_ignore=None, packages_ignore_regex=None, paths=None, packages_up_to=None, packages_up_to_regex=None, packages_above=None, packages_above_and_dependencies=None, packages_above_depth=None, packages_select_by_dep=None, packages_skip_by_dep=None, packages_skip_up_to=None, packages_select_build_failed=False, packages_skip_build_finished=False, packages_select_test_failures=False, packages_skip_test_passed=False, packages_select=None, packages_skip=None, packages_select_regex=None, packages_skip_regex=None, packages_start=None, packages_end=None, cmake_args=None, cmake_target=None, cmake_target_skip_unavailable=False, cmake_clean_cache=False, cmake_clean_first=False, cmake_force_configure=False, ament_cmake_args=None, catkin_cmake_args=None, catkin_skip_building_tests=False, verb_parser=<colcon_defaults.argument_parser.defaults.DefaultArgumentsDecorator object at 0x7f053ddf2c80>, verb_extension=<colcon_core.verb.build.BuildVerb object at 0x7f053ddf1f30>, main=<bound method BuildVerb.main of <colcon_core.verb.build.BuildVerb object at 0x7f053ddf1f30>>)
[1.596s] Level 1:colcon.colcon_core.package_discovery:discover_packages(colcon_meta) check parameters
[1.596s] Level 1:colcon.colcon_core.package_discovery:discover_packages(recursive) check parameters
[1.596s] Level 1:colcon.colcon_core.package_discovery:discover_packages(ignore) check parameters
[1.596s] Level 1:colcon.colcon_core.package_discovery:discover_packages(path) check parameters
[1.596s] Level 1:colcon.colcon_core.package_discovery:discover_packages(colcon_meta) discover
[1.596s] Level 1:colcon.colcon_core.package_discovery:discover_packages(recursive) discover
[1.597s] INFO:colcon.colcon_core.package_discovery:Crawling recursively for packages in '/home/soumo/robot_programming'
[1.597s] Level 1:colcon.colcon_core.package_identification:_identify(.) by extensions ['ignore', 'ignore_ament_install']
[1.597s] Level 1:colcon.colcon_core.package_identification:_identify(.) by extension 'ignore'
[1.597s] Level 1:colcon.colcon_core.package_identification:_identify(.) by extension 'ignore_ament_install'
[1.597s] Level 1:colcon.colcon_core.package_identification:_identify(.) by extensions ['colcon_pkg']
[1.597s] Level 1:colcon.colcon_core.package_identification:_identify(.) by extension 'colcon_pkg'
[1.597s] Level 1:colcon.colcon_core.package_identification:_identify(.) by extensions ['colcon_meta']
[1.597s] Level 1:colcon.colcon_core.package_identification:_identify(.) by extension 'colcon_meta'
[1.597s] Level 1:colcon.colcon_core.package_identification:_identify(.) by extensions ['ros']
[1.597s] Level 1:colcon.colcon_core.package_identification:_identify(.) by extension 'ros'
[1.612s] Level 1:colcon.colcon_core.package_identification:_identify(.) by extensions ['cmake', 'python']
[1.612s] Level 1:colcon.colcon_core.package_identification:_identify(.) by extension 'cmake'
[1.612s] Level 1:colcon.colcon_core.package_identification:_identify(.) by extension 'python'
[1.612s] Level 1:colcon.colcon_core.package_identification:_identify(.) by extensions ['python_setup_py']
[1.613s] Level 1:colcon.colcon_core.package_identification:_identify(.) by extension 'python_setup_py'
[1.613s] Level 1:colcon.colcon_core.package_identification:_identify(build) by extensions ['ignore', 'ignore_ament_install']
[1.613s] Level 1:colcon.colcon_core.package_identification:_identify(build) by extension 'ignore'
[1.613s] Level 1:colcon.colcon_core.package_identification:_identify(build) ignored
[1.613s] Level 1:colcon.colcon_core.package_identification:_identify(install) by extensions ['ignore', 'ignore_ament_install']
[1.613s] Level 1:colcon.colcon_core.package_identification:_identify(install) by extension 'ignore'
[1.613s] Level 1:colcon.colcon_core.package_identification:_identify(install) ignored
[1.613s] Level 1:colcon.colcon_core.package_identification:_identify(log) by extensions ['ignore', 'ignore_ament_install']
[1.613s] Level 1:colcon.colcon_core.package_identification:_identify(log) by extension 'ignore'
[1.614s] Level 1:colcon.colcon_core.package_identification:_identify(log) ignored
[1.614s] Level 1:colcon.colcon_core.package_identification:_identify(src) by extensions ['ignore', 'ignore_ament_install']
[1.614s] Level 1:colcon.colcon_core.package_identification:_identify(src) by extension 'ignore'
[1.614s] Level 1:colcon.colcon_core.package_identification:_identify(src) by extension 'ignore_ament_install'
[1.614s] Level 1:colcon.colcon_core.package_identification:_identify(src) by extensions ['colcon_pkg']
[1.614s] Level 1:colcon.colcon_core.package_identification:_identify(src) by extension 'colcon_pkg'
[1.614s] Level 1:colcon.colcon_core.package_identification:_identify(src) by extensions ['colcon_meta']
[1.614s] Level 1:colcon.colcon_core.package_identification:_identify(src) by extension 'colcon_meta'
[1.614s] Level 1:colcon.colcon_core.package_identification:_identify(src) by extensions ['ros']
[1.614s] Level 1:colcon.colcon_core.package_identification:_identify(src) by extension 'ros'
[1.614s] Level 1:colcon.colcon_core.package_identification:_identify(src) by extensions ['cmake', 'python']
[1.614s] Level 1:colcon.colcon_core.package_identification:_identify(src) by extension 'cmake'
[1.614s] Level 1:colcon.colcon_core.package_identification:_identify(src) by extension 'python'
[1.614s] Level 1:colcon.colcon_core.package_identification:_identify(src) by extensions ['python_setup_py']
[1.614s] Level 1:colcon.colcon_core.package_identification:_identify(src) by extension 'python_setup_py'
[1.614s] Level 1:colcon.colcon_core.package_identification:_identify(src/detection_interfaces) by extensions ['ignore', 'ignore_ament_install']
[1.615s] Level 1:colcon.colcon_core.package_identification:_identify(src/detection_interfaces) by extension 'ignore'
[1.615s] Level 1:colcon.colcon_core.package_identification:_identify(src/detection_interfaces) by extension 'ignore_ament_install'
[1.615s] Level 1:colcon.colcon_core.package_identification:_identify(src/detection_interfaces) by extensions ['colcon_pkg']
[1.615s] Level 1:colcon.colcon_core.package_identification:_identify(src/detection_interfaces) by extension 'colcon_pkg'
[1.615s] Level 1:colcon.colcon_core.package_identification:_identify(src/detection_interfaces) by extensions ['colcon_meta']
[1.615s] Level 1:colcon.colcon_core.package_identification:_identify(src/detection_interfaces) by extension 'colcon_meta'
[1.615s] Level 1:colcon.colcon_core.package_identification:_identify(src/detection_interfaces) by extensions ['ros']
[1.615s] Level 1:colcon.colcon_core.package_identification:_identify(src/detection_interfaces) by extension 'ros'
[1.618s] DEBUG:colcon.colcon_core.package_identification:Package 'src/detection_interfaces' with type 'ros.ament_cmake' and name 'detection_interfaces'
[1.618s] Level 1:colcon.colcon_core.package_identification:_identify(src/limo_pothole_detection_navigation_bringup) by extensions ['ignore', 'ignore_ament_install']
[1.618s] Level 1:colcon.colcon_core.package_identification:_identify(src/limo_pothole_detection_navigation_bringup) by extension 'ignore'
[1.619s] Level 1:colcon.colcon_core.package_identification:_identify(src/limo_pothole_detection_navigation_bringup) by extension 'ignore_ament_install'
[1.619s] Level 1:colcon.colcon_core.package_identification:_identify(src/limo_pothole_detection_navigation_bringup) by extensions ['colcon_pkg']
[1.619s] Level 1:colcon.colcon_core.package_identification:_identify(src/limo_pothole_detection_navigation_bringup) by extension 'colcon_pkg'
[1.619s] Level 1:colcon.colcon_core.package_identification:_identify(src/limo_pothole_detection_navigation_bringup) by extensions ['colcon_meta']
[1.619s] Level 1:colcon.colcon_core.package_identification:_identify(src/limo_pothole_detection_navigation_bringup) by extension 'colcon_meta'
[1.619s] Level 1:colcon.colcon_core.package_identification:_identify(src/limo_pothole_detection_navigation_bringup) by extensions ['ros']
[1.619s] Level 1:colcon.colcon_core.package_identification:_identify(src/limo_pothole_detection_navigation_bringup) by extension 'ros'
[1.619s] DEBUG:colcon.colcon_core.package_identification:Package 'src/limo_pothole_detection_navigation_bringup' with type 'ros.ament_cmake' and name 'limo_pothole_detection_navigation_bringup'
[1.620s] Level 1:colcon.colcon_core.package_identification:_identify(src/map) by extensions ['ignore', 'ignore_ament_install']
[1.620s] Level 1:colcon.colcon_core.package_identification:_identify(src/map) by extension 'ignore'
[1.620s] Level 1:colcon.colcon_core.package_identification:_identify(src/map) by extension 'ignore_ament_install'
[1.620s] Level 1:colcon.colcon_core.package_identification:_identify(src/map) by extensions ['colcon_pkg']
[1.620s] Level 1:colcon.colcon_core.package_identification:_identify(src/map) by extension 'colcon_pkg'
[1.620s] Level 1:colcon.colcon_core.package_identification:_identify(src/map) by extensions ['colcon_meta']
[1.620s] Level 1:colcon.colcon_core.package_identification:_identify(src/map) by extension 'colcon_meta'
[1.620s] Level 1:colcon.colcon_core.package_identification:_identify(src/map) by extensions ['ros']
[1.620s] Level 1:colcon.colcon_core.package_identification:_identify(src/map) by extension 'ros'
[1.620s] Level 1:colcon.colcon_core.package_identification:_identify(src/map) by extensions ['cmake', 'python']
[1.620s] Level 1:colcon.colcon_core.package_identification:_identify(src/map) by extension 'cmake'
[1.620s] Level 1:colcon.colcon_core.package_identification:_identify(src/map) by extension 'python'
[1.620s] Level 1:colcon.colcon_core.package_identification:_identify(src/map) by extensions ['python_setup_py']
[1.620s] Level 1:colcon.colcon_core.package_identification:_identify(src/map) by extension 'python_setup_py'
[1.621s] Level 1:colcon.colcon_core.package_identification:_identify(src/navigation) by extensions ['ignore', 'ignore_ament_install']
[1.621s] Level 1:colcon.colcon_core.package_identification:_identify(src/navigation) by extension 'ignore'
[1.621s] Level 1:colcon.colcon_core.package_identification:_identify(src/navigation) by extension 'ignore_ament_install'
[1.621s] Level 1:colcon.colcon_core.package_identification:_identify(src/navigation) by extensions ['colcon_pkg']
[1.621s] Level 1:colcon.colcon_core.package_identification:_identify(src/navigation) by extension 'colcon_pkg'
[1.621s] Level 1:colcon.colcon_core.package_identification:_identify(src/navigation) by extensions ['colcon_meta']
[1.621s] Level 1:colcon.colcon_core.package_identification:_identify(src/navigation) by extension 'colcon_meta'
[1.621s] Level 1:colcon.colcon_core.package_identification:_identify(src/navigation) by extensions ['ros']
[1.621s] Level 1:colcon.colcon_core.package_identification:_identify(src/navigation) by extension 'ros'
[1.622s] DEBUG:colcon.colcon_core.package_identification:Package 'src/navigation' with type 'ros.ament_python' and name 'navigation'
[1.622s] Level 1:colcon.colcon_core.package_identification:_identify(src/pothole_detection) by extensions ['ignore', 'ignore_ament_install']
[1.622s] Level 1:colcon.colcon_core.package_identification:_identify(src/pothole_detection) by extension 'ignore'
[1.622s] Level 1:colcon.colcon_core.package_identification:_identify(src/pothole_detection) by extension 'ignore_ament_install'
[1.622s] Level 1:colcon.colcon_core.package_identification:_identify(src/pothole_detection) by extensions ['colcon_pkg']
[1.622s] Level 1:colcon.colcon_core.package_identification:_identify(src/pothole_detection) by extension 'colcon_pkg'
[1.622s] Level 1:colcon.colcon_core.package_identification:_identify(src/pothole_detection) by extensions ['colcon_meta']
[1.622s] Level 1:colcon.colcon_core.package_identification:_identify(src/pothole_detection) by extension 'colcon_meta'
[1.622s] Level 1:colcon.colcon_core.package_identification:_identify(src/pothole_detection) by extensions ['ros']
[1.623s] Level 1:colcon.colcon_core.package_identification:_identify(src/pothole_detection) by extension 'ros'
[1.623s] DEBUG:colcon.colcon_core.package_identification:Package 'src/pothole_detection' with type 'ros.ament_python' and name 'pothole_detection'
[1.623s] Level 1:colcon.colcon_core.package_discovery:discover_packages(recursive) using defaults
[1.624s] Level 1:colcon.colcon_core.package_discovery:discover_packages(ignore) discover
[1.624s] Level 1:colcon.colcon_core.package_discovery:discover_packages(ignore) using defaults
[1.624s] Level 1:colcon.colcon_core.package_discovery:discover_packages(path) discover
[1.624s] Level 1:colcon.colcon_core.package_discovery:discover_packages(path) using defaults
[1.739s] Level 5:colcon.colcon_core.verb:set package 'detection_interfaces' build argument 'cmake_args' from command line to 'None'
[1.739s] Level 5:colcon.colcon_core.verb:set package 'detection_interfaces' build argument 'cmake_target' from command line to 'None'
[1.739s] Level 5:colcon.colcon_core.verb:set package 'detection_interfaces' build argument 'cmake_target_skip_unavailable' from command line to 'False'
[1.740s] Level 5:colcon.colcon_core.verb:set package 'detection_interfaces' build argument 'cmake_clean_cache' from command line to 'False'
[1.740s] Level 5:colcon.colcon_core.verb:set package 'detection_interfaces' build argument 'cmake_clean_first' from command line to 'False'
[1.740s] Level 5:colcon.colcon_core.verb:set package 'detection_interfaces' build argument 'cmake_force_configure' from command line to 'False'
[1.740s] Level 5:colcon.colcon_core.verb:set package 'detection_interfaces' build argument 'ament_cmake_args' from command line to 'None'
[1.740s] Level 5:colcon.colcon_core.verb:set package 'detection_interfaces' build argument 'catkin_cmake_args' from command line to 'None'
[1.740s] Level 5:colcon.colcon_core.verb:set package 'detection_interfaces' build argument 'catkin_skip_building_tests' from command line to 'False'
[1.740s] DEBUG:colcon.colcon_core.verb:Building package 'detection_interfaces' with the following arguments: {'ament_cmake_args': None, 'build_base': '/home/soumo/robot_programming/build/detection_interfaces', 'catkin_cmake_args': None, 'catkin_skip_building_tests': False, 'cmake_args': None, 'cmake_clean_cache': False, 'cmake_clean_first': False, 'cmake_force_configure': False, 'cmake_target': None, 'cmake_target_skip_unavailable': False, 'install_base': '/home/soumo/robot_programming/install/detection_interfaces', 'merge_install': False, 'path': '/home/soumo/robot_programming/src/detection_interfaces', 'symlink_install': True, 'test_result_base': None}
[1.771s] Level 5:colcon.colcon_core.verb:set package 'limo_pothole_detection_navigation_bringup' build argument 'cmake_args' from command line to 'None'
[1.771s] Level 5:colcon.colcon_core.verb:set package 'limo_pothole_detection_navigation_bringup' build argument 'cmake_target' from command line to 'None'
[1.771s] Level 5:colcon.colcon_core.verb:set package 'limo_pothole_detection_navigation_bringup' build argument 'cmake_target_skip_unavailable' from command line to 'False'
[1.771s] Level 5:colcon.colcon_core.verb:set package 'limo_pothole_detection_navigation_bringup' build argument 'cmake_clean_cache' from command line to 'False'
[1.771s] Level 5:colcon.colcon_core.verb:set package 'limo_pothole_detection_navigation_bringup' build argument 'cmake_clean_first' from command line to 'False'
[1.771s] Level 5:colcon.colcon_core.verb:set package 'limo_pothole_detection_navigation_bringup' build argument 'cmake_force_configure' from command line to 'False'
[1.771s] Level 5:colcon.colcon_core.verb:set package 'limo_pothole_detection_navigation_bringup' build argument 'ament_cmake_args' from command line to 'None'
[1.771s] Level 5:colcon.colcon_core.verb:set package 'limo_pothole_detection_navigation_bringup' build argument 'catkin_cmake_args' from command line to 'None'
[1.771s] Level 5:colcon.colcon_core.verb:set package 'limo_pothole_detection_navigation_bringup' build argument 'catkin_skip_building_tests' from command line to 'False'
[1.771s] DEBUG:colcon.colcon_core.verb:Building package 'limo_pothole_detection_navigation_bringup' with the following arguments: {'ament_cmake_args': None, 'build_base': '/home/soumo/robot_programming/build/limo_pothole_detection_navigation_bringup', 'catkin_cmake_args': None, 'catkin_skip_building_tests': False, 'cmake_args': None, 'cmake_clean_cache': False, 'cmake_clean_first': False, 'cmake_force_configure': False, 'cmake_target': None, 'cmake_target_skip_unavailable': False, 'install_base': '/home/soumo/robot_programming/install/limo_pothole_detection_navigation_bringup', 'merge_install': False, 'path': '/home/soumo/robot_programming/src/limo_pothole_detection_navigation_bringup', 'symlink_install': True, 'test_result_base': None}
[1.798s] Level 5:colcon.colcon_core.verb:set package 'navigation' build argument 'cmake_args' from command line to 'None'
[1.798s] Level 5:colcon.colcon_core.verb:set package 'navigation' build argument 'cmake_target' from command line to 'None'
[1.798s] Level 5:colcon.colcon_core.verb:set package 'navigation' build argument 'cmake_target_skip_unavailable' from command line to 'False'
[1.798s] Level 5:colcon.colcon_core.verb:set package 'navigation' build argument 'cmake_clean_cache' from command line to 'False'
[1.798s] Level 5:colcon.colcon_core.verb:set package 'navigation' build argument 'cmake_clean_first' from command line to 'False'
[1.798s] Level 5:colcon.colcon_core.verb:set package 'navigation' build argument 'cmake_force_configure' from command line to 'False'
[1.798s] Level 5:colcon.colcon_core.verb:set package 'navigation' build argument 'ament_cmake_args' from command line to 'None'
[1.798s] Level 5:colcon.colcon_core.verb:set package 'navigation' build argument 'catkin_cmake_args' from command line to 'None'
[1.798s] Level 5:colcon.colcon_core.verb:set package 'navigation' build argument 'catkin_skip_building_tests' from command line to 'False'
[1.799s] DEBUG:colcon.colcon_core.verb:Building package 'navigation' with the following arguments: {'ament_cmake_args': None, 'build_base': '/home/soumo/robot_programming/build/navigation', 'catkin_cmake_args': None, 'catkin_skip_building_tests': False, 'cmake_args': None, 'cmake_clean_cache': False, 'cmake_clean_first': False, 'cmake_force_configure': False, 'cmake_target': None, 'cmake_target_skip_unavailable': False, 'install_base': '/home/soumo/robot_programming/install/navigation', 'merge_install': False, 'path': '/home/soumo/robot_programming/src/navigation', 'symlink_install': True, 'test_result_base': None}
[1.821s] Level 5:colcon.colcon_core.verb:set package 'pothole_detection' build argument 'cmake_args' from command line to 'None'
[1.821s] Level 5:colcon.colcon_core.verb:set package 'pothole_detection' build argument 'cmake_target' from command line to 'None'
[1.821s] Level 5:colcon.colcon_core.verb:set package 'pothole_detection' build argument 'cmake_target_skip_unavailable' from command line to 'False'
[1.821s] Level 5:colcon.colcon_core.verb:set package 'pothole_detection' build argument 'cmake_clean_cache' from command line to 'False'
[1.821s] Level 5:colcon.colcon_core.verb:set package 'pothole_detection' build argument 'cmake_clean_first' from command line to 'False'
[1.821s] Level 5:colcon.colcon_core.verb:set package 'pothole_detection' build argument 'cmake_force_configure' from command line to 'False'
[1.821s] Level 5:colcon.colcon_core.verb:set package 'pothole_detection' build argument 'ament_cmake_args' from command line to 'None'
[1.821s] Level 5:colcon.colcon_core.verb:set package 'pothole_detection' build argument 'catkin_cmake_args' from command line to 'None'
[1.821s] Level 5:colcon.colcon_core.verb:set package 'pothole_detection' build argument 'catkin_skip_building_tests' from command line to 'False'
[1.821s] DEBUG:colcon.colcon_core.verb:Building package 'pothole_detection' with the following arguments: {'ament_cmake_args': None, 'build_base': '/home/soumo/robot_programming/build/pothole_detection', 'catkin_cmake_args': None, 'catkin_skip_building_tests': False, 'cmake_args': None, 'cmake_clean_cache': False, 'cmake_clean_first': False, 'cmake_force_configure': False, 'cmake_target': None, 'cmake_target_skip_unavailable': False, 'install_base': '/home/soumo/robot_programming/install/pothole_detection', 'merge_install': False, 'path': '/home/soumo/robot_programming/src/pothole_detection', 'symlink_install': True, 'test_result_base': None}
[1.843s] INFO:colcon.colcon_core.executor:Executing jobs using 'parallel' executor
[1.865s] DEBUG:colcon.colcon_parallel_executor.executor.parallel:run_until_complete
[1.865s] INFO:colcon.colcon_ros.task.ament_cmake.build:Building ROS package in '/home/soumo/robot_programming/src/detection_interfaces' with build type 'ament_cmake'
[1.865s] INFO:colcon.colcon_cmake.task.cmake.build:Building CMake package in '/home/soumo/robot_programming/src/detection_interfaces'
[1.925s] INFO:colcon.colcon_core.plugin_system:Skipping extension 'colcon_core.shell.bat': Not used on non-Windows systems
[1.925s] INFO:colcon.colcon_core.shell:Skip shell extension 'powershell' for command environment: Not usable outside of PowerShell
[1.926s] DEBUG:colcon.colcon_core.shell:Skip shell extension 'dsv' for command environment
[2.060s] INFO:colcon.colcon_ros.task.ament_cmake.build:Building ROS package in '/home/soumo/robot_programming/src/limo_pothole_detection_navigation_bringup' with build type 'ament_cmake'
[2.060s] INFO:colcon.colcon_cmake.task.cmake.build:Building CMake package in '/home/soumo/robot_programming/src/limo_pothole_detection_navigation_bringup'
[2.097s] INFO:colcon.colcon_core.shell:Skip shell extension 'powershell' for command environment: Not usable outside of PowerShell
[2.097s] DEBUG:colcon.colcon_core.shell:Skip shell extension 'dsv' for command environment
[2.256s] INFO:colcon.colcon_ros.task.ament_python.build:Building ROS package in '/home/soumo/robot_programming/src/navigation' with build type 'ament_python'
[2.256s] Level 1:colcon.colcon_core.shell:create_environment_hook('navigation', 'ament_prefix_path')
[2.298s] INFO:colcon.colcon_core.shell:Creating environment hook '/home/soumo/robot_programming/install/navigation/share/navigation/hook/ament_prefix_path.ps1'
[2.300s] INFO:colcon.colcon_core.shell:Creating environment descriptor '/home/soumo/robot_programming/install/navigation/share/navigation/hook/ament_prefix_path.dsv'
[2.301s] INFO:colcon.colcon_core.shell:Creating environment hook '/home/soumo/robot_programming/install/navigation/share/navigation/hook/ament_prefix_path.sh'
[2.334s] INFO:colcon.colcon_core.shell:Skip shell extension 'powershell' for command environment: Not usable outside of PowerShell
[2.334s] DEBUG:colcon.colcon_core.shell:Skip shell extension 'dsv' for command environment
[2.476s] INFO:colcon.colcon_ros.task.ament_python.build:Building ROS package in '/home/soumo/robot_programming/src/pothole_detection' with build type 'ament_python'
[2.476s] Level 1:colcon.colcon_core.shell:create_environment_hook('pothole_detection', 'ament_prefix_path')
[2.507s] INFO:colcon.colcon_core.shell:Creating environment hook '/home/soumo/robot_programming/install/pothole_detection/share/pothole_detection/hook/ament_prefix_path.ps1'
[2.508s] INFO:colcon.colcon_core.shell:Creating environment descriptor '/home/soumo/robot_programming/install/pothole_detection/share/pothole_detection/hook/ament_prefix_path.dsv'
[2.508s] INFO:colcon.colcon_core.shell:Creating environment hook '/home/soumo/robot_programming/install/pothole_detection/share/pothole_detection/hook/ament_prefix_path.sh'
[2.537s] INFO:colcon.colcon_core.shell:Skip shell extension 'powershell' for command environment: Not usable outside of PowerShell
[2.537s] DEBUG:colcon.colcon_core.shell:Skip shell extension 'dsv' for command environment
[2.684s] DEBUG:colcon.colcon_core.event_handler.log_command:Invoking command in '/home/soumo/robot_programming/build/detection_interfaces': CMAKE_PREFIX_PATH=${CMAKE_PREFIX_PATH}:/home/soumo/robot_programming/install/pothole_detection:/home/soumo/robot_programming/install/navigation:/home/soumo/ros2_ws/install/pothole_detection:/home/soumo/ros2_ws/install/navigation:/opt/ros/humble /usr/bin/cmake --build /home/soumo/robot_programming/build/detection_interfaces -- -j8 -l8
[2.693s] DEBUG:colcon.colcon_core.event_handler.log_command:Invoking command in '/home/soumo/robot_programming/build/limo_pothole_detection_navigation_bringup': CMAKE_PREFIX_PATH=${CMAKE_PREFIX_PATH}:/home/soumo/robot_programming/install/pothole_detection:/home/soumo/robot_programming/install/navigation:/home/soumo/ros2_ws/install/pothole_detection:/home/soumo/ros2_ws/install/navigation:/opt/ros/humble /usr/bin/cmake --build /home/soumo/robot_programming/build/limo_pothole_detection_navigation_bringup -- -j8 -l8
[3.269s] INFO:colcon.colcon_core.task.python.build:Building Python package in '/home/soumo/robot_programming/src/navigation'
[3.307s] INFO:colcon.colcon_core.shell:Skip shell extension 'powershell' for command environment: Not usable outside of PowerShell
[3.307s] DEBUG:colcon.colcon_core.shell:Skip shell extension 'dsv' for command environment
[3.450s] DEBUG:colcon.colcon_core.event_handler.log_command:Invoked command in '/home/soumo/robot_programming/build/limo_pothole_detection_navigation_bringup' returned '0': CMAKE_PREFIX_PATH=${CMAKE_PREFIX_PATH}:/home/soumo/robot_programming/install/pothole_detection:/home/soumo/robot_programming/install/navigation:/home/soumo/ros2_ws/install/pothole_detection:/home/soumo/ros2_ws/install/navigation:/opt/ros/humble /usr/bin/cmake --build /home/soumo/robot_programming/build/limo_pothole_detection_navigation_bringup -- -j8 -l8
[3.968s] INFO:colcon.colcon_core.task.python.build:Building Python package in '/home/soumo/robot_programming/src/pothole_detection'
[4.009s] INFO:colcon.colcon_core.shell:Skip shell extension 'powershell' for command environment: Not usable outside of PowerShell
[4.009s] DEBUG:colcon.colcon_core.shell:Skip shell extension 'dsv' for command environment
[4.159s] DEBUG:colcon.colcon_core.event_handler.log_command:Invoked command in '/home/soumo/robot_programming/build/detection_interfaces' returned '0': CMAKE_PREFIX_PATH=${CMAKE_PREFIX_PATH}:/home/soumo/robot_programming/install/pothole_detection:/home/soumo/robot_programming/install/navigation:/home/soumo/ros2_ws/install/pothole_detection:/home/soumo/ros2_ws/install/navigation:/opt/ros/humble /usr/bin/cmake --build /home/soumo/robot_programming/build/detection_interfaces -- -j8 -l8
[4.198s] DEBUG:colcon.colcon_core.event_handler.log_command:Invoking command in '/home/soumo/robot_programming/build/limo_pothole_detection_navigation_bringup': CMAKE_PREFIX_PATH=${CMAKE_PREFIX_PATH}:/home/soumo/robot_programming/install/pothole_detection:/home/soumo/robot_programming/install/navigation:/home/soumo/ros2_ws/install/pothole_detection:/home/soumo/ros2_ws/install/navigation:/opt/ros/humble /usr/bin/cmake --install /home/soumo/robot_programming/build/limo_pothole_detection_navigation_bringup
[4.260s] Level 1:colcon.colcon_core.environment:create_environment_scripts_only(limo_pothole_detection_navigation_bringup)
[4.275s] DEBUG:colcon.colcon_core.event_handler.log_command:Invoked command in '/home/soumo/robot_programming/build/limo_pothole_detection_navigation_bringup' returned '0': CMAKE_PREFIX_PATH=${CMAKE_PREFIX_PATH}:/home/soumo/robot_programming/install/pothole_detection:/home/soumo/robot_programming/install/navigation:/home/soumo/ros2_ws/install/pothole_detection:/home/soumo/ros2_ws/install/navigation:/opt/ros/humble /usr/bin/cmake --install /home/soumo/robot_programming/build/limo_pothole_detection_navigation_bringup
[4.319s] Level 1:colcon.colcon_core.environment:checking '/home/soumo/robot_programming/install/limo_pothole_detection_navigation_bringup' for CMake module files
[4.320s] Level 1:colcon.colcon_core.environment:checking '/home/soumo/robot_programming/install/limo_pothole_detection_navigation_bringup' for CMake config files
[4.321s] Level 1:colcon.colcon_core.shell:create_environment_hook('limo_pothole_detection_navigation_bringup', 'cmake_prefix_path')
[4.360s] INFO:colcon.colcon_core.shell:Creating environment hook '/home/soumo/robot_programming/install/limo_pothole_detection_navigation_bringup/share/limo_pothole_detection_navigation_bringup/hook/cmake_prefix_path.ps1'
[4.360s] INFO:colcon.colcon_core.shell:Creating environment descriptor '/home/soumo/robot_programming/install/limo_pothole_detection_navigation_bringup/share/limo_pothole_detection_navigation_bringup/hook/cmake_prefix_path.dsv'
[4.361s] INFO:colcon.colcon_core.shell:Creating environment hook '/home/soumo/robot_programming/install/limo_pothole_detection_navigation_bringup/share/limo_pothole_detection_navigation_bringup/hook/cmake_prefix_path.sh'
[4.362s] Level 1:colcon.colcon_core.environment:checking '/home/soumo/robot_programming/install/limo_pothole_detection_navigation_bringup/bin'
[4.362s] Level 1:colcon.colcon_core.environment:checking '/home/soumo/robot_programming/install/limo_pothole_detection_navigation_bringup/lib/pkgconfig/limo_pothole_detection_navigation_bringup.pc'
[4.363s] Level 1:colcon.colcon_core.environment:checking '/home/soumo/robot_programming/install/limo_pothole_detection_navigation_bringup/lib/python3.10/site-packages'
[4.363s] Level 1:colcon.colcon_core.environment:checking '/home/soumo/robot_programming/install/limo_pothole_detection_navigation_bringup/bin'
[4.399s] INFO:colcon.colcon_core.shell:Creating package script '/home/soumo/robot_programming/install/limo_pothole_detection_navigation_bringup/share/limo_pothole_detection_navigation_bringup/package.ps1'
[4.402s] INFO:colcon.colcon_core.shell:Creating package descriptor '/home/soumo/robot_programming/install/limo_pothole_detection_navigation_bringup/share/limo_pothole_detection_navigation_bringup/package.dsv'
[4.403s] INFO:colcon.colcon_core.shell:Creating package script '/home/soumo/robot_programming/install/limo_pothole_detection_navigation_bringup/share/limo_pothole_detection_navigation_bringup/package.sh'
[4.406s] INFO:colcon.colcon_core.shell:Creating package script '/home/soumo/robot_programming/install/limo_pothole_detection_navigation_bringup/share/limo_pothole_detection_navigation_bringup/package.bash'
[4.408s] INFO:colcon.colcon_core.shell:Creating package script '/home/soumo/robot_programming/install/limo_pothole_detection_navigation_bringup/share/limo_pothole_detection_navigation_bringup/package.zsh'
[4.409s] Level 1:colcon.colcon_core.environment:create_file_with_runtime_dependencies(/home/soumo/robot_programming/install/limo_pothole_detection_navigation_bringup/share/colcon-core/packages/limo_pothole_detection_navigation_bringup)
[4.510s] Level 1:colcon.colcon_core.environment:create_environment_scripts_only(limo_pothole_detection_navigation_bringup)
[4.546s] Level 1:colcon.colcon_core.environment:checking '/home/soumo/robot_programming/install/limo_pothole_detection_navigation_bringup' for CMake module files
[4.547s] Level 1:colcon.colcon_core.environment:checking '/home/soumo/robot_programming/install/limo_pothole_detection_navigation_bringup' for CMake config files
[4.547s] Level 1:colcon.colcon_core.shell:create_environment_hook('limo_pothole_detection_navigation_bringup', 'cmake_prefix_path')
[4.577s] INFO:colcon.colcon_core.shell:Creating environment hook '/home/soumo/robot_programming/install/limo_pothole_detection_navigation_bringup/share/limo_pothole_detection_navigation_bringup/hook/cmake_prefix_path.ps1'
[4.578s] INFO:colcon.colcon_core.shell:Creating environment descriptor '/home/soumo/robot_programming/install/limo_pothole_detection_navigation_bringup/share/limo_pothole_detection_navigation_bringup/hook/cmake_prefix_path.dsv'
[4.579s] INFO:colcon.colcon_core.shell:Creating environment hook '/home/soumo/robot_programming/install/limo_pothole_detection_navigation_bringup/share/limo_pothole_detection_navigation_bringup/hook/cmake_prefix_path.sh'
[4.580s] Level 1:colcon.colcon_core.environment:checking '/home/soumo/robot_programming/install/limo_pothole_detection_navigation_bringup/bin'
[4.580s] Level 1:colcon.colcon_core.environment:checking '/home/soumo/robot_programming/install/limo_pothole_detection_navigation_bringup/lib/pkgconfig/limo_pothole_detection_navigation_bringup.pc'
[4.581s] Level 1:colcon.colcon_core.environment:checking '/home/soumo/robot_programming/install/limo_pothole_detection_navigation_bringup/lib/python3.10/site-packages'
[4.581s] Level 1:colcon.colcon_core.environment:checking '/home/soumo/robot_programming/install/limo_pothole_detection_navigation_bringup/bin'
[4.613s] INFO:colcon.colcon_core.shell:Creating package script '/home/soumo/robot_programming/install/limo_pothole_detection_navigation_bringup/share/limo_pothole_detection_navigation_bringup/package.ps1'
[4.615s] INFO:colcon.colcon_core.shell:Creating package descriptor '/home/soumo/robot_programming/install/limo_pothole_detection_navigation_bringup/share/limo_pothole_detection_navigation_bringup/package.dsv'
[4.616s] INFO:colcon.colcon_core.shell:Creating package script '/home/soumo/robot_programming/install/limo_pothole_detection_navigation_bringup/share/limo_pothole_detection_navigation_bringup/package.sh'
[4.618s] INFO:colcon.colcon_core.shell:Creating package script '/home/soumo/robot_programming/install/limo_pothole_detection_navigation_bringup/share/limo_pothole_detection_navigation_bringup/package.bash'
[4.619s] INFO:colcon.colcon_core.shell:Creating package script '/home/soumo/robot_programming/install/limo_pothole_detection_navigation_bringup/share/limo_pothole_detection_navigation_bringup/package.zsh'
[4.620s] Level 1:colcon.colcon_core.environment:create_file_with_runtime_dependencies(/home/soumo/robot_programming/install/limo_pothole_detection_navigation_bringup/share/colcon-core/packages/limo_pothole_detection_navigation_bringup)
[4.626s] DEBUG:colcon.colcon_core.event_handler.log_command:Invoking command in '/home/soumo/robot_programming/build/detection_interfaces': CMAKE_PREFIX_PATH=${CMAKE_PREFIX_PATH}:/home/soumo/robot_programming/install/pothole_detection:/home/soumo/robot_programming/install/navigation:/home/soumo/ros2_ws/install/pothole_detection:/home/soumo/ros2_ws/install/navigation:/opt/ros/humble /usr/bin/cmake --install /home/soumo/robot_programming/build/detection_interfaces
[4.847s] Level 1:colcon.colcon_core.environment:create_environment_scripts_only(detection_interfaces)
[4.855s] DEBUG:colcon.colcon_core.event_handler.log_command:Invoked command in '/home/soumo/robot_programming/build/detection_interfaces' returned '0': CMAKE_PREFIX_PATH=${CMAKE_PREFIX_PATH}:/home/soumo/robot_programming/install/pothole_detection:/home/soumo/robot_programming/install/navigation:/home/soumo/ros2_ws/install/pothole_detection:/home/soumo/ros2_ws/install/navigation:/opt/ros/humble /usr/bin/cmake --install /home/soumo/robot_programming/build/detection_interfaces
[4.887s] Level 1:colcon.colcon_core.environment:checking '/home/soumo/robot_programming/install/detection_interfaces' for CMake module files
[4.889s] Level 1:colcon.colcon_core.environment:checking '/home/soumo/robot_programming/install/detection_interfaces' for CMake config files
[4.891s] Level 1:colcon.colcon_core.shell:create_environment_hook('detection_interfaces', 'cmake_prefix_path')
[4.927s] INFO:colcon.colcon_core.shell:Creating environment hook '/home/soumo/robot_programming/install/detection_interfaces/share/detection_interfaces/hook/cmake_prefix_path.ps1'
[4.929s] INFO:colcon.colcon_core.shell:Creating environment descriptor '/home/soumo/robot_programming/install/detection_interfaces/share/detection_interfaces/hook/cmake_prefix_path.dsv'
[4.929s] INFO:colcon.colcon_core.shell:Creating environment hook '/home/soumo/robot_programming/install/detection_interfaces/share/detection_interfaces/hook/cmake_prefix_path.sh'
[4.931s] Level 1:colcon.colcon_core.environment:checking '/home/soumo/robot_programming/install/detection_interfaces/lib'
[4.931s] Level 1:colcon.colcon_core.shell:create_environment_hook('detection_interfaces', 'ld_library_path_lib')
[4.973s] INFO:colcon.colcon_core.shell:Creating environment hook '/home/soumo/robot_programming/install/detection_interfaces/share/detection_interfaces/hook/ld_library_path_lib.ps1'
[4.974s] INFO:colcon.colcon_core.shell:Creating environment descriptor '/home/soumo/robot_programming/install/detection_interfaces/share/detection_interfaces/hook/ld_library_path_lib.dsv'
[4.975s] INFO:colcon.colcon_core.shell:Creating environment hook '/home/soumo/robot_programming/install/detection_interfaces/share/detection_interfaces/hook/ld_library_path_lib.sh'
[4.976s] Level 1:colcon.colcon_core.environment:checking '/home/soumo/robot_programming/install/detection_interfaces/bin'
[4.976s] Level 1:colcon.colcon_core.environment:checking '/home/soumo/robot_programming/install/detection_interfaces/lib/pkgconfig/detection_interfaces.pc'
[4.977s] Level 1:colcon.colcon_core.environment:checking '/home/soumo/robot_programming/install/detection_interfaces/lib/python3.10/site-packages'
[4.977s] Level 1:colcon.colcon_core.environment:checking '/home/soumo/robot_programming/install/detection_interfaces/bin'
[5.020s] INFO:colcon.colcon_core.shell:Creating package script '/home/soumo/robot_programming/install/detection_interfaces/share/detection_interfaces/package.ps1'
[5.021s] INFO:colcon.colcon_core.shell:Creating package descriptor '/home/soumo/robot_programming/install/detection_interfaces/share/detection_interfaces/package.dsv'
[5.022s] INFO:colcon.colcon_core.shell:Creating package script '/home/soumo/robot_programming/install/detection_interfaces/share/detection_interfaces/package.sh'
[5.023s] INFO:colcon.colcon_core.shell:Creating package script '/home/soumo/robot_programming/install/detection_interfaces/share/detection_interfaces/package.bash'
[5.024s] INFO:colcon.colcon_core.shell:Creating package script '/home/soumo/robot_programming/install/detection_interfaces/share/detection_interfaces/package.zsh'
[5.025s] Level 1:colcon.colcon_core.environment:create_file_with_runtime_dependencies(/home/soumo/robot_programming/install/detection_interfaces/share/colcon-core/packages/detection_interfaces)
[5.168s] DEBUG:colcon.colcon_core.event_handler.log_command:Invoking command in '/home/soumo/robot_programming/build/navigation': PYTHONPATH=/home/soumo/robot_programming/build/navigation/prefix_override:/home/soumo/robot_programming/install/navigation/lib/python3.10/site-packages:${PYTHONPATH} /usr/bin/python3 setup.py develop --editable --build-directory /home/soumo/robot_programming/build/navigation/build --no-deps install_data
[5.201s] DEBUG:colcon.colcon_core.event_handler.log_command:Invoking command in '/home/soumo/robot_programming/build/pothole_detection': PYTHONPATH=/home/soumo/robot_programming/build/pothole_detection/prefix_override:/home/soumo/robot_programming/install/pothole_detection/lib/python3.10/site-packages:${PYTHONPATH} /usr/bin/python3 setup.py develop --editable --build-directory /home/soumo/robot_programming/build/pothole_detection/build --no-deps install_data
[5.338s] Level 1:colcon.colcon_core.environment:create_environment_scripts_only(detection_interfaces)
[5.376s] Level 1:colcon.colcon_core.environment:checking '/home/soumo/robot_programming/install/detection_interfaces' for CMake module files
[5.378s] Level 1:colcon.colcon_core.environment:checking '/home/soumo/robot_programming/install/detection_interfaces' for CMake config files
[5.379s] Level 1:colcon.colcon_core.shell:create_environment_hook('detection_interfaces', 'cmake_prefix_path')
[5.423s] INFO:colcon.colcon_core.shell:Creating environment hook '/home/soumo/robot_programming/install/detection_interfaces/share/detection_interfaces/hook/cmake_prefix_path.ps1'
[5.424s] INFO:colcon.colcon_core.shell:Creating environment descriptor '/home/soumo/robot_programming/install/detection_interfaces/share/detection_interfaces/hook/cmake_prefix_path.dsv'
[5.425s] INFO:colcon.colcon_core.shell:Creating environment hook '/home/soumo/robot_programming/install/detection_interfaces/share/detection_interfaces/hook/cmake_prefix_path.sh'
[5.426s] Level 1:colcon.colcon_core.environment:checking '/home/soumo/robot_programming/install/detection_interfaces/lib'
[5.426s] Level 1:colcon.colcon_core.shell:create_environment_hook('detection_interfaces', 'ld_library_path_lib')
[5.467s] INFO:colcon.colcon_core.shell:Creating environment hook '/home/soumo/robot_programming/install/detection_interfaces/share/detection_interfaces/hook/ld_library_path_lib.ps1'
[5.468s] INFO:colcon.colcon_core.shell:Creating environment descriptor '/home/soumo/robot_programming/install/detection_interfaces/share/detection_interfaces/hook/ld_library_path_lib.dsv'
[5.469s] INFO:colcon.colcon_core.shell:Creating environment hook '/home/soumo/robot_programming/install/detection_interfaces/share/detection_interfaces/hook/ld_library_path_lib.sh'
[5.470s] Level 1:colcon.colcon_core.environment:checking '/home/soumo/robot_programming/install/detection_interfaces/bin'
[5.470s] Level 1:colcon.colcon_core.environment:checking '/home/soumo/robot_programming/install/detection_interfaces/lib/pkgconfig/detection_interfaces.pc'
[5.470s] Level 1:colcon.colcon_core.environment:checking '/home/soumo/robot_programming/install/detection_interfaces/lib/python3.10/site-packages'
[5.471s] Level 1:colcon.colcon_core.environment:checking '/home/soumo/robot_programming/install/detection_interfaces/bin'
[5.509s] INFO:colcon.colcon_core.shell:Creating package script '/home/soumo/robot_programming/install/detection_interfaces/share/detection_interfaces/package.ps1'
[5.510s] INFO:colcon.colcon_core.shell:Creating package descriptor '/home/soumo/robot_programming/install/detection_interfaces/share/detection_interfaces/package.dsv'
[5.512s] INFO:colcon.colcon_core.shell:Creating package script '/home/soumo/robot_programming/install/detection_interfaces/share/detection_interfaces/package.sh'
[5.513s] INFO:colcon.colcon_core.shell:Creating package script '/home/soumo/robot_programming/install/detection_interfaces/share/detection_interfaces/package.bash'
[5.514s] INFO:colcon.colcon_core.shell:Creating package script '/home/soumo/robot_programming/install/detection_interfaces/share/detection_interfaces/package.zsh'
[5.515s] Level 1:colcon.colcon_core.environment:create_file_with_runtime_dependencies(/home/soumo/robot_programming/install/detection_interfaces/share/colcon-core/packages/detection_interfaces)
[6.409s] Level 1:colcon.colcon_core.shell:create_environment_hook('pothole_detection', 'pythonpath_develop')
[6.410s] DEBUG:colcon.colcon_core.event_handler.log_command:Invoked command in '/home/soumo/robot_programming/build/pothole_detection' returned '0': PYTHONPATH=/home/soumo/robot_programming/build/pothole_detection/prefix_override:/home/soumo/robot_programming/install/pothole_detection/lib/python3.10/site-packages:${PYTHONPATH} /usr/bin/python3 setup.py develop --editable --build-directory /home/soumo/robot_programming/build/pothole_detection/build --no-deps install_data
[6.448s] INFO:colcon.colcon_core.shell:Creating environment hook '/home/soumo/robot_programming/build/pothole_detection/share/pothole_detection/hook/pythonpath_develop.ps1'
[6.448s] INFO:colcon.colcon_core.shell:Creating environment descriptor '/home/soumo/robot_programming/build/pothole_detection/share/pothole_detection/hook/pythonpath_develop.dsv'
[6.449s] INFO:colcon.colcon_core.shell:Creating environment hook '/home/soumo/robot_programming/build/pothole_detection/share/pothole_detection/hook/pythonpath_develop.sh'
[6.483s] Level 1:colcon.colcon_core.environment:checking '/home/soumo/robot_programming/install/pothole_detection' for CMake module files
[6.484s] Level 1:colcon.colcon_core.environment:checking '/home/soumo/robot_programming/install/pothole_detection' for CMake config files
[6.485s] Level 1:colcon.colcon_core.environment:checking '/home/soumo/robot_programming/install/pothole_detection/lib'
[6.485s] Level 1:colcon.colcon_core.environment:checking '/home/soumo/robot_programming/install/pothole_detection/bin'
[6.486s] Level 1:colcon.colcon_core.environment:checking '/home/soumo/robot_programming/install/pothole_detection/lib/pkgconfig/pothole_detection.pc'
[6.486s] Level 1:colcon.colcon_core.environment:checking '/home/soumo/robot_programming/install/pothole_detection/lib/python3.10/site-packages'
[6.486s] Level 1:colcon.colcon_core.shell:create_environment_hook('pothole_detection', 'pythonpath')
[6.511s] INFO:colcon.colcon_core.shell:Creating environment hook '/home/soumo/robot_programming/install/pothole_detection/share/pothole_detection/hook/pythonpath.ps1'
[6.512s] INFO:colcon.colcon_core.shell:Creating environment descriptor '/home/soumo/robot_programming/install/pothole_detection/share/pothole_detection/hook/pythonpath.dsv'
[6.513s] INFO:colcon.colcon_core.shell:Creating environment hook '/home/soumo/robot_programming/install/pothole_detection/share/pothole_detection/hook/pythonpath.sh'
[6.514s] Level 1:colcon.colcon_core.environment:checking '/home/soumo/robot_programming/install/pothole_detection/bin'
[6.514s] Level 1:colcon.colcon_core.environment:create_environment_scripts_only(pothole_detection)
[6.543s] INFO:colcon.colcon_core.shell:Creating package script '/home/soumo/robot_programming/install/pothole_detection/share/pothole_detection/package.ps1'
[6.544s] INFO:colcon.colcon_core.shell:Creating package descriptor '/home/soumo/robot_programming/install/pothole_detection/share/pothole_detection/package.dsv'
[6.545s] INFO:colcon.colcon_core.shell:Creating package script '/home/soumo/robot_programming/install/pothole_detection/share/pothole_detection/package.sh'
[6.546s] INFO:colcon.colcon_core.shell:Creating package script '/home/soumo/robot_programming/install/pothole_detection/share/pothole_detection/package.bash'
[6.547s] INFO:colcon.colcon_core.shell:Creating package script '/home/soumo/robot_programming/install/pothole_detection/share/pothole_detection/package.zsh'
[6.548s] Level 1:colcon.colcon_core.environment:create_file_with_runtime_dependencies(/home/soumo/robot_programming/install/pothole_detection/share/colcon-core/packages/pothole_detection)
[6.549s] Level 1:colcon.colcon_core.shell:create_environment_hook('navigation', 'pythonpath_develop')
[6.551s] DEBUG:colcon.colcon_core.event_handler.log_command:Invoked command in '/home/soumo/robot_programming/build/navigation' returned '0': PYTHONPATH=/home/soumo/robot_programming/build/navigation/prefix_override:/home/soumo/robot_programming/install/navigation/lib/python3.10/site-packages:${PYTHONPATH} /usr/bin/python3 setup.py develop --editable --build-directory /home/soumo/robot_programming/build/navigation/build --no-deps install_data
[6.582s] INFO:colcon.colcon_core.shell:Creating environment hook '/home/soumo/robot_programming/build/navigation/share/navigation/hook/pythonpath_develop.ps1'
[6.583s] INFO:colcon.colcon_core.shell:Creating environment descriptor '/home/soumo/robot_programming/build/navigation/share/navigation/hook/pythonpath_develop.dsv'
[6.584s] INFO:colcon.colcon_core.shell:Creating environment hook '/home/soumo/robot_programming/build/navigation/share/navigation/hook/pythonpath_develop.sh'
[6.618s] Level 1:colcon.colcon_core.environment:checking '/home/soumo/robot_programming/install/navigation' for CMake module files
[6.618s] Level 1:colcon.colcon_core.environment:checking '/home/soumo/robot_programming/install/navigation' for CMake config files
[6.619s] Level 1:colcon.colcon_core.environment:checking '/home/soumo/robot_programming/install/navigation/lib'
[6.620s] Level 1:colcon.colcon_core.environment:checking '/home/soumo/robot_programming/install/navigation/bin'
[6.620s] Level 1:colcon.colcon_core.environment:checking '/home/soumo/robot_programming/install/navigation/lib/pkgconfig/navigation.pc'
[6.620s] Level 1:colcon.colcon_core.environment:checking '/home/soumo/robot_programming/install/navigation/lib/python3.10/site-packages'
[6.621s] Level 1:colcon.colcon_core.shell:create_environment_hook('navigation', 'pythonpath')
[6.646s] INFO:colcon.colcon_core.shell:Creating environment hook '/home/soumo/robot_programming/install/navigation/share/navigation/hook/pythonpath.ps1'
[6.647s] INFO:colcon.colcon_core.shell:Creating environment descriptor '/home/soumo/robot_programming/install/navigation/share/navigation/hook/pythonpath.dsv'
[6.648s] INFO:colcon.colcon_core.shell:Creating environment hook '/home/soumo/robot_programming/install/navigation/share/navigation/hook/pythonpath.sh'
[6.649s] Level 1:colcon.colcon_core.environment:checking '/home/soumo/robot_programming/install/navigation/bin'
[6.649s] Level 1:colcon.colcon_core.environment:create_environment_scripts_only(navigation)
[6.674s] INFO:colcon.colcon_core.shell:Creating package script '/home/soumo/robot_programming/install/navigation/share/navigation/package.ps1'
[6.675s] INFO:colcon.colcon_core.shell:Creating package descriptor '/home/soumo/robot_programming/install/navigation/share/navigation/package.dsv'
[6.675s] INFO:colcon.colcon_core.shell:Creating package script '/home/soumo/robot_programming/install/navigation/share/navigation/package.sh'
[6.676s] INFO:colcon.colcon_core.shell:Creating package script '/home/soumo/robot_programming/install/navigation/share/navigation/package.bash'
[6.677s] INFO:colcon.colcon_core.shell:Creating package script '/home/soumo/robot_programming/install/navigation/share/navigation/package.zsh'
[6.677s] Level 1:colcon.colcon_core.environment:create_file_with_runtime_dependencies(/home/soumo/robot_programming/install/navigation/share/colcon-core/packages/navigation)
[6.678s] DEBUG:colcon.colcon_parallel_executor.executor.parallel:closing loop
[6.678s] DEBUG:colcon.colcon_parallel_executor.executor.parallel:loop closed
[6.678s] DEBUG:colcon.colcon_parallel_executor.executor.parallel:run_until_complete finished with '0'
[6.678s] DEBUG:colcon.colcon_core.event_reactor:joining thread
[6.724s] INFO:colcon.colcon_core.plugin_system:Skipping extension 'colcon_notification.desktop_notification.terminal_notifier': Not used on non-Darwin systems
[6.724s] INFO:colcon.colcon_core.plugin_system:Skipping extension 'colcon_notification.desktop_notification.win32': Not used on non-Windows systems
[6.724s] INFO:colcon.colcon_notification.desktop_notification:Sending desktop notification using 'notify2'
[6.745s] DEBUG:colcon.colcon_core.event_reactor:joined thread
[6.777s] INFO:colcon.colcon_core.shell:Creating prefix script '/home/soumo/robot_programming/install/local_setup.ps1'
[6.779s] INFO:colcon.colcon_core.shell:Creating prefix util module '/home/soumo/robot_programming/install/_local_setup_util_ps1.py'
[6.781s] INFO:colcon.colcon_core.shell:Creating prefix chain script '/home/soumo/robot_programming/install/setup.ps1'
[6.810s] INFO:colcon.colcon_core.shell:Creating prefix script '/home/soumo/robot_programming/install/local_setup.sh'
[6.811s] INFO:colcon.colcon_core.shell:Creating prefix util module '/home/soumo/robot_programming/install/_local_setup_util_sh.py'
[6.812s] INFO:colcon.colcon_core.shell:Creating prefix chain script '/home/soumo/robot_programming/install/setup.sh'
[6.842s] INFO:colcon.colcon_core.shell:Creating prefix script '/home/soumo/robot_programming/install/local_setup.bash'
[6.842s] INFO:colcon.colcon_core.shell:Creating prefix chain script '/home/soumo/robot_programming/install/setup.bash'
[6.872s] INFO:colcon.colcon_core.shell:Creating prefix script '/home/soumo/robot_programming/install/local_setup.zsh'
[6.873s] INFO:colcon.colcon_core.shell:Creating prefix chain script '/home/soumo/robot_programming/install/setup.zsh'
