[5.749s] Invoking command in '/home/soumo/robot_programming/build/pothole_detection': PYTHONPATH=/home/soumo/robot_programming/build/pothole_detection/prefix_override:/home/soumo/robot_programming/install/pothole_detection/lib/python3.10/site-packages:${PYTHONPATH} /usr/bin/python3 setup.py develop --editable --build-directory /home/soumo/robot_programming/build/pothole_detection/build --no-deps install_data
[7.219s] running develop
[8.114s] running egg_info
[8.114s] writing pothole_detection.egg-info/PKG-INFO
[8.115s] writing dependency_links to pothole_detection.egg-info/dependency_links.txt
[8.115s] writing entry points to pothole_detection.egg-info/entry_points.txt
[8.115s] writing requirements to pothole_detection.egg-info/requires.txt
[8.117s] writing top-level names to pothole_detection.egg-info/top_level.txt
[8.126s] reading manifest file 'pothole_detection.egg-info/SOURCES.txt'
[8.130s] writing manifest file 'pothole_detection.egg-info/SOURCES.txt'
[8.320s] running build_ext
[8.321s] Creating /home/soumo/robot_programming/install/pothole_detection/lib/python3.10/site-packages/pothole-detection.egg-link (link to .)
[8.321s] Installing dataset_extraction script to /home/soumo/robot_programming/install/pothole_detection/lib/pothole_detection
[8.322s] Installing pothole_cluster script to /home/soumo/robot_programming/install/pothole_detection/lib/pothole_detection
[8.322s] Installing pothole_detection_opencv script to /home/soumo/robot_programming/install/pothole_detection/lib/pothole_detection
[8.323s] Installing pothole_detection_yolo script to /home/soumo/robot_programming/install/pothole_detection/lib/pothole_detection
[8.324s] Installing pothole_location script to /home/soumo/robot_programming/install/pothole_detection/lib/pothole_detection
[8.325s] 
[8.325s] Installed /home/soumo/robot_programming/build/pothole_detection
[8.326s] running install_data
[8.473s] Invoked command in '/home/soumo/robot_programming/build/pothole_detection' returned '0': PYTHONPATH=/home/soumo/robot_programming/build/pothole_detection/prefix_override:/home/soumo/robot_programming/install/pothole_detection/lib/python3.10/site-packages:${PYTHONPATH} /usr/bin/python3 setup.py develop --editable --build-directory /home/soumo/robot_programming/build/pothole_detection/build --no-deps install_data
