[2.677s] DEBUG:colcon:Command line arguments: ['/usr/bin/colcon', 'list', '-p', '--base-paths', '/home/soumo/robot_programming']
[2.677s] DEBUG:colcon:Parsed command line arguments: Namespace(log_base=None, log_level=None, verb_name='list', build_base='build', ignore_user_meta=False, metas=['./colcon.meta'], base_paths=['/home/soumo/robot_programming'], packages_ignore=None, packages_ignore_regex=None, paths=None, packages_up_to=None, packages_up_to_regex=None, packages_above=None, packages_above_and_dependencies=None, packages_above_depth=None, packages_select_by_dep=None, packages_skip_by_dep=None, packages_skip_up_to=None, packages_select_build_failed=False, packages_skip_build_finished=False, packages_select_test_failures=False, packages_skip_test_passed=False, packages_select=None, packages_skip=None, packages_select_regex=None, packages_skip_regex=None, packages_start=None, packages_end=None, topological_order=False, names_only=False, paths_only=True, topological_graph=False, topological_graph_dot=False, topological_graph_density=False, topological_graph_legend=False, topological_graph_dot_cluster=False, topological_graph_dot_include_skipped=False, verb_parser=<colcon_defaults.argument_parser.defaults.DefaultArgumentsDecorator object at 0x7fe03c2ef580>, verb_extension=<colcon_package_information.verb.list.ListVerb object at 0x7fe03c2eebc0>, main=<bound method ListVerb.main of <colcon_package_information.verb.list.ListVerb object at 0x7fe03c2eebc0>>)
[2.834s] Level 1:colcon.colcon_core.package_discovery:discover_packages(colcon_meta) check parameters
[2.835s] Level 1:colcon.colcon_core.package_discovery:discover_packages(recursive) check parameters
[2.835s] Level 1:colcon.colcon_core.package_discovery:discover_packages(ignore) check parameters
[2.835s] Level 1:colcon.colcon_core.package_discovery:discover_packages(path) check parameters
[2.835s] Level 1:colcon.colcon_core.package_discovery:discover_packages(recursive) discover
[2.835s] INFO:colcon.colcon_core.package_discovery:Crawling recursively for packages in '/home/soumo/robot_programming'
[2.835s] Level 1:colcon.colcon_core.package_identification:_identify(/home/soumo/robot_programming) by extensions ['ignore', 'ignore_ament_install']
[2.836s] Level 1:colcon.colcon_core.package_identification:_identify(/home/soumo/robot_programming) by extension 'ignore'
[2.836s] Level 1:colcon.colcon_core.package_identification:_identify(/home/soumo/robot_programming) by extension 'ignore_ament_install'
[2.836s] Level 1:colcon.colcon_core.package_identification:_identify(/home/soumo/robot_programming) by extensions ['colcon_pkg']
[2.836s] Level 1:colcon.colcon_core.package_identification:_identify(/home/soumo/robot_programming) by extension 'colcon_pkg'
[2.836s] Level 1:colcon.colcon_core.package_identification:_identify(/home/soumo/robot_programming) by extensions ['colcon_meta']
[2.836s] Level 1:colcon.colcon_core.package_identification:_identify(/home/soumo/robot_programming) by extension 'colcon_meta'
[2.836s] Level 1:colcon.colcon_core.package_identification:_identify(/home/soumo/robot_programming) by extensions ['ros']
[2.836s] Level 1:colcon.colcon_core.package_identification:_identify(/home/soumo/robot_programming) by extension 'ros'
[2.862s] Level 1:colcon.colcon_core.package_identification:_identify(/home/soumo/robot_programming) by extensions ['cmake', 'python']
[2.863s] Level 1:colcon.colcon_core.package_identification:_identify(/home/soumo/robot_programming) by extension 'cmake'
[2.863s] Level 1:colcon.colcon_core.package_identification:_identify(/home/soumo/robot_programming) by extension 'python'
[2.863s] Level 1:colcon.colcon_core.package_identification:_identify(/home/soumo/robot_programming) by extensions ['python_setup_py']
[2.863s] Level 1:colcon.colcon_core.package_identification:_identify(/home/soumo/robot_programming) by extension 'python_setup_py'
[2.863s] Level 1:colcon.colcon_core.package_identification:_identify(/home/soumo/robot_programming/build) by extensions ['ignore', 'ignore_ament_install']
[2.864s] Level 1:colcon.colcon_core.package_identification:_identify(/home/soumo/robot_programming/build) by extension 'ignore'
[2.864s] Level 1:colcon.colcon_core.package_identification:_identify(/home/soumo/robot_programming/build) ignored
[2.867s] Level 1:colcon.colcon_core.package_identification:_identify(/home/soumo/robot_programming/install) by extensions ['ignore', 'ignore_ament_install']
[2.868s] Level 1:colcon.colcon_core.package_identification:_identify(/home/soumo/robot_programming/install) by extension 'ignore'
[2.868s] Level 1:colcon.colcon_core.package_identification:_identify(/home/soumo/robot_programming/install) ignored
[2.868s] Level 1:colcon.colcon_core.package_identification:_identify(/home/soumo/robot_programming/log) by extensions ['ignore', 'ignore_ament_install']
[2.868s] Level 1:colcon.colcon_core.package_identification:_identify(/home/soumo/robot_programming/log) by extension 'ignore'
[2.868s] Level 1:colcon.colcon_core.package_identification:_identify(/home/soumo/robot_programming/log) ignored
[2.869s] Level 1:colcon.colcon_core.package_identification:_identify(/home/soumo/robot_programming/src) by extensions ['ignore', 'ignore_ament_install']
[2.869s] Level 1:colcon.colcon_core.package_identification:_identify(/home/soumo/robot_programming/src) by extension 'ignore'
[2.869s] Level 1:colcon.colcon_core.package_identification:_identify(/home/soumo/robot_programming/src) by extension 'ignore_ament_install'
[2.869s] Level 1:colcon.colcon_core.package_identification:_identify(/home/soumo/robot_programming/src) by extensions ['colcon_pkg']
[2.869s] Level 1:colcon.colcon_core.package_identification:_identify(/home/soumo/robot_programming/src) by extension 'colcon_pkg'
[2.869s] Level 1:colcon.colcon_core.package_identification:_identify(/home/soumo/robot_programming/src) by extensions ['colcon_meta']
[2.869s] Level 1:colcon.colcon_core.package_identification:_identify(/home/soumo/robot_programming/src) by extension 'colcon_meta'
[2.869s] Level 1:colcon.colcon_core.package_identification:_identify(/home/soumo/robot_programming/src) by extensions ['ros']
[2.869s] Level 1:colcon.colcon_core.package_identification:_identify(/home/soumo/robot_programming/src) by extension 'ros'
[2.870s] Level 1:colcon.colcon_core.package_identification:_identify(/home/soumo/robot_programming/src) by extensions ['cmake', 'python']
[2.870s] Level 1:colcon.colcon_core.package_identification:_identify(/home/soumo/robot_programming/src) by extension 'cmake'
[2.870s] Level 1:colcon.colcon_core.package_identification:_identify(/home/soumo/robot_programming/src) by extension 'python'
[2.870s] Level 1:colcon.colcon_core.package_identification:_identify(/home/soumo/robot_programming/src) by extensions ['python_setup_py']
[2.870s] Level 1:colcon.colcon_core.package_identification:_identify(/home/soumo/robot_programming/src) by extension 'python_setup_py'
[2.870s] Level 1:colcon.colcon_core.package_identification:_identify(/home/soumo/robot_programming/src/detection_interfaces) by extensions ['ignore', 'ignore_ament_install']
[2.870s] Level 1:colcon.colcon_core.package_identification:_identify(/home/soumo/robot_programming/src/detection_interfaces) by extension 'ignore'
[2.871s] Level 1:colcon.colcon_core.package_identification:_identify(/home/soumo/robot_programming/src/detection_interfaces) by extension 'ignore_ament_install'
[2.871s] Level 1:colcon.colcon_core.package_identification:_identify(/home/soumo/robot_programming/src/detection_interfaces) by extensions ['colcon_pkg']
[2.871s] Level 1:colcon.colcon_core.package_identification:_identify(/home/soumo/robot_programming/src/detection_interfaces) by extension 'colcon_pkg'
[2.871s] Level 1:colcon.colcon_core.package_identification:_identify(/home/soumo/robot_programming/src/detection_interfaces) by extensions ['colcon_meta']
[2.871s] Level 1:colcon.colcon_core.package_identification:_identify(/home/soumo/robot_programming/src/detection_interfaces) by extension 'colcon_meta'
[2.871s] Level 1:colcon.colcon_core.package_identification:_identify(/home/soumo/robot_programming/src/detection_interfaces) by extensions ['ros']
[2.871s] Level 1:colcon.colcon_core.package_identification:_identify(/home/soumo/robot_programming/src/detection_interfaces) by extension 'ros'
[2.877s] DEBUG:colcon.colcon_core.package_identification:Package '/home/soumo/robot_programming/src/detection_interfaces' with type 'ros.ament_cmake' and name 'detection_interfaces'
[2.877s] Level 1:colcon.colcon_core.package_identification:_identify(/home/soumo/robot_programming/src/map) by extensions ['ignore', 'ignore_ament_install']
[2.877s] Level 1:colcon.colcon_core.package_identification:_identify(/home/soumo/robot_programming/src/map) by extension 'ignore'
[2.877s] Level 1:colcon.colcon_core.package_identification:_identify(/home/soumo/robot_programming/src/map) by extension 'ignore_ament_install'
[2.878s] Level 1:colcon.colcon_core.package_identification:_identify(/home/soumo/robot_programming/src/map) by extensions ['colcon_pkg']
[2.878s] Level 1:colcon.colcon_core.package_identification:_identify(/home/soumo/robot_programming/src/map) by extension 'colcon_pkg'
[2.878s] Level 1:colcon.colcon_core.package_identification:_identify(/home/soumo/robot_programming/src/map) by extensions ['colcon_meta']
[2.878s] Level 1:colcon.colcon_core.package_identification:_identify(/home/soumo/robot_programming/src/map) by extension 'colcon_meta'
[2.878s] Level 1:colcon.colcon_core.package_identification:_identify(/home/soumo/robot_programming/src/map) by extensions ['ros']
[2.878s] Level 1:colcon.colcon_core.package_identification:_identify(/home/soumo/robot_programming/src/map) by extension 'ros'
[2.878s] Level 1:colcon.colcon_core.package_identification:_identify(/home/soumo/robot_programming/src/map) by extensions ['cmake', 'python']
[2.878s] Level 1:colcon.colcon_core.package_identification:_identify(/home/soumo/robot_programming/src/map) by extension 'cmake'
[2.879s] Level 1:colcon.colcon_core.package_identification:_identify(/home/soumo/robot_programming/src/map) by extension 'python'
[2.879s] Level 1:colcon.colcon_core.package_identification:_identify(/home/soumo/robot_programming/src/map) by extensions ['python_setup_py']
[2.879s] Level 1:colcon.colcon_core.package_identification:_identify(/home/soumo/robot_programming/src/map) by extension 'python_setup_py'
[2.879s] Level 1:colcon.colcon_core.package_identification:_identify(/home/soumo/robot_programming/src/navigation) by extensions ['ignore', 'ignore_ament_install']
[2.879s] Level 1:colcon.colcon_core.package_identification:_identify(/home/soumo/robot_programming/src/navigation) by extension 'ignore'
[2.880s] Level 1:colcon.colcon_core.package_identification:_identify(/home/soumo/robot_programming/src/navigation) by extension 'ignore_ament_install'
[2.880s] Level 1:colcon.colcon_core.package_identification:_identify(/home/soumo/robot_programming/src/navigation) by extensions ['colcon_pkg']
[2.880s] Level 1:colcon.colcon_core.package_identification:_identify(/home/soumo/robot_programming/src/navigation) by extension 'colcon_pkg'
[2.880s] Level 1:colcon.colcon_core.package_identification:_identify(/home/soumo/robot_programming/src/navigation) by extensions ['colcon_meta']
[2.880s] Level 1:colcon.colcon_core.package_identification:_identify(/home/soumo/robot_programming/src/navigation) by extension 'colcon_meta'
[2.880s] Level 1:colcon.colcon_core.package_identification:_identify(/home/soumo/robot_programming/src/navigation) by extensions ['ros']
[2.880s] Level 1:colcon.colcon_core.package_identification:_identify(/home/soumo/robot_programming/src/navigation) by extension 'ros'
[2.881s] DEBUG:colcon.colcon_core.package_identification:Package '/home/soumo/robot_programming/src/navigation' with type 'ros.ament_python' and name 'navigation'
[2.882s] Level 1:colcon.colcon_core.package_identification:_identify(/home/soumo/robot_programming/src/pothole_detection) by extensions ['ignore', 'ignore_ament_install']
[2.882s] Level 1:colcon.colcon_core.package_identification:_identify(/home/soumo/robot_programming/src/pothole_detection) by extension 'ignore'
[2.882s] Level 1:colcon.colcon_core.package_identification:_identify(/home/soumo/robot_programming/src/pothole_detection) by extension 'ignore_ament_install'
[2.882s] Level 1:colcon.colcon_core.package_identification:_identify(/home/soumo/robot_programming/src/pothole_detection) by extensions ['colcon_pkg']
[2.882s] Level 1:colcon.colcon_core.package_identification:_identify(/home/soumo/robot_programming/src/pothole_detection) by extension 'colcon_pkg'
[2.882s] Level 1:colcon.colcon_core.package_identification:_identify(/home/soumo/robot_programming/src/pothole_detection) by extensions ['colcon_meta']
[2.882s] Level 1:colcon.colcon_core.package_identification:_identify(/home/soumo/robot_programming/src/pothole_detection) by extension 'colcon_meta'
[2.883s] Level 1:colcon.colcon_core.package_identification:_identify(/home/soumo/robot_programming/src/pothole_detection) by extensions ['ros']
[2.883s] Level 1:colcon.colcon_core.package_identification:_identify(/home/soumo/robot_programming/src/pothole_detection) by extension 'ros'
[2.884s] DEBUG:colcon.colcon_core.package_identification:Package '/home/soumo/robot_programming/src/pothole_detection' with type 'ros.ament_python' and name 'pothole_detection'
[2.884s] Level 1:colcon.colcon_core.package_discovery:discover_packages(recursive) using defaults
