[1.134s] Invoking command in '/home/soumo/ros2_ws/build/detection_interfaces': CMAKE_PREFIX_PATH=${CMAKE_PREFIX_PATH}:/home/soumo/ros2_ws/install/pothole_detection:/home/soumo/ros2_ws/install/navigation:/opt/ros/humble /usr/bin/cmake --build /home/soumo/ros2_ws/build/detection_interfaces -- -j8 -l8
[2.634s] [35m[1mConsolidate compiler generated dependencies of target detection_interfaces__rosidl_generator_c[0m
[2.635s] [  2%] Built target detection_interfaces__cpp
[2.637s] [ 12%] Built target detection_interfaces__rosidl_generator_c
[2.637s] [35m[1mConsolidate compiler generated dependencies of target detection_interfaces__rosidl_typesupport_cpp[0m
[2.637s] [35m[1mConsolidate compiler generated dependencies of target detection_interfaces__rosidl_typesupport_fastrtps_cpp[0m
[2.637s] [ 12%] Built target ament_cmake_python_symlink_detection_interfaces
[2.637s] [35m[1mConsolidate compiler generated dependencies of target detection_interfaces__rosidl_typesupport_introspection_cpp[0m
[2.638s] [35m[1mConsolidate compiler generated dependencies of target detection_interfaces__rosidl_typesupport_fastrtps_c[0m
[2.638s] [35m[1mConsolidate compiler generated dependencies of target detection_interfaces__rosidl_typesupport_introspection_c[0m
[2.638s] [ 23%] Built target detection_interfaces__rosidl_typesupport_cpp
[2.638s] [35m[1mConsolidate compiler generated dependencies of target detection_interfaces__rosidl_typesupport_c[0m
[2.638s] [ 33%] Built target detection_interfaces__rosidl_typesupport_fastrtps_cpp
[2.638s] [ 43%] Built target detection_interfaces__rosidl_typesupport_introspection_cpp
[2.638s] [ 53%] Built target detection_interfaces__rosidl_typesupport_fastrtps_c
[2.638s] [ 64%] Built target detection_interfaces__rosidl_typesupport_introspection_c
[2.639s] [ 74%] Built target detection_interfaces__rosidl_typesupport_c
[2.639s] [ 74%] Built target detection_interfaces
[2.639s] [ 76%] Built target detection_interfaces__py
[2.639s] [35m[1mConsolidate compiler generated dependencies of target detection_interfaces__rosidl_generator_py[0m
[2.639s] [ 84%] Built target detection_interfaces__rosidl_generator_py
[2.639s] [35m[1mConsolidate compiler generated dependencies of target detection_interfaces__rosidl_typesupport_fastrtps_c__pyext[0m
[2.639s] [35m[1mConsolidate compiler generated dependencies of target detection_interfaces__rosidl_typesupport_c__pyext[0m
[2.639s] [35m[1mConsolidate compiler generated dependencies of target detection_interfaces__rosidl_typesupport_introspection_c__pyext[0m
[2.640s] [ 89%] Built target detection_interfaces__rosidl_typesupport_fastrtps_c__pyext
[2.640s] [100%] Built target detection_interfaces__rosidl_typesupport_introspection_c__pyext
[2.640s] [100%] Built target detection_interfaces__rosidl_typesupport_c__pyext
[2.642s] running egg_info
[2.644s] writing detection_interfaces.egg-info/PKG-INFO
[2.644s] writing dependency_links to detection_interfaces.egg-info/dependency_links.txt
[2.644s] writing top-level names to detection_interfaces.egg-info/top_level.txt
[2.653s] reading manifest file 'detection_interfaces.egg-info/SOURCES.txt'
[2.654s] writing manifest file 'detection_interfaces.egg-info/SOURCES.txt'
[2.737s] [100%] Built target ament_cmake_python_build_detection_interfaces_egg
[3.855s] Invoked command in '/home/soumo/ros2_ws/build/detection_interfaces' returned '0': CMAKE_PREFIX_PATH=${CMAKE_PREFIX_PATH}:/home/soumo/ros2_ws/install/pothole_detection:/home/soumo/ros2_ws/install/navigation:/opt/ros/humble /usr/bin/cmake --build /home/soumo/ros2_ws/build/detection_interfaces -- -j8 -l8
[4.453s] Invoking command in '/home/soumo/ros2_ws/build/detection_interfaces': CMAKE_PREFIX_PATH=${CMAKE_PREFIX_PATH}:/home/soumo/ros2_ws/install/pothole_detection:/home/soumo/ros2_ws/install/navigation:/opt/ros/humble /usr/bin/cmake --install /home/soumo/ros2_ws/build/detection_interfaces
[4.497s] -- Install configuration: ""
[4.512s] -- Execute custom install script
[4.518s] -- Up-to-date symlink: /home/soumo/ros2_ws/install/detection_interfaces/share/ament_index/resource_index/rosidl_interfaces/detection_interfaces
[4.525s] -- Up-to-date symlink: /home/soumo/ros2_ws/install/detection_interfaces/include/detection_interfaces/detection_interfaces/msg/detail/inference_result__functions.h
[4.530s] -- Up-to-date symlink: /home/soumo/ros2_ws/install/detection_interfaces/include/detection_interfaces/detection_interfaces/msg/detail/inference_result__struct.h
[4.532s] -- Up-to-date symlink: /home/soumo/ros2_ws/install/detection_interfaces/include/detection_interfaces/detection_interfaces/msg/detail/inference_result__type_support.h
[4.534s] -- Up-to-date symlink: /home/soumo/ros2_ws/install/detection_interfaces/include/detection_interfaces/detection_interfaces/msg/detail/pothole_cordinate__functions.h
[4.535s] -- Up-to-date symlink: /home/soumo/ros2_ws/install/detection_interfaces/include/detection_interfaces/detection_interfaces/msg/detail/pothole_cordinate__struct.h
[4.535s] -- Up-to-date symlink: /home/soumo/ros2_ws/install/detection_interfaces/include/detection_interfaces/detection_interfaces/msg/detail/pothole_cordinate__type_support.h
[4.540s] -- Up-to-date symlink: /home/soumo/ros2_ws/install/detection_interfaces/include/detection_interfaces/detection_interfaces/msg/inference_result.h
[4.540s] -- Up-to-date symlink: /home/soumo/ros2_ws/install/detection_interfaces/include/detection_interfaces/detection_interfaces/msg/pothole_cordinate.h
[4.541s] -- Up-to-date symlink: /home/soumo/ros2_ws/install/detection_interfaces/include/detection_interfaces/detection_interfaces/msg/rosidl_generator_c__visibility_control.h
[4.542s] -- Up-to-date symlink: /home/soumo/ros2_ws/install/detection_interfaces/share/detection_interfaces/environment/library_path.sh
[4.544s] -- Up-to-date symlink: /home/soumo/ros2_ws/install/detection_interfaces/share/detection_interfaces/environment/library_path.dsv
[4.548s] -- Up-to-date symlink: /home/soumo/ros2_ws/install/detection_interfaces/include/detection_interfaces/detection_interfaces/msg/detail/inference_result__rosidl_typesupport_fastrtps_c.h
[4.550s] -- Up-to-date symlink: /home/soumo/ros2_ws/install/detection_interfaces/include/detection_interfaces/detection_interfaces/msg/detail/pothole_cordinate__rosidl_typesupport_fastrtps_c.h
[4.556s] -- Up-to-date symlink: /home/soumo/ros2_ws/install/detection_interfaces/include/detection_interfaces/detection_interfaces/msg/rosidl_typesupport_fastrtps_c__visibility_control.h
[4.561s] -- Up-to-date symlink: /home/soumo/ros2_ws/install/detection_interfaces/include/detection_interfaces/detection_interfaces/msg/detail/inference_result__rosidl_typesupport_introspection_c.h
[4.562s] -- Up-to-date symlink: /home/soumo/ros2_ws/install/detection_interfaces/include/detection_interfaces/detection_interfaces/msg/detail/pothole_cordinate__rosidl_typesupport_introspection_c.h
[4.562s] -- Up-to-date symlink: /home/soumo/ros2_ws/install/detection_interfaces/include/detection_interfaces/detection_interfaces/msg/rosidl_typesupport_introspection_c__visibility_control.h
[4.564s] -- Up-to-date symlink: /home/soumo/ros2_ws/install/detection_interfaces/include/detection_interfaces/detection_interfaces/msg/detail/inference_result__builder.hpp
[4.566s] -- Up-to-date symlink: /home/soumo/ros2_ws/install/detection_interfaces/include/detection_interfaces/detection_interfaces/msg/detail/inference_result__struct.hpp
[4.569s] -- Up-to-date symlink: /home/soumo/ros2_ws/install/detection_interfaces/include/detection_interfaces/detection_interfaces/msg/detail/inference_result__traits.hpp
[4.569s] -- Up-to-date symlink: /home/soumo/ros2_ws/install/detection_interfaces/include/detection_interfaces/detection_interfaces/msg/detail/pothole_cordinate__builder.hpp
[4.570s] -- Up-to-date symlink: /home/soumo/ros2_ws/install/detection_interfaces/include/detection_interfaces/detection_interfaces/msg/detail/pothole_cordinate__struct.hpp
[4.570s] -- Up-to-date symlink: /home/soumo/ros2_ws/install/detection_interfaces/include/detection_interfaces/detection_interfaces/msg/detail/pothole_cordinate__traits.hpp
[4.572s] -- Up-to-date symlink: /home/soumo/ros2_ws/install/detection_interfaces/include/detection_interfaces/detection_interfaces/msg/inference_result.hpp
[4.572s] -- Up-to-date symlink: /home/soumo/ros2_ws/install/detection_interfaces/include/detection_interfaces/detection_interfaces/msg/pothole_cordinate.hpp
[4.577s] -- Up-to-date symlink: /home/soumo/ros2_ws/install/detection_interfaces/include/detection_interfaces/detection_interfaces/msg/detail/inference_result__rosidl_typesupport_fastrtps_cpp.hpp
[4.577s] -- Up-to-date symlink: /home/soumo/ros2_ws/install/detection_interfaces/include/detection_interfaces/detection_interfaces/msg/detail/pothole_cordinate__rosidl_typesupport_fastrtps_cpp.hpp
[4.580s] -- Up-to-date symlink: /home/soumo/ros2_ws/install/detection_interfaces/include/detection_interfaces/detection_interfaces/msg/rosidl_typesupport_fastrtps_cpp__visibility_control.h
[4.591s] -- Up-to-date symlink: /home/soumo/ros2_ws/install/detection_interfaces/include/detection_interfaces/detection_interfaces/msg/detail/inference_result__rosidl_typesupport_introspection_cpp.hpp
[4.592s] -- Up-to-date symlink: /home/soumo/ros2_ws/install/detection_interfaces/include/detection_interfaces/detection_interfaces/msg/detail/pothole_cordinate__rosidl_typesupport_introspection_cpp.hpp
[4.592s] -- Up-to-date symlink: /home/soumo/ros2_ws/install/detection_interfaces/share/detection_interfaces/environment/pythonpath.sh
[4.593s] -- Up-to-date symlink: /home/soumo/ros2_ws/install/detection_interfaces/share/detection_interfaces/environment/pythonpath.dsv
[4.596s] -- Up-to-date symlink: /home/soumo/ros2_ws/install/detection_interfaces/local/lib/python3.10/dist-packages/detection_interfaces-0.0.0-py3.10.egg-info/PKG-INFO
[4.598s] -- Up-to-date symlink: /home/soumo/ros2_ws/install/detection_interfaces/local/lib/python3.10/dist-packages/detection_interfaces-0.0.0-py3.10.egg-info/SOURCES.txt
[4.600s] -- Up-to-date symlink: /home/soumo/ros2_ws/install/detection_interfaces/local/lib/python3.10/dist-packages/detection_interfaces-0.0.0-py3.10.egg-info/dependency_links.txt
[4.602s] -- Up-to-date symlink: /home/soumo/ros2_ws/install/detection_interfaces/local/lib/python3.10/dist-packages/detection_interfaces-0.0.0-py3.10.egg-info/top_level.txt
[4.605s] -- Up-to-date symlink: /home/soumo/ros2_ws/install/detection_interfaces/local/lib/python3.10/dist-packages/detection_interfaces/__init__.py
[4.609s] -- Up-to-date symlink: /home/soumo/ros2_ws/install/detection_interfaces/local/lib/python3.10/dist-packages/detection_interfaces/_detection_interfaces_s.ep.rosidl_typesupport_c.c
[4.616s] -- Up-to-date symlink: /home/soumo/ros2_ws/install/detection_interfaces/local/lib/python3.10/dist-packages/detection_interfaces/_detection_interfaces_s.ep.rosidl_typesupport_fastrtps_c.c
[4.617s] -- Up-to-date symlink: /home/soumo/ros2_ws/install/detection_interfaces/local/lib/python3.10/dist-packages/detection_interfaces/_detection_interfaces_s.ep.rosidl_typesupport_introspection_c.c
[4.617s] -- Up-to-date symlink: /home/soumo/ros2_ws/install/detection_interfaces/local/lib/python3.10/dist-packages/detection_interfaces/detection_interfaces_s__rosidl_typesupport_c.cpython-310-x86_64-linux-gnu.so
[4.618s] -- Up-to-date symlink: /home/soumo/ros2_ws/install/detection_interfaces/local/lib/python3.10/dist-packages/detection_interfaces/detection_interfaces_s__rosidl_typesupport_fastrtps_c.cpython-310-x86_64-linux-gnu.so
[4.621s] -- Up-to-date symlink: /home/soumo/ros2_ws/install/detection_interfaces/local/lib/python3.10/dist-packages/detection_interfaces/detection_interfaces_s__rosidl_typesupport_introspection_c.cpython-310-x86_64-linux-gnu.so
[4.624s] -- Up-to-date symlink: /home/soumo/ros2_ws/install/detection_interfaces/local/lib/python3.10/dist-packages/detection_interfaces/libdetection_interfaces__rosidl_generator_py.so
[4.626s] -- Up-to-date symlink: /home/soumo/ros2_ws/install/detection_interfaces/local/lib/python3.10/dist-packages/detection_interfaces/msg/__init__.py
[4.629s] -- Up-to-date symlink: /home/soumo/ros2_ws/install/detection_interfaces/local/lib/python3.10/dist-packages/detection_interfaces/msg/_inference_result.py
[4.630s] -- Up-to-date symlink: /home/soumo/ros2_ws/install/detection_interfaces/local/lib/python3.10/dist-packages/detection_interfaces/msg/_inference_result_s.c
[4.634s] -- Up-to-date symlink: /home/soumo/ros2_ws/install/detection_interfaces/local/lib/python3.10/dist-packages/detection_interfaces/msg/_pothole_cordinate.py
[4.635s] -- Up-to-date symlink: /home/soumo/ros2_ws/install/detection_interfaces/local/lib/python3.10/dist-packages/detection_interfaces/msg/_pothole_cordinate_s.c
[4.635s] -- Up-to-date symlink: /home/soumo/ros2_ws/install/detection_interfaces/local/lib/python3.10/dist-packages/detection_interfaces/detection_interfaces_s__rosidl_typesupport_fastrtps_c.cpython-310-x86_64-linux-gnu.so
[4.635s] -- Up-to-date symlink: /home/soumo/ros2_ws/install/detection_interfaces/local/lib/python3.10/dist-packages/detection_interfaces/detection_interfaces_s__rosidl_typesupport_introspection_c.cpython-310-x86_64-linux-gnu.so
[4.636s] -- Up-to-date symlink: /home/soumo/ros2_ws/install/detection_interfaces/local/lib/python3.10/dist-packages/detection_interfaces/detection_interfaces_s__rosidl_typesupport_c.cpython-310-x86_64-linux-gnu.so
[4.645s] -- Up-to-date symlink: /home/soumo/ros2_ws/install/detection_interfaces/share/detection_interfaces/msg/InferenceResult.idl
[4.646s] -- Up-to-date symlink: /home/soumo/ros2_ws/install/detection_interfaces/share/detection_interfaces/msg/PotholeCordinate.idl
[4.646s] -- Up-to-date symlink: /home/soumo/ros2_ws/install/detection_interfaces/share/detection_interfaces/msg/InferenceResult.msg
[4.646s] -- Up-to-date symlink: /home/soumo/ros2_ws/install/detection_interfaces/share/detection_interfaces/msg/PotholeCordinate.msg
[4.646s] -- Up-to-date symlink: /home/soumo/ros2_ws/install/detection_interfaces/share/ament_index/resource_index/package_run_dependencies/detection_interfaces
[4.647s] -- Up-to-date symlink: /home/soumo/ros2_ws/install/detection_interfaces/share/ament_index/resource_index/parent_prefix_path/detection_interfaces
[4.648s] -- Up-to-date symlink: /home/soumo/ros2_ws/install/detection_interfaces/share/detection_interfaces/environment/ament_prefix_path.sh
[4.649s] -- Up-to-date symlink: /home/soumo/ros2_ws/install/detection_interfaces/share/detection_interfaces/environment/ament_prefix_path.dsv
[4.655s] -- Up-to-date symlink: /home/soumo/ros2_ws/install/detection_interfaces/share/detection_interfaces/environment/path.sh
[4.657s] -- Up-to-date symlink: /home/soumo/ros2_ws/install/detection_interfaces/share/detection_interfaces/environment/path.dsv
[4.658s] -- Up-to-date symlink: /home/soumo/ros2_ws/install/detection_interfaces/share/detection_interfaces/local_setup.bash
[4.661s] -- Up-to-date symlink: /home/soumo/ros2_ws/install/detection_interfaces/share/detection_interfaces/local_setup.sh
[4.662s] -- Up-to-date symlink: /home/soumo/ros2_ws/install/detection_interfaces/share/detection_interfaces/local_setup.zsh
[4.666s] -- Up-to-date symlink: /home/soumo/ros2_ws/install/detection_interfaces/share/detection_interfaces/local_setup.dsv
[4.666s] -- Symlinking: /home/soumo/ros2_ws/install/detection_interfaces/share/detection_interfaces/package.dsv
[4.715s] -- Up-to-date symlink: /home/soumo/ros2_ws/install/detection_interfaces/share/ament_index/resource_index/packages/detection_interfaces
[4.727s] -- Up-to-date symlink: /home/soumo/ros2_ws/install/detection_interfaces/share/detection_interfaces/cmake/rosidl_cmake-extras.cmake
[4.728s] -- Up-to-date symlink: /home/soumo/ros2_ws/install/detection_interfaces/share/detection_interfaces/cmake/ament_cmake_export_include_directories-extras.cmake
[4.732s] -- Up-to-date symlink: /home/soumo/ros2_ws/install/detection_interfaces/share/detection_interfaces/cmake/ament_cmake_export_libraries-extras.cmake
[4.736s] -- Up-to-date symlink: /home/soumo/ros2_ws/install/detection_interfaces/share/detection_interfaces/cmake/ament_cmake_export_targets-extras.cmake
[4.736s] -- Up-to-date symlink: /home/soumo/ros2_ws/install/detection_interfaces/share/detection_interfaces/cmake/rosidl_cmake_export_typesupport_targets-extras.cmake
[4.739s] -- Up-to-date symlink: /home/soumo/ros2_ws/install/detection_interfaces/share/detection_interfaces/cmake/ament_cmake_export_dependencies-extras.cmake
[4.745s] -- Up-to-date symlink: /home/soumo/ros2_ws/install/detection_interfaces/share/detection_interfaces/cmake/rosidl_cmake_export_typesupport_libraries-extras.cmake
[4.746s] -- Up-to-date symlink: /home/soumo/ros2_ws/install/detection_interfaces/share/detection_interfaces/cmake/detection_interfacesConfig.cmake
[4.747s] -- Up-to-date symlink: /home/soumo/ros2_ws/install/detection_interfaces/share/detection_interfaces/cmake/detection_interfacesConfig-version.cmake
[4.747s] -- Up-to-date symlink: /home/soumo/ros2_ws/install/detection_interfaces/share/detection_interfaces/package.xml
[4.747s] -- Up-to-date: /home/soumo/ros2_ws/install/detection_interfaces/lib/libdetection_interfaces__rosidl_generator_c.so
[4.755s] -- Up-to-date: /home/soumo/ros2_ws/install/detection_interfaces/lib/libdetection_interfaces__rosidl_typesupport_fastrtps_c.so
[4.756s] -- Up-to-date: /home/soumo/ros2_ws/install/detection_interfaces/lib/libdetection_interfaces__rosidl_typesupport_introspection_c.so
[4.756s] -- Up-to-date: /home/soumo/ros2_ws/install/detection_interfaces/lib/libdetection_interfaces__rosidl_typesupport_c.so
[4.756s] -- Up-to-date: /home/soumo/ros2_ws/install/detection_interfaces/lib/libdetection_interfaces__rosidl_typesupport_fastrtps_cpp.so
[4.757s] -- Up-to-date: /home/soumo/ros2_ws/install/detection_interfaces/lib/libdetection_interfaces__rosidl_typesupport_introspection_cpp.so
[4.757s] -- Up-to-date: /home/soumo/ros2_ws/install/detection_interfaces/lib/libdetection_interfaces__rosidl_typesupport_cpp.so
[4.951s] Listing '/home/soumo/ros2_ws/install/detection_interfaces/local/lib/python3.10/dist-packages/detection_interfaces'...
[4.954s] Listing '/home/soumo/ros2_ws/install/detection_interfaces/local/lib/python3.10/dist-packages/detection_interfaces/msg'...
[4.983s] -- Up-to-date: /home/soumo/ros2_ws/install/detection_interfaces/lib/libdetection_interfaces__rosidl_generator_py.so
[4.992s] -- Up-to-date: /home/soumo/ros2_ws/install/detection_interfaces/share/detection_interfaces/cmake/export_detection_interfaces__rosidl_generator_cExport.cmake
[4.992s] -- Up-to-date: /home/soumo/ros2_ws/install/detection_interfaces/share/detection_interfaces/cmake/export_detection_interfaces__rosidl_generator_cExport-noconfig.cmake
[4.995s] -- Up-to-date: /home/soumo/ros2_ws/install/detection_interfaces/share/detection_interfaces/cmake/export_detection_interfaces__rosidl_typesupport_fastrtps_cExport.cmake
[5.000s] -- Up-to-date: /home/soumo/ros2_ws/install/detection_interfaces/share/detection_interfaces/cmake/export_detection_interfaces__rosidl_typesupport_fastrtps_cExport-noconfig.cmake
[5.002s] -- Up-to-date: /home/soumo/ros2_ws/install/detection_interfaces/share/detection_interfaces/cmake/detection_interfaces__rosidl_typesupport_introspection_cExport.cmake
[5.007s] -- Up-to-date: /home/soumo/ros2_ws/install/detection_interfaces/share/detection_interfaces/cmake/detection_interfaces__rosidl_typesupport_introspection_cExport-noconfig.cmake
[5.011s] -- Up-to-date: /home/soumo/ros2_ws/install/detection_interfaces/share/detection_interfaces/cmake/detection_interfaces__rosidl_typesupport_cExport.cmake
[5.013s] -- Up-to-date: /home/soumo/ros2_ws/install/detection_interfaces/share/detection_interfaces/cmake/detection_interfaces__rosidl_typesupport_cExport-noconfig.cmake
[5.017s] -- Up-to-date: /home/soumo/ros2_ws/install/detection_interfaces/share/detection_interfaces/cmake/export_detection_interfaces__rosidl_generator_cppExport.cmake
[5.020s] -- Up-to-date: /home/soumo/ros2_ws/install/detection_interfaces/share/detection_interfaces/cmake/export_detection_interfaces__rosidl_typesupport_fastrtps_cppExport.cmake
[5.022s] -- Up-to-date: /home/soumo/ros2_ws/install/detection_interfaces/share/detection_interfaces/cmake/export_detection_interfaces__rosidl_typesupport_fastrtps_cppExport-noconfig.cmake
[5.024s] -- Up-to-date: /home/soumo/ros2_ws/install/detection_interfaces/share/detection_interfaces/cmake/detection_interfaces__rosidl_typesupport_introspection_cppExport.cmake
[5.027s] -- Up-to-date: /home/soumo/ros2_ws/install/detection_interfaces/share/detection_interfaces/cmake/detection_interfaces__rosidl_typesupport_introspection_cppExport-noconfig.cmake
[5.030s] -- Up-to-date: /home/soumo/ros2_ws/install/detection_interfaces/share/detection_interfaces/cmake/detection_interfaces__rosidl_typesupport_cppExport.cmake
[5.033s] -- Up-to-date: /home/soumo/ros2_ws/install/detection_interfaces/share/detection_interfaces/cmake/detection_interfaces__rosidl_typesupport_cppExport-noconfig.cmake
[5.042s] -- Up-to-date: /home/soumo/ros2_ws/install/detection_interfaces/share/detection_interfaces/cmake/export_detection_interfaces__rosidl_generator_pyExport.cmake
[5.043s] -- Up-to-date: /home/soumo/ros2_ws/install/detection_interfaces/share/detection_interfaces/cmake/export_detection_interfaces__rosidl_generator_pyExport-noconfig.cmake
[5.044s] Invoked command in '/home/soumo/ros2_ws/build/detection_interfaces' returned '0': CMAKE_PREFIX_PATH=${CMAKE_PREFIX_PATH}:/home/soumo/ros2_ws/install/pothole_detection:/home/soumo/ros2_ws/install/navigation:/opt/ros/humble /usr/bin/cmake --install /home/soumo/ros2_ws/build/detection_interfaces
