[4.089s] DEBUG:colcon:Command line arguments: ['/usr/bin/colcon', 'build', '--symlink-install']
[4.089s] DEBUG:colcon:Parsed command line arguments: Namespace(log_base=None, log_level=None, verb_name='build', build_base='build', install_base='install', merge_install=False, symlink_install=True, test_result_base=None, continue_on_error=False, executor='parallel', parallel_workers=8, event_handlers=None, ignore_user_meta=False, metas=['./colcon.meta'], base_paths=['.'], packages_ignore=None, packages_ignore_regex=None, paths=None, packages_up_to=None, packages_up_to_regex=None, packages_above=None, packages_above_and_dependencies=None, packages_above_depth=None, packages_select_by_dep=None, packages_skip_by_dep=None, packages_skip_up_to=None, packages_select_build_failed=False, packages_skip_build_finished=False, packages_select_test_failures=False, packages_skip_test_passed=False, packages_select=None, packages_skip=None, packages_select_regex=None, packages_skip_regex=None, packages_start=None, packages_end=None, cmake_args=None, cmake_target=None, cmake_target_skip_unavailable=False, cmake_clean_cache=False, cmake_clean_first=False, cmake_force_configure=False, ament_cmake_args=None, catkin_cmake_args=None, catkin_skip_building_tests=False, verb_parser=<colcon_defaults.argument_parser.defaults.DefaultArgumentsDecorator object at 0x7f9f3c6da3e0>, verb_extension=<colcon_core.verb.build.BuildVerb object at 0x7f9f3c6dbaf0>, main=<bound method BuildVerb.main of <colcon_core.verb.build.BuildVerb object at 0x7f9f3c6dbaf0>>)
[4.284s] Level 1:colcon.colcon_core.package_discovery:discover_packages(colcon_meta) check parameters
[4.285s] Level 1:colcon.colcon_core.package_discovery:discover_packages(recursive) check parameters
[4.285s] Level 1:colcon.colcon_core.package_discovery:discover_packages(ignore) check parameters
[4.285s] Level 1:colcon.colcon_core.package_discovery:discover_packages(path) check parameters
[4.285s] Level 1:colcon.colcon_core.package_discovery:discover_packages(colcon_meta) discover
[4.285s] Level 1:colcon.colcon_core.package_discovery:discover_packages(recursive) discover
[4.285s] INFO:colcon.colcon_core.package_discovery:Crawling recursively for packages in '/home/soumo/ros2_ws'
[4.286s] Level 1:colcon.colcon_core.package_identification:_identify(.) by extensions ['ignore', 'ignore_ament_install']
[4.287s] Level 1:colcon.colcon_core.package_identification:_identify(.) by extension 'ignore'
[4.287s] Level 1:colcon.colcon_core.package_identification:_identify(.) by extension 'ignore_ament_install'
[4.287s] Level 1:colcon.colcon_core.package_identification:_identify(.) by extensions ['colcon_pkg']
[4.288s] Level 1:colcon.colcon_core.package_identification:_identify(.) by extension 'colcon_pkg'
[4.288s] Level 1:colcon.colcon_core.package_identification:_identify(.) by extensions ['colcon_meta']
[4.288s] Level 1:colcon.colcon_core.package_identification:_identify(.) by extension 'colcon_meta'
[4.288s] Level 1:colcon.colcon_core.package_identification:_identify(.) by extensions ['ros']
[4.288s] Level 1:colcon.colcon_core.package_identification:_identify(.) by extension 'ros'
[4.335s] Level 1:colcon.colcon_core.package_identification:_identify(.) by extensions ['cmake', 'python']
[4.336s] Level 1:colcon.colcon_core.package_identification:_identify(.) by extension 'cmake'
[4.336s] Level 1:colcon.colcon_core.package_identification:_identify(.) by extension 'python'
[4.336s] Level 1:colcon.colcon_core.package_identification:_identify(.) by extensions ['python_setup_py']
[4.336s] Level 1:colcon.colcon_core.package_identification:_identify(.) by extension 'python_setup_py'
[4.337s] Level 1:colcon.colcon_core.package_identification:_identify(build) by extensions ['ignore', 'ignore_ament_install']
[4.338s] Level 1:colcon.colcon_core.package_identification:_identify(build) by extension 'ignore'
[4.338s] Level 1:colcon.colcon_core.package_identification:_identify(build) ignored
[4.339s] Level 1:colcon.colcon_core.package_identification:_identify(install) by extensions ['ignore', 'ignore_ament_install']
[4.340s] Level 1:colcon.colcon_core.package_identification:_identify(install) by extension 'ignore'
[4.340s] Level 1:colcon.colcon_core.package_identification:_identify(install) ignored
[4.341s] Level 1:colcon.colcon_core.package_identification:_identify(log) by extensions ['ignore', 'ignore_ament_install']
[4.341s] Level 1:colcon.colcon_core.package_identification:_identify(log) by extension 'ignore'
[4.341s] Level 1:colcon.colcon_core.package_identification:_identify(log) ignored
[4.342s] Level 1:colcon.colcon_core.package_identification:_identify(src) by extensions ['ignore', 'ignore_ament_install']
[4.342s] Level 1:colcon.colcon_core.package_identification:_identify(src) by extension 'ignore'
[4.342s] Level 1:colcon.colcon_core.package_identification:_identify(src) by extension 'ignore_ament_install'
[4.342s] Level 1:colcon.colcon_core.package_identification:_identify(src) by extensions ['colcon_pkg']
[4.342s] Level 1:colcon.colcon_core.package_identification:_identify(src) by extension 'colcon_pkg'
[4.343s] Level 1:colcon.colcon_core.package_identification:_identify(src) by extensions ['colcon_meta']
[4.343s] Level 1:colcon.colcon_core.package_identification:_identify(src) by extension 'colcon_meta'
[4.343s] Level 1:colcon.colcon_core.package_identification:_identify(src) by extensions ['ros']
[4.343s] Level 1:colcon.colcon_core.package_identification:_identify(src) by extension 'ros'
[4.343s] Level 1:colcon.colcon_core.package_identification:_identify(src) by extensions ['cmake', 'python']
[4.343s] Level 1:colcon.colcon_core.package_identification:_identify(src) by extension 'cmake'
[4.343s] Level 1:colcon.colcon_core.package_identification:_identify(src) by extension 'python'
[4.343s] Level 1:colcon.colcon_core.package_identification:_identify(src) by extensions ['python_setup_py']
[4.343s] Level 1:colcon.colcon_core.package_identification:_identify(src) by extension 'python_setup_py'
[4.344s] Level 1:colcon.colcon_core.package_identification:_identify(src/detection_interfaces) by extensions ['ignore', 'ignore_ament_install']
[4.344s] Level 1:colcon.colcon_core.package_identification:_identify(src/detection_interfaces) by extension 'ignore'
[4.344s] Level 1:colcon.colcon_core.package_identification:_identify(src/detection_interfaces) by extension 'ignore_ament_install'
[4.344s] Level 1:colcon.colcon_core.package_identification:_identify(src/detection_interfaces) by extensions ['colcon_pkg']
[4.344s] Level 1:colcon.colcon_core.package_identification:_identify(src/detection_interfaces) by extension 'colcon_pkg'
[4.344s] Level 1:colcon.colcon_core.package_identification:_identify(src/detection_interfaces) by extensions ['colcon_meta']
[4.344s] Level 1:colcon.colcon_core.package_identification:_identify(src/detection_interfaces) by extension 'colcon_meta'
[4.344s] Level 1:colcon.colcon_core.package_identification:_identify(src/detection_interfaces) by extensions ['ros']
[4.344s] Level 1:colcon.colcon_core.package_identification:_identify(src/detection_interfaces) by extension 'ros'
[4.355s] DEBUG:colcon.colcon_core.package_identification:Package 'src/detection_interfaces' with type 'ros.ament_cmake' and name 'detection_interfaces'
[4.356s] Level 1:colcon.colcon_core.package_identification:_identify(src/map) by extensions ['ignore', 'ignore_ament_install']
[4.357s] Level 1:colcon.colcon_core.package_identification:_identify(src/map) by extension 'ignore'
[4.357s] Level 1:colcon.colcon_core.package_identification:_identify(src/map) by extension 'ignore_ament_install'
[4.358s] Level 1:colcon.colcon_core.package_identification:_identify(src/map) by extensions ['colcon_pkg']
[4.358s] Level 1:colcon.colcon_core.package_identification:_identify(src/map) by extension 'colcon_pkg'
[4.358s] Level 1:colcon.colcon_core.package_identification:_identify(src/map) by extensions ['colcon_meta']
[4.358s] Level 1:colcon.colcon_core.package_identification:_identify(src/map) by extension 'colcon_meta'
[4.358s] Level 1:colcon.colcon_core.package_identification:_identify(src/map) by extensions ['ros']
[4.358s] Level 1:colcon.colcon_core.package_identification:_identify(src/map) by extension 'ros'
[4.359s] Level 1:colcon.colcon_core.package_identification:_identify(src/map) by extensions ['cmake', 'python']
[4.359s] Level 1:colcon.colcon_core.package_identification:_identify(src/map) by extension 'cmake'
[4.359s] Level 1:colcon.colcon_core.package_identification:_identify(src/map) by extension 'python'
[4.359s] Level 1:colcon.colcon_core.package_identification:_identify(src/map) by extensions ['python_setup_py']
[4.359s] Level 1:colcon.colcon_core.package_identification:_identify(src/map) by extension 'python_setup_py'
[4.359s] Level 1:colcon.colcon_core.package_identification:_identify(src/navigation) by extensions ['ignore', 'ignore_ament_install']
[4.360s] Level 1:colcon.colcon_core.package_identification:_identify(src/navigation) by extension 'ignore'
[4.360s] Level 1:colcon.colcon_core.package_identification:_identify(src/navigation) by extension 'ignore_ament_install'
[4.360s] Level 1:colcon.colcon_core.package_identification:_identify(src/navigation) by extensions ['colcon_pkg']
[4.360s] Level 1:colcon.colcon_core.package_identification:_identify(src/navigation) by extension 'colcon_pkg'
[4.360s] Level 1:colcon.colcon_core.package_identification:_identify(src/navigation) by extensions ['colcon_meta']
[4.360s] Level 1:colcon.colcon_core.package_identification:_identify(src/navigation) by extension 'colcon_meta'
[4.360s] Level 1:colcon.colcon_core.package_identification:_identify(src/navigation) by extensions ['ros']
[4.360s] Level 1:colcon.colcon_core.package_identification:_identify(src/navigation) by extension 'ros'
[4.363s] DEBUG:colcon.colcon_core.package_identification:Package 'src/navigation' with type 'ros.ament_python' and name 'navigation'
[4.364s] Level 1:colcon.colcon_core.package_identification:_identify(src/pothole_detection) by extensions ['ignore', 'ignore_ament_install']
[4.365s] Level 1:colcon.colcon_core.package_identification:_identify(src/pothole_detection) by extension 'ignore'
[4.365s] Level 1:colcon.colcon_core.package_identification:_identify(src/pothole_detection) by extension 'ignore_ament_install'
[4.365s] Level 1:colcon.colcon_core.package_identification:_identify(src/pothole_detection) by extensions ['colcon_pkg']
[4.365s] Level 1:colcon.colcon_core.package_identification:_identify(src/pothole_detection) by extension 'colcon_pkg'
[4.365s] Level 1:colcon.colcon_core.package_identification:_identify(src/pothole_detection) by extensions ['colcon_meta']
[4.365s] Level 1:colcon.colcon_core.package_identification:_identify(src/pothole_detection) by extension 'colcon_meta'
[4.365s] Level 1:colcon.colcon_core.package_identification:_identify(src/pothole_detection) by extensions ['ros']
[4.365s] Level 1:colcon.colcon_core.package_identification:_identify(src/pothole_detection) by extension 'ros'
[4.368s] DEBUG:colcon.colcon_core.package_identification:Package 'src/pothole_detection' with type 'ros.ament_python' and name 'pothole_detection'
[4.368s] Level 1:colcon.colcon_core.package_discovery:discover_packages(recursive) using defaults
[4.368s] Level 1:colcon.colcon_core.package_discovery:discover_packages(ignore) discover
[4.369s] Level 1:colcon.colcon_core.package_discovery:discover_packages(ignore) using defaults
[4.369s] Level 1:colcon.colcon_core.package_discovery:discover_packages(path) discover
[4.369s] Level 1:colcon.colcon_core.package_discovery:discover_packages(path) using defaults
[4.635s] Level 5:colcon.colcon_core.verb:set package 'detection_interfaces' build argument 'cmake_args' from command line to 'None'
[4.635s] Level 5:colcon.colcon_core.verb:set package 'detection_interfaces' build argument 'cmake_target' from command line to 'None'
[4.635s] Level 5:colcon.colcon_core.verb:set package 'detection_interfaces' build argument 'cmake_target_skip_unavailable' from command line to 'False'
[4.635s] Level 5:colcon.colcon_core.verb:set package 'detection_interfaces' build argument 'cmake_clean_cache' from command line to 'False'
[4.635s] Level 5:colcon.colcon_core.verb:set package 'detection_interfaces' build argument 'cmake_clean_first' from command line to 'False'
[4.636s] Level 5:colcon.colcon_core.verb:set package 'detection_interfaces' build argument 'cmake_force_configure' from command line to 'False'
[4.636s] Level 5:colcon.colcon_core.verb:set package 'detection_interfaces' build argument 'ament_cmake_args' from command line to 'None'
[4.636s] Level 5:colcon.colcon_core.verb:set package 'detection_interfaces' build argument 'catkin_cmake_args' from command line to 'None'
[4.636s] Level 5:colcon.colcon_core.verb:set package 'detection_interfaces' build argument 'catkin_skip_building_tests' from command line to 'False'
[4.636s] DEBUG:colcon.colcon_core.verb:Building package 'detection_interfaces' with the following arguments: {'ament_cmake_args': None, 'build_base': '/home/soumo/ros2_ws/build/detection_interfaces', 'catkin_cmake_args': None, 'catkin_skip_building_tests': False, 'cmake_args': None, 'cmake_clean_cache': False, 'cmake_clean_first': False, 'cmake_force_configure': False, 'cmake_target': None, 'cmake_target_skip_unavailable': False, 'install_base': '/home/soumo/ros2_ws/install/detection_interfaces', 'merge_install': False, 'path': '/home/soumo/ros2_ws/src/detection_interfaces', 'symlink_install': True, 'test_result_base': None}
[4.691s] Level 5:colcon.colcon_core.verb:set package 'navigation' build argument 'cmake_args' from command line to 'None'
[4.691s] Level 5:colcon.colcon_core.verb:set package 'navigation' build argument 'cmake_target' from command line to 'None'
[4.692s] Level 5:colcon.colcon_core.verb:set package 'navigation' build argument 'cmake_target_skip_unavailable' from command line to 'False'
[4.692s] Level 5:colcon.colcon_core.verb:set package 'navigation' build argument 'cmake_clean_cache' from command line to 'False'
[4.692s] Level 5:colcon.colcon_core.verb:set package 'navigation' build argument 'cmake_clean_first' from command line to 'False'
[4.692s] Level 5:colcon.colcon_core.verb:set package 'navigation' build argument 'cmake_force_configure' from command line to 'False'
[4.692s] Level 5:colcon.colcon_core.verb:set package 'navigation' build argument 'ament_cmake_args' from command line to 'None'
[4.692s] Level 5:colcon.colcon_core.verb:set package 'navigation' build argument 'catkin_cmake_args' from command line to 'None'
[4.692s] Level 5:colcon.colcon_core.verb:set package 'navigation' build argument 'catkin_skip_building_tests' from command line to 'False'
[4.692s] DEBUG:colcon.colcon_core.verb:Building package 'navigation' with the following arguments: {'ament_cmake_args': None, 'build_base': '/home/soumo/ros2_ws/build/navigation', 'catkin_cmake_args': None, 'catkin_skip_building_tests': False, 'cmake_args': None, 'cmake_clean_cache': False, 'cmake_clean_first': False, 'cmake_force_configure': False, 'cmake_target': None, 'cmake_target_skip_unavailable': False, 'install_base': '/home/soumo/ros2_ws/install/navigation', 'merge_install': False, 'path': '/home/soumo/ros2_ws/src/navigation', 'symlink_install': True, 'test_result_base': None}
[4.751s] Level 5:colcon.colcon_core.verb:set package 'pothole_detection' build argument 'cmake_args' from command line to 'None'
[4.751s] Level 5:colcon.colcon_core.verb:set package 'pothole_detection' build argument 'cmake_target' from command line to 'None'
[4.751s] Level 5:colcon.colcon_core.verb:set package 'pothole_detection' build argument 'cmake_target_skip_unavailable' from command line to 'False'
[4.751s] Level 5:colcon.colcon_core.verb:set package 'pothole_detection' build argument 'cmake_clean_cache' from command line to 'False'
[4.751s] Level 5:colcon.colcon_core.verb:set package 'pothole_detection' build argument 'cmake_clean_first' from command line to 'False'
[4.751s] Level 5:colcon.colcon_core.verb:set package 'pothole_detection' build argument 'cmake_force_configure' from command line to 'False'
[4.751s] Level 5:colcon.colcon_core.verb:set package 'pothole_detection' build argument 'ament_cmake_args' from command line to 'None'
[4.752s] Level 5:colcon.colcon_core.verb:set package 'pothole_detection' build argument 'catkin_cmake_args' from command line to 'None'
[4.752s] Level 5:colcon.colcon_core.verb:set package 'pothole_detection' build argument 'catkin_skip_building_tests' from command line to 'False'
[4.752s] DEBUG:colcon.colcon_core.verb:Building package 'pothole_detection' with the following arguments: {'ament_cmake_args': None, 'build_base': '/home/soumo/ros2_ws/build/pothole_detection', 'catkin_cmake_args': None, 'catkin_skip_building_tests': False, 'cmake_args': None, 'cmake_clean_cache': False, 'cmake_clean_first': False, 'cmake_force_configure': False, 'cmake_target': None, 'cmake_target_skip_unavailable': False, 'install_base': '/home/soumo/ros2_ws/install/pothole_detection', 'merge_install': False, 'path': '/home/soumo/ros2_ws/src/pothole_detection', 'symlink_install': True, 'test_result_base': None}
[4.810s] INFO:colcon.colcon_core.executor:Executing jobs using 'parallel' executor
[4.876s] DEBUG:colcon.colcon_parallel_executor.executor.parallel:run_until_complete
[4.877s] INFO:colcon.colcon_ros.task.ament_cmake.build:Building ROS package in '/home/soumo/ros2_ws/src/detection_interfaces' with build type 'ament_cmake'
[4.878s] INFO:colcon.colcon_cmake.task.cmake.build:Building CMake package in '/home/soumo/ros2_ws/src/detection_interfaces'
[4.978s] INFO:colcon.colcon_core.plugin_system:Skipping extension 'colcon_core.shell.bat': Not used on non-Windows systems
[4.979s] INFO:colcon.colcon_core.shell:Skip shell extension 'powershell' for command environment: Not usable outside of PowerShell
[4.980s] DEBUG:colcon.colcon_core.shell:Skip shell extension 'dsv' for command environment
[5.318s] INFO:colcon.colcon_ros.task.ament_python.build:Building ROS package in '/home/soumo/ros2_ws/src/navigation' with build type 'ament_python'
[5.319s] Level 1:colcon.colcon_core.shell:create_environment_hook('navigation', 'ament_prefix_path')
[5.380s] INFO:colcon.colcon_core.shell:Creating environment hook '/home/soumo/ros2_ws/install/navigation/share/navigation/hook/ament_prefix_path.ps1'
[5.383s] INFO:colcon.colcon_core.shell:Creating environment descriptor '/home/soumo/ros2_ws/install/navigation/share/navigation/hook/ament_prefix_path.dsv'
[5.386s] INFO:colcon.colcon_core.shell:Creating environment hook '/home/soumo/ros2_ws/install/navigation/share/navigation/hook/ament_prefix_path.sh'
[5.456s] INFO:colcon.colcon_core.shell:Skip shell extension 'powershell' for command environment: Not usable outside of PowerShell
[5.457s] DEBUG:colcon.colcon_core.shell:Skip shell extension 'dsv' for command environment
[5.664s] INFO:colcon.colcon_ros.task.ament_python.build:Building ROS package in '/home/soumo/ros2_ws/src/pothole_detection' with build type 'ament_python'
[5.666s] Level 1:colcon.colcon_core.shell:create_environment_hook('pothole_detection', 'ament_prefix_path')
[5.726s] INFO:colcon.colcon_core.shell:Creating environment hook '/home/soumo/ros2_ws/install/pothole_detection/share/pothole_detection/hook/ament_prefix_path.ps1'
[5.729s] INFO:colcon.colcon_core.shell:Creating environment descriptor '/home/soumo/ros2_ws/install/pothole_detection/share/pothole_detection/hook/ament_prefix_path.dsv'
[5.730s] INFO:colcon.colcon_core.shell:Creating environment hook '/home/soumo/ros2_ws/install/pothole_detection/share/pothole_detection/hook/ament_prefix_path.sh'
[5.781s] INFO:colcon.colcon_core.shell:Skip shell extension 'powershell' for command environment: Not usable outside of PowerShell
[5.782s] DEBUG:colcon.colcon_core.shell:Skip shell extension 'dsv' for command environment
[6.013s] DEBUG:colcon.colcon_core.event_handler.log_command:Invoking command in '/home/soumo/ros2_ws/build/detection_interfaces': CMAKE_PREFIX_PATH=${CMAKE_PREFIX_PATH}:/home/soumo/ros2_ws/install/pothole_detection:/home/soumo/ros2_ws/install/navigation:/opt/ros/humble /usr/bin/cmake --build /home/soumo/ros2_ws/build/detection_interfaces -- -j8 -l8
[7.297s] INFO:colcon.colcon_core.task.python.build:Building Python package in '/home/soumo/ros2_ws/src/navigation'
[7.337s] INFO:colcon.colcon_core.shell:Skip shell extension 'powershell' for command environment: Not usable outside of PowerShell
[7.338s] DEBUG:colcon.colcon_core.shell:Skip shell extension 'dsv' for command environment
[8.456s] INFO:colcon.colcon_core.task.python.build:Building Python package in '/home/soumo/ros2_ws/src/pothole_detection'
[8.511s] INFO:colcon.colcon_core.shell:Skip shell extension 'powershell' for command environment: Not usable outside of PowerShell
[8.511s] DEBUG:colcon.colcon_core.shell:Skip shell extension 'dsv' for command environment
[8.733s] DEBUG:colcon.colcon_core.event_handler.log_command:Invoked command in '/home/soumo/ros2_ws/build/detection_interfaces' returned '0': CMAKE_PREFIX_PATH=${CMAKE_PREFIX_PATH}:/home/soumo/ros2_ws/install/pothole_detection:/home/soumo/ros2_ws/install/navigation:/opt/ros/humble /usr/bin/cmake --build /home/soumo/ros2_ws/build/detection_interfaces -- -j8 -l8
[9.332s] DEBUG:colcon.colcon_core.event_handler.log_command:Invoking command in '/home/soumo/ros2_ws/build/detection_interfaces': CMAKE_PREFIX_PATH=${CMAKE_PREFIX_PATH}:/home/soumo/ros2_ws/install/pothole_detection:/home/soumo/ros2_ws/install/navigation:/opt/ros/humble /usr/bin/cmake --install /home/soumo/ros2_ws/build/detection_interfaces
[9.918s] Level 1:colcon.colcon_core.environment:create_environment_scripts_only(detection_interfaces)
[9.922s] DEBUG:colcon.colcon_core.event_handler.log_command:Invoked command in '/home/soumo/ros2_ws/build/detection_interfaces' returned '0': CMAKE_PREFIX_PATH=${CMAKE_PREFIX_PATH}:/home/soumo/ros2_ws/install/pothole_detection:/home/soumo/ros2_ws/install/navigation:/opt/ros/humble /usr/bin/cmake --install /home/soumo/ros2_ws/build/detection_interfaces
[10.017s] Level 1:colcon.colcon_core.environment:checking '/home/soumo/ros2_ws/install/detection_interfaces' for CMake module files
[10.023s] Level 1:colcon.colcon_core.environment:checking '/home/soumo/ros2_ws/install/detection_interfaces' for CMake config files
[10.029s] Level 1:colcon.colcon_core.shell:create_environment_hook('detection_interfaces', 'cmake_prefix_path')
[10.097s] INFO:colcon.colcon_core.shell:Creating environment hook '/home/soumo/ros2_ws/install/detection_interfaces/share/detection_interfaces/hook/cmake_prefix_path.ps1'
[10.101s] INFO:colcon.colcon_core.shell:Creating environment descriptor '/home/soumo/ros2_ws/install/detection_interfaces/share/detection_interfaces/hook/cmake_prefix_path.dsv'
[10.104s] INFO:colcon.colcon_core.shell:Creating environment hook '/home/soumo/ros2_ws/install/detection_interfaces/share/detection_interfaces/hook/cmake_prefix_path.sh'
[10.109s] Level 1:colcon.colcon_core.environment:checking '/home/soumo/ros2_ws/install/detection_interfaces/lib'
[10.110s] Level 1:colcon.colcon_core.shell:create_environment_hook('detection_interfaces', 'ld_library_path_lib')
[10.176s] INFO:colcon.colcon_core.shell:Creating environment hook '/home/soumo/ros2_ws/install/detection_interfaces/share/detection_interfaces/hook/ld_library_path_lib.ps1'
[10.178s] INFO:colcon.colcon_core.shell:Creating environment descriptor '/home/soumo/ros2_ws/install/detection_interfaces/share/detection_interfaces/hook/ld_library_path_lib.dsv'
[10.180s] INFO:colcon.colcon_core.shell:Creating environment hook '/home/soumo/ros2_ws/install/detection_interfaces/share/detection_interfaces/hook/ld_library_path_lib.sh'
[10.183s] Level 1:colcon.colcon_core.environment:checking '/home/soumo/ros2_ws/install/detection_interfaces/bin'
[10.184s] Level 1:colcon.colcon_core.environment:checking '/home/soumo/ros2_ws/install/detection_interfaces/lib/pkgconfig/detection_interfaces.pc'
[10.186s] Level 1:colcon.colcon_core.environment:checking '/home/soumo/ros2_ws/install/detection_interfaces/lib/python3.10/site-packages'
[10.188s] Level 1:colcon.colcon_core.environment:checking '/home/soumo/ros2_ws/install/detection_interfaces/bin'
[10.268s] INFO:colcon.colcon_core.shell:Creating package script '/home/soumo/ros2_ws/install/detection_interfaces/share/detection_interfaces/package.ps1'
[10.272s] INFO:colcon.colcon_core.shell:Creating package descriptor '/home/soumo/ros2_ws/install/detection_interfaces/share/detection_interfaces/package.dsv'
[10.277s] INFO:colcon.colcon_core.shell:Creating package script '/home/soumo/ros2_ws/install/detection_interfaces/share/detection_interfaces/package.sh'
[10.282s] INFO:colcon.colcon_core.shell:Creating package script '/home/soumo/ros2_ws/install/detection_interfaces/share/detection_interfaces/package.bash'
[10.287s] INFO:colcon.colcon_core.shell:Creating package script '/home/soumo/ros2_ws/install/detection_interfaces/share/detection_interfaces/package.zsh'
[10.292s] Level 1:colcon.colcon_core.environment:create_file_with_runtime_dependencies(/home/soumo/ros2_ws/install/detection_interfaces/share/colcon-core/packages/detection_interfaces)
[10.623s] DEBUG:colcon.colcon_core.event_handler.log_command:Invoking command in '/home/soumo/ros2_ws/build/navigation': PYTHONPATH=/home/soumo/ros2_ws/build/navigation/prefix_override:/home/soumo/ros2_ws/install/navigation/lib/python3.10/site-packages:${PYTHONPATH} /usr/bin/python3 setup.py develop --editable --build-directory /home/soumo/ros2_ws/build/navigation/build --no-deps install_data
[10.626s] DEBUG:colcon.colcon_core.event_handler.log_command:Invoking command in '/home/soumo/ros2_ws/build/pothole_detection': PYTHONPATH=/home/soumo/ros2_ws/build/pothole_detection/prefix_override:/home/soumo/ros2_ws/install/pothole_detection/lib/python3.10/site-packages:${PYTHONPATH} /usr/bin/python3 setup.py develop --editable --build-directory /home/soumo/ros2_ws/build/pothole_detection/build --no-deps install_data
[10.677s] Level 1:colcon.colcon_core.environment:create_environment_scripts_only(detection_interfaces)
[10.717s] Level 1:colcon.colcon_core.environment:checking '/home/soumo/ros2_ws/install/detection_interfaces' for CMake module files
[10.718s] Level 1:colcon.colcon_core.environment:checking '/home/soumo/ros2_ws/install/detection_interfaces' for CMake config files
[10.719s] Level 1:colcon.colcon_core.shell:create_environment_hook('detection_interfaces', 'cmake_prefix_path')
[10.762s] INFO:colcon.colcon_core.shell:Creating environment hook '/home/soumo/ros2_ws/install/detection_interfaces/share/detection_interfaces/hook/cmake_prefix_path.ps1'
[10.764s] INFO:colcon.colcon_core.shell:Creating environment descriptor '/home/soumo/ros2_ws/install/detection_interfaces/share/detection_interfaces/hook/cmake_prefix_path.dsv'
[10.764s] INFO:colcon.colcon_core.shell:Creating environment hook '/home/soumo/ros2_ws/install/detection_interfaces/share/detection_interfaces/hook/cmake_prefix_path.sh'
[10.766s] Level 1:colcon.colcon_core.environment:checking '/home/soumo/ros2_ws/install/detection_interfaces/lib'
[10.766s] Level 1:colcon.colcon_core.shell:create_environment_hook('detection_interfaces', 'ld_library_path_lib')
[10.808s] INFO:colcon.colcon_core.shell:Creating environment hook '/home/soumo/ros2_ws/install/detection_interfaces/share/detection_interfaces/hook/ld_library_path_lib.ps1'
[10.809s] INFO:colcon.colcon_core.shell:Creating environment descriptor '/home/soumo/ros2_ws/install/detection_interfaces/share/detection_interfaces/hook/ld_library_path_lib.dsv'
[10.810s] INFO:colcon.colcon_core.shell:Creating environment hook '/home/soumo/ros2_ws/install/detection_interfaces/share/detection_interfaces/hook/ld_library_path_lib.sh'
[10.811s] Level 1:colcon.colcon_core.environment:checking '/home/soumo/ros2_ws/install/detection_interfaces/bin'
[10.812s] Level 1:colcon.colcon_core.environment:checking '/home/soumo/ros2_ws/install/detection_interfaces/lib/pkgconfig/detection_interfaces.pc'
[10.813s] Level 1:colcon.colcon_core.environment:checking '/home/soumo/ros2_ws/install/detection_interfaces/lib/python3.10/site-packages'
[10.813s] Level 1:colcon.colcon_core.environment:checking '/home/soumo/ros2_ws/install/detection_interfaces/bin'
[10.854s] INFO:colcon.colcon_core.shell:Creating package script '/home/soumo/ros2_ws/install/detection_interfaces/share/detection_interfaces/package.ps1'
[10.855s] INFO:colcon.colcon_core.shell:Creating package descriptor '/home/soumo/ros2_ws/install/detection_interfaces/share/detection_interfaces/package.dsv'
[10.857s] INFO:colcon.colcon_core.shell:Creating package script '/home/soumo/ros2_ws/install/detection_interfaces/share/detection_interfaces/package.sh'
[10.858s] INFO:colcon.colcon_core.shell:Creating package script '/home/soumo/ros2_ws/install/detection_interfaces/share/detection_interfaces/package.bash'
[10.859s] INFO:colcon.colcon_core.shell:Creating package script '/home/soumo/ros2_ws/install/detection_interfaces/share/detection_interfaces/package.zsh'
[10.860s] Level 1:colcon.colcon_core.environment:create_file_with_runtime_dependencies(/home/soumo/ros2_ws/install/detection_interfaces/share/colcon-core/packages/detection_interfaces)
[12.810s] Level 1:colcon.colcon_core.shell:create_environment_hook('pothole_detection', 'pythonpath_develop')
[12.812s] DEBUG:colcon.colcon_core.event_handler.log_command:Invoked command in '/home/soumo/ros2_ws/build/pothole_detection' returned '0': PYTHONPATH=/home/soumo/ros2_ws/build/pothole_detection/prefix_override:/home/soumo/ros2_ws/install/pothole_detection/lib/python3.10/site-packages:${PYTHONPATH} /usr/bin/python3 setup.py develop --editable --build-directory /home/soumo/ros2_ws/build/pothole_detection/build --no-deps install_data
[12.867s] INFO:colcon.colcon_core.shell:Creating environment hook '/home/soumo/ros2_ws/build/pothole_detection/share/pothole_detection/hook/pythonpath_develop.ps1'
[12.869s] INFO:colcon.colcon_core.shell:Creating environment descriptor '/home/soumo/ros2_ws/build/pothole_detection/share/pothole_detection/hook/pythonpath_develop.dsv'
[12.872s] INFO:colcon.colcon_core.shell:Creating environment hook '/home/soumo/ros2_ws/build/pothole_detection/share/pothole_detection/hook/pythonpath_develop.sh'
[12.927s] Level 1:colcon.colcon_core.environment:checking '/home/soumo/ros2_ws/install/pothole_detection' for CMake module files
[12.930s] Level 1:colcon.colcon_core.environment:checking '/home/soumo/ros2_ws/install/pothole_detection' for CMake config files
[12.932s] Level 1:colcon.colcon_core.environment:checking '/home/soumo/ros2_ws/install/pothole_detection/lib'
[12.933s] Level 1:colcon.colcon_core.environment:checking '/home/soumo/ros2_ws/install/pothole_detection/bin'
[12.933s] Level 1:colcon.colcon_core.environment:checking '/home/soumo/ros2_ws/install/pothole_detection/lib/pkgconfig/pothole_detection.pc'
[12.933s] Level 1:colcon.colcon_core.environment:checking '/home/soumo/ros2_ws/install/pothole_detection/lib/python3.10/site-packages'
[12.934s] Level 1:colcon.colcon_core.shell:create_environment_hook('pothole_detection', 'pythonpath')
[12.982s] INFO:colcon.colcon_core.shell:Creating environment hook '/home/soumo/ros2_ws/install/pothole_detection/share/pothole_detection/hook/pythonpath.ps1'
[12.985s] INFO:colcon.colcon_core.shell:Creating environment descriptor '/home/soumo/ros2_ws/install/pothole_detection/share/pothole_detection/hook/pythonpath.dsv'
[12.988s] INFO:colcon.colcon_core.shell:Creating environment hook '/home/soumo/ros2_ws/install/pothole_detection/share/pothole_detection/hook/pythonpath.sh'
[12.991s] Level 1:colcon.colcon_core.environment:checking '/home/soumo/ros2_ws/install/pothole_detection/bin'
[12.992s] Level 1:colcon.colcon_core.environment:create_environment_scripts_only(pothole_detection)
[13.040s] INFO:colcon.colcon_core.shell:Creating package script '/home/soumo/ros2_ws/install/pothole_detection/share/pothole_detection/package.ps1'
[13.044s] INFO:colcon.colcon_core.shell:Creating package descriptor '/home/soumo/ros2_ws/install/pothole_detection/share/pothole_detection/package.dsv'
[13.048s] INFO:colcon.colcon_core.shell:Creating package script '/home/soumo/ros2_ws/install/pothole_detection/share/pothole_detection/package.sh'
[13.052s] INFO:colcon.colcon_core.shell:Creating package script '/home/soumo/ros2_ws/install/pothole_detection/share/pothole_detection/package.bash'
[13.054s] INFO:colcon.colcon_core.shell:Creating package script '/home/soumo/ros2_ws/install/pothole_detection/share/pothole_detection/package.zsh'
[13.056s] Level 1:colcon.colcon_core.environment:create_file_with_runtime_dependencies(/home/soumo/ros2_ws/install/pothole_detection/share/colcon-core/packages/pothole_detection)
[13.062s] Level 1:colcon.colcon_core.shell:create_environment_hook('navigation', 'pythonpath_develop')
[13.065s] DEBUG:colcon.colcon_core.event_handler.log_command:Invoked command in '/home/soumo/ros2_ws/build/navigation' returned '0': PYTHONPATH=/home/soumo/ros2_ws/build/navigation/prefix_override:/home/soumo/ros2_ws/install/navigation/lib/python3.10/site-packages:${PYTHONPATH} /usr/bin/python3 setup.py develop --editable --build-directory /home/soumo/ros2_ws/build/navigation/build --no-deps install_data
[13.121s] INFO:colcon.colcon_core.shell:Creating environment hook '/home/soumo/ros2_ws/build/navigation/share/navigation/hook/pythonpath_develop.ps1'
[13.123s] INFO:colcon.colcon_core.shell:Creating environment descriptor '/home/soumo/ros2_ws/build/navigation/share/navigation/hook/pythonpath_develop.dsv'
[13.125s] INFO:colcon.colcon_core.shell:Creating environment hook '/home/soumo/ros2_ws/build/navigation/share/navigation/hook/pythonpath_develop.sh'
[13.173s] Level 1:colcon.colcon_core.environment:checking '/home/soumo/ros2_ws/install/navigation' for CMake module files
[13.174s] Level 1:colcon.colcon_core.environment:checking '/home/soumo/ros2_ws/install/navigation' for CMake config files
[13.178s] Level 1:colcon.colcon_core.environment:checking '/home/soumo/ros2_ws/install/navigation/lib'
[13.178s] Level 1:colcon.colcon_core.environment:checking '/home/soumo/ros2_ws/install/navigation/bin'
[13.178s] Level 1:colcon.colcon_core.environment:checking '/home/soumo/ros2_ws/install/navigation/lib/pkgconfig/navigation.pc'
[13.180s] Level 1:colcon.colcon_core.environment:checking '/home/soumo/ros2_ws/install/navigation/lib/python3.10/site-packages'
[13.180s] Level 1:colcon.colcon_core.shell:create_environment_hook('navigation', 'pythonpath')
[13.228s] INFO:colcon.colcon_core.shell:Creating environment hook '/home/soumo/ros2_ws/install/navigation/share/navigation/hook/pythonpath.ps1'
[13.230s] INFO:colcon.colcon_core.shell:Creating environment descriptor '/home/soumo/ros2_ws/install/navigation/share/navigation/hook/pythonpath.dsv'
[13.231s] INFO:colcon.colcon_core.shell:Creating environment hook '/home/soumo/ros2_ws/install/navigation/share/navigation/hook/pythonpath.sh'
[13.233s] Level 1:colcon.colcon_core.environment:checking '/home/soumo/ros2_ws/install/navigation/bin'
[13.233s] Level 1:colcon.colcon_core.environment:create_environment_scripts_only(navigation)
[13.278s] INFO:colcon.colcon_core.shell:Creating package script '/home/soumo/ros2_ws/install/navigation/share/navigation/package.ps1'
[13.281s] INFO:colcon.colcon_core.shell:Creating package descriptor '/home/soumo/ros2_ws/install/navigation/share/navigation/package.dsv'
[13.283s] INFO:colcon.colcon_core.shell:Creating package script '/home/soumo/ros2_ws/install/navigation/share/navigation/package.sh'
[13.284s] INFO:colcon.colcon_core.shell:Creating package script '/home/soumo/ros2_ws/install/navigation/share/navigation/package.bash'
[13.287s] INFO:colcon.colcon_core.shell:Creating package script '/home/soumo/ros2_ws/install/navigation/share/navigation/package.zsh'
[13.289s] Level 1:colcon.colcon_core.environment:create_file_with_runtime_dependencies(/home/soumo/ros2_ws/install/navigation/share/colcon-core/packages/navigation)
[13.291s] DEBUG:colcon.colcon_parallel_executor.executor.parallel:closing loop
[13.292s] DEBUG:colcon.colcon_parallel_executor.executor.parallel:loop closed
[13.293s] DEBUG:colcon.colcon_parallel_executor.executor.parallel:run_until_complete finished with '0'
[13.293s] DEBUG:colcon.colcon_core.event_reactor:joining thread
[13.366s] INFO:colcon.colcon_core.plugin_system:Skipping extension 'colcon_notification.desktop_notification.terminal_notifier': Not used on non-Darwin systems
[13.367s] INFO:colcon.colcon_core.plugin_system:Skipping extension 'colcon_notification.desktop_notification.win32': Not used on non-Windows systems
[13.368s] INFO:colcon.colcon_notification.desktop_notification:Sending desktop notification using 'notify2'
[13.435s] DEBUG:colcon.colcon_core.event_reactor:joined thread
[13.492s] INFO:colcon.colcon_core.shell:Creating prefix script '/home/soumo/ros2_ws/install/local_setup.ps1'
[13.497s] INFO:colcon.colcon_core.shell:Creating prefix util module '/home/soumo/ros2_ws/install/_local_setup_util_ps1.py'
[13.504s] INFO:colcon.colcon_core.shell:Creating prefix chain script '/home/soumo/ros2_ws/install/setup.ps1'
[13.580s] INFO:colcon.colcon_core.shell:Creating prefix script '/home/soumo/ros2_ws/install/local_setup.sh'
[13.582s] INFO:colcon.colcon_core.shell:Creating prefix util module '/home/soumo/ros2_ws/install/_local_setup_util_sh.py'
[13.584s] INFO:colcon.colcon_core.shell:Creating prefix chain script '/home/soumo/ros2_ws/install/setup.sh'
[13.662s] INFO:colcon.colcon_core.shell:Creating prefix script '/home/soumo/ros2_ws/install/local_setup.bash'
[13.667s] INFO:colcon.colcon_core.shell:Creating prefix chain script '/home/soumo/ros2_ws/install/setup.bash'
[13.740s] INFO:colcon.colcon_core.shell:Creating prefix script '/home/soumo/ros2_ws/install/local_setup.zsh'
[13.743s] INFO:colcon.colcon_core.shell:Creating prefix chain script '/home/soumo/ros2_ws/install/setup.zsh'
