[6.479s] Invoking command in '/home/soumo/robot_programming/build/pothole_detection': PYTHONPATH=/home/soumo/robot_programming/build/pothole_detection/prefix_override:/home/soumo/robot_programming/install/pothole_detection/lib/python3.10/site-packages:${PYTHONPATH} /usr/bin/python3 setup.py develop --editable --build-directory /home/soumo/robot_programming/build/pothole_detection/build --no-deps install_data
[8.133s] running develop
[9.100s] running egg_info
[9.100s] writing pothole_detection.egg-info/PKG-INFO
[9.100s] writing dependency_links to pothole_detection.egg-info/dependency_links.txt
[9.101s] writing entry points to pothole_detection.egg-info/entry_points.txt
[9.101s] writing requirements to pothole_detection.egg-info/requires.txt
[9.101s] writing top-level names to pothole_detection.egg-info/top_level.txt
[9.109s] reading manifest file 'pothole_detection.egg-info/SOURCES.txt'
[9.116s] writing manifest file 'pothole_detection.egg-info/SOURCES.txt'
[9.327s] running build_ext
[9.330s] Creating /home/soumo/robot_programming/install/pothole_detection/lib/python3.10/site-packages/pothole-detection.egg-link (link to .)
[9.336s] Installing dataset_extraction script to /home/soumo/robot_programming/install/pothole_detection/lib/pothole_detection
[9.339s] Installing pothole_cluster script to /home/soumo/robot_programming/install/pothole_detection/lib/pothole_detection
[9.340s] Installing pothole_detection_opencv script to /home/soumo/robot_programming/install/pothole_detection/lib/pothole_detection
[9.341s] Installing pothole_detection_yolo script to /home/soumo/robot_programming/install/pothole_detection/lib/pothole_detection
[9.343s] Installing pothole_location1 script to /home/soumo/robot_programming/install/pothole_detection/lib/pothole_detection
[9.344s] 
[9.346s] Installed /home/soumo/robot_programming/build/pothole_detection
[9.347s] running install_data
[9.740s] Invoked command in '/home/soumo/robot_programming/build/pothole_detection' returned '0': PYTHONPATH=/home/soumo/robot_programming/build/pothole_detection/prefix_override:/home/soumo/robot_programming/install/pothole_detection/lib/python3.10/site-packages:${PYTHONPATH} /usr/bin/python3 setup.py develop --editable --build-directory /home/soumo/robot_programming/build/pothole_detection/build --no-deps install_data
