[4.459s] DEBUG:colcon:Command line arguments: ['/usr/bin/colcon', 'build', '--symlink-install']
[4.459s] DEBUG:colcon:Parsed command line arguments: Namespace(log_base=None, log_level=None, verb_name='build', build_base='build', install_base='install', merge_install=False, symlink_install=True, test_result_base=None, continue_on_error=False, executor='parallel', parallel_workers=8, event_handlers=None, ignore_user_meta=False, metas=['./colcon.meta'], base_paths=['.'], packages_ignore=None, packages_ignore_regex=None, paths=None, packages_up_to=None, packages_up_to_regex=None, packages_above=None, packages_above_and_dependencies=None, packages_above_depth=None, packages_select_by_dep=None, packages_skip_by_dep=None, packages_skip_up_to=None, packages_select_build_failed=False, packages_skip_build_finished=False, packages_select_test_failures=False, packages_skip_test_passed=False, packages_select=None, packages_skip=None, packages_select_regex=None, packages_skip_regex=None, packages_start=None, packages_end=None, cmake_args=None, cmake_target=None, cmake_target_skip_unavailable=False, cmake_clean_cache=False, cmake_clean_first=False, cmake_force_configure=False, ament_cmake_args=None, catkin_cmake_args=None, catkin_skip_building_tests=False, verb_parser=<colcon_defaults.argument_parser.defaults.DefaultArgumentsDecorator object at 0x7f7e3e7f2c20>, verb_extension=<colcon_core.verb.build.BuildVerb object at 0x7f7e3e7f1ed0>, main=<bound method BuildVerb.main of <colcon_core.verb.build.BuildVerb object at 0x7f7e3e7f1ed0>>)
[4.674s] Level 1:colcon.colcon_core.package_discovery:discover_packages(colcon_meta) check parameters
[4.674s] Level 1:colcon.colcon_core.package_discovery:discover_packages(recursive) check parameters
[4.674s] Level 1:colcon.colcon_core.package_discovery:discover_packages(ignore) check parameters
[4.674s] Level 1:colcon.colcon_core.package_discovery:discover_packages(path) check parameters
[4.674s] Level 1:colcon.colcon_core.package_discovery:discover_packages(colcon_meta) discover
[4.675s] Level 1:colcon.colcon_core.package_discovery:discover_packages(recursive) discover
[4.675s] INFO:colcon.colcon_core.package_discovery:Crawling recursively for packages in '/home/soumo/robot_programming'
[4.675s] Level 1:colcon.colcon_core.package_identification:_identify(.) by extensions ['ignore', 'ignore_ament_install']
[4.675s] Level 1:colcon.colcon_core.package_identification:_identify(.) by extension 'ignore'
[4.675s] Level 1:colcon.colcon_core.package_identification:_identify(.) by extension 'ignore_ament_install'
[4.676s] Level 1:colcon.colcon_core.package_identification:_identify(.) by extensions ['colcon_pkg']
[4.676s] Level 1:colcon.colcon_core.package_identification:_identify(.) by extension 'colcon_pkg'
[4.676s] Level 1:colcon.colcon_core.package_identification:_identify(.) by extensions ['colcon_meta']
[4.676s] Level 1:colcon.colcon_core.package_identification:_identify(.) by extension 'colcon_meta'
[4.676s] Level 1:colcon.colcon_core.package_identification:_identify(.) by extensions ['ros']
[4.676s] Level 1:colcon.colcon_core.package_identification:_identify(.) by extension 'ros'
[4.711s] Level 1:colcon.colcon_core.package_identification:_identify(.) by extensions ['cmake', 'python']
[4.711s] Level 1:colcon.colcon_core.package_identification:_identify(.) by extension 'cmake'
[4.711s] Level 1:colcon.colcon_core.package_identification:_identify(.) by extension 'python'
[4.711s] Level 1:colcon.colcon_core.package_identification:_identify(.) by extensions ['python_setup_py']
[4.711s] Level 1:colcon.colcon_core.package_identification:_identify(.) by extension 'python_setup_py'
[4.712s] Level 1:colcon.colcon_core.package_identification:_identify(build) by extensions ['ignore', 'ignore_ament_install']
[4.712s] Level 1:colcon.colcon_core.package_identification:_identify(build) by extension 'ignore'
[4.712s] Level 1:colcon.colcon_core.package_identification:_identify(build) ignored
[4.713s] Level 1:colcon.colcon_core.package_identification:_identify(install) by extensions ['ignore', 'ignore_ament_install']
[4.713s] Level 1:colcon.colcon_core.package_identification:_identify(install) by extension 'ignore'
[4.713s] Level 1:colcon.colcon_core.package_identification:_identify(install) ignored
[4.714s] Level 1:colcon.colcon_core.package_identification:_identify(log) by extensions ['ignore', 'ignore_ament_install']
[4.714s] Level 1:colcon.colcon_core.package_identification:_identify(log) by extension 'ignore'
[4.714s] Level 1:colcon.colcon_core.package_identification:_identify(log) ignored
[4.715s] Level 1:colcon.colcon_core.package_identification:_identify(src) by extensions ['ignore', 'ignore_ament_install']
[4.715s] Level 1:colcon.colcon_core.package_identification:_identify(src) by extension 'ignore'
[4.715s] Level 1:colcon.colcon_core.package_identification:_identify(src) by extension 'ignore_ament_install'
[4.715s] Level 1:colcon.colcon_core.package_identification:_identify(src) by extensions ['colcon_pkg']
[4.715s] Level 1:colcon.colcon_core.package_identification:_identify(src) by extension 'colcon_pkg'
[4.715s] Level 1:colcon.colcon_core.package_identification:_identify(src) by extensions ['colcon_meta']
[4.715s] Level 1:colcon.colcon_core.package_identification:_identify(src) by extension 'colcon_meta'
[4.716s] Level 1:colcon.colcon_core.package_identification:_identify(src) by extensions ['ros']
[4.716s] Level 1:colcon.colcon_core.package_identification:_identify(src) by extension 'ros'
[4.716s] Level 1:colcon.colcon_core.package_identification:_identify(src) by extensions ['cmake', 'python']
[4.716s] Level 1:colcon.colcon_core.package_identification:_identify(src) by extension 'cmake'
[4.716s] Level 1:colcon.colcon_core.package_identification:_identify(src) by extension 'python'
[4.716s] Level 1:colcon.colcon_core.package_identification:_identify(src) by extensions ['python_setup_py']
[4.716s] Level 1:colcon.colcon_core.package_identification:_identify(src) by extension 'python_setup_py'
[4.717s] Level 1:colcon.colcon_core.package_identification:_identify(src/detection_interfaces) by extensions ['ignore', 'ignore_ament_install']
[4.717s] Level 1:colcon.colcon_core.package_identification:_identify(src/detection_interfaces) by extension 'ignore'
[4.717s] Level 1:colcon.colcon_core.package_identification:_identify(src/detection_interfaces) by extension 'ignore_ament_install'
[4.717s] Level 1:colcon.colcon_core.package_identification:_identify(src/detection_interfaces) by extensions ['colcon_pkg']
[4.717s] Level 1:colcon.colcon_core.package_identification:_identify(src/detection_interfaces) by extension 'colcon_pkg'
[4.717s] Level 1:colcon.colcon_core.package_identification:_identify(src/detection_interfaces) by extensions ['colcon_meta']
[4.717s] Level 1:colcon.colcon_core.package_identification:_identify(src/detection_interfaces) by extension 'colcon_meta'
[4.718s] Level 1:colcon.colcon_core.package_identification:_identify(src/detection_interfaces) by extensions ['ros']
[4.718s] Level 1:colcon.colcon_core.package_identification:_identify(src/detection_interfaces) by extension 'ros'
[4.724s] DEBUG:colcon.colcon_core.package_identification:Package 'src/detection_interfaces' with type 'ros.ament_cmake' and name 'detection_interfaces'
[4.725s] Level 1:colcon.colcon_core.package_identification:_identify(src/limo_pothole_detection_navigation_bringup) by extensions ['ignore', 'ignore_ament_install']
[4.725s] Level 1:colcon.colcon_core.package_identification:_identify(src/limo_pothole_detection_navigation_bringup) by extension 'ignore'
[4.725s] Level 1:colcon.colcon_core.package_identification:_identify(src/limo_pothole_detection_navigation_bringup) by extension 'ignore_ament_install'
[4.725s] Level 1:colcon.colcon_core.package_identification:_identify(src/limo_pothole_detection_navigation_bringup) by extensions ['colcon_pkg']
[4.726s] Level 1:colcon.colcon_core.package_identification:_identify(src/limo_pothole_detection_navigation_bringup) by extension 'colcon_pkg'
[4.726s] Level 1:colcon.colcon_core.package_identification:_identify(src/limo_pothole_detection_navigation_bringup) by extensions ['colcon_meta']
[4.726s] Level 1:colcon.colcon_core.package_identification:_identify(src/limo_pothole_detection_navigation_bringup) by extension 'colcon_meta'
[4.726s] Level 1:colcon.colcon_core.package_identification:_identify(src/limo_pothole_detection_navigation_bringup) by extensions ['ros']
[4.726s] Level 1:colcon.colcon_core.package_identification:_identify(src/limo_pothole_detection_navigation_bringup) by extension 'ros'
[4.728s] DEBUG:colcon.colcon_core.package_identification:Package 'src/limo_pothole_detection_navigation_bringup' with type 'ros.ament_cmake' and name 'limo_pothole_detection_navigation_bringup'
[4.728s] Level 1:colcon.colcon_core.package_identification:_identify(src/map) by extensions ['ignore', 'ignore_ament_install']
[4.729s] Level 1:colcon.colcon_core.package_identification:_identify(src/map) by extension 'ignore'
[4.729s] Level 1:colcon.colcon_core.package_identification:_identify(src/map) by extension 'ignore_ament_install'
[4.729s] Level 1:colcon.colcon_core.package_identification:_identify(src/map) by extensions ['colcon_pkg']
[4.729s] Level 1:colcon.colcon_core.package_identification:_identify(src/map) by extension 'colcon_pkg'
[4.729s] Level 1:colcon.colcon_core.package_identification:_identify(src/map) by extensions ['colcon_meta']
[4.729s] Level 1:colcon.colcon_core.package_identification:_identify(src/map) by extension 'colcon_meta'
[4.730s] Level 1:colcon.colcon_core.package_identification:_identify(src/map) by extensions ['ros']
[4.730s] Level 1:colcon.colcon_core.package_identification:_identify(src/map) by extension 'ros'
[4.730s] Level 1:colcon.colcon_core.package_identification:_identify(src/map) by extensions ['cmake', 'python']
[4.730s] Level 1:colcon.colcon_core.package_identification:_identify(src/map) by extension 'cmake'
[4.730s] Level 1:colcon.colcon_core.package_identification:_identify(src/map) by extension 'python'
[4.730s] Level 1:colcon.colcon_core.package_identification:_identify(src/map) by extensions ['python_setup_py']
[4.730s] Level 1:colcon.colcon_core.package_identification:_identify(src/map) by extension 'python_setup_py'
[4.731s] Level 1:colcon.colcon_core.package_identification:_identify(src/navigation) by extensions ['ignore', 'ignore_ament_install']
[4.731s] Level 1:colcon.colcon_core.package_identification:_identify(src/navigation) by extension 'ignore'
[4.731s] Level 1:colcon.colcon_core.package_identification:_identify(src/navigation) by extension 'ignore_ament_install'
[4.731s] Level 1:colcon.colcon_core.package_identification:_identify(src/navigation) by extensions ['colcon_pkg']
[4.731s] Level 1:colcon.colcon_core.package_identification:_identify(src/navigation) by extension 'colcon_pkg'
[4.731s] Level 1:colcon.colcon_core.package_identification:_identify(src/navigation) by extensions ['colcon_meta']
[4.731s] Level 1:colcon.colcon_core.package_identification:_identify(src/navigation) by extension 'colcon_meta'
[4.731s] Level 1:colcon.colcon_core.package_identification:_identify(src/navigation) by extensions ['ros']
[4.732s] Level 1:colcon.colcon_core.package_identification:_identify(src/navigation) by extension 'ros'
[4.734s] DEBUG:colcon.colcon_core.package_identification:Package 'src/navigation' with type 'ros.ament_python' and name 'navigation'
[4.734s] Level 1:colcon.colcon_core.package_identification:_identify(src/pothole_detection) by extensions ['ignore', 'ignore_ament_install']
[4.734s] Level 1:colcon.colcon_core.package_identification:_identify(src/pothole_detection) by extension 'ignore'
[4.734s] Level 1:colcon.colcon_core.package_identification:_identify(src/pothole_detection) by extension 'ignore_ament_install'
[4.735s] Level 1:colcon.colcon_core.package_identification:_identify(src/pothole_detection) by extensions ['colcon_pkg']
[4.735s] Level 1:colcon.colcon_core.package_identification:_identify(src/pothole_detection) by extension 'colcon_pkg'
[4.735s] Level 1:colcon.colcon_core.package_identification:_identify(src/pothole_detection) by extensions ['colcon_meta']
[4.735s] Level 1:colcon.colcon_core.package_identification:_identify(src/pothole_detection) by extension 'colcon_meta'
[4.735s] Level 1:colcon.colcon_core.package_identification:_identify(src/pothole_detection) by extensions ['ros']
[4.735s] Level 1:colcon.colcon_core.package_identification:_identify(src/pothole_detection) by extension 'ros'
[4.737s] DEBUG:colcon.colcon_core.package_identification:Package 'src/pothole_detection' with type 'ros.ament_python' and name 'pothole_detection'
[4.738s] Level 1:colcon.colcon_core.package_discovery:discover_packages(recursive) using defaults
[4.738s] Level 1:colcon.colcon_core.package_discovery:discover_packages(ignore) discover
[4.738s] Level 1:colcon.colcon_core.package_discovery:discover_packages(ignore) using defaults
[4.738s] Level 1:colcon.colcon_core.package_discovery:discover_packages(path) discover
[4.738s] Level 1:colcon.colcon_core.package_discovery:discover_packages(path) using defaults
[5.031s] Level 5:colcon.colcon_core.verb:set package 'detection_interfaces' build argument 'cmake_args' from command line to 'None'
[5.031s] Level 5:colcon.colcon_core.verb:set package 'detection_interfaces' build argument 'cmake_target' from command line to 'None'
[5.031s] Level 5:colcon.colcon_core.verb:set package 'detection_interfaces' build argument 'cmake_target_skip_unavailable' from command line to 'False'
[5.031s] Level 5:colcon.colcon_core.verb:set package 'detection_interfaces' build argument 'cmake_clean_cache' from command line to 'False'
[5.031s] Level 5:colcon.colcon_core.verb:set package 'detection_interfaces' build argument 'cmake_clean_first' from command line to 'False'
[5.031s] Level 5:colcon.colcon_core.verb:set package 'detection_interfaces' build argument 'cmake_force_configure' from command line to 'False'
[5.031s] Level 5:colcon.colcon_core.verb:set package 'detection_interfaces' build argument 'ament_cmake_args' from command line to 'None'
[5.031s] Level 5:colcon.colcon_core.verb:set package 'detection_interfaces' build argument 'catkin_cmake_args' from command line to 'None'
[5.031s] Level 5:colcon.colcon_core.verb:set package 'detection_interfaces' build argument 'catkin_skip_building_tests' from command line to 'False'
[5.032s] DEBUG:colcon.colcon_core.verb:Building package 'detection_interfaces' with the following arguments: {'ament_cmake_args': None, 'build_base': '/home/soumo/robot_programming/build/detection_interfaces', 'catkin_cmake_args': None, 'catkin_skip_building_tests': False, 'cmake_args': None, 'cmake_clean_cache': False, 'cmake_clean_first': False, 'cmake_force_configure': False, 'cmake_target': None, 'cmake_target_skip_unavailable': False, 'install_base': '/home/soumo/robot_programming/install/detection_interfaces', 'merge_install': False, 'path': '/home/soumo/robot_programming/src/detection_interfaces', 'symlink_install': True, 'test_result_base': None}
[5.082s] Level 5:colcon.colcon_core.verb:set package 'limo_pothole_detection_navigation_bringup' build argument 'cmake_args' from command line to 'None'
[5.082s] Level 5:colcon.colcon_core.verb:set package 'limo_pothole_detection_navigation_bringup' build argument 'cmake_target' from command line to 'None'
[5.082s] Level 5:colcon.colcon_core.verb:set package 'limo_pothole_detection_navigation_bringup' build argument 'cmake_target_skip_unavailable' from command line to 'False'
[5.082s] Level 5:colcon.colcon_core.verb:set package 'limo_pothole_detection_navigation_bringup' build argument 'cmake_clean_cache' from command line to 'False'
[5.082s] Level 5:colcon.colcon_core.verb:set package 'limo_pothole_detection_navigation_bringup' build argument 'cmake_clean_first' from command line to 'False'
[5.082s] Level 5:colcon.colcon_core.verb:set package 'limo_pothole_detection_navigation_bringup' build argument 'cmake_force_configure' from command line to 'False'
[5.082s] Level 5:colcon.colcon_core.verb:set package 'limo_pothole_detection_navigation_bringup' build argument 'ament_cmake_args' from command line to 'None'
[5.082s] Level 5:colcon.colcon_core.verb:set package 'limo_pothole_detection_navigation_bringup' build argument 'catkin_cmake_args' from command line to 'None'
[5.082s] Level 5:colcon.colcon_core.verb:set package 'limo_pothole_detection_navigation_bringup' build argument 'catkin_skip_building_tests' from command line to 'False'
[5.082s] DEBUG:colcon.colcon_core.verb:Building package 'limo_pothole_detection_navigation_bringup' with the following arguments: {'ament_cmake_args': None, 'build_base': '/home/soumo/robot_programming/build/limo_pothole_detection_navigation_bringup', 'catkin_cmake_args': None, 'catkin_skip_building_tests': False, 'cmake_args': None, 'cmake_clean_cache': False, 'cmake_clean_first': False, 'cmake_force_configure': False, 'cmake_target': None, 'cmake_target_skip_unavailable': False, 'install_base': '/home/soumo/robot_programming/install/limo_pothole_detection_navigation_bringup', 'merge_install': False, 'path': '/home/soumo/robot_programming/src/limo_pothole_detection_navigation_bringup', 'symlink_install': True, 'test_result_base': None}
[5.132s] Level 5:colcon.colcon_core.verb:set package 'navigation' build argument 'cmake_args' from command line to 'None'
[5.132s] Level 5:colcon.colcon_core.verb:set package 'navigation' build argument 'cmake_target' from command line to 'None'
[5.133s] Level 5:colcon.colcon_core.verb:set package 'navigation' build argument 'cmake_target_skip_unavailable' from command line to 'False'
[5.133s] Level 5:colcon.colcon_core.verb:set package 'navigation' build argument 'cmake_clean_cache' from command line to 'False'
[5.133s] Level 5:colcon.colcon_core.verb:set package 'navigation' build argument 'cmake_clean_first' from command line to 'False'
[5.133s] Level 5:colcon.colcon_core.verb:set package 'navigation' build argument 'cmake_force_configure' from command line to 'False'
[5.133s] Level 5:colcon.colcon_core.verb:set package 'navigation' build argument 'ament_cmake_args' from command line to 'None'
[5.133s] Level 5:colcon.colcon_core.verb:set package 'navigation' build argument 'catkin_cmake_args' from command line to 'None'
[5.133s] Level 5:colcon.colcon_core.verb:set package 'navigation' build argument 'catkin_skip_building_tests' from command line to 'False'
[5.133s] DEBUG:colcon.colcon_core.verb:Building package 'navigation' with the following arguments: {'ament_cmake_args': None, 'build_base': '/home/soumo/robot_programming/build/navigation', 'catkin_cmake_args': None, 'catkin_skip_building_tests': False, 'cmake_args': None, 'cmake_clean_cache': False, 'cmake_clean_first': False, 'cmake_force_configure': False, 'cmake_target': None, 'cmake_target_skip_unavailable': False, 'install_base': '/home/soumo/robot_programming/install/navigation', 'merge_install': False, 'path': '/home/soumo/robot_programming/src/navigation', 'symlink_install': True, 'test_result_base': None}
[5.182s] Level 5:colcon.colcon_core.verb:set package 'pothole_detection' build argument 'cmake_args' from command line to 'None'
[5.183s] Level 5:colcon.colcon_core.verb:set package 'pothole_detection' build argument 'cmake_target' from command line to 'None'
[5.183s] Level 5:colcon.colcon_core.verb:set package 'pothole_detection' build argument 'cmake_target_skip_unavailable' from command line to 'False'
[5.183s] Level 5:colcon.colcon_core.verb:set package 'pothole_detection' build argument 'cmake_clean_cache' from command line to 'False'
[5.183s] Level 5:colcon.colcon_core.verb:set package 'pothole_detection' build argument 'cmake_clean_first' from command line to 'False'
[5.183s] Level 5:colcon.colcon_core.verb:set package 'pothole_detection' build argument 'cmake_force_configure' from command line to 'False'
[5.183s] Level 5:colcon.colcon_core.verb:set package 'pothole_detection' build argument 'ament_cmake_args' from command line to 'None'
[5.183s] Level 5:colcon.colcon_core.verb:set package 'pothole_detection' build argument 'catkin_cmake_args' from command line to 'None'
[5.183s] Level 5:colcon.colcon_core.verb:set package 'pothole_detection' build argument 'catkin_skip_building_tests' from command line to 'False'
[5.183s] DEBUG:colcon.colcon_core.verb:Building package 'pothole_detection' with the following arguments: {'ament_cmake_args': None, 'build_base': '/home/soumo/robot_programming/build/pothole_detection', 'catkin_cmake_args': None, 'catkin_skip_building_tests': False, 'cmake_args': None, 'cmake_clean_cache': False, 'cmake_clean_first': False, 'cmake_force_configure': False, 'cmake_target': None, 'cmake_target_skip_unavailable': False, 'install_base': '/home/soumo/robot_programming/install/pothole_detection', 'merge_install': False, 'path': '/home/soumo/robot_programming/src/pothole_detection', 'symlink_install': True, 'test_result_base': None}
[5.230s] INFO:colcon.colcon_core.executor:Executing jobs using 'parallel' executor
[5.280s] DEBUG:colcon.colcon_parallel_executor.executor.parallel:run_until_complete
[5.281s] INFO:colcon.colcon_ros.task.ament_cmake.build:Building ROS package in '/home/soumo/robot_programming/src/detection_interfaces' with build type 'ament_cmake'
[5.281s] INFO:colcon.colcon_cmake.task.cmake.build:Building CMake package in '/home/soumo/robot_programming/src/detection_interfaces'
[5.357s] INFO:colcon.colcon_core.plugin_system:Skipping extension 'colcon_core.shell.bat': Not used on non-Windows systems
[5.358s] INFO:colcon.colcon_core.shell:Skip shell extension 'powershell' for command environment: Not usable outside of PowerShell
[5.358s] DEBUG:colcon.colcon_core.shell:Skip shell extension 'dsv' for command environment
[5.623s] INFO:colcon.colcon_ros.task.ament_cmake.build:Building ROS package in '/home/soumo/robot_programming/src/limo_pothole_detection_navigation_bringup' with build type 'ament_cmake'
[5.623s] INFO:colcon.colcon_cmake.task.cmake.build:Building CMake package in '/home/soumo/robot_programming/src/limo_pothole_detection_navigation_bringup'
[5.678s] INFO:colcon.colcon_core.shell:Skip shell extension 'powershell' for command environment: Not usable outside of PowerShell
[5.678s] DEBUG:colcon.colcon_core.shell:Skip shell extension 'dsv' for command environment
[5.939s] INFO:colcon.colcon_ros.task.ament_python.build:Building ROS package in '/home/soumo/robot_programming/src/navigation' with build type 'ament_python'
[5.940s] Level 1:colcon.colcon_core.shell:create_environment_hook('navigation', 'ament_prefix_path')
[5.992s] INFO:colcon.colcon_core.shell:Creating environment hook '/home/soumo/robot_programming/install/navigation/share/navigation/hook/ament_prefix_path.ps1'
[5.993s] INFO:colcon.colcon_core.shell:Creating environment descriptor '/home/soumo/robot_programming/install/navigation/share/navigation/hook/ament_prefix_path.dsv'
[5.994s] INFO:colcon.colcon_core.shell:Creating environment hook '/home/soumo/robot_programming/install/navigation/share/navigation/hook/ament_prefix_path.sh'
[6.050s] INFO:colcon.colcon_core.shell:Skip shell extension 'powershell' for command environment: Not usable outside of PowerShell
[6.050s] DEBUG:colcon.colcon_core.shell:Skip shell extension 'dsv' for command environment
[6.324s] INFO:colcon.colcon_ros.task.ament_python.build:Building ROS package in '/home/soumo/robot_programming/src/pothole_detection' with build type 'ament_python'
[6.324s] Level 1:colcon.colcon_core.shell:create_environment_hook('pothole_detection', 'ament_prefix_path')
[6.377s] INFO:colcon.colcon_core.shell:Creating environment hook '/home/soumo/robot_programming/install/pothole_detection/share/pothole_detection/hook/ament_prefix_path.ps1'
[6.378s] INFO:colcon.colcon_core.shell:Creating environment descriptor '/home/soumo/robot_programming/install/pothole_detection/share/pothole_detection/hook/ament_prefix_path.dsv'
[6.379s] INFO:colcon.colcon_core.shell:Creating environment hook '/home/soumo/robot_programming/install/pothole_detection/share/pothole_detection/hook/ament_prefix_path.sh'
[6.432s] INFO:colcon.colcon_core.shell:Skip shell extension 'powershell' for command environment: Not usable outside of PowerShell
[6.432s] DEBUG:colcon.colcon_core.shell:Skip shell extension 'dsv' for command environment
[6.716s] DEBUG:colcon.colcon_core.event_handler.log_command:Invoking command in '/home/soumo/robot_programming/build/detection_interfaces': CMAKE_PREFIX_PATH=${CMAKE_PREFIX_PATH}:/home/soumo/robot_programming/install/pothole_detection:/home/soumo/robot_programming/install/navigation:/home/soumo/ros2_ws/install/pothole_detection:/home/soumo/ros2_ws/install/navigation:/opt/ros/humble /usr/bin/cmake --build /home/soumo/robot_programming/build/detection_interfaces -- -j8 -l8
[6.737s] DEBUG:colcon.colcon_core.event_handler.log_command:Invoking command in '/home/soumo/robot_programming/build/limo_pothole_detection_navigation_bringup': CMAKE_PREFIX_PATH=${CMAKE_PREFIX_PATH}:/home/soumo/robot_programming/install/pothole_detection:/home/soumo/robot_programming/install/navigation:/home/soumo/ros2_ws/install/pothole_detection:/home/soumo/ros2_ws/install/navigation:/opt/ros/humble /usr/bin/cmake --build /home/soumo/robot_programming/build/limo_pothole_detection_navigation_bringup -- -j8 -l8
[7.788s] INFO:colcon.colcon_core.task.python.build:Building Python package in '/home/soumo/robot_programming/src/navigation'
[7.841s] INFO:colcon.colcon_core.shell:Skip shell extension 'powershell' for command environment: Not usable outside of PowerShell
[7.841s] DEBUG:colcon.colcon_core.shell:Skip shell extension 'dsv' for command environment
[8.142s] DEBUG:colcon.colcon_core.event_handler.log_command:Invoked command in '/home/soumo/robot_programming/build/limo_pothole_detection_navigation_bringup' returned '0': CMAKE_PREFIX_PATH=${CMAKE_PREFIX_PATH}:/home/soumo/robot_programming/install/pothole_detection:/home/soumo/robot_programming/install/navigation:/home/soumo/ros2_ws/install/pothole_detection:/home/soumo/ros2_ws/install/navigation:/opt/ros/humble /usr/bin/cmake --build /home/soumo/robot_programming/build/limo_pothole_detection_navigation_bringup -- -j8 -l8
[9.045s] INFO:colcon.colcon_core.task.python.build:Building Python package in '/home/soumo/robot_programming/src/pothole_detection'
[9.099s] INFO:colcon.colcon_core.shell:Skip shell extension 'powershell' for command environment: Not usable outside of PowerShell
[9.099s] DEBUG:colcon.colcon_core.shell:Skip shell extension 'dsv' for command environment
[9.413s] DEBUG:colcon.colcon_core.event_handler.log_command:Invoked command in '/home/soumo/robot_programming/build/detection_interfaces' returned '0': CMAKE_PREFIX_PATH=${CMAKE_PREFIX_PATH}:/home/soumo/robot_programming/install/pothole_detection:/home/soumo/robot_programming/install/navigation:/home/soumo/ros2_ws/install/pothole_detection:/home/soumo/ros2_ws/install/navigation:/opt/ros/humble /usr/bin/cmake --build /home/soumo/robot_programming/build/detection_interfaces -- -j8 -l8
[9.463s] DEBUG:colcon.colcon_core.event_handler.log_command:Invoking command in '/home/soumo/robot_programming/build/limo_pothole_detection_navigation_bringup': CMAKE_PREFIX_PATH=${CMAKE_PREFIX_PATH}:/home/soumo/robot_programming/install/pothole_detection:/home/soumo/robot_programming/install/navigation:/home/soumo/ros2_ws/install/pothole_detection:/home/soumo/ros2_ws/install/navigation:/opt/ros/humble /usr/bin/cmake --install /home/soumo/robot_programming/build/limo_pothole_detection_navigation_bringup
[9.541s] Level 1:colcon.colcon_core.environment:create_environment_scripts_only(limo_pothole_detection_navigation_bringup)
[9.543s] DEBUG:colcon.colcon_core.event_handler.log_command:Invoked command in '/home/soumo/robot_programming/build/limo_pothole_detection_navigation_bringup' returned '0': CMAKE_PREFIX_PATH=${CMAKE_PREFIX_PATH}:/home/soumo/robot_programming/install/pothole_detection:/home/soumo/robot_programming/install/navigation:/home/soumo/ros2_ws/install/pothole_detection:/home/soumo/ros2_ws/install/navigation:/opt/ros/humble /usr/bin/cmake --install /home/soumo/robot_programming/build/limo_pothole_detection_navigation_bringup
[9.608s] Level 1:colcon.colcon_core.environment:checking '/home/soumo/robot_programming/install/limo_pothole_detection_navigation_bringup' for CMake module files
[9.610s] Level 1:colcon.colcon_core.environment:checking '/home/soumo/robot_programming/install/limo_pothole_detection_navigation_bringup' for CMake config files
[9.611s] Level 1:colcon.colcon_core.shell:create_environment_hook('limo_pothole_detection_navigation_bringup', 'cmake_prefix_path')
[9.671s] INFO:colcon.colcon_core.shell:Creating environment hook '/home/soumo/robot_programming/install/limo_pothole_detection_navigation_bringup/share/limo_pothole_detection_navigation_bringup/hook/cmake_prefix_path.ps1'
[9.673s] INFO:colcon.colcon_core.shell:Creating environment descriptor '/home/soumo/robot_programming/install/limo_pothole_detection_navigation_bringup/share/limo_pothole_detection_navigation_bringup/hook/cmake_prefix_path.dsv'
[9.674s] INFO:colcon.colcon_core.shell:Creating environment hook '/home/soumo/robot_programming/install/limo_pothole_detection_navigation_bringup/share/limo_pothole_detection_navigation_bringup/hook/cmake_prefix_path.sh'
[9.677s] Level 1:colcon.colcon_core.environment:checking '/home/soumo/robot_programming/install/limo_pothole_detection_navigation_bringup/bin'
[9.677s] Level 1:colcon.colcon_core.environment:checking '/home/soumo/robot_programming/install/limo_pothole_detection_navigation_bringup/lib/pkgconfig/limo_pothole_detection_navigation_bringup.pc'
[9.678s] Level 1:colcon.colcon_core.environment:checking '/home/soumo/robot_programming/install/limo_pothole_detection_navigation_bringup/lib/python3.10/site-packages'
[9.678s] Level 1:colcon.colcon_core.environment:checking '/home/soumo/robot_programming/install/limo_pothole_detection_navigation_bringup/bin'
[9.737s] INFO:colcon.colcon_core.shell:Creating package script '/home/soumo/robot_programming/install/limo_pothole_detection_navigation_bringup/share/limo_pothole_detection_navigation_bringup/package.ps1'
[9.741s] INFO:colcon.colcon_core.shell:Creating package descriptor '/home/soumo/robot_programming/install/limo_pothole_detection_navigation_bringup/share/limo_pothole_detection_navigation_bringup/package.dsv'
[9.743s] INFO:colcon.colcon_core.shell:Creating package script '/home/soumo/robot_programming/install/limo_pothole_detection_navigation_bringup/share/limo_pothole_detection_navigation_bringup/package.sh'
[9.746s] INFO:colcon.colcon_core.shell:Creating package script '/home/soumo/robot_programming/install/limo_pothole_detection_navigation_bringup/share/limo_pothole_detection_navigation_bringup/package.bash'
[9.749s] INFO:colcon.colcon_core.shell:Creating package script '/home/soumo/robot_programming/install/limo_pothole_detection_navigation_bringup/share/limo_pothole_detection_navigation_bringup/package.zsh'
[9.753s] Level 1:colcon.colcon_core.environment:create_file_with_runtime_dependencies(/home/soumo/robot_programming/install/limo_pothole_detection_navigation_bringup/share/colcon-core/packages/limo_pothole_detection_navigation_bringup)
[9.812s] DEBUG:colcon.colcon_core.event_handler.log_command:Invoking command in '/home/soumo/robot_programming/build/detection_interfaces': CMAKE_PREFIX_PATH=${CMAKE_PREFIX_PATH}:/home/soumo/robot_programming/install/pothole_detection:/home/soumo/robot_programming/install/navigation:/home/soumo/ros2_ws/install/pothole_detection:/home/soumo/ros2_ws/install/navigation:/opt/ros/humble /usr/bin/cmake --install /home/soumo/robot_programming/build/detection_interfaces
[9.959s] Level 1:colcon.colcon_core.environment:create_environment_scripts_only(limo_pothole_detection_navigation_bringup)
[10.030s] Level 1:colcon.colcon_core.environment:checking '/home/soumo/robot_programming/install/limo_pothole_detection_navigation_bringup' for CMake module files
[10.032s] Level 1:colcon.colcon_core.environment:checking '/home/soumo/robot_programming/install/limo_pothole_detection_navigation_bringup' for CMake config files
[10.033s] Level 1:colcon.colcon_core.shell:create_environment_hook('limo_pothole_detection_navigation_bringup', 'cmake_prefix_path')
[10.102s] INFO:colcon.colcon_core.shell:Creating environment hook '/home/soumo/robot_programming/install/limo_pothole_detection_navigation_bringup/share/limo_pothole_detection_navigation_bringup/hook/cmake_prefix_path.ps1'
[10.103s] INFO:colcon.colcon_core.shell:Creating environment descriptor '/home/soumo/robot_programming/install/limo_pothole_detection_navigation_bringup/share/limo_pothole_detection_navigation_bringup/hook/cmake_prefix_path.dsv'
[10.104s] INFO:colcon.colcon_core.shell:Creating environment hook '/home/soumo/robot_programming/install/limo_pothole_detection_navigation_bringup/share/limo_pothole_detection_navigation_bringup/hook/cmake_prefix_path.sh'
[10.106s] Level 1:colcon.colcon_core.environment:checking '/home/soumo/robot_programming/install/limo_pothole_detection_navigation_bringup/bin'
[10.107s] Level 1:colcon.colcon_core.environment:checking '/home/soumo/robot_programming/install/limo_pothole_detection_navigation_bringup/lib/pkgconfig/limo_pothole_detection_navigation_bringup.pc'
[10.107s] Level 1:colcon.colcon_core.environment:checking '/home/soumo/robot_programming/install/limo_pothole_detection_navigation_bringup/lib/python3.10/site-packages'
[10.108s] Level 1:colcon.colcon_core.environment:checking '/home/soumo/robot_programming/install/limo_pothole_detection_navigation_bringup/bin'
[10.190s] INFO:colcon.colcon_core.shell:Creating package script '/home/soumo/robot_programming/install/limo_pothole_detection_navigation_bringup/share/limo_pothole_detection_navigation_bringup/package.ps1'
[10.192s] INFO:colcon.colcon_core.shell:Creating package descriptor '/home/soumo/robot_programming/install/limo_pothole_detection_navigation_bringup/share/limo_pothole_detection_navigation_bringup/package.dsv'
[10.193s] INFO:colcon.colcon_core.shell:Creating package script '/home/soumo/robot_programming/install/limo_pothole_detection_navigation_bringup/share/limo_pothole_detection_navigation_bringup/package.sh'
[10.195s] INFO:colcon.colcon_core.shell:Creating package script '/home/soumo/robot_programming/install/limo_pothole_detection_navigation_bringup/share/limo_pothole_detection_navigation_bringup/package.bash'
[10.196s] INFO:colcon.colcon_core.shell:Creating package script '/home/soumo/robot_programming/install/limo_pothole_detection_navigation_bringup/share/limo_pothole_detection_navigation_bringup/package.zsh'
[10.197s] Level 1:colcon.colcon_core.environment:create_file_with_runtime_dependencies(/home/soumo/robot_programming/install/limo_pothole_detection_navigation_bringup/share/colcon-core/packages/limo_pothole_detection_navigation_bringup)
[10.201s] Level 1:colcon.colcon_core.environment:create_environment_scripts_only(detection_interfaces)
[10.203s] DEBUG:colcon.colcon_core.event_handler.log_command:Invoked command in '/home/soumo/robot_programming/build/detection_interfaces' returned '0': CMAKE_PREFIX_PATH=${CMAKE_PREFIX_PATH}:/home/soumo/robot_programming/install/pothole_detection:/home/soumo/robot_programming/install/navigation:/home/soumo/ros2_ws/install/pothole_detection:/home/soumo/ros2_ws/install/navigation:/opt/ros/humble /usr/bin/cmake --install /home/soumo/robot_programming/build/detection_interfaces
[10.262s] Level 1:colcon.colcon_core.environment:checking '/home/soumo/robot_programming/install/detection_interfaces' for CMake module files
[10.264s] Level 1:colcon.colcon_core.environment:checking '/home/soumo/robot_programming/install/detection_interfaces' for CMake config files
[10.267s] Level 1:colcon.colcon_core.shell:create_environment_hook('detection_interfaces', 'cmake_prefix_path')
[10.334s] INFO:colcon.colcon_core.shell:Creating environment hook '/home/soumo/robot_programming/install/detection_interfaces/share/detection_interfaces/hook/cmake_prefix_path.ps1'
[10.336s] INFO:colcon.colcon_core.shell:Creating environment descriptor '/home/soumo/robot_programming/install/detection_interfaces/share/detection_interfaces/hook/cmake_prefix_path.dsv'
[10.337s] INFO:colcon.colcon_core.shell:Creating environment hook '/home/soumo/robot_programming/install/detection_interfaces/share/detection_interfaces/hook/cmake_prefix_path.sh'
[10.339s] Level 1:colcon.colcon_core.environment:checking '/home/soumo/robot_programming/install/detection_interfaces/lib'
[10.340s] Level 1:colcon.colcon_core.shell:create_environment_hook('detection_interfaces', 'ld_library_path_lib')
[10.399s] INFO:colcon.colcon_core.shell:Creating environment hook '/home/soumo/robot_programming/install/detection_interfaces/share/detection_interfaces/hook/ld_library_path_lib.ps1'
[10.400s] INFO:colcon.colcon_core.shell:Creating environment descriptor '/home/soumo/robot_programming/install/detection_interfaces/share/detection_interfaces/hook/ld_library_path_lib.dsv'
[10.401s] INFO:colcon.colcon_core.shell:Creating environment hook '/home/soumo/robot_programming/install/detection_interfaces/share/detection_interfaces/hook/ld_library_path_lib.sh'
[10.403s] Level 1:colcon.colcon_core.environment:checking '/home/soumo/robot_programming/install/detection_interfaces/bin'
[10.403s] Level 1:colcon.colcon_core.environment:checking '/home/soumo/robot_programming/install/detection_interfaces/lib/pkgconfig/detection_interfaces.pc'
[10.403s] Level 1:colcon.colcon_core.environment:checking '/home/soumo/robot_programming/install/detection_interfaces/lib/python3.10/site-packages'
[10.404s] Level 1:colcon.colcon_core.environment:checking '/home/soumo/robot_programming/install/detection_interfaces/bin'
[10.463s] INFO:colcon.colcon_core.shell:Creating package script '/home/soumo/robot_programming/install/detection_interfaces/share/detection_interfaces/package.ps1'
[10.465s] INFO:colcon.colcon_core.shell:Creating package descriptor '/home/soumo/robot_programming/install/detection_interfaces/share/detection_interfaces/package.dsv'
[10.466s] INFO:colcon.colcon_core.shell:Creating package script '/home/soumo/robot_programming/install/detection_interfaces/share/detection_interfaces/package.sh'
[10.468s] INFO:colcon.colcon_core.shell:Creating package script '/home/soumo/robot_programming/install/detection_interfaces/share/detection_interfaces/package.bash'
[10.469s] INFO:colcon.colcon_core.shell:Creating package script '/home/soumo/robot_programming/install/detection_interfaces/share/detection_interfaces/package.zsh'
[10.470s] Level 1:colcon.colcon_core.environment:create_file_with_runtime_dependencies(/home/soumo/robot_programming/install/detection_interfaces/share/colcon-core/packages/detection_interfaces)
[10.870s] DEBUG:colcon.colcon_core.event_handler.log_command:Invoking command in '/home/soumo/robot_programming/build/navigation': PYTHONPATH=/home/soumo/robot_programming/build/navigation/prefix_override:/home/soumo/robot_programming/install/navigation/lib/python3.10/site-packages:${PYTHONPATH} /usr/bin/python3 setup.py develop --editable --build-directory /home/soumo/robot_programming/build/navigation/build --no-deps install_data
[11.001s] Level 1:colcon.colcon_core.environment:create_environment_scripts_only(detection_interfaces)
[11.067s] Level 1:colcon.colcon_core.environment:checking '/home/soumo/robot_programming/install/detection_interfaces' for CMake module files
[11.071s] Level 1:colcon.colcon_core.environment:checking '/home/soumo/robot_programming/install/detection_interfaces' for CMake config files
[11.074s] Level 1:colcon.colcon_core.shell:create_environment_hook('detection_interfaces', 'cmake_prefix_path')
[11.138s] INFO:colcon.colcon_core.shell:Creating environment hook '/home/soumo/robot_programming/install/detection_interfaces/share/detection_interfaces/hook/cmake_prefix_path.ps1'
[11.139s] INFO:colcon.colcon_core.shell:Creating environment descriptor '/home/soumo/robot_programming/install/detection_interfaces/share/detection_interfaces/hook/cmake_prefix_path.dsv'
[11.140s] INFO:colcon.colcon_core.shell:Creating environment hook '/home/soumo/robot_programming/install/detection_interfaces/share/detection_interfaces/hook/cmake_prefix_path.sh'
[11.141s] Level 1:colcon.colcon_core.environment:checking '/home/soumo/robot_programming/install/detection_interfaces/lib'
[11.142s] Level 1:colcon.colcon_core.shell:create_environment_hook('detection_interfaces', 'ld_library_path_lib')
[11.196s] INFO:colcon.colcon_core.shell:Creating environment hook '/home/soumo/robot_programming/install/detection_interfaces/share/detection_interfaces/hook/ld_library_path_lib.ps1'
[11.197s] INFO:colcon.colcon_core.shell:Creating environment descriptor '/home/soumo/robot_programming/install/detection_interfaces/share/detection_interfaces/hook/ld_library_path_lib.dsv'
[11.198s] INFO:colcon.colcon_core.shell:Creating environment hook '/home/soumo/robot_programming/install/detection_interfaces/share/detection_interfaces/hook/ld_library_path_lib.sh'
[11.199s] Level 1:colcon.colcon_core.environment:checking '/home/soumo/robot_programming/install/detection_interfaces/bin'
[11.199s] Level 1:colcon.colcon_core.environment:checking '/home/soumo/robot_programming/install/detection_interfaces/lib/pkgconfig/detection_interfaces.pc'
[11.200s] Level 1:colcon.colcon_core.environment:checking '/home/soumo/robot_programming/install/detection_interfaces/lib/python3.10/site-packages'
[11.201s] Level 1:colcon.colcon_core.environment:checking '/home/soumo/robot_programming/install/detection_interfaces/bin'
[11.255s] INFO:colcon.colcon_core.shell:Creating package script '/home/soumo/robot_programming/install/detection_interfaces/share/detection_interfaces/package.ps1'
[11.257s] INFO:colcon.colcon_core.shell:Creating package descriptor '/home/soumo/robot_programming/install/detection_interfaces/share/detection_interfaces/package.dsv'
[11.259s] INFO:colcon.colcon_core.shell:Creating package script '/home/soumo/robot_programming/install/detection_interfaces/share/detection_interfaces/package.sh'
[11.261s] INFO:colcon.colcon_core.shell:Creating package script '/home/soumo/robot_programming/install/detection_interfaces/share/detection_interfaces/package.bash'
[11.263s] INFO:colcon.colcon_core.shell:Creating package script '/home/soumo/robot_programming/install/detection_interfaces/share/detection_interfaces/package.zsh'
[11.265s] Level 1:colcon.colcon_core.environment:create_file_with_runtime_dependencies(/home/soumo/robot_programming/install/detection_interfaces/share/colcon-core/packages/detection_interfaces)
[11.275s] DEBUG:colcon.colcon_core.event_handler.log_command:Invoking command in '/home/soumo/robot_programming/build/pothole_detection': PYTHONPATH=/home/soumo/robot_programming/build/pothole_detection/prefix_override:/home/soumo/robot_programming/install/pothole_detection/lib/python3.10/site-packages:${PYTHONPATH} /usr/bin/python3 setup.py develop --editable --build-directory /home/soumo/robot_programming/build/pothole_detection/build --no-deps install_data
[12.979s] Level 1:colcon.colcon_core.shell:create_environment_hook('navigation', 'pythonpath_develop')
[12.980s] DEBUG:colcon.colcon_core.event_handler.log_command:Invoked command in '/home/soumo/robot_programming/build/navigation' returned '0': PYTHONPATH=/home/soumo/robot_programming/build/navigation/prefix_override:/home/soumo/robot_programming/install/navigation/lib/python3.10/site-packages:${PYTHONPATH} /usr/bin/python3 setup.py develop --editable --build-directory /home/soumo/robot_programming/build/navigation/build --no-deps install_data
[13.057s] INFO:colcon.colcon_core.shell:Creating environment hook '/home/soumo/robot_programming/build/navigation/share/navigation/hook/pythonpath_develop.ps1'
[13.059s] INFO:colcon.colcon_core.shell:Creating environment descriptor '/home/soumo/robot_programming/build/navigation/share/navigation/hook/pythonpath_develop.dsv'
[13.060s] INFO:colcon.colcon_core.shell:Creating environment hook '/home/soumo/robot_programming/build/navigation/share/navigation/hook/pythonpath_develop.sh'
[13.125s] Level 1:colcon.colcon_core.environment:checking '/home/soumo/robot_programming/install/navigation' for CMake module files
[13.127s] Level 1:colcon.colcon_core.environment:checking '/home/soumo/robot_programming/install/navigation' for CMake config files
[13.128s] Level 1:colcon.colcon_core.environment:checking '/home/soumo/robot_programming/install/navigation/lib'
[13.128s] Level 1:colcon.colcon_core.environment:checking '/home/soumo/robot_programming/install/navigation/bin'
[13.129s] Level 1:colcon.colcon_core.environment:checking '/home/soumo/robot_programming/install/navigation/lib/pkgconfig/navigation.pc'
[13.129s] Level 1:colcon.colcon_core.environment:checking '/home/soumo/robot_programming/install/navigation/lib/python3.10/site-packages'
[13.129s] Level 1:colcon.colcon_core.shell:create_environment_hook('navigation', 'pythonpath')
[13.209s] INFO:colcon.colcon_core.shell:Creating environment hook '/home/soumo/robot_programming/install/navigation/share/navigation/hook/pythonpath.ps1'
[13.211s] INFO:colcon.colcon_core.shell:Creating environment descriptor '/home/soumo/robot_programming/install/navigation/share/navigation/hook/pythonpath.dsv'
[13.212s] INFO:colcon.colcon_core.shell:Creating environment hook '/home/soumo/robot_programming/install/navigation/share/navigation/hook/pythonpath.sh'
[13.215s] Level 1:colcon.colcon_core.environment:checking '/home/soumo/robot_programming/install/navigation/bin'
[13.215s] Level 1:colcon.colcon_core.environment:create_environment_scripts_only(navigation)
[13.289s] INFO:colcon.colcon_core.shell:Creating package script '/home/soumo/robot_programming/install/navigation/share/navigation/package.ps1'
[13.292s] INFO:colcon.colcon_core.shell:Creating package descriptor '/home/soumo/robot_programming/install/navigation/share/navigation/package.dsv'
[13.294s] INFO:colcon.colcon_core.shell:Creating package script '/home/soumo/robot_programming/install/navigation/share/navigation/package.sh'
[13.295s] INFO:colcon.colcon_core.shell:Creating package script '/home/soumo/robot_programming/install/navigation/share/navigation/package.bash'
[13.297s] INFO:colcon.colcon_core.shell:Creating package script '/home/soumo/robot_programming/install/navigation/share/navigation/package.zsh'
[13.298s] Level 1:colcon.colcon_core.environment:create_file_with_runtime_dependencies(/home/soumo/robot_programming/install/navigation/share/colcon-core/packages/navigation)
[13.301s] Level 1:colcon.colcon_core.shell:create_environment_hook('pothole_detection', 'pythonpath_develop')
[13.303s] DEBUG:colcon.colcon_core.event_handler.log_command:Invoked command in '/home/soumo/robot_programming/build/pothole_detection' returned '0': PYTHONPATH=/home/soumo/robot_programming/build/pothole_detection/prefix_override:/home/soumo/robot_programming/install/pothole_detection/lib/python3.10/site-packages:${PYTHONPATH} /usr/bin/python3 setup.py develop --editable --build-directory /home/soumo/robot_programming/build/pothole_detection/build --no-deps install_data
[13.375s] INFO:colcon.colcon_core.shell:Creating environment hook '/home/soumo/robot_programming/build/pothole_detection/share/pothole_detection/hook/pythonpath_develop.ps1'
[13.376s] INFO:colcon.colcon_core.shell:Creating environment descriptor '/home/soumo/robot_programming/build/pothole_detection/share/pothole_detection/hook/pythonpath_develop.dsv'
[13.378s] INFO:colcon.colcon_core.shell:Creating environment hook '/home/soumo/robot_programming/build/pothole_detection/share/pothole_detection/hook/pythonpath_develop.sh'
[13.451s] Level 1:colcon.colcon_core.environment:checking '/home/soumo/robot_programming/install/pothole_detection' for CMake module files
[13.452s] Level 1:colcon.colcon_core.environment:checking '/home/soumo/robot_programming/install/pothole_detection' for CMake config files
[13.454s] Level 1:colcon.colcon_core.environment:checking '/home/soumo/robot_programming/install/pothole_detection/lib'
[13.454s] Level 1:colcon.colcon_core.environment:checking '/home/soumo/robot_programming/install/pothole_detection/bin'
[13.455s] Level 1:colcon.colcon_core.environment:checking '/home/soumo/robot_programming/install/pothole_detection/lib/pkgconfig/pothole_detection.pc'
[13.455s] Level 1:colcon.colcon_core.environment:checking '/home/soumo/robot_programming/install/pothole_detection/lib/python3.10/site-packages'
[13.455s] Level 1:colcon.colcon_core.shell:create_environment_hook('pothole_detection', 'pythonpath')
[13.525s] INFO:colcon.colcon_core.shell:Creating environment hook '/home/soumo/robot_programming/install/pothole_detection/share/pothole_detection/hook/pythonpath.ps1'
[13.526s] INFO:colcon.colcon_core.shell:Creating environment descriptor '/home/soumo/robot_programming/install/pothole_detection/share/pothole_detection/hook/pythonpath.dsv'
[13.528s] INFO:colcon.colcon_core.shell:Creating environment hook '/home/soumo/robot_programming/install/pothole_detection/share/pothole_detection/hook/pythonpath.sh'
[13.530s] Level 1:colcon.colcon_core.environment:checking '/home/soumo/robot_programming/install/pothole_detection/bin'
[13.530s] Level 1:colcon.colcon_core.environment:create_environment_scripts_only(pothole_detection)
[13.595s] INFO:colcon.colcon_core.shell:Creating package script '/home/soumo/robot_programming/install/pothole_detection/share/pothole_detection/package.ps1'
[13.597s] INFO:colcon.colcon_core.shell:Creating package descriptor '/home/soumo/robot_programming/install/pothole_detection/share/pothole_detection/package.dsv'
[13.599s] INFO:colcon.colcon_core.shell:Creating package script '/home/soumo/robot_programming/install/pothole_detection/share/pothole_detection/package.sh'
[13.601s] INFO:colcon.colcon_core.shell:Creating package script '/home/soumo/robot_programming/install/pothole_detection/share/pothole_detection/package.bash'
[13.603s] INFO:colcon.colcon_core.shell:Creating package script '/home/soumo/robot_programming/install/pothole_detection/share/pothole_detection/package.zsh'
[13.605s] Level 1:colcon.colcon_core.environment:create_file_with_runtime_dependencies(/home/soumo/robot_programming/install/pothole_detection/share/colcon-core/packages/pothole_detection)
[13.606s] DEBUG:colcon.colcon_parallel_executor.executor.parallel:closing loop
[13.607s] DEBUG:colcon.colcon_parallel_executor.executor.parallel:loop closed
[13.607s] DEBUG:colcon.colcon_parallel_executor.executor.parallel:run_until_complete finished with '0'
[13.607s] DEBUG:colcon.colcon_core.event_reactor:joining thread
[13.707s] INFO:colcon.colcon_core.plugin_system:Skipping extension 'colcon_notification.desktop_notification.terminal_notifier': Not used on non-Darwin systems
[13.707s] INFO:colcon.colcon_core.plugin_system:Skipping extension 'colcon_notification.desktop_notification.win32': Not used on non-Windows systems
[13.707s] INFO:colcon.colcon_notification.desktop_notification:Sending desktop notification using 'notify2'
[13.737s] DEBUG:colcon.colcon_core.event_reactor:joined thread
[13.790s] INFO:colcon.colcon_core.shell:Creating prefix script '/home/soumo/robot_programming/install/local_setup.ps1'
[13.793s] INFO:colcon.colcon_core.shell:Creating prefix util module '/home/soumo/robot_programming/install/_local_setup_util_ps1.py'
[13.798s] INFO:colcon.colcon_core.shell:Creating prefix chain script '/home/soumo/robot_programming/install/setup.ps1'
[13.867s] INFO:colcon.colcon_core.shell:Creating prefix script '/home/soumo/robot_programming/install/local_setup.sh'
[13.869s] INFO:colcon.colcon_core.shell:Creating prefix util module '/home/soumo/robot_programming/install/_local_setup_util_sh.py'
[13.870s] INFO:colcon.colcon_core.shell:Creating prefix chain script '/home/soumo/robot_programming/install/setup.sh'
[13.942s] INFO:colcon.colcon_core.shell:Creating prefix script '/home/soumo/robot_programming/install/local_setup.bash'
[13.944s] INFO:colcon.colcon_core.shell:Creating prefix chain script '/home/soumo/robot_programming/install/setup.bash'
[14.041s] INFO:colcon.colcon_core.shell:Creating prefix script '/home/soumo/robot_programming/install/local_setup.zsh'
[14.043s] INFO:colcon.colcon_core.shell:Creating prefix chain script '/home/soumo/robot_programming/install/setup.zsh'
