running develop
running egg_info
creating pothole_detection.egg-info
writing pothole_detection.egg-info/PKG-INFO
writing dependency_links to pothole_detection.egg-info/dependency_links.txt
writing entry points to pothole_detection.egg-info/entry_points.txt
writing requirements to pothole_detection.egg-info/requires.txt
writing top-level names to pothole_detection.egg-info/top_level.txt
writing manifest file 'pothole_detection.egg-info/SOURCES.txt'
reading manifest file 'pothole_detection.egg-info/SOURCES.txt'
writing manifest file 'pothole_detection.egg-info/SOURCES.txt'
running build_ext
Creating /home/soumo/ros2_ws/install/pothole_detection/lib/python3.10/site-packages/pothole-detection.egg-link (link to .)
Installing dataset_extraction=pothole_detection.dataset_extraction:mainpothole_detection_yolov8 script to /home/soumo/ros2_ws/install/pothole_detection/lib/pothole_detection

Installed /home/soumo/ros2_ws/build/pothole_detection
running install_data
creating /home/soumo/ros2_ws/install/pothole_detection/share/ament_index
creating /home/soumo/ros2_ws/install/pothole_detection/share/ament_index/resource_index
creating /home/soumo/ros2_ws/install/pothole_detection/share/ament_index/resource_index/packages
copying resource/pothole_detection -> /home/soumo/ros2_ws/install/pothole_detection/share/ament_index/resource_index/packages
copying package.xml -> /home/soumo/ros2_ws/install/pothole_detection/share/pothole_detection
