[5.320s] Invoking command in '/home/soumo/ros2_ws/build/pothole_detection': PYTHONPATH=/home/soumo/ros2_ws/build/pothole_detection/prefix_override:/home/soumo/ros2_ws/install/pothole_detection/lib/python3.10/site-packages:${PYTHONPATH} /usr/bin/python3 setup.py develop --editable --build-directory /home/soumo/ros2_ws/build/pothole_detection/build --no-deps install_data
[6.974s] running develop
[8.042s] running egg_info
[8.043s] writing pothole_detection.egg-info/PKG-INFO
[8.044s] writing dependency_links to pothole_detection.egg-info/dependency_links.txt
[8.050s] writing entry points to pothole_detection.egg-info/entry_points.txt
[8.051s] writing requirements to pothole_detection.egg-info/requires.txt
[8.051s] writing top-level names to pothole_detection.egg-info/top_level.txt
[8.061s] reading manifest file 'pothole_detection.egg-info/SOURCES.txt'
[8.065s] writing manifest file 'pothole_detection.egg-info/SOURCES.txt'
[8.278s] running build_ext
[8.278s] Creating /home/soumo/ros2_ws/install/pothole_detection/lib/python3.10/site-packages/pothole-detection.egg-link (link to .)
[8.279s] Installing dataset_extraction script to /home/soumo/ros2_ws/install/pothole_detection/lib/pothole_detection
[8.280s] Installing pothole_detection_opencv script to /home/soumo/ros2_ws/install/pothole_detection/lib/pothole_detection
[8.280s] Installing pothole_detection_yolo script to /home/soumo/ros2_ws/install/pothole_detection/lib/pothole_detection
[8.281s] Installing pothole_location script to /home/soumo/ros2_ws/install/pothole_detection/lib/pothole_detection
[8.282s] Installing pothole_location1 script to /home/soumo/ros2_ws/install/pothole_detection/lib/pothole_detection
[8.282s] 
[8.283s] Installed /home/soumo/ros2_ws/build/pothole_detection
[8.283s] running install_data
[8.664s] Invoked command in '/home/soumo/ros2_ws/build/pothole_detection' returned '0': PYTHONPATH=/home/soumo/ros2_ws/build/pothole_detection/prefix_override:/home/soumo/ros2_ws/install/pothole_detection/lib/python3.10/site-packages:${PYTHONPATH} /usr/bin/python3 setup.py develop --editable --build-directory /home/soumo/ros2_ws/build/pothole_detection/build --no-deps install_data
