[1.668s] Invoking command in '/home/soumo/robot_programming/build/limo_pothole_detection_navigation_bringup': CMAKE_PREFIX_PATH=${CMAKE_PREFIX_PATH}:/home/soumo/robot_programming/install/pothole_detection:/home/soumo/robot_programming/install/navigation:/home/soumo/ros2_ws/install/pothole_detection:/home/soumo/ros2_ws/install/navigation:/opt/ros/humble /usr/bin/cmake --build /home/soumo/robot_programming/build/limo_pothole_detection_navigation_bringup -- -j8 -l8
[5.942s] Invoked command in '/home/soumo/robot_programming/build/limo_pothole_detection_navigation_bringup' returned '0': CMAKE_PREFIX_PATH=${CMAKE_PREFIX_PATH}:/home/soumo/robot_programming/install/pothole_detection:/home/soumo/robot_programming/install/navigation:/home/soumo/ros2_ws/install/pothole_detection:/home/soumo/ros2_ws/install/navigation:/opt/ros/humble /usr/bin/cmake --build /home/soumo/robot_programming/build/limo_pothole_detection_navigation_bringup -- -j8 -l8
[6.195s] Invoking command in '/home/soumo/robot_programming/build/limo_pothole_detection_navigation_bringup': CMAKE_PREFIX_PATH=${CMAKE_PREFIX_PATH}:/home/soumo/robot_programming/install/pothole_detection:/home/soumo/robot_programming/install/navigation:/home/soumo/ros2_ws/install/pothole_detection:/home/soumo/ros2_ws/install/navigation:/opt/ros/humble /usr/bin/cmake --install /home/soumo/robot_programming/build/limo_pothole_detection_navigation_bringup
[6.264s] -- Install configuration: ""
[6.265s] -- Execute custom install script
[6.265s] -- Up-to-date symlink: /home/soumo/robot_programming/install/limo_pothole_detection_navigation_bringup/share/limo_pothole_detection_navigation_bringup/launch/assessment_solution_opencv.launch.py
[6.265s] -- Up-to-date symlink: /home/soumo/robot_programming/install/limo_pothole_detection_navigation_bringup/share/limo_pothole_detection_navigation_bringup/launch/assessment_solution_yolo.launch.py
[6.285s] -- Up-to-date symlink: /home/soumo/robot_programming/install/limo_pothole_detection_navigation_bringup/share/ament_index/resource_index/package_run_dependencies/limo_pothole_detection_navigation_bringup
[6.285s] -- Up-to-date symlink: /home/soumo/robot_programming/install/limo_pothole_detection_navigation_bringup/share/ament_index/resource_index/parent_prefix_path/limo_pothole_detection_navigation_bringup
[6.286s] -- Up-to-date symlink: /home/soumo/robot_programming/install/limo_pothole_detection_navigation_bringup/share/limo_pothole_detection_navigation_bringup/environment/ament_prefix_path.sh
[6.286s] -- Up-to-date symlink: /home/soumo/robot_programming/install/limo_pothole_detection_navigation_bringup/share/limo_pothole_detection_navigation_bringup/environment/ament_prefix_path.dsv
[6.290s] -- Up-to-date symlink: /home/soumo/robot_programming/install/limo_pothole_detection_navigation_bringup/share/limo_pothole_detection_navigation_bringup/environment/path.sh
[6.315s] -- Up-to-date symlink: /home/soumo/robot_programming/install/limo_pothole_detection_navigation_bringup/share/limo_pothole_detection_navigation_bringup/environment/path.dsv
[6.315s] -- Up-to-date symlink: /home/soumo/robot_programming/install/limo_pothole_detection_navigation_bringup/share/limo_pothole_detection_navigation_bringup/local_setup.bash
[6.326s] -- Up-to-date symlink: /home/soumo/robot_programming/install/limo_pothole_detection_navigation_bringup/share/limo_pothole_detection_navigation_bringup/local_setup.sh
[6.326s] -- Up-to-date symlink: /home/soumo/robot_programming/install/limo_pothole_detection_navigation_bringup/share/limo_pothole_detection_navigation_bringup/local_setup.zsh
[6.326s] -- Up-to-date symlink: /home/soumo/robot_programming/install/limo_pothole_detection_navigation_bringup/share/limo_pothole_detection_navigation_bringup/local_setup.dsv
[6.327s] -- Symlinking: /home/soumo/robot_programming/install/limo_pothole_detection_navigation_bringup/share/limo_pothole_detection_navigation_bringup/package.dsv
[6.427s] -- Up-to-date symlink: /home/soumo/robot_programming/install/limo_pothole_detection_navigation_bringup/share/ament_index/resource_index/packages/limo_pothole_detection_navigation_bringup
[6.434s] -- Up-to-date symlink: /home/soumo/robot_programming/install/limo_pothole_detection_navigation_bringup/share/limo_pothole_detection_navigation_bringup/cmake/limo_pothole_detection_navigation_bringupConfig.cmake
[6.441s] -- Up-to-date symlink: /home/soumo/robot_programming/install/limo_pothole_detection_navigation_bringup/share/limo_pothole_detection_navigation_bringup/cmake/limo_pothole_detection_navigation_bringupConfig-version.cmake
[6.457s] -- Up-to-date symlink: /home/soumo/robot_programming/install/limo_pothole_detection_navigation_bringup/share/limo_pothole_detection_navigation_bringup/package.xml
[6.474s] Invoked command in '/home/soumo/robot_programming/build/limo_pothole_detection_navigation_bringup' returned '0': CMAKE_PREFIX_PATH=${CMAKE_PREFIX_PATH}:/home/soumo/robot_programming/install/pothole_detection:/home/soumo/robot_programming/install/navigation:/home/soumo/ros2_ws/install/pothole_detection:/home/soumo/ros2_ws/install/navigation:/opt/ros/humble /usr/bin/cmake --install /home/soumo/robot_programming/build/limo_pothole_detection_navigation_bringup
