[2.785s] Invoking command in '/home/soumo/ros2_ws/build/pothole_detection': PYTHONPATH=/home/soumo/ros2_ws/build/pothole_detection/prefix_override:/home/soumo/ros2_ws/install/pothole_detection/lib/python3.10/site-packages:${PYTHONPATH} /usr/bin/python3 setup.py develop --editable --build-directory /home/soumo/ros2_ws/build/pothole_detection/build --no-deps install_data
[3.554s] running develop
[4.063s] running egg_info
[4.063s] writing pothole_detection.egg-info/PKG-INFO
[4.066s] writing dependency_links to pothole_detection.egg-info/dependency_links.txt
[4.066s] writing entry points to pothole_detection.egg-info/entry_points.txt
[4.066s] writing requirements to pothole_detection.egg-info/requires.txt
[4.066s] writing top-level names to pothole_detection.egg-info/top_level.txt
[4.069s] reading manifest file 'pothole_detection.egg-info/SOURCES.txt'
[4.072s] writing manifest file 'pothole_detection.egg-info/SOURCES.txt'
[4.166s] running build_ext
[4.167s] Creating /home/soumo/ros2_ws/install/pothole_detection/lib/python3.10/site-packages/pothole-detection.egg-link (link to .)
[4.169s] Installing dataset_extraction script to /home/soumo/ros2_ws/install/pothole_detection/lib/pothole_detection
[4.169s] Installing pothole_detection_opencv script to /home/soumo/ros2_ws/install/pothole_detection/lib/pothole_detection
[4.169s] Installing pothole_detection_yolo script to /home/soumo/ros2_ws/install/pothole_detection/lib/pothole_detection
[4.170s] Installing pothole_location script to /home/soumo/ros2_ws/install/pothole_detection/lib/pothole_detection
[4.170s] Installing pothole_location1 script to /home/soumo/ros2_ws/install/pothole_detection/lib/pothole_detection
[4.170s] 
[4.171s] Installed /home/soumo/ros2_ws/build/pothole_detection
[4.171s] running install_data
[4.278s] Invoked command in '/home/soumo/ros2_ws/build/pothole_detection' returned '0': PYTHONPATH=/home/soumo/ros2_ws/build/pothole_detection/prefix_override:/home/soumo/ros2_ws/install/pothole_detection/lib/python3.10/site-packages:${PYTHONPATH} /usr/bin/python3 setup.py develop --editable --build-directory /home/soumo/ros2_ws/build/pothole_detection/build --no-deps install_data
