[2.334s] Invoking command in '/home/soumo/ros2_ws/build/pothole_detection': PYTHONPATH=/home/soumo/ros2_ws/build/pothole_detection/prefix_override:/home/soumo/ros2_ws/install/pothole_detection/lib/python3.10/site-packages:${PYTHONPATH} /usr/bin/python3 setup.py develop --editable --build-directory /home/soumo/ros2_ws/build/pothole_detection/build --no-deps install_data
[2.870s] running develop
[3.269s] running egg_info
[3.271s] writing pothole_detection.egg-info/PKG-INFO
[3.272s] writing dependency_links to pothole_detection.egg-info/dependency_links.txt
[3.272s] writing entry points to pothole_detection.egg-info/entry_points.txt
[3.272s] writing requirements to pothole_detection.egg-info/requires.txt
[3.272s] writing top-level names to pothole_detection.egg-info/top_level.txt
[3.275s] reading manifest file 'pothole_detection.egg-info/SOURCES.txt'
[3.279s] writing manifest file 'pothole_detection.egg-info/SOURCES.txt'
[3.367s] running build_ext
[3.368s] Creating /home/soumo/ros2_ws/install/pothole_detection/lib/python3.10/site-packages/pothole-detection.egg-link (link to .)
[3.369s] Installing dataset_extraction script to /home/soumo/ros2_ws/install/pothole_detection/lib/pothole_detection
[3.369s] Installing pothole_detection_opencv script to /home/soumo/ros2_ws/install/pothole_detection/lib/pothole_detection
[3.369s] Installing pothole_detection_yolo script to /home/soumo/ros2_ws/install/pothole_detection/lib/pothole_detection
[3.370s] Installing pothole_location script to /home/soumo/ros2_ws/install/pothole_detection/lib/pothole_detection
[3.370s] Installing pothole_location1 script to /home/soumo/ros2_ws/install/pothole_detection/lib/pothole_detection
[3.370s] 
[3.370s] Installed /home/soumo/ros2_ws/build/pothole_detection
[3.371s] running install_data
[3.461s] Invoked command in '/home/soumo/ros2_ws/build/pothole_detection' returned '0': PYTHONPATH=/home/soumo/ros2_ws/build/pothole_detection/prefix_override:/home/soumo/ros2_ws/install/pothole_detection/lib/python3.10/site-packages:${PYTHONPATH} /usr/bin/python3 setup.py develop --editable --build-directory /home/soumo/ros2_ws/build/pothole_detection/build --no-deps install_data
