[0.611s] Invoking command in '/home/soumo/robot_programming/build/limo_pothole_detection_navigation_bringup': CMAKE_PREFIX_PATH=${CMAKE_PREFIX_PATH}:/home/soumo/robot_programming/install/pothole_detection:/home/soumo/robot_programming/install/navigation:/home/soumo/ros2_ws/install/pothole_detection:/home/soumo/ros2_ws/install/navigation:/opt/ros/humble /usr/bin/cmake /home/soumo/robot_programming/src/limo_pothole_detection_navigation_bringup -DCMAKE_INSTALL_PREFIX=/home/soumo/robot_programming/install/limo_pothole_detection_navigation_bringup
[1.351s] -- Found ament_cmake: 1.3.6 (/opt/ros/humble/share/ament_cmake/cmake)
[1.352s] -- Override CMake install command with custom implementation using symlinks instead of copying resources
[1.352s] -- Found ament_lint_auto: 0.12.9 (/opt/ros/humble/share/ament_lint_auto/cmake)
[1.352s] -- Added test 'flake8' to check Python code syntax and style conventions
[1.352s] -- Added test 'lint_cmake' to check CMake code style
[1.352s] -- Added test 'pep257' to check Python code against some of the docstring style conventions in PEP 257
[1.352s] -- Added test 'xmllint' to check XML markup files
[1.352s] -- Configuring done
[1.353s] -- Generating done
[1.353s] -- Build files have been written to: /home/soumo/robot_programming/build/limo_pothole_detection_navigation_bringup
[2.028s] Invoked command in '/home/soumo/robot_programming/build/limo_pothole_detection_navigation_bringup' returned '0': CMAKE_PREFIX_PATH=${CMAKE_PREFIX_PATH}:/home/soumo/robot_programming/install/pothole_detection:/home/soumo/robot_programming/install/navigation:/home/soumo/ros2_ws/install/pothole_detection:/home/soumo/ros2_ws/install/navigation:/opt/ros/humble /usr/bin/cmake /home/soumo/robot_programming/src/limo_pothole_detection_navigation_bringup -DCMAKE_INSTALL_PREFIX=/home/soumo/robot_programming/install/limo_pothole_detection_navigation_bringup
[2.030s] Invoking command in '/home/soumo/robot_programming/build/limo_pothole_detection_navigation_bringup': CMAKE_PREFIX_PATH=${CMAKE_PREFIX_PATH}:/home/soumo/robot_programming/install/pothole_detection:/home/soumo/robot_programming/install/navigation:/home/soumo/ros2_ws/install/pothole_detection:/home/soumo/ros2_ws/install/navigation:/opt/ros/humble /usr/bin/cmake --build /home/soumo/robot_programming/build/limo_pothole_detection_navigation_bringup -- -j8 -l8
[2.130s] Invoked command in '/home/soumo/robot_programming/build/limo_pothole_detection_navigation_bringup' returned '0': CMAKE_PREFIX_PATH=${CMAKE_PREFIX_PATH}:/home/soumo/robot_programming/install/pothole_detection:/home/soumo/robot_programming/install/navigation:/home/soumo/ros2_ws/install/pothole_detection:/home/soumo/ros2_ws/install/navigation:/opt/ros/humble /usr/bin/cmake --build /home/soumo/robot_programming/build/limo_pothole_detection_navigation_bringup -- -j8 -l8
[2.211s] Invoking command in '/home/soumo/robot_programming/build/limo_pothole_detection_navigation_bringup': CMAKE_PREFIX_PATH=${CMAKE_PREFIX_PATH}:/home/soumo/robot_programming/install/pothole_detection:/home/soumo/robot_programming/install/navigation:/home/soumo/ros2_ws/install/pothole_detection:/home/soumo/ros2_ws/install/navigation:/opt/ros/humble /usr/bin/cmake --install /home/soumo/robot_programming/build/limo_pothole_detection_navigation_bringup
[2.230s] -- Install configuration: ""
[2.232s] -- Execute custom install script
[2.235s] -- Up-to-date symlink: /home/soumo/robot_programming/install/limo_pothole_detection_navigation_bringup/share/limo_pothole_detection_navigation_bringup/launch/assessment_solution_opencv.launch.py
[2.235s] -- Symlinking: /home/soumo/robot_programming/install/limo_pothole_detection_navigation_bringup/share/limo_pothole_detection_navigation_bringup/launch/assessment_solution_yolo.launch.py
[2.255s] -- Up-to-date symlink: /home/soumo/robot_programming/install/limo_pothole_detection_navigation_bringup/share/ament_index/resource_index/package_run_dependencies/limo_pothole_detection_navigation_bringup
[2.255s] -- Up-to-date symlink: /home/soumo/robot_programming/install/limo_pothole_detection_navigation_bringup/share/ament_index/resource_index/parent_prefix_path/limo_pothole_detection_navigation_bringup
[2.256s] -- Up-to-date symlink: /home/soumo/robot_programming/install/limo_pothole_detection_navigation_bringup/share/limo_pothole_detection_navigation_bringup/environment/ament_prefix_path.sh
[2.256s] -- Up-to-date symlink: /home/soumo/robot_programming/install/limo_pothole_detection_navigation_bringup/share/limo_pothole_detection_navigation_bringup/environment/ament_prefix_path.dsv
[2.256s] -- Up-to-date symlink: /home/soumo/robot_programming/install/limo_pothole_detection_navigation_bringup/share/limo_pothole_detection_navigation_bringup/environment/path.sh
[2.257s] -- Up-to-date symlink: /home/soumo/robot_programming/install/limo_pothole_detection_navigation_bringup/share/limo_pothole_detection_navigation_bringup/environment/path.dsv
[2.257s] -- Up-to-date symlink: /home/soumo/robot_programming/install/limo_pothole_detection_navigation_bringup/share/limo_pothole_detection_navigation_bringup/local_setup.bash
[2.258s] -- Up-to-date symlink: /home/soumo/robot_programming/install/limo_pothole_detection_navigation_bringup/share/limo_pothole_detection_navigation_bringup/local_setup.sh
[2.258s] -- Up-to-date symlink: /home/soumo/robot_programming/install/limo_pothole_detection_navigation_bringup/share/limo_pothole_detection_navigation_bringup/local_setup.zsh
[2.258s] -- Up-to-date symlink: /home/soumo/robot_programming/install/limo_pothole_detection_navigation_bringup/share/limo_pothole_detection_navigation_bringup/local_setup.dsv
[2.259s] -- Symlinking: /home/soumo/robot_programming/install/limo_pothole_detection_navigation_bringup/share/limo_pothole_detection_navigation_bringup/package.dsv
[2.280s] -- Up-to-date symlink: /home/soumo/robot_programming/install/limo_pothole_detection_navigation_bringup/share/ament_index/resource_index/packages/limo_pothole_detection_navigation_bringup
[2.280s] -- Up-to-date symlink: /home/soumo/robot_programming/install/limo_pothole_detection_navigation_bringup/share/limo_pothole_detection_navigation_bringup/cmake/limo_pothole_detection_navigation_bringupConfig.cmake
[2.281s] -- Up-to-date symlink: /home/soumo/robot_programming/install/limo_pothole_detection_navigation_bringup/share/limo_pothole_detection_navigation_bringup/cmake/limo_pothole_detection_navigation_bringupConfig-version.cmake
[2.281s] -- Up-to-date symlink: /home/soumo/robot_programming/install/limo_pothole_detection_navigation_bringup/share/limo_pothole_detection_navigation_bringup/package.xml
[2.288s] Invoked command in '/home/soumo/robot_programming/build/limo_pothole_detection_navigation_bringup' returned '0': CMAKE_PREFIX_PATH=${CMAKE_PREFIX_PATH}:/home/soumo/robot_programming/install/pothole_detection:/home/soumo/robot_programming/install/navigation:/home/soumo/ros2_ws/install/pothole_detection:/home/soumo/ros2_ws/install/navigation:/opt/ros/humble /usr/bin/cmake --install /home/soumo/robot_programming/build/limo_pothole_detection_navigation_bringup
