[0.900s] Invoking command in '/home/soumo/ros2_ws/build/detection_interfaces': CMAKE_PREFIX_PATH=${CMAKE_PREFIX_PATH}:/home/soumo/ros2_ws/install/pothole_detection:/home/soumo/ros2_ws/install/navigation:/opt/ros/humble /usr/bin/cmake --build /home/soumo/ros2_ws/build/detection_interfaces -- -j8 -l8
[1.943s] -- Found ament_cmake: 1.3.6 (/opt/ros/humble/share/ament_cmake/cmake)
[1.943s] -- Override CMake install command with custom implementation using symlinks instead of copying resources
[1.944s] -- Found rosidl_default_generators: 1.2.0 (/opt/ros/humble/share/rosidl_default_generators/cmake)
[1.945s] -- Using all available rosidl_typesupport_c: rosidl_typesupport_fastrtps_c;rosidl_typesupport_introspection_c
[1.945s] -- Found rosidl_adapter: 3.1.5 (/opt/ros/humble/share/rosidl_adapter/cmake)
[1.946s] -- Using all available rosidl_typesupport_cpp: rosidl_typesupport_fastrtps_cpp;rosidl_typesupport_introspection_cpp
[2.285s] -- Found ament_cmake_ros: 0.10.0 (/opt/ros/humble/share/ament_cmake_ros/cmake)
[2.805s] -- Using all available rosidl_typesupport_c: rosidl_typesupport_fastrtps_c;rosidl_typesupport_introspection_c
[3.479s] -- Using all available rosidl_typesupport_cpp: rosidl_typesupport_fastrtps_cpp;rosidl_typesupport_introspection_cpp
[3.550s] -- Found python_cmake_module: 0.10.0 (/opt/ros/humble/share/python_cmake_module/cmake)
[3.618s] -- Using PYTHON_EXECUTABLE: /usr/bin/python3
[3.619s] -- Using PYTHON_INCLUDE_DIRS: /usr/include/python3.10
[3.619s] -- Using PYTHON_LIBRARIES: /usr/lib/x86_64-linux-gnu/libpython3.10.so
[3.656s] -- Found ament_lint_auto: 0.12.9 (/opt/ros/humble/share/ament_lint_auto/cmake)
[3.688s] -- Added test 'lint_cmake' to check CMake code style
[3.691s] -- Added test 'xmllint' to check XML markup files
[3.699s] -- Configuring done
[3.790s] -- Generating done
[3.800s] -- Build files have been written to: /home/soumo/ros2_ws/build/detection_interfaces
[3.881s] [  3%] [34m[1mGenerating C code for ROS interfaces[0m
[3.928s] [  6%] [34m[1mGenerating C++ code for ROS interfaces[0m
[3.946s] [  6%] Built target ament_cmake_python_symlink_detection_interfaces
[4.895s] [35m[1mConsolidate compiler generated dependencies of target detection_interfaces__rosidl_generator_c[0m
[4.938s] [  9%] [32mBuilding C object CMakeFiles/detection_interfaces__rosidl_generator_c.dir/rosidl_generator_c/detection_interfaces/msg/detail/inference_result__functions.c.o[0m
[4.999s] [  9%] Built target detection_interfaces__cpp
[5.033s] [ 12%] [34m[1mGenerating C++ type support for eProsima Fast-RTPS[0m
[5.041s] [ 16%] [34m[1mGenerating C++ type support dispatch for ROS interfaces[0m
[5.048s] [ 19%] [34m[1mGenerating C++ introspection for ROS interfaces[0m
[5.146s] running egg_info
[5.147s] [ 22%] [32m[1mLinking C shared library libdetection_interfaces__rosidl_generator_c.so[0m
[5.151s] writing detection_interfaces.egg-info/PKG-INFO
[5.153s] writing dependency_links to detection_interfaces.egg-info/dependency_links.txt
[5.156s] writing top-level names to detection_interfaces.egg-info/top_level.txt
[5.163s] reading manifest file 'detection_interfaces.egg-info/SOURCES.txt'
[5.165s] writing manifest file 'detection_interfaces.egg-info/SOURCES.txt'
[5.274s] [ 22%] Built target ament_cmake_python_build_detection_interfaces_egg
[5.312s] [ 22%] Built target detection_interfaces__rosidl_generator_c
[5.357s] [ 25%] [34m[1mGenerating C type support for eProsima Fast-RTPS[0m
[5.358s] [ 29%] [34m[1mGenerating C introspection for ROS interfaces[0m
[5.365s] [ 32%] [34m[1mGenerating C type support dispatch for ROS interfaces[0m
[6.033s] [35m[1mConsolidate compiler generated dependencies of target detection_interfaces__rosidl_typesupport_cpp[0m
[6.081s] [35m[1mConsolidate compiler generated dependencies of target detection_interfaces__rosidl_typesupport_fastrtps_cpp[0m
[6.084s] [ 35%] [32mBuilding CXX object CMakeFiles/detection_interfaces__rosidl_typesupport_cpp.dir/rosidl_typesupport_cpp/detection_interfaces/msg/inference_result__type_support.cpp.o[0m
[6.140s] [ 38%] [32mBuilding CXX object CMakeFiles/detection_interfaces__rosidl_typesupport_fastrtps_cpp.dir/rosidl_typesupport_fastrtps_cpp/detection_interfaces/msg/detail/dds_fastrtps/inference_result__type_support.cpp.o[0m
[6.220s] [35m[1mConsolidate compiler generated dependencies of target detection_interfaces__rosidl_typesupport_introspection_cpp[0m
[6.273s] [ 41%] [32mBuilding CXX object CMakeFiles/detection_interfaces__rosidl_typesupport_introspection_cpp.dir/rosidl_typesupport_introspection_cpp/detection_interfaces/msg/detail/inference_result__type_support.cpp.o[0m
[6.366s] [35m[1mConsolidate compiler generated dependencies of target detection_interfaces__rosidl_typesupport_c[0m
[6.406s] [ 45%] [32mBuilding CXX object CMakeFiles/detection_interfaces__rosidl_typesupport_c.dir/rosidl_typesupport_c/detection_interfaces/msg/inference_result__type_support.cpp.o[0m
[6.440s] [35m[1mConsolidate compiler generated dependencies of target detection_interfaces__rosidl_typesupport_fastrtps_c[0m
[6.447s] [35m[1mConsolidate compiler generated dependencies of target detection_interfaces__rosidl_typesupport_introspection_c[0m
[6.499s] [ 48%] [32mBuilding C object CMakeFiles/detection_interfaces__rosidl_typesupport_introspection_c.dir/rosidl_typesupport_introspection_c/detection_interfaces/msg/detail/inference_result__type_support.c.o[0m
[6.517s] [ 51%] [32mBuilding CXX object CMakeFiles/detection_interfaces__rosidl_typesupport_fastrtps_c.dir/rosidl_typesupport_fastrtps_c/detection_interfaces/msg/detail/inference_result__type_support_c.cpp.o[0m
[6.536s] [ 54%] [32m[1mLinking CXX shared library libdetection_interfaces__rosidl_typesupport_c.so[0m
[6.673s] [ 58%] [32m[1mLinking C shared library libdetection_interfaces__rosidl_typesupport_introspection_c.so[0m
[6.723s] [ 58%] Built target detection_interfaces__rosidl_typesupport_c
[6.786s] [ 58%] Built target detection_interfaces__rosidl_typesupport_introspection_c
[7.005s] [ 61%] [32m[1mLinking CXX shared library libdetection_interfaces__rosidl_typesupport_cpp.so[0m
[7.123s] [ 61%] Built target detection_interfaces__rosidl_typesupport_cpp
[7.369s] [ 64%] [32m[1mLinking CXX shared library libdetection_interfaces__rosidl_typesupport_fastrtps_cpp.so[0m
[7.407s] [ 67%] [32m[1mLinking CXX shared library libdetection_interfaces__rosidl_typesupport_introspection_cpp.so[0m
[7.584s] [ 67%] Built target detection_interfaces__rosidl_typesupport_fastrtps_cpp
[7.597s] [ 67%] Built target detection_interfaces__rosidl_typesupport_introspection_cpp
[7.617s] [ 70%] [32m[1mLinking CXX shared library libdetection_interfaces__rosidl_typesupport_fastrtps_c.so[0m
[7.827s] [ 70%] Built target detection_interfaces__rosidl_typesupport_fastrtps_c
[7.884s] [ 70%] Built target detection_interfaces
[7.943s] [ 74%] [34m[1mGenerating Python code for ROS interfaces[0m
[8.720s] [ 74%] Built target detection_interfaces__py
[8.748s] [35m[1mConsolidate compiler generated dependencies of target detection_interfaces__rosidl_generator_py[0m
[8.789s] [ 77%] [32mBuilding C object CMakeFiles/detection_interfaces__rosidl_generator_py.dir/rosidl_generator_py/detection_interfaces/msg/_inference_result_s.c.o[0m
[9.045s] [ 80%] [32m[1mLinking C shared library rosidl_generator_py/detection_interfaces/libdetection_interfaces__rosidl_generator_py.so[0m
[9.149s] [ 80%] Built target detection_interfaces__rosidl_generator_py
[9.177s] [35m[1mConsolidate compiler generated dependencies of target detection_interfaces__rosidl_typesupport_fastrtps_c__pyext[0m
[9.178s] [35m[1mConsolidate compiler generated dependencies of target detection_interfaces__rosidl_typesupport_introspection_c__pyext[0m
[9.178s] [35m[1mConsolidate compiler generated dependencies of target detection_interfaces__rosidl_typesupport_c__pyext[0m
[9.218s] [ 83%] [32mBuilding C object CMakeFiles/detection_interfaces__rosidl_typesupport_fastrtps_c__pyext.dir/rosidl_generator_py/detection_interfaces/_detection_interfaces_s.ep.rosidl_typesupport_fastrtps_c.c.o[0m
[9.220s] [ 87%] [32mBuilding C object CMakeFiles/detection_interfaces__rosidl_typesupport_c__pyext.dir/rosidl_generator_py/detection_interfaces/_detection_interfaces_s.ep.rosidl_typesupport_c.c.o[0m
[9.225s] [ 90%] [32mBuilding C object CMakeFiles/detection_interfaces__rosidl_typesupport_introspection_c__pyext.dir/rosidl_generator_py/detection_interfaces/_detection_interfaces_s.ep.rosidl_typesupport_introspection_c.c.o[0m
[9.456s] [ 93%] [32m[1mLinking C shared library rosidl_generator_py/detection_interfaces/detection_interfaces_s__rosidl_typesupport_c.cpython-310-x86_64-linux-gnu.so[0m
[9.476s] [ 96%] [32m[1mLinking C shared library rosidl_generator_py/detection_interfaces/detection_interfaces_s__rosidl_typesupport_introspection_c.cpython-310-x86_64-linux-gnu.so[0m
[9.485s] [100%] [32m[1mLinking C shared library rosidl_generator_py/detection_interfaces/detection_interfaces_s__rosidl_typesupport_fastrtps_c.cpython-310-x86_64-linux-gnu.so[0m
[9.556s] [100%] Built target detection_interfaces__rosidl_typesupport_c__pyext
[9.580s] [100%] Built target detection_interfaces__rosidl_typesupport_introspection_c__pyext
[9.584s] [100%] Built target detection_interfaces__rosidl_typesupport_fastrtps_c__pyext
[9.620s] Invoked command in '/home/soumo/ros2_ws/build/detection_interfaces' returned '0': CMAKE_PREFIX_PATH=${CMAKE_PREFIX_PATH}:/home/soumo/ros2_ws/install/pothole_detection:/home/soumo/ros2_ws/install/navigation:/opt/ros/humble /usr/bin/cmake --build /home/soumo/ros2_ws/build/detection_interfaces -- -j8 -l8
[9.827s] Invoking command in '/home/soumo/ros2_ws/build/detection_interfaces': CMAKE_PREFIX_PATH=${CMAKE_PREFIX_PATH}:/home/soumo/ros2_ws/install/pothole_detection:/home/soumo/ros2_ws/install/navigation:/opt/ros/humble /usr/bin/cmake --install /home/soumo/ros2_ws/build/detection_interfaces
[9.848s] -- Install configuration: ""
[9.850s] -- Execute custom install script
[9.850s] -- Up-to-date symlink: /home/soumo/ros2_ws/install/detection_interfaces/share/ament_index/resource_index/rosidl_interfaces/detection_interfaces
[9.851s] -- Up-to-date symlink: /home/soumo/ros2_ws/install/detection_interfaces/include/detection_interfaces/detection_interfaces/msg/detail/inference_result__functions.h
[9.852s] -- Up-to-date symlink: /home/soumo/ros2_ws/install/detection_interfaces/include/detection_interfaces/detection_interfaces/msg/detail/inference_result__struct.h
[9.852s] -- Up-to-date symlink: /home/soumo/ros2_ws/install/detection_interfaces/include/detection_interfaces/detection_interfaces/msg/detail/inference_result__type_support.h
[9.853s] -- Up-to-date symlink: /home/soumo/ros2_ws/install/detection_interfaces/include/detection_interfaces/detection_interfaces/msg/inference_result.h
[9.853s] -- Up-to-date symlink: /home/soumo/ros2_ws/install/detection_interfaces/include/detection_interfaces/detection_interfaces/msg/rosidl_generator_c__visibility_control.h
[9.854s] -- Up-to-date symlink: /home/soumo/ros2_ws/install/detection_interfaces/share/detection_interfaces/environment/library_path.sh
[9.854s] -- Up-to-date symlink: /home/soumo/ros2_ws/install/detection_interfaces/share/detection_interfaces/environment/library_path.dsv
[9.856s] -- Up-to-date symlink: /home/soumo/ros2_ws/install/detection_interfaces/include/detection_interfaces/detection_interfaces/msg/detail/inference_result__rosidl_typesupport_fastrtps_c.h
[9.856s] -- Up-to-date symlink: /home/soumo/ros2_ws/install/detection_interfaces/include/detection_interfaces/detection_interfaces/msg/rosidl_typesupport_fastrtps_c__visibility_control.h
[9.857s] -- Up-to-date symlink: /home/soumo/ros2_ws/install/detection_interfaces/include/detection_interfaces/detection_interfaces/msg/detail/inference_result__rosidl_typesupport_introspection_c.h
[9.858s] -- Up-to-date symlink: /home/soumo/ros2_ws/install/detection_interfaces/include/detection_interfaces/detection_interfaces/msg/rosidl_typesupport_introspection_c__visibility_control.h
[9.859s] -- Up-to-date symlink: /home/soumo/ros2_ws/install/detection_interfaces/include/detection_interfaces/detection_interfaces/msg/detail/inference_result__builder.hpp
[9.859s] -- Up-to-date symlink: /home/soumo/ros2_ws/install/detection_interfaces/include/detection_interfaces/detection_interfaces/msg/detail/inference_result__struct.hpp
[9.860s] -- Up-to-date symlink: /home/soumo/ros2_ws/install/detection_interfaces/include/detection_interfaces/detection_interfaces/msg/detail/inference_result__traits.hpp
[9.860s] -- Up-to-date symlink: /home/soumo/ros2_ws/install/detection_interfaces/include/detection_interfaces/detection_interfaces/msg/inference_result.hpp
[9.861s] -- Up-to-date symlink: /home/soumo/ros2_ws/install/detection_interfaces/include/detection_interfaces/detection_interfaces/msg/detail/inference_result__rosidl_typesupport_fastrtps_cpp.hpp
[9.862s] -- Up-to-date symlink: /home/soumo/ros2_ws/install/detection_interfaces/include/detection_interfaces/detection_interfaces/msg/rosidl_typesupport_fastrtps_cpp__visibility_control.h
[9.863s] -- Up-to-date symlink: /home/soumo/ros2_ws/install/detection_interfaces/include/detection_interfaces/detection_interfaces/msg/detail/inference_result__rosidl_typesupport_introspection_cpp.hpp
[9.864s] -- Up-to-date symlink: /home/soumo/ros2_ws/install/detection_interfaces/share/detection_interfaces/environment/pythonpath.sh
[9.864s] -- Up-to-date symlink: /home/soumo/ros2_ws/install/detection_interfaces/share/detection_interfaces/environment/pythonpath.dsv
[9.865s] -- Up-to-date symlink: /home/soumo/ros2_ws/install/detection_interfaces/local/lib/python3.10/dist-packages/detection_interfaces-0.0.0-py3.10.egg-info/PKG-INFO
[9.865s] -- Up-to-date symlink: /home/soumo/ros2_ws/install/detection_interfaces/local/lib/python3.10/dist-packages/detection_interfaces-0.0.0-py3.10.egg-info/SOURCES.txt
[9.866s] -- Up-to-date symlink: /home/soumo/ros2_ws/install/detection_interfaces/local/lib/python3.10/dist-packages/detection_interfaces-0.0.0-py3.10.egg-info/dependency_links.txt
[9.866s] -- Up-to-date symlink: /home/soumo/ros2_ws/install/detection_interfaces/local/lib/python3.10/dist-packages/detection_interfaces-0.0.0-py3.10.egg-info/top_level.txt
[9.868s] -- Up-to-date symlink: /home/soumo/ros2_ws/install/detection_interfaces/local/lib/python3.10/dist-packages/detection_interfaces/__init__.py
[9.869s] -- Up-to-date symlink: /home/soumo/ros2_ws/install/detection_interfaces/local/lib/python3.10/dist-packages/detection_interfaces/_detection_interfaces_s.ep.rosidl_typesupport_c.c
[9.869s] -- Up-to-date symlink: /home/soumo/ros2_ws/install/detection_interfaces/local/lib/python3.10/dist-packages/detection_interfaces/_detection_interfaces_s.ep.rosidl_typesupport_fastrtps_c.c
[9.870s] -- Up-to-date symlink: /home/soumo/ros2_ws/install/detection_interfaces/local/lib/python3.10/dist-packages/detection_interfaces/_detection_interfaces_s.ep.rosidl_typesupport_introspection_c.c
[9.870s] -- Up-to-date symlink: /home/soumo/ros2_ws/install/detection_interfaces/local/lib/python3.10/dist-packages/detection_interfaces/detection_interfaces_s__rosidl_typesupport_c.cpython-310-x86_64-linux-gnu.so
[9.870s] -- Up-to-date symlink: /home/soumo/ros2_ws/install/detection_interfaces/local/lib/python3.10/dist-packages/detection_interfaces/detection_interfaces_s__rosidl_typesupport_fastrtps_c.cpython-310-x86_64-linux-gnu.so
[9.871s] -- Up-to-date symlink: /home/soumo/ros2_ws/install/detection_interfaces/local/lib/python3.10/dist-packages/detection_interfaces/detection_interfaces_s__rosidl_typesupport_introspection_c.cpython-310-x86_64-linux-gnu.so
[9.871s] -- Up-to-date symlink: /home/soumo/ros2_ws/install/detection_interfaces/local/lib/python3.10/dist-packages/detection_interfaces/libdetection_interfaces__rosidl_generator_py.so
[9.871s] -- Up-to-date symlink: /home/soumo/ros2_ws/install/detection_interfaces/local/lib/python3.10/dist-packages/detection_interfaces/msg/__init__.py
[9.872s] -- Up-to-date symlink: /home/soumo/ros2_ws/install/detection_interfaces/local/lib/python3.10/dist-packages/detection_interfaces/msg/_inference_result.py
[9.872s] -- Up-to-date symlink: /home/soumo/ros2_ws/install/detection_interfaces/local/lib/python3.10/dist-packages/detection_interfaces/msg/_inference_result_s.c
[9.873s] -- Up-to-date symlink: /home/soumo/ros2_ws/install/detection_interfaces/local/lib/python3.10/dist-packages/detection_interfaces/detection_interfaces_s__rosidl_typesupport_fastrtps_c.cpython-310-x86_64-linux-gnu.so
[9.873s] -- Up-to-date symlink: /home/soumo/ros2_ws/install/detection_interfaces/local/lib/python3.10/dist-packages/detection_interfaces/detection_interfaces_s__rosidl_typesupport_introspection_c.cpython-310-x86_64-linux-gnu.so
[9.874s] -- Up-to-date symlink: /home/soumo/ros2_ws/install/detection_interfaces/local/lib/python3.10/dist-packages/detection_interfaces/detection_interfaces_s__rosidl_typesupport_c.cpython-310-x86_64-linux-gnu.so
[9.875s] -- Up-to-date symlink: /home/soumo/ros2_ws/install/detection_interfaces/share/detection_interfaces/msg/InferenceResult.idl
[9.875s] -- Up-to-date symlink: /home/soumo/ros2_ws/install/detection_interfaces/share/detection_interfaces/msg/InferenceResult.msg
[9.876s] -- Up-to-date symlink: /home/soumo/ros2_ws/install/detection_interfaces/share/ament_index/resource_index/package_run_dependencies/detection_interfaces
[9.876s] -- Up-to-date symlink: /home/soumo/ros2_ws/install/detection_interfaces/share/ament_index/resource_index/parent_prefix_path/detection_interfaces
[9.877s] -- Up-to-date symlink: /home/soumo/ros2_ws/install/detection_interfaces/share/detection_interfaces/environment/ament_prefix_path.sh
[9.877s] -- Up-to-date symlink: /home/soumo/ros2_ws/install/detection_interfaces/share/detection_interfaces/environment/ament_prefix_path.dsv
[9.878s] -- Up-to-date symlink: /home/soumo/ros2_ws/install/detection_interfaces/share/detection_interfaces/environment/path.sh
[9.878s] -- Up-to-date symlink: /home/soumo/ros2_ws/install/detection_interfaces/share/detection_interfaces/environment/path.dsv
[9.878s] -- Up-to-date symlink: /home/soumo/ros2_ws/install/detection_interfaces/share/detection_interfaces/local_setup.bash
[9.879s] -- Up-to-date symlink: /home/soumo/ros2_ws/install/detection_interfaces/share/detection_interfaces/local_setup.sh
[9.879s] -- Up-to-date symlink: /home/soumo/ros2_ws/install/detection_interfaces/share/detection_interfaces/local_setup.zsh
[9.880s] -- Up-to-date symlink: /home/soumo/ros2_ws/install/detection_interfaces/share/detection_interfaces/local_setup.dsv
[9.880s] -- Symlinking: /home/soumo/ros2_ws/install/detection_interfaces/share/detection_interfaces/package.dsv
[9.908s] -- Up-to-date symlink: /home/soumo/ros2_ws/install/detection_interfaces/share/ament_index/resource_index/packages/detection_interfaces
[9.908s] -- Up-to-date symlink: /home/soumo/ros2_ws/install/detection_interfaces/share/detection_interfaces/cmake/rosidl_cmake-extras.cmake
[9.909s] -- Up-to-date symlink: /home/soumo/ros2_ws/install/detection_interfaces/share/detection_interfaces/cmake/ament_cmake_export_include_directories-extras.cmake
[9.909s] -- Up-to-date symlink: /home/soumo/ros2_ws/install/detection_interfaces/share/detection_interfaces/cmake/ament_cmake_export_libraries-extras.cmake
[9.910s] -- Up-to-date symlink: /home/soumo/ros2_ws/install/detection_interfaces/share/detection_interfaces/cmake/ament_cmake_export_targets-extras.cmake
[9.910s] -- Up-to-date symlink: /home/soumo/ros2_ws/install/detection_interfaces/share/detection_interfaces/cmake/rosidl_cmake_export_typesupport_targets-extras.cmake
[9.910s] -- Up-to-date symlink: /home/soumo/ros2_ws/install/detection_interfaces/share/detection_interfaces/cmake/ament_cmake_export_dependencies-extras.cmake
[9.911s] -- Up-to-date symlink: /home/soumo/ros2_ws/install/detection_interfaces/share/detection_interfaces/cmake/rosidl_cmake_export_typesupport_libraries-extras.cmake
[9.911s] -- Up-to-date symlink: /home/soumo/ros2_ws/install/detection_interfaces/share/detection_interfaces/cmake/detection_interfacesConfig.cmake
[9.912s] -- Up-to-date symlink: /home/soumo/ros2_ws/install/detection_interfaces/share/detection_interfaces/cmake/detection_interfacesConfig-version.cmake
[9.912s] -- Up-to-date symlink: /home/soumo/ros2_ws/install/detection_interfaces/share/detection_interfaces/package.xml
[9.913s] -- Installing: /home/soumo/ros2_ws/install/detection_interfaces/lib/libdetection_interfaces__rosidl_generator_c.so
[9.914s] -- Set runtime path of "/home/soumo/ros2_ws/install/detection_interfaces/lib/libdetection_interfaces__rosidl_generator_c.so" to ""
[9.915s] -- Installing: /home/soumo/ros2_ws/install/detection_interfaces/lib/libdetection_interfaces__rosidl_typesupport_fastrtps_c.so
[9.916s] -- Set runtime path of "/home/soumo/ros2_ws/install/detection_interfaces/lib/libdetection_interfaces__rosidl_typesupport_fastrtps_c.so" to ""
[9.916s] -- Installing: /home/soumo/ros2_ws/install/detection_interfaces/lib/libdetection_interfaces__rosidl_typesupport_introspection_c.so
[9.917s] -- Set runtime path of "/home/soumo/ros2_ws/install/detection_interfaces/lib/libdetection_interfaces__rosidl_typesupport_introspection_c.so" to ""
[9.918s] -- Installing: /home/soumo/ros2_ws/install/detection_interfaces/lib/libdetection_interfaces__rosidl_typesupport_c.so
[9.919s] -- Set runtime path of "/home/soumo/ros2_ws/install/detection_interfaces/lib/libdetection_interfaces__rosidl_typesupport_c.so" to ""
[9.919s] -- Installing: /home/soumo/ros2_ws/install/detection_interfaces/lib/libdetection_interfaces__rosidl_typesupport_fastrtps_cpp.so
[9.921s] -- Set runtime path of "/home/soumo/ros2_ws/install/detection_interfaces/lib/libdetection_interfaces__rosidl_typesupport_fastrtps_cpp.so" to ""
[9.921s] -- Installing: /home/soumo/ros2_ws/install/detection_interfaces/lib/libdetection_interfaces__rosidl_typesupport_introspection_cpp.so
[9.923s] -- Set runtime path of "/home/soumo/ros2_ws/install/detection_interfaces/lib/libdetection_interfaces__rosidl_typesupport_introspection_cpp.so" to ""
[9.923s] -- Installing: /home/soumo/ros2_ws/install/detection_interfaces/lib/libdetection_interfaces__rosidl_typesupport_cpp.so
[9.924s] -- Set runtime path of "/home/soumo/ros2_ws/install/detection_interfaces/lib/libdetection_interfaces__rosidl_typesupport_cpp.so" to ""
[10.017s] Listing '/home/soumo/ros2_ws/install/detection_interfaces/local/lib/python3.10/dist-packages/detection_interfaces'...
[10.018s] Compiling '/home/soumo/ros2_ws/install/detection_interfaces/local/lib/python3.10/dist-packages/detection_interfaces/__init__.py'...
[10.018s] Listing '/home/soumo/ros2_ws/install/detection_interfaces/local/lib/python3.10/dist-packages/detection_interfaces/msg'...
[10.018s] Compiling '/home/soumo/ros2_ws/install/detection_interfaces/local/lib/python3.10/dist-packages/detection_interfaces/msg/__init__.py'...
[10.018s] Compiling '/home/soumo/ros2_ws/install/detection_interfaces/local/lib/python3.10/dist-packages/detection_interfaces/msg/_inference_result.py'...
[10.028s] -- Installing: /home/soumo/ros2_ws/install/detection_interfaces/lib/libdetection_interfaces__rosidl_generator_py.so
[10.029s] -- Set runtime path of "/home/soumo/ros2_ws/install/detection_interfaces/lib/libdetection_interfaces__rosidl_generator_py.so" to ""
[10.030s] -- Up-to-date: /home/soumo/ros2_ws/install/detection_interfaces/share/detection_interfaces/cmake/export_detection_interfaces__rosidl_generator_cExport.cmake
[10.030s] -- Up-to-date: /home/soumo/ros2_ws/install/detection_interfaces/share/detection_interfaces/cmake/export_detection_interfaces__rosidl_generator_cExport-noconfig.cmake
[10.030s] -- Up-to-date: /home/soumo/ros2_ws/install/detection_interfaces/share/detection_interfaces/cmake/export_detection_interfaces__rosidl_typesupport_fastrtps_cExport.cmake
[10.031s] -- Up-to-date: /home/soumo/ros2_ws/install/detection_interfaces/share/detection_interfaces/cmake/export_detection_interfaces__rosidl_typesupport_fastrtps_cExport-noconfig.cmake
[10.031s] -- Up-to-date: /home/soumo/ros2_ws/install/detection_interfaces/share/detection_interfaces/cmake/detection_interfaces__rosidl_typesupport_introspection_cExport.cmake
[10.031s] -- Up-to-date: /home/soumo/ros2_ws/install/detection_interfaces/share/detection_interfaces/cmake/detection_interfaces__rosidl_typesupport_introspection_cExport-noconfig.cmake
[10.031s] -- Up-to-date: /home/soumo/ros2_ws/install/detection_interfaces/share/detection_interfaces/cmake/detection_interfaces__rosidl_typesupport_cExport.cmake
[10.032s] -- Up-to-date: /home/soumo/ros2_ws/install/detection_interfaces/share/detection_interfaces/cmake/detection_interfaces__rosidl_typesupport_cExport-noconfig.cmake
[10.032s] -- Up-to-date: /home/soumo/ros2_ws/install/detection_interfaces/share/detection_interfaces/cmake/export_detection_interfaces__rosidl_generator_cppExport.cmake
[10.033s] -- Up-to-date: /home/soumo/ros2_ws/install/detection_interfaces/share/detection_interfaces/cmake/export_detection_interfaces__rosidl_typesupport_fastrtps_cppExport.cmake
[10.033s] -- Up-to-date: /home/soumo/ros2_ws/install/detection_interfaces/share/detection_interfaces/cmake/export_detection_interfaces__rosidl_typesupport_fastrtps_cppExport-noconfig.cmake
[10.033s] -- Up-to-date: /home/soumo/ros2_ws/install/detection_interfaces/share/detection_interfaces/cmake/detection_interfaces__rosidl_typesupport_introspection_cppExport.cmake
[10.033s] -- Up-to-date: /home/soumo/ros2_ws/install/detection_interfaces/share/detection_interfaces/cmake/detection_interfaces__rosidl_typesupport_introspection_cppExport-noconfig.cmake
[10.034s] -- Up-to-date: /home/soumo/ros2_ws/install/detection_interfaces/share/detection_interfaces/cmake/detection_interfaces__rosidl_typesupport_cppExport.cmake
[10.034s] -- Up-to-date: /home/soumo/ros2_ws/install/detection_interfaces/share/detection_interfaces/cmake/detection_interfaces__rosidl_typesupport_cppExport-noconfig.cmake
[10.034s] -- Up-to-date: /home/soumo/ros2_ws/install/detection_interfaces/share/detection_interfaces/cmake/export_detection_interfaces__rosidl_generator_pyExport.cmake
[10.034s] -- Up-to-date: /home/soumo/ros2_ws/install/detection_interfaces/share/detection_interfaces/cmake/export_detection_interfaces__rosidl_generator_pyExport-noconfig.cmake
[10.040s] Invoked command in '/home/soumo/ros2_ws/build/detection_interfaces' returned '0': CMAKE_PREFIX_PATH=${CMAKE_PREFIX_PATH}:/home/soumo/ros2_ws/install/pothole_detection:/home/soumo/ros2_ws/install/navigation:/opt/ros/humble /usr/bin/cmake --install /home/soumo/ros2_ws/build/detection_interfaces
