[1.155s] Invoking command in '/home/soumo/ros2_ws/build/detection_interfaces': CMAKE_PREFIX_PATH=${CMAKE_PREFIX_PATH}:/home/soumo/ros2_ws/install/pothole_detection:/home/soumo/ros2_ws/install/navigation:/opt/ros/humble /usr/bin/cmake --build /home/soumo/ros2_ws/build/detection_interfaces -- -j8 -l8
[2.855s] [  9%] Built target detection_interfaces__rosidl_generator_c
[2.856s] [ 12%] Built target detection_interfaces__cpp
[2.857s] [ 12%] Built target ament_cmake_python_symlink_detection_interfaces
[2.858s] [ 22%] Built target detection_interfaces__rosidl_typesupport_fastrtps_c
[2.860s] [ 32%] Built target detection_interfaces__rosidl_typesupport_cpp
[2.860s] [ 41%] Built target detection_interfaces__rosidl_typesupport_c
[2.863s] [ 54%] Built target detection_interfaces__rosidl_typesupport_fastrtps_cpp
[2.863s] [ 61%] Built target detection_interfaces__rosidl_typesupport_introspection_c
[2.863s] [ 70%] Built target detection_interfaces__rosidl_typesupport_introspection_cpp
[2.864s] [ 70%] Built target detection_interfaces
[2.864s] [ 74%] Built target detection_interfaces__py
[2.864s] [ 80%] Built target detection_interfaces__rosidl_generator_py
[2.865s] [ 87%] Built target detection_interfaces__rosidl_typesupport_fastrtps_c__pyext
[2.865s] [ 96%] Built target detection_interfaces__rosidl_typesupport_c__pyext
[2.866s] [100%] Built target detection_interfaces__rosidl_typesupport_introspection_c__pyext
[2.866s] running egg_info
[2.867s] writing detection_interfaces.egg-info/PKG-INFO
[2.867s] writing dependency_links to detection_interfaces.egg-info/dependency_links.txt
[2.867s] writing top-level names to detection_interfaces.egg-info/top_level.txt
[2.867s] reading manifest file 'detection_interfaces.egg-info/SOURCES.txt'
[2.868s] writing manifest file 'detection_interfaces.egg-info/SOURCES.txt'
[2.868s] [100%] Built target ament_cmake_python_build_detection_interfaces_egg
[4.228s] Invoked command in '/home/soumo/ros2_ws/build/detection_interfaces' returned '0': CMAKE_PREFIX_PATH=${CMAKE_PREFIX_PATH}:/home/soumo/ros2_ws/install/pothole_detection:/home/soumo/ros2_ws/install/navigation:/opt/ros/humble /usr/bin/cmake --build /home/soumo/ros2_ws/build/detection_interfaces -- -j8 -l8
[4.606s] Invoking command in '/home/soumo/ros2_ws/build/detection_interfaces': CMAKE_PREFIX_PATH=${CMAKE_PREFIX_PATH}:/home/soumo/ros2_ws/install/pothole_detection:/home/soumo/ros2_ws/install/navigation:/opt/ros/humble /usr/bin/cmake --install /home/soumo/ros2_ws/build/detection_interfaces
[4.636s] -- Install configuration: ""
[4.645s] -- Execute custom install script
[4.646s] -- Up-to-date symlink: /home/soumo/ros2_ws/install/detection_interfaces/share/ament_index/resource_index/rosidl_interfaces/detection_interfaces
[4.649s] -- Up-to-date symlink: /home/soumo/ros2_ws/install/detection_interfaces/include/detection_interfaces/detection_interfaces/msg/detail/inference_result__functions.h
[4.649s] -- Up-to-date symlink: /home/soumo/ros2_ws/install/detection_interfaces/include/detection_interfaces/detection_interfaces/msg/detail/inference_result__struct.h
[4.650s] -- Up-to-date symlink: /home/soumo/ros2_ws/install/detection_interfaces/include/detection_interfaces/detection_interfaces/msg/detail/inference_result__type_support.h
[4.650s] -- Up-to-date symlink: /home/soumo/ros2_ws/install/detection_interfaces/include/detection_interfaces/detection_interfaces/msg/inference_result.h
[4.651s] -- Up-to-date symlink: /home/soumo/ros2_ws/install/detection_interfaces/include/detection_interfaces/detection_interfaces/msg/rosidl_generator_c__visibility_control.h
[4.655s] -- Up-to-date symlink: /home/soumo/ros2_ws/install/detection_interfaces/share/detection_interfaces/environment/library_path.sh
[4.656s] -- Up-to-date symlink: /home/soumo/ros2_ws/install/detection_interfaces/share/detection_interfaces/environment/library_path.dsv
[4.656s] -- Up-to-date symlink: /home/soumo/ros2_ws/install/detection_interfaces/include/detection_interfaces/detection_interfaces/msg/detail/inference_result__rosidl_typesupport_fastrtps_c.h
[4.656s] -- Up-to-date symlink: /home/soumo/ros2_ws/install/detection_interfaces/include/detection_interfaces/detection_interfaces/msg/rosidl_typesupport_fastrtps_c__visibility_control.h
[4.659s] -- Up-to-date symlink: /home/soumo/ros2_ws/install/detection_interfaces/include/detection_interfaces/detection_interfaces/msg/detail/inference_result__rosidl_typesupport_introspection_c.h
[4.660s] -- Up-to-date symlink: /home/soumo/ros2_ws/install/detection_interfaces/include/detection_interfaces/detection_interfaces/msg/rosidl_typesupport_introspection_c__visibility_control.h
[4.663s] -- Up-to-date symlink: /home/soumo/ros2_ws/install/detection_interfaces/include/detection_interfaces/detection_interfaces/msg/detail/inference_result__builder.hpp
[4.663s] -- Up-to-date symlink: /home/soumo/ros2_ws/install/detection_interfaces/include/detection_interfaces/detection_interfaces/msg/detail/inference_result__struct.hpp
[4.664s] -- Up-to-date symlink: /home/soumo/ros2_ws/install/detection_interfaces/include/detection_interfaces/detection_interfaces/msg/detail/inference_result__traits.hpp
[4.664s] -- Up-to-date symlink: /home/soumo/ros2_ws/install/detection_interfaces/include/detection_interfaces/detection_interfaces/msg/inference_result.hpp
[4.666s] -- Up-to-date symlink: /home/soumo/ros2_ws/install/detection_interfaces/include/detection_interfaces/detection_interfaces/msg/detail/inference_result__rosidl_typesupport_fastrtps_cpp.hpp
[4.667s] -- Up-to-date symlink: /home/soumo/ros2_ws/install/detection_interfaces/include/detection_interfaces/detection_interfaces/msg/rosidl_typesupport_fastrtps_cpp__visibility_control.h
[4.669s] -- Up-to-date symlink: /home/soumo/ros2_ws/install/detection_interfaces/include/detection_interfaces/detection_interfaces/msg/detail/inference_result__rosidl_typesupport_introspection_cpp.hpp
[4.670s] -- Up-to-date symlink: /home/soumo/ros2_ws/install/detection_interfaces/share/detection_interfaces/environment/pythonpath.sh
[4.671s] -- Up-to-date symlink: /home/soumo/ros2_ws/install/detection_interfaces/share/detection_interfaces/environment/pythonpath.dsv
[4.672s] -- Up-to-date symlink: /home/soumo/ros2_ws/install/detection_interfaces/local/lib/python3.10/dist-packages/detection_interfaces-0.0.0-py3.10.egg-info/PKG-INFO
[4.675s] -- Up-to-date symlink: /home/soumo/ros2_ws/install/detection_interfaces/local/lib/python3.10/dist-packages/detection_interfaces-0.0.0-py3.10.egg-info/SOURCES.txt
[4.677s] -- Up-to-date symlink: /home/soumo/ros2_ws/install/detection_interfaces/local/lib/python3.10/dist-packages/detection_interfaces-0.0.0-py3.10.egg-info/dependency_links.txt
[4.678s] -- Up-to-date symlink: /home/soumo/ros2_ws/install/detection_interfaces/local/lib/python3.10/dist-packages/detection_interfaces-0.0.0-py3.10.egg-info/top_level.txt
[4.679s] -- Up-to-date symlink: /home/soumo/ros2_ws/install/detection_interfaces/local/lib/python3.10/dist-packages/detection_interfaces/__init__.py
[4.681s] -- Up-to-date symlink: /home/soumo/ros2_ws/install/detection_interfaces/local/lib/python3.10/dist-packages/detection_interfaces/_detection_interfaces_s.ep.rosidl_typesupport_c.c
[4.682s] -- Up-to-date symlink: /home/soumo/ros2_ws/install/detection_interfaces/local/lib/python3.10/dist-packages/detection_interfaces/_detection_interfaces_s.ep.rosidl_typesupport_fastrtps_c.c
[4.682s] -- Up-to-date symlink: /home/soumo/ros2_ws/install/detection_interfaces/local/lib/python3.10/dist-packages/detection_interfaces/_detection_interfaces_s.ep.rosidl_typesupport_introspection_c.c
[4.684s] -- Up-to-date symlink: /home/soumo/ros2_ws/install/detection_interfaces/local/lib/python3.10/dist-packages/detection_interfaces/detection_interfaces_s__rosidl_typesupport_c.cpython-310-x86_64-linux-gnu.so
[4.684s] -- Up-to-date symlink: /home/soumo/ros2_ws/install/detection_interfaces/local/lib/python3.10/dist-packages/detection_interfaces/detection_interfaces_s__rosidl_typesupport_fastrtps_c.cpython-310-x86_64-linux-gnu.so
[4.685s] -- Up-to-date symlink: /home/soumo/ros2_ws/install/detection_interfaces/local/lib/python3.10/dist-packages/detection_interfaces/detection_interfaces_s__rosidl_typesupport_introspection_c.cpython-310-x86_64-linux-gnu.so
[4.686s] -- Up-to-date symlink: /home/soumo/ros2_ws/install/detection_interfaces/local/lib/python3.10/dist-packages/detection_interfaces/libdetection_interfaces__rosidl_generator_py.so
[4.686s] -- Up-to-date symlink: /home/soumo/ros2_ws/install/detection_interfaces/local/lib/python3.10/dist-packages/detection_interfaces/msg/__init__.py
[4.686s] -- Up-to-date symlink: /home/soumo/ros2_ws/install/detection_interfaces/local/lib/python3.10/dist-packages/detection_interfaces/msg/_inference_result.py
[4.687s] -- Up-to-date symlink: /home/soumo/ros2_ws/install/detection_interfaces/local/lib/python3.10/dist-packages/detection_interfaces/msg/_inference_result_s.c
[4.687s] -- Up-to-date symlink: /home/soumo/ros2_ws/install/detection_interfaces/local/lib/python3.10/dist-packages/detection_interfaces/detection_interfaces_s__rosidl_typesupport_fastrtps_c.cpython-310-x86_64-linux-gnu.so
[4.690s] -- Up-to-date symlink: /home/soumo/ros2_ws/install/detection_interfaces/local/lib/python3.10/dist-packages/detection_interfaces/detection_interfaces_s__rosidl_typesupport_introspection_c.cpython-310-x86_64-linux-gnu.so
[4.691s] -- Up-to-date symlink: /home/soumo/ros2_ws/install/detection_interfaces/local/lib/python3.10/dist-packages/detection_interfaces/detection_interfaces_s__rosidl_typesupport_c.cpython-310-x86_64-linux-gnu.so
[4.691s] -- Up-to-date symlink: /home/soumo/ros2_ws/install/detection_interfaces/share/detection_interfaces/msg/InferenceResult.idl
[4.692s] -- Up-to-date symlink: /home/soumo/ros2_ws/install/detection_interfaces/share/detection_interfaces/msg/InferenceResult.msg
[4.696s] -- Up-to-date symlink: /home/soumo/ros2_ws/install/detection_interfaces/share/ament_index/resource_index/package_run_dependencies/detection_interfaces
[4.697s] -- Up-to-date symlink: /home/soumo/ros2_ws/install/detection_interfaces/share/ament_index/resource_index/parent_prefix_path/detection_interfaces
[4.700s] -- Up-to-date symlink: /home/soumo/ros2_ws/install/detection_interfaces/share/detection_interfaces/environment/ament_prefix_path.sh
[4.701s] -- Up-to-date symlink: /home/soumo/ros2_ws/install/detection_interfaces/share/detection_interfaces/environment/ament_prefix_path.dsv
[4.701s] -- Up-to-date symlink: /home/soumo/ros2_ws/install/detection_interfaces/share/detection_interfaces/environment/path.sh
[4.701s] -- Up-to-date symlink: /home/soumo/ros2_ws/install/detection_interfaces/share/detection_interfaces/environment/path.dsv
[4.702s] -- Up-to-date symlink: /home/soumo/ros2_ws/install/detection_interfaces/share/detection_interfaces/local_setup.bash
[4.702s] -- Up-to-date symlink: /home/soumo/ros2_ws/install/detection_interfaces/share/detection_interfaces/local_setup.sh
[4.704s] -- Up-to-date symlink: /home/soumo/ros2_ws/install/detection_interfaces/share/detection_interfaces/local_setup.zsh
[4.705s] -- Up-to-date symlink: /home/soumo/ros2_ws/install/detection_interfaces/share/detection_interfaces/local_setup.dsv
[4.706s] -- Symlinking: /home/soumo/ros2_ws/install/detection_interfaces/share/detection_interfaces/package.dsv
[4.744s] -- Up-to-date symlink: /home/soumo/ros2_ws/install/detection_interfaces/share/ament_index/resource_index/packages/detection_interfaces
[4.744s] -- Up-to-date symlink: /home/soumo/ros2_ws/install/detection_interfaces/share/detection_interfaces/cmake/rosidl_cmake-extras.cmake
[4.745s] -- Up-to-date symlink: /home/soumo/ros2_ws/install/detection_interfaces/share/detection_interfaces/cmake/ament_cmake_export_include_directories-extras.cmake
[4.746s] -- Up-to-date symlink: /home/soumo/ros2_ws/install/detection_interfaces/share/detection_interfaces/cmake/ament_cmake_export_libraries-extras.cmake
[4.748s] -- Up-to-date symlink: /home/soumo/ros2_ws/install/detection_interfaces/share/detection_interfaces/cmake/ament_cmake_export_targets-extras.cmake
[4.750s] -- Up-to-date symlink: /home/soumo/ros2_ws/install/detection_interfaces/share/detection_interfaces/cmake/rosidl_cmake_export_typesupport_targets-extras.cmake
[4.751s] -- Up-to-date symlink: /home/soumo/ros2_ws/install/detection_interfaces/share/detection_interfaces/cmake/ament_cmake_export_dependencies-extras.cmake
[4.755s] -- Up-to-date symlink: /home/soumo/ros2_ws/install/detection_interfaces/share/detection_interfaces/cmake/rosidl_cmake_export_typesupport_libraries-extras.cmake
[4.756s] -- Up-to-date symlink: /home/soumo/ros2_ws/install/detection_interfaces/share/detection_interfaces/cmake/detection_interfacesConfig.cmake
[4.757s] -- Up-to-date symlink: /home/soumo/ros2_ws/install/detection_interfaces/share/detection_interfaces/cmake/detection_interfacesConfig-version.cmake
[4.757s] -- Up-to-date symlink: /home/soumo/ros2_ws/install/detection_interfaces/share/detection_interfaces/package.xml
[4.757s] -- Up-to-date: /home/soumo/ros2_ws/install/detection_interfaces/lib/libdetection_interfaces__rosidl_generator_c.so
[4.757s] -- Up-to-date: /home/soumo/ros2_ws/install/detection_interfaces/lib/libdetection_interfaces__rosidl_typesupport_fastrtps_c.so
[4.758s] -- Up-to-date: /home/soumo/ros2_ws/install/detection_interfaces/lib/libdetection_interfaces__rosidl_typesupport_introspection_c.so
[4.760s] -- Up-to-date: /home/soumo/ros2_ws/install/detection_interfaces/lib/libdetection_interfaces__rosidl_typesupport_c.so
[4.761s] -- Up-to-date: /home/soumo/ros2_ws/install/detection_interfaces/lib/libdetection_interfaces__rosidl_typesupport_fastrtps_cpp.so
[4.763s] -- Up-to-date: /home/soumo/ros2_ws/install/detection_interfaces/lib/libdetection_interfaces__rosidl_typesupport_introspection_cpp.so
[4.764s] -- Up-to-date: /home/soumo/ros2_ws/install/detection_interfaces/lib/libdetection_interfaces__rosidl_typesupport_cpp.so
[4.917s] Listing '/home/soumo/ros2_ws/install/detection_interfaces/local/lib/python3.10/dist-packages/detection_interfaces'...
[4.917s] Listing '/home/soumo/ros2_ws/install/detection_interfaces/local/lib/python3.10/dist-packages/detection_interfaces/msg'...
[4.939s] -- Up-to-date: /home/soumo/ros2_ws/install/detection_interfaces/lib/libdetection_interfaces__rosidl_generator_py.so
[4.941s] -- Up-to-date: /home/soumo/ros2_ws/install/detection_interfaces/share/detection_interfaces/cmake/export_detection_interfaces__rosidl_generator_cExport.cmake
[4.941s] -- Up-to-date: /home/soumo/ros2_ws/install/detection_interfaces/share/detection_interfaces/cmake/export_detection_interfaces__rosidl_generator_cExport-noconfig.cmake
[4.942s] -- Up-to-date: /home/soumo/ros2_ws/install/detection_interfaces/share/detection_interfaces/cmake/export_detection_interfaces__rosidl_typesupport_fastrtps_cExport.cmake
[4.942s] -- Up-to-date: /home/soumo/ros2_ws/install/detection_interfaces/share/detection_interfaces/cmake/export_detection_interfaces__rosidl_typesupport_fastrtps_cExport-noconfig.cmake
[4.942s] -- Up-to-date: /home/soumo/ros2_ws/install/detection_interfaces/share/detection_interfaces/cmake/detection_interfaces__rosidl_typesupport_introspection_cExport.cmake
[4.943s] -- Up-to-date: /home/soumo/ros2_ws/install/detection_interfaces/share/detection_interfaces/cmake/detection_interfaces__rosidl_typesupport_introspection_cExport-noconfig.cmake
[4.944s] -- Up-to-date: /home/soumo/ros2_ws/install/detection_interfaces/share/detection_interfaces/cmake/detection_interfaces__rosidl_typesupport_cExport.cmake
[4.944s] -- Up-to-date: /home/soumo/ros2_ws/install/detection_interfaces/share/detection_interfaces/cmake/detection_interfaces__rosidl_typesupport_cExport-noconfig.cmake
[4.945s] -- Up-to-date: /home/soumo/ros2_ws/install/detection_interfaces/share/detection_interfaces/cmake/export_detection_interfaces__rosidl_generator_cppExport.cmake
[4.945s] -- Up-to-date: /home/soumo/ros2_ws/install/detection_interfaces/share/detection_interfaces/cmake/export_detection_interfaces__rosidl_typesupport_fastrtps_cppExport.cmake
[4.945s] -- Up-to-date: /home/soumo/ros2_ws/install/detection_interfaces/share/detection_interfaces/cmake/export_detection_interfaces__rosidl_typesupport_fastrtps_cppExport-noconfig.cmake
[4.946s] -- Up-to-date: /home/soumo/ros2_ws/install/detection_interfaces/share/detection_interfaces/cmake/detection_interfaces__rosidl_typesupport_introspection_cppExport.cmake
[4.946s] -- Up-to-date: /home/soumo/ros2_ws/install/detection_interfaces/share/detection_interfaces/cmake/detection_interfaces__rosidl_typesupport_introspection_cppExport-noconfig.cmake
[4.946s] -- Up-to-date: /home/soumo/ros2_ws/install/detection_interfaces/share/detection_interfaces/cmake/detection_interfaces__rosidl_typesupport_cppExport.cmake
[4.947s] -- Up-to-date: /home/soumo/ros2_ws/install/detection_interfaces/share/detection_interfaces/cmake/detection_interfaces__rosidl_typesupport_cppExport-noconfig.cmake
[4.948s] -- Up-to-date: /home/soumo/ros2_ws/install/detection_interfaces/share/detection_interfaces/cmake/export_detection_interfaces__rosidl_generator_pyExport.cmake
[4.949s] -- Up-to-date: /home/soumo/ros2_ws/install/detection_interfaces/share/detection_interfaces/cmake/export_detection_interfaces__rosidl_generator_pyExport-noconfig.cmake
[4.961s] Invoked command in '/home/soumo/ros2_ws/build/detection_interfaces' returned '0': CMAKE_PREFIX_PATH=${CMAKE_PREFIX_PATH}:/home/soumo/ros2_ws/install/pothole_detection:/home/soumo/ros2_ws/install/navigation:/opt/ros/humble /usr/bin/cmake --install /home/soumo/ros2_ws/build/detection_interfaces
