[6.634s] Invoking command in '/home/soumo/robot_programming/build/pothole_detection': PYTHONPATH=/home/soumo/robot_programming/build/pothole_detection/prefix_override:/home/soumo/robot_programming/install/pothole_detection/lib/python3.10/site-packages:${PYTHONPATH} /usr/bin/python3 setup.py develop --editable --build-directory /home/soumo/robot_programming/build/pothole_detection/build --no-deps install_data
[8.198s] running develop
[9.155s] running egg_info
[9.155s] writing pothole_detection.egg-info/PKG-INFO
[9.156s] writing dependency_links to pothole_detection.egg-info/dependency_links.txt
[9.157s] writing entry points to pothole_detection.egg-info/entry_points.txt
[9.157s] writing requirements to pothole_detection.egg-info/requires.txt
[9.158s] writing top-level names to pothole_detection.egg-info/top_level.txt
[9.166s] reading manifest file 'pothole_detection.egg-info/SOURCES.txt'
[9.170s] writing manifest file 'pothole_detection.egg-info/SOURCES.txt'
[9.381s] running build_ext
[9.382s] Creating /home/soumo/robot_programming/install/pothole_detection/lib/python3.10/site-packages/pothole-detection.egg-link (link to .)
[9.390s] Installing dataset_extraction script to /home/soumo/robot_programming/install/pothole_detection/lib/pothole_detection
[9.391s] Installing pothole_cluster script to /home/soumo/robot_programming/install/pothole_detection/lib/pothole_detection
[9.391s] Installing pothole_detection_opencv script to /home/soumo/robot_programming/install/pothole_detection/lib/pothole_detection
[9.392s] Installing pothole_detection_yolo script to /home/soumo/robot_programming/install/pothole_detection/lib/pothole_detection
[9.392s] Installing pothole_location1 script to /home/soumo/robot_programming/install/pothole_detection/lib/pothole_detection
[9.398s] 
[9.398s] Installed /home/soumo/robot_programming/build/pothole_detection
[9.402s] running install_data
[9.616s] Invoked command in '/home/soumo/robot_programming/build/pothole_detection' returned '0': PYTHONPATH=/home/soumo/robot_programming/build/pothole_detection/prefix_override:/home/soumo/robot_programming/install/pothole_detection/lib/python3.10/site-packages:${PYTHONPATH} /usr/bin/python3 setup.py develop --editable --build-directory /home/soumo/robot_programming/build/pothole_detection/build --no-deps install_data
