[7.354s] Invoking command in '/home/soumo/robot_programming/build/pothole_detection': PYTHONPATH=/home/soumo/robot_programming/build/pothole_detection/prefix_override:/home/soumo/robot_programming/install/pothole_detection/lib/python3.10/site-packages:${PYTHONPATH} /usr/bin/python3 setup.py develop --editable --build-directory /home/soumo/robot_programming/build/pothole_detection/build --no-deps install_data
[9.086s] running develop
[10.251s] running egg_info
[10.253s] writing pothole_detection.egg-info/PKG-INFO
[10.253s] writing dependency_links to pothole_detection.egg-info/dependency_links.txt
[10.254s] writing entry points to pothole_detection.egg-info/entry_points.txt
[10.255s] writing requirements to pothole_detection.egg-info/requires.txt
[10.256s] writing top-level names to pothole_detection.egg-info/top_level.txt
[10.262s] reading manifest file 'pothole_detection.egg-info/SOURCES.txt'
[10.266s] writing manifest file 'pothole_detection.egg-info/SOURCES.txt'
[10.465s] running build_ext
[10.465s] Creating /home/soumo/robot_programming/install/pothole_detection/lib/python3.10/site-packages/pothole-detection.egg-link (link to .)
[10.471s] Installing dataset_extraction script to /home/soumo/robot_programming/install/pothole_detection/lib/pothole_detection
[10.472s] Installing pothole_cluster_opencv script to /home/soumo/robot_programming/install/pothole_detection/lib/pothole_detection
[10.472s] Installing pothole_cluster_yolo script to /home/soumo/robot_programming/install/pothole_detection/lib/pothole_detection
[10.472s] Installing pothole_detection_opencv script to /home/soumo/robot_programming/install/pothole_detection/lib/pothole_detection
[10.472s] Installing pothole_detection_yolo script to /home/soumo/robot_programming/install/pothole_detection/lib/pothole_detection
[10.473s] Installing pothole_location script to /home/soumo/robot_programming/install/pothole_detection/lib/pothole_detection
[10.474s] 
[10.474s] Installed /home/soumo/robot_programming/build/pothole_detection
[10.475s] running install_data
[10.638s] Invoked command in '/home/soumo/robot_programming/build/pothole_detection' returned '0': PYTHONPATH=/home/soumo/robot_programming/build/pothole_detection/prefix_override:/home/soumo/robot_programming/install/pothole_detection/lib/python3.10/site-packages:${PYTHONPATH} /usr/bin/python3 setup.py develop --editable --build-directory /home/soumo/robot_programming/build/pothole_detection/build --no-deps install_data
