[1.792s] Invoking command in '/home/soumo/robot_programming/build/detection_interfaces': CMAKE_PREFIX_PATH=${CMAKE_PREFIX_PATH}:/home/soumo/robot_programming/install/pothole_detection:/home/soumo/robot_programming/install/navigation:/home/soumo/ros2_ws/install/pothole_detection:/home/soumo/ros2_ws/install/navigation:/opt/ros/humble /usr/bin/cmake --build /home/soumo/robot_programming/build/detection_interfaces -- -j8 -l8
[3.535s] [  2%] Built target detection_interfaces__cpp
[3.536s] [  2%] Built target ament_cmake_python_symlink_detection_interfaces
[3.537s] [ 12%] Built target detection_interfaces__rosidl_typesupport_introspection_cpp
[3.537s] running egg_info
[3.537s] writing detection_interfaces.egg-info/PKG-INFO
[3.538s] writing dependency_links to detection_interfaces.egg-info/dependency_links.txt
[3.538s] writing top-level names to detection_interfaces.egg-info/top_level.txt
[3.538s] reading manifest file 'detection_interfaces.egg-info/SOURCES.txt'
[3.538s] writing manifest file 'detection_interfaces.egg-info/SOURCES.txt'
[3.622s] [ 12%] Built target ament_cmake_python_build_detection_interfaces_egg
[3.729s] [ 23%] Built target detection_interfaces__rosidl_typesupport_fastrtps_cpp
[3.836s] [ 34%] Built target detection_interfaces__rosidl_typesupport_cpp
[3.944s] [ 44%] Built target detection_interfaces__rosidl_generator_c
[4.067s] [ 55%] Built target detection_interfaces__rosidl_typesupport_fastrtps_c
[4.175s] [ 65%] Built target detection_interfaces__rosidl_typesupport_c
[4.280s] [ 76%] Built target detection_interfaces__rosidl_typesupport_introspection_c
[4.390s] [ 76%] Built target detection_interfaces
[4.485s] [ 78%] Built target detection_interfaces__py
[4.591s] [ 87%] Built target detection_interfaces__rosidl_generator_py
[4.700s] [ 91%] Built target detection_interfaces__rosidl_typesupport_fastrtps_c__pyext
[4.813s] [ 95%] Built target detection_interfaces__rosidl_typesupport_c__pyext
[4.916s] [100%] Built target detection_interfaces__rosidl_typesupport_introspection_c__pyext
[5.260s] Invoked command in '/home/soumo/robot_programming/build/detection_interfaces' returned '0': CMAKE_PREFIX_PATH=${CMAKE_PREFIX_PATH}:/home/soumo/robot_programming/install/pothole_detection:/home/soumo/robot_programming/install/navigation:/home/soumo/ros2_ws/install/pothole_detection:/home/soumo/ros2_ws/install/navigation:/opt/ros/humble /usr/bin/cmake --build /home/soumo/robot_programming/build/detection_interfaces -- -j8 -l8
[6.321s] Invoking command in '/home/soumo/robot_programming/build/detection_interfaces': CMAKE_PREFIX_PATH=${CMAKE_PREFIX_PATH}:/home/soumo/robot_programming/install/pothole_detection:/home/soumo/robot_programming/install/navigation:/home/soumo/ros2_ws/install/pothole_detection:/home/soumo/ros2_ws/install/navigation:/opt/ros/humble /usr/bin/cmake --install /home/soumo/robot_programming/build/detection_interfaces
[6.357s] -- Install configuration: ""
[6.362s] -- Execute custom install script
[6.366s] -- Up-to-date symlink: /home/soumo/robot_programming/install/detection_interfaces/share/ament_index/resource_index/rosidl_interfaces/detection_interfaces
[6.371s] -- Up-to-date symlink: /home/soumo/robot_programming/install/detection_interfaces/include/detection_interfaces/detection_interfaces/msg/detail/inference_result__functions.h
[6.374s] -- Up-to-date symlink: /home/soumo/robot_programming/install/detection_interfaces/include/detection_interfaces/detection_interfaces/msg/detail/inference_result__struct.h
[6.380s] -- Up-to-date symlink: /home/soumo/robot_programming/install/detection_interfaces/include/detection_interfaces/detection_interfaces/msg/detail/inference_result__type_support.h
[6.382s] -- Up-to-date symlink: /home/soumo/robot_programming/install/detection_interfaces/include/detection_interfaces/detection_interfaces/msg/detail/inference_result_array__functions.h
[6.387s] -- Up-to-date symlink: /home/soumo/robot_programming/install/detection_interfaces/include/detection_interfaces/detection_interfaces/msg/detail/inference_result_array__struct.h
[6.390s] -- Up-to-date symlink: /home/soumo/robot_programming/install/detection_interfaces/include/detection_interfaces/detection_interfaces/msg/detail/inference_result_array__type_support.h
[6.393s] -- Up-to-date symlink: /home/soumo/robot_programming/install/detection_interfaces/include/detection_interfaces/detection_interfaces/msg/detail/pothole_cordinate__functions.h
[6.395s] -- Up-to-date symlink: /home/soumo/robot_programming/install/detection_interfaces/include/detection_interfaces/detection_interfaces/msg/detail/pothole_cordinate__struct.h
[6.396s] -- Up-to-date symlink: /home/soumo/robot_programming/install/detection_interfaces/include/detection_interfaces/detection_interfaces/msg/detail/pothole_cordinate__type_support.h
[6.396s] -- Up-to-date symlink: /home/soumo/robot_programming/install/detection_interfaces/include/detection_interfaces/detection_interfaces/msg/inference_result.h
[6.396s] -- Up-to-date symlink: /home/soumo/robot_programming/install/detection_interfaces/include/detection_interfaces/detection_interfaces/msg/inference_result_array.h
[6.397s] -- Up-to-date symlink: /home/soumo/robot_programming/install/detection_interfaces/include/detection_interfaces/detection_interfaces/msg/pothole_cordinate.h
[6.397s] -- Up-to-date symlink: /home/soumo/robot_programming/install/detection_interfaces/include/detection_interfaces/detection_interfaces/msg/rosidl_generator_c__visibility_control.h
[6.397s] -- Up-to-date symlink: /home/soumo/robot_programming/install/detection_interfaces/share/detection_interfaces/environment/library_path.sh
[6.403s] -- Up-to-date symlink: /home/soumo/robot_programming/install/detection_interfaces/share/detection_interfaces/environment/library_path.dsv
[6.404s] -- Up-to-date symlink: /home/soumo/robot_programming/install/detection_interfaces/include/detection_interfaces/detection_interfaces/msg/detail/inference_result__rosidl_typesupport_fastrtps_c.h
[6.404s] -- Up-to-date symlink: /home/soumo/robot_programming/install/detection_interfaces/include/detection_interfaces/detection_interfaces/msg/detail/inference_result_array__rosidl_typesupport_fastrtps_c.h
[6.404s] -- Up-to-date symlink: /home/soumo/robot_programming/install/detection_interfaces/include/detection_interfaces/detection_interfaces/msg/detail/pothole_cordinate__rosidl_typesupport_fastrtps_c.h
[6.404s] -- Up-to-date symlink: /home/soumo/robot_programming/install/detection_interfaces/include/detection_interfaces/detection_interfaces/msg/rosidl_typesupport_fastrtps_c__visibility_control.h
[6.405s] -- Up-to-date symlink: /home/soumo/robot_programming/install/detection_interfaces/include/detection_interfaces/detection_interfaces/msg/detail/inference_result__rosidl_typesupport_introspection_c.h
[6.405s] -- Up-to-date symlink: /home/soumo/robot_programming/install/detection_interfaces/include/detection_interfaces/detection_interfaces/msg/detail/inference_result_array__rosidl_typesupport_introspection_c.h
[6.419s] -- Up-to-date symlink: /home/soumo/robot_programming/install/detection_interfaces/include/detection_interfaces/detection_interfaces/msg/detail/pothole_cordinate__rosidl_typesupport_introspection_c.h
[6.419s] -- Up-to-date symlink: /home/soumo/robot_programming/install/detection_interfaces/include/detection_interfaces/detection_interfaces/msg/rosidl_typesupport_introspection_c__visibility_control.h
[6.419s] -- Up-to-date symlink: /home/soumo/robot_programming/install/detection_interfaces/include/detection_interfaces/detection_interfaces/msg/detail/inference_result__builder.hpp
[6.420s] -- Up-to-date symlink: /home/soumo/robot_programming/install/detection_interfaces/include/detection_interfaces/detection_interfaces/msg/detail/inference_result__struct.hpp
[6.431s] -- Up-to-date symlink: /home/soumo/robot_programming/install/detection_interfaces/include/detection_interfaces/detection_interfaces/msg/detail/inference_result__traits.hpp
[6.431s] -- Up-to-date symlink: /home/soumo/robot_programming/install/detection_interfaces/include/detection_interfaces/detection_interfaces/msg/detail/inference_result_array__builder.hpp
[6.431s] -- Up-to-date symlink: /home/soumo/robot_programming/install/detection_interfaces/include/detection_interfaces/detection_interfaces/msg/detail/inference_result_array__struct.hpp
[6.432s] -- Up-to-date symlink: /home/soumo/robot_programming/install/detection_interfaces/include/detection_interfaces/detection_interfaces/msg/detail/inference_result_array__traits.hpp
[6.432s] -- Up-to-date symlink: /home/soumo/robot_programming/install/detection_interfaces/include/detection_interfaces/detection_interfaces/msg/detail/pothole_cordinate__builder.hpp
[6.432s] -- Up-to-date symlink: /home/soumo/robot_programming/install/detection_interfaces/include/detection_interfaces/detection_interfaces/msg/detail/pothole_cordinate__struct.hpp
[6.432s] -- Up-to-date symlink: /home/soumo/robot_programming/install/detection_interfaces/include/detection_interfaces/detection_interfaces/msg/detail/pothole_cordinate__traits.hpp
[6.433s] -- Up-to-date symlink: /home/soumo/robot_programming/install/detection_interfaces/include/detection_interfaces/detection_interfaces/msg/inference_result.hpp
[6.433s] -- Up-to-date symlink: /home/soumo/robot_programming/install/detection_interfaces/include/detection_interfaces/detection_interfaces/msg/inference_result_array.hpp
[6.434s] -- Up-to-date symlink: /home/soumo/robot_programming/install/detection_interfaces/include/detection_interfaces/detection_interfaces/msg/pothole_cordinate.hpp
[6.438s] -- Up-to-date symlink: /home/soumo/robot_programming/install/detection_interfaces/include/detection_interfaces/detection_interfaces/msg/detail/inference_result__rosidl_typesupport_fastrtps_cpp.hpp
[6.439s] -- Up-to-date symlink: /home/soumo/robot_programming/install/detection_interfaces/include/detection_interfaces/detection_interfaces/msg/detail/inference_result_array__rosidl_typesupport_fastrtps_cpp.hpp
[6.439s] -- Up-to-date symlink: /home/soumo/robot_programming/install/detection_interfaces/include/detection_interfaces/detection_interfaces/msg/detail/pothole_cordinate__rosidl_typesupport_fastrtps_cpp.hpp
[6.446s] -- Up-to-date symlink: /home/soumo/robot_programming/install/detection_interfaces/include/detection_interfaces/detection_interfaces/msg/rosidl_typesupport_fastrtps_cpp__visibility_control.h
[6.448s] -- Up-to-date symlink: /home/soumo/robot_programming/install/detection_interfaces/include/detection_interfaces/detection_interfaces/msg/detail/inference_result__rosidl_typesupport_introspection_cpp.hpp
[6.449s] -- Up-to-date symlink: /home/soumo/robot_programming/install/detection_interfaces/include/detection_interfaces/detection_interfaces/msg/detail/inference_result_array__rosidl_typesupport_introspection_cpp.hpp
[6.449s] -- Up-to-date symlink: /home/soumo/robot_programming/install/detection_interfaces/include/detection_interfaces/detection_interfaces/msg/detail/pothole_cordinate__rosidl_typesupport_introspection_cpp.hpp
[6.450s] -- Up-to-date symlink: /home/soumo/robot_programming/install/detection_interfaces/share/detection_interfaces/environment/pythonpath.sh
[6.451s] -- Up-to-date symlink: /home/soumo/robot_programming/install/detection_interfaces/share/detection_interfaces/environment/pythonpath.dsv
[6.456s] -- Up-to-date symlink: /home/soumo/robot_programming/install/detection_interfaces/local/lib/python3.10/dist-packages/detection_interfaces-0.0.0-py3.10.egg-info/PKG-INFO
[6.456s] -- Up-to-date symlink: /home/soumo/robot_programming/install/detection_interfaces/local/lib/python3.10/dist-packages/detection_interfaces-0.0.0-py3.10.egg-info/SOURCES.txt
[6.457s] -- Up-to-date symlink: /home/soumo/robot_programming/install/detection_interfaces/local/lib/python3.10/dist-packages/detection_interfaces-0.0.0-py3.10.egg-info/dependency_links.txt
[6.457s] -- Up-to-date symlink: /home/soumo/robot_programming/install/detection_interfaces/local/lib/python3.10/dist-packages/detection_interfaces-0.0.0-py3.10.egg-info/top_level.txt
[6.470s] -- Up-to-date symlink: /home/soumo/robot_programming/install/detection_interfaces/local/lib/python3.10/dist-packages/detection_interfaces/__init__.py
[6.471s] -- Up-to-date symlink: /home/soumo/robot_programming/install/detection_interfaces/local/lib/python3.10/dist-packages/detection_interfaces/_detection_interfaces_s.ep.rosidl_typesupport_c.c
[6.471s] -- Up-to-date symlink: /home/soumo/robot_programming/install/detection_interfaces/local/lib/python3.10/dist-packages/detection_interfaces/_detection_interfaces_s.ep.rosidl_typesupport_fastrtps_c.c
[6.472s] -- Up-to-date symlink: /home/soumo/robot_programming/install/detection_interfaces/local/lib/python3.10/dist-packages/detection_interfaces/_detection_interfaces_s.ep.rosidl_typesupport_introspection_c.c
[6.473s] -- Up-to-date symlink: /home/soumo/robot_programming/install/detection_interfaces/local/lib/python3.10/dist-packages/detection_interfaces/detection_interfaces_s__rosidl_typesupport_c.cpython-310-x86_64-linux-gnu.so
[6.474s] -- Up-to-date symlink: /home/soumo/robot_programming/install/detection_interfaces/local/lib/python3.10/dist-packages/detection_interfaces/detection_interfaces_s__rosidl_typesupport_fastrtps_c.cpython-310-x86_64-linux-gnu.so
[6.474s] -- Up-to-date symlink: /home/soumo/robot_programming/install/detection_interfaces/local/lib/python3.10/dist-packages/detection_interfaces/detection_interfaces_s__rosidl_typesupport_introspection_c.cpython-310-x86_64-linux-gnu.so
[6.478s] -- Up-to-date symlink: /home/soumo/robot_programming/install/detection_interfaces/local/lib/python3.10/dist-packages/detection_interfaces/libdetection_interfaces__rosidl_generator_py.so
[6.484s] -- Up-to-date symlink: /home/soumo/robot_programming/install/detection_interfaces/local/lib/python3.10/dist-packages/detection_interfaces/msg/__init__.py
[6.485s] -- Up-to-date symlink: /home/soumo/robot_programming/install/detection_interfaces/local/lib/python3.10/dist-packages/detection_interfaces/msg/_inference_result.py
[6.485s] -- Up-to-date symlink: /home/soumo/robot_programming/install/detection_interfaces/local/lib/python3.10/dist-packages/detection_interfaces/msg/_inference_result_array.py
[6.485s] -- Up-to-date symlink: /home/soumo/robot_programming/install/detection_interfaces/local/lib/python3.10/dist-packages/detection_interfaces/msg/_inference_result_array_s.c
[6.485s] -- Up-to-date symlink: /home/soumo/robot_programming/install/detection_interfaces/local/lib/python3.10/dist-packages/detection_interfaces/msg/_inference_result_s.c
[6.505s] -- Up-to-date symlink: /home/soumo/robot_programming/install/detection_interfaces/local/lib/python3.10/dist-packages/detection_interfaces/msg/_pothole_cordinate.py
[6.508s] -- Up-to-date symlink: /home/soumo/robot_programming/install/detection_interfaces/local/lib/python3.10/dist-packages/detection_interfaces/msg/_pothole_cordinate_s.c
[6.509s] -- Up-to-date symlink: /home/soumo/robot_programming/install/detection_interfaces/local/lib/python3.10/dist-packages/detection_interfaces/detection_interfaces_s__rosidl_typesupport_fastrtps_c.cpython-310-x86_64-linux-gnu.so
[6.509s] -- Up-to-date symlink: /home/soumo/robot_programming/install/detection_interfaces/local/lib/python3.10/dist-packages/detection_interfaces/detection_interfaces_s__rosidl_typesupport_introspection_c.cpython-310-x86_64-linux-gnu.so
[6.510s] -- Up-to-date symlink: /home/soumo/robot_programming/install/detection_interfaces/local/lib/python3.10/dist-packages/detection_interfaces/detection_interfaces_s__rosidl_typesupport_c.cpython-310-x86_64-linux-gnu.so
[6.510s] -- Up-to-date symlink: /home/soumo/robot_programming/install/detection_interfaces/share/detection_interfaces/msg/InferenceResult.idl
[6.510s] -- Up-to-date symlink: /home/soumo/robot_programming/install/detection_interfaces/share/detection_interfaces/msg/InferenceResultArray.idl
[6.511s] -- Up-to-date symlink: /home/soumo/robot_programming/install/detection_interfaces/share/detection_interfaces/msg/PotholeCordinate.idl
[6.511s] -- Up-to-date symlink: /home/soumo/robot_programming/install/detection_interfaces/share/detection_interfaces/msg/InferenceResult.msg
[6.533s] -- Up-to-date symlink: /home/soumo/robot_programming/install/detection_interfaces/share/detection_interfaces/msg/InferenceResultArray.msg
[6.533s] -- Up-to-date symlink: /home/soumo/robot_programming/install/detection_interfaces/share/detection_interfaces/msg/PotholeCordinate.msg
[6.533s] -- Up-to-date symlink: /home/soumo/robot_programming/install/detection_interfaces/share/ament_index/resource_index/package_run_dependencies/detection_interfaces
[6.534s] -- Up-to-date symlink: /home/soumo/robot_programming/install/detection_interfaces/share/ament_index/resource_index/parent_prefix_path/detection_interfaces
[6.534s] -- Up-to-date symlink: /home/soumo/robot_programming/install/detection_interfaces/share/detection_interfaces/environment/ament_prefix_path.sh
[6.537s] -- Up-to-date symlink: /home/soumo/robot_programming/install/detection_interfaces/share/detection_interfaces/environment/ament_prefix_path.dsv
[6.537s] -- Up-to-date symlink: /home/soumo/robot_programming/install/detection_interfaces/share/detection_interfaces/environment/path.sh
[6.538s] -- Up-to-date symlink: /home/soumo/robot_programming/install/detection_interfaces/share/detection_interfaces/environment/path.dsv
[6.539s] -- Up-to-date symlink: /home/soumo/robot_programming/install/detection_interfaces/share/detection_interfaces/local_setup.bash
[6.539s] -- Up-to-date symlink: /home/soumo/robot_programming/install/detection_interfaces/share/detection_interfaces/local_setup.sh
[6.552s] -- Up-to-date symlink: /home/soumo/robot_programming/install/detection_interfaces/share/detection_interfaces/local_setup.zsh
[6.552s] -- Up-to-date symlink: /home/soumo/robot_programming/install/detection_interfaces/share/detection_interfaces/local_setup.dsv
[6.553s] -- Symlinking: /home/soumo/robot_programming/install/detection_interfaces/share/detection_interfaces/package.dsv
[6.625s] -- Up-to-date symlink: /home/soumo/robot_programming/install/detection_interfaces/share/ament_index/resource_index/packages/detection_interfaces
[6.629s] -- Up-to-date symlink: /home/soumo/robot_programming/install/detection_interfaces/share/detection_interfaces/cmake/rosidl_cmake-extras.cmake
[6.632s] -- Up-to-date symlink: /home/soumo/robot_programming/install/detection_interfaces/share/detection_interfaces/cmake/ament_cmake_export_include_directories-extras.cmake
[6.638s] -- Up-to-date symlink: /home/soumo/robot_programming/install/detection_interfaces/share/detection_interfaces/cmake/ament_cmake_export_libraries-extras.cmake
[6.639s] -- Up-to-date symlink: /home/soumo/robot_programming/install/detection_interfaces/share/detection_interfaces/cmake/ament_cmake_export_targets-extras.cmake
[6.644s] -- Up-to-date symlink: /home/soumo/robot_programming/install/detection_interfaces/share/detection_interfaces/cmake/rosidl_cmake_export_typesupport_targets-extras.cmake
[6.644s] -- Up-to-date symlink: /home/soumo/robot_programming/install/detection_interfaces/share/detection_interfaces/cmake/ament_cmake_export_dependencies-extras.cmake
[6.648s] -- Up-to-date symlink: /home/soumo/robot_programming/install/detection_interfaces/share/detection_interfaces/cmake/rosidl_cmake_export_typesupport_libraries-extras.cmake
[6.648s] -- Up-to-date symlink: /home/soumo/robot_programming/install/detection_interfaces/share/detection_interfaces/cmake/detection_interfacesConfig.cmake
[6.649s] -- Up-to-date symlink: /home/soumo/robot_programming/install/detection_interfaces/share/detection_interfaces/cmake/detection_interfacesConfig-version.cmake
[6.656s] -- Up-to-date symlink: /home/soumo/robot_programming/install/detection_interfaces/share/detection_interfaces/package.xml
[6.656s] -- Up-to-date: /home/soumo/robot_programming/install/detection_interfaces/lib/libdetection_interfaces__rosidl_generator_c.so
[6.657s] -- Up-to-date: /home/soumo/robot_programming/install/detection_interfaces/lib/libdetection_interfaces__rosidl_typesupport_fastrtps_c.so
[6.658s] -- Up-to-date: /home/soumo/robot_programming/install/detection_interfaces/lib/libdetection_interfaces__rosidl_typesupport_introspection_c.so
[6.658s] -- Up-to-date: /home/soumo/robot_programming/install/detection_interfaces/lib/libdetection_interfaces__rosidl_typesupport_c.so
[6.660s] -- Up-to-date: /home/soumo/robot_programming/install/detection_interfaces/lib/libdetection_interfaces__rosidl_typesupport_fastrtps_cpp.so
[6.662s] -- Up-to-date: /home/soumo/robot_programming/install/detection_interfaces/lib/libdetection_interfaces__rosidl_typesupport_introspection_cpp.so
[6.664s] -- Up-to-date: /home/soumo/robot_programming/install/detection_interfaces/lib/libdetection_interfaces__rosidl_typesupport_cpp.so
[6.911s] Listing '/home/soumo/robot_programming/install/detection_interfaces/local/lib/python3.10/dist-packages/detection_interfaces'...
[6.914s] Listing '/home/soumo/robot_programming/install/detection_interfaces/local/lib/python3.10/dist-packages/detection_interfaces/msg'...
[6.940s] -- Up-to-date: /home/soumo/robot_programming/install/detection_interfaces/lib/libdetection_interfaces__rosidl_generator_py.so
[6.940s] -- Up-to-date: /home/soumo/robot_programming/install/detection_interfaces/share/detection_interfaces/cmake/export_detection_interfaces__rosidl_generator_cExport.cmake
[6.940s] -- Up-to-date: /home/soumo/robot_programming/install/detection_interfaces/share/detection_interfaces/cmake/export_detection_interfaces__rosidl_generator_cExport-noconfig.cmake
[6.951s] -- Up-to-date: /home/soumo/robot_programming/install/detection_interfaces/share/detection_interfaces/cmake/export_detection_interfaces__rosidl_typesupport_fastrtps_cExport.cmake
[6.954s] -- Up-to-date: /home/soumo/robot_programming/install/detection_interfaces/share/detection_interfaces/cmake/export_detection_interfaces__rosidl_typesupport_fastrtps_cExport-noconfig.cmake
[6.959s] -- Up-to-date: /home/soumo/robot_programming/install/detection_interfaces/share/detection_interfaces/cmake/detection_interfaces__rosidl_typesupport_introspection_cExport.cmake
[6.961s] -- Up-to-date: /home/soumo/robot_programming/install/detection_interfaces/share/detection_interfaces/cmake/detection_interfaces__rosidl_typesupport_introspection_cExport-noconfig.cmake
[6.962s] -- Up-to-date: /home/soumo/robot_programming/install/detection_interfaces/share/detection_interfaces/cmake/detection_interfaces__rosidl_typesupport_cExport.cmake
[6.963s] -- Up-to-date: /home/soumo/robot_programming/install/detection_interfaces/share/detection_interfaces/cmake/detection_interfaces__rosidl_typesupport_cExport-noconfig.cmake
[6.964s] -- Up-to-date: /home/soumo/robot_programming/install/detection_interfaces/share/detection_interfaces/cmake/export_detection_interfaces__rosidl_generator_cppExport.cmake
[6.966s] -- Up-to-date: /home/soumo/robot_programming/install/detection_interfaces/share/detection_interfaces/cmake/export_detection_interfaces__rosidl_typesupport_fastrtps_cppExport.cmake
[6.971s] -- Up-to-date: /home/soumo/robot_programming/install/detection_interfaces/share/detection_interfaces/cmake/export_detection_interfaces__rosidl_typesupport_fastrtps_cppExport-noconfig.cmake
[6.973s] -- Up-to-date: /home/soumo/robot_programming/install/detection_interfaces/share/detection_interfaces/cmake/detection_interfaces__rosidl_typesupport_introspection_cppExport.cmake
[6.974s] -- Up-to-date: /home/soumo/robot_programming/install/detection_interfaces/share/detection_interfaces/cmake/detection_interfaces__rosidl_typesupport_introspection_cppExport-noconfig.cmake
[6.979s] -- Up-to-date: /home/soumo/robot_programming/install/detection_interfaces/share/detection_interfaces/cmake/detection_interfaces__rosidl_typesupport_cppExport.cmake
[6.980s] -- Up-to-date: /home/soumo/robot_programming/install/detection_interfaces/share/detection_interfaces/cmake/detection_interfaces__rosidl_typesupport_cppExport-noconfig.cmake
[6.981s] -- Up-to-date: /home/soumo/robot_programming/install/detection_interfaces/share/detection_interfaces/cmake/export_detection_interfaces__rosidl_generator_pyExport.cmake
[6.982s] -- Up-to-date: /home/soumo/robot_programming/install/detection_interfaces/share/detection_interfaces/cmake/export_detection_interfaces__rosidl_generator_pyExport-noconfig.cmake
[7.049s] Invoked command in '/home/soumo/robot_programming/build/detection_interfaces' returned '0': CMAKE_PREFIX_PATH=${CMAKE_PREFIX_PATH}:/home/soumo/robot_programming/install/pothole_detection:/home/soumo/robot_programming/install/navigation:/home/soumo/ros2_ws/install/pothole_detection:/home/soumo/ros2_ws/install/navigation:/opt/ros/humble /usr/bin/cmake --install /home/soumo/robot_programming/build/detection_interfaces
