[1.382s] DEBUG:colcon:Command line arguments: ['/usr/bin/colcon', 'build', '--symlink-install']
[1.382s] DEBUG:colcon:Parsed command line arguments: Namespace(log_base=None, log_level=None, verb_name='build', build_base='build', install_base='install', merge_install=False, symlink_install=True, test_result_base=None, continue_on_error=False, executor='parallel', parallel_workers=8, event_handlers=None, ignore_user_meta=False, metas=['./colcon.meta'], base_paths=['.'], packages_ignore=None, packages_ignore_regex=None, paths=None, packages_up_to=None, packages_up_to_regex=None, packages_above=None, packages_above_and_dependencies=None, packages_above_depth=None, packages_select_by_dep=None, packages_skip_by_dep=None, packages_skip_up_to=None, packages_select_build_failed=False, packages_skip_build_finished=False, packages_select_test_failures=False, packages_skip_test_passed=False, packages_select=None, packages_skip=None, packages_select_regex=None, packages_skip_regex=None, packages_start=None, packages_end=None, cmake_args=None, cmake_target=None, cmake_target_skip_unavailable=False, cmake_clean_cache=False, cmake_clean_first=False, cmake_force_configure=False, ament_cmake_args=None, catkin_cmake_args=None, catkin_skip_building_tests=False, verb_parser=<colcon_defaults.argument_parser.defaults.DefaultArgumentsDecorator object at 0x7fdb76ade1a0>, verb_extension=<colcon_core.verb.build.BuildVerb object at 0x7fdb76add150>, main=<bound method BuildVerb.main of <colcon_core.verb.build.BuildVerb object at 0x7fdb76add150>>)
[1.447s] Level 1:colcon.colcon_core.package_discovery:discover_packages(colcon_meta) check parameters
[1.447s] Level 1:colcon.colcon_core.package_discovery:discover_packages(recursive) check parameters
[1.447s] Level 1:colcon.colcon_core.package_discovery:discover_packages(ignore) check parameters
[1.447s] Level 1:colcon.colcon_core.package_discovery:discover_packages(path) check parameters
[1.447s] Level 1:colcon.colcon_core.package_discovery:discover_packages(colcon_meta) discover
[1.448s] Level 1:colcon.colcon_core.package_discovery:discover_packages(recursive) discover
[1.448s] INFO:colcon.colcon_core.package_discovery:Crawling recursively for packages in '/home/soumo/ros2_ws'
[1.448s] Level 1:colcon.colcon_core.package_identification:_identify(.) by extensions ['ignore', 'ignore_ament_install']
[1.448s] Level 1:colcon.colcon_core.package_identification:_identify(.) by extension 'ignore'
[1.448s] Level 1:colcon.colcon_core.package_identification:_identify(.) by extension 'ignore_ament_install'
[1.448s] Level 1:colcon.colcon_core.package_identification:_identify(.) by extensions ['colcon_pkg']
[1.448s] Level 1:colcon.colcon_core.package_identification:_identify(.) by extension 'colcon_pkg'
[1.448s] Level 1:colcon.colcon_core.package_identification:_identify(.) by extensions ['colcon_meta']
[1.448s] Level 1:colcon.colcon_core.package_identification:_identify(.) by extension 'colcon_meta'
[1.448s] Level 1:colcon.colcon_core.package_identification:_identify(.) by extensions ['ros']
[1.448s] Level 1:colcon.colcon_core.package_identification:_identify(.) by extension 'ros'
[1.462s] Level 1:colcon.colcon_core.package_identification:_identify(.) by extensions ['cmake', 'python']
[1.462s] Level 1:colcon.colcon_core.package_identification:_identify(.) by extension 'cmake'
[1.462s] Level 1:colcon.colcon_core.package_identification:_identify(.) by extension 'python'
[1.462s] Level 1:colcon.colcon_core.package_identification:_identify(.) by extensions ['python_setup_py']
[1.462s] Level 1:colcon.colcon_core.package_identification:_identify(.) by extension 'python_setup_py'
[1.462s] Level 1:colcon.colcon_core.package_identification:_identify(build) by extensions ['ignore', 'ignore_ament_install']
[1.462s] Level 1:colcon.colcon_core.package_identification:_identify(build) by extension 'ignore'
[1.462s] Level 1:colcon.colcon_core.package_identification:_identify(build) ignored
[1.463s] Level 1:colcon.colcon_core.package_identification:_identify(install) by extensions ['ignore', 'ignore_ament_install']
[1.463s] Level 1:colcon.colcon_core.package_identification:_identify(install) by extension 'ignore'
[1.463s] Level 1:colcon.colcon_core.package_identification:_identify(install) ignored
[1.463s] Level 1:colcon.colcon_core.package_identification:_identify(log) by extensions ['ignore', 'ignore_ament_install']
[1.463s] Level 1:colcon.colcon_core.package_identification:_identify(log) by extension 'ignore'
[1.463s] Level 1:colcon.colcon_core.package_identification:_identify(log) ignored
[1.463s] Level 1:colcon.colcon_core.package_identification:_identify(src) by extensions ['ignore', 'ignore_ament_install']
[1.463s] Level 1:colcon.colcon_core.package_identification:_identify(src) by extension 'ignore'
[1.463s] Level 1:colcon.colcon_core.package_identification:_identify(src) by extension 'ignore_ament_install'
[1.463s] Level 1:colcon.colcon_core.package_identification:_identify(src) by extensions ['colcon_pkg']
[1.463s] Level 1:colcon.colcon_core.package_identification:_identify(src) by extension 'colcon_pkg'
[1.463s] Level 1:colcon.colcon_core.package_identification:_identify(src) by extensions ['colcon_meta']
[1.463s] Level 1:colcon.colcon_core.package_identification:_identify(src) by extension 'colcon_meta'
[1.464s] Level 1:colcon.colcon_core.package_identification:_identify(src) by extensions ['ros']
[1.464s] Level 1:colcon.colcon_core.package_identification:_identify(src) by extension 'ros'
[1.464s] Level 1:colcon.colcon_core.package_identification:_identify(src) by extensions ['cmake', 'python']
[1.464s] Level 1:colcon.colcon_core.package_identification:_identify(src) by extension 'cmake'
[1.464s] Level 1:colcon.colcon_core.package_identification:_identify(src) by extension 'python'
[1.464s] Level 1:colcon.colcon_core.package_identification:_identify(src) by extensions ['python_setup_py']
[1.464s] Level 1:colcon.colcon_core.package_identification:_identify(src) by extension 'python_setup_py'
[1.464s] Level 1:colcon.colcon_core.package_identification:_identify(src/detection_interfaces) by extensions ['ignore', 'ignore_ament_install']
[1.464s] Level 1:colcon.colcon_core.package_identification:_identify(src/detection_interfaces) by extension 'ignore'
[1.464s] Level 1:colcon.colcon_core.package_identification:_identify(src/detection_interfaces) by extension 'ignore_ament_install'
[1.464s] Level 1:colcon.colcon_core.package_identification:_identify(src/detection_interfaces) by extensions ['colcon_pkg']
[1.464s] Level 1:colcon.colcon_core.package_identification:_identify(src/detection_interfaces) by extension 'colcon_pkg'
[1.464s] Level 1:colcon.colcon_core.package_identification:_identify(src/detection_interfaces) by extensions ['colcon_meta']
[1.464s] Level 1:colcon.colcon_core.package_identification:_identify(src/detection_interfaces) by extension 'colcon_meta'
[1.464s] Level 1:colcon.colcon_core.package_identification:_identify(src/detection_interfaces) by extensions ['ros']
[1.464s] Level 1:colcon.colcon_core.package_identification:_identify(src/detection_interfaces) by extension 'ros'
[1.467s] DEBUG:colcon.colcon_core.package_identification:Package 'src/detection_interfaces' with type 'ros.ament_cmake' and name 'detection_interfaces'
[1.467s] Level 1:colcon.colcon_core.package_identification:_identify(src/map) by extensions ['ignore', 'ignore_ament_install']
[1.467s] Level 1:colcon.colcon_core.package_identification:_identify(src/map) by extension 'ignore'
[1.467s] Level 1:colcon.colcon_core.package_identification:_identify(src/map) by extension 'ignore_ament_install'
[1.468s] Level 1:colcon.colcon_core.package_identification:_identify(src/map) by extensions ['colcon_pkg']
[1.468s] Level 1:colcon.colcon_core.package_identification:_identify(src/map) by extension 'colcon_pkg'
[1.468s] Level 1:colcon.colcon_core.package_identification:_identify(src/map) by extensions ['colcon_meta']
[1.468s] Level 1:colcon.colcon_core.package_identification:_identify(src/map) by extension 'colcon_meta'
[1.468s] Level 1:colcon.colcon_core.package_identification:_identify(src/map) by extensions ['ros']
[1.468s] Level 1:colcon.colcon_core.package_identification:_identify(src/map) by extension 'ros'
[1.468s] Level 1:colcon.colcon_core.package_identification:_identify(src/map) by extensions ['cmake', 'python']
[1.468s] Level 1:colcon.colcon_core.package_identification:_identify(src/map) by extension 'cmake'
[1.468s] Level 1:colcon.colcon_core.package_identification:_identify(src/map) by extension 'python'
[1.468s] Level 1:colcon.colcon_core.package_identification:_identify(src/map) by extensions ['python_setup_py']
[1.468s] Level 1:colcon.colcon_core.package_identification:_identify(src/map) by extension 'python_setup_py'
[1.468s] Level 1:colcon.colcon_core.package_identification:_identify(src/navigation) by extensions ['ignore', 'ignore_ament_install']
[1.468s] Level 1:colcon.colcon_core.package_identification:_identify(src/navigation) by extension 'ignore'
[1.468s] Level 1:colcon.colcon_core.package_identification:_identify(src/navigation) by extension 'ignore_ament_install'
[1.468s] Level 1:colcon.colcon_core.package_identification:_identify(src/navigation) by extensions ['colcon_pkg']
[1.468s] Level 1:colcon.colcon_core.package_identification:_identify(src/navigation) by extension 'colcon_pkg'
[1.468s] Level 1:colcon.colcon_core.package_identification:_identify(src/navigation) by extensions ['colcon_meta']
[1.469s] Level 1:colcon.colcon_core.package_identification:_identify(src/navigation) by extension 'colcon_meta'
[1.469s] Level 1:colcon.colcon_core.package_identification:_identify(src/navigation) by extensions ['ros']
[1.469s] Level 1:colcon.colcon_core.package_identification:_identify(src/navigation) by extension 'ros'
[1.469s] DEBUG:colcon.colcon_core.package_identification:Package 'src/navigation' with type 'ros.ament_python' and name 'navigation'
[1.469s] Level 1:colcon.colcon_core.package_identification:_identify(src/pothole_detection) by extensions ['ignore', 'ignore_ament_install']
[1.469s] Level 1:colcon.colcon_core.package_identification:_identify(src/pothole_detection) by extension 'ignore'
[1.470s] Level 1:colcon.colcon_core.package_identification:_identify(src/pothole_detection) by extension 'ignore_ament_install'
[1.470s] Level 1:colcon.colcon_core.package_identification:_identify(src/pothole_detection) by extensions ['colcon_pkg']
[1.470s] Level 1:colcon.colcon_core.package_identification:_identify(src/pothole_detection) by extension 'colcon_pkg'
[1.470s] Level 1:colcon.colcon_core.package_identification:_identify(src/pothole_detection) by extensions ['colcon_meta']
[1.470s] Level 1:colcon.colcon_core.package_identification:_identify(src/pothole_detection) by extension 'colcon_meta'
[1.470s] Level 1:colcon.colcon_core.package_identification:_identify(src/pothole_detection) by extensions ['ros']
[1.470s] Level 1:colcon.colcon_core.package_identification:_identify(src/pothole_detection) by extension 'ros'
[1.471s] DEBUG:colcon.colcon_core.package_identification:Package 'src/pothole_detection' with type 'ros.ament_python' and name 'pothole_detection'
[1.471s] Level 1:colcon.colcon_core.package_discovery:discover_packages(recursive) using defaults
[1.471s] Level 1:colcon.colcon_core.package_discovery:discover_packages(ignore) discover
[1.471s] Level 1:colcon.colcon_core.package_discovery:discover_packages(ignore) using defaults
[1.471s] Level 1:colcon.colcon_core.package_discovery:discover_packages(path) discover
[1.471s] Level 1:colcon.colcon_core.package_discovery:discover_packages(path) using defaults
[1.575s] Level 5:colcon.colcon_core.verb:set package 'detection_interfaces' build argument 'cmake_args' from command line to 'None'
[1.575s] Level 5:colcon.colcon_core.verb:set package 'detection_interfaces' build argument 'cmake_target' from command line to 'None'
[1.575s] Level 5:colcon.colcon_core.verb:set package 'detection_interfaces' build argument 'cmake_target_skip_unavailable' from command line to 'False'
[1.575s] Level 5:colcon.colcon_core.verb:set package 'detection_interfaces' build argument 'cmake_clean_cache' from command line to 'False'
[1.575s] Level 5:colcon.colcon_core.verb:set package 'detection_interfaces' build argument 'cmake_clean_first' from command line to 'False'
[1.575s] Level 5:colcon.colcon_core.verb:set package 'detection_interfaces' build argument 'cmake_force_configure' from command line to 'False'
[1.575s] Level 5:colcon.colcon_core.verb:set package 'detection_interfaces' build argument 'ament_cmake_args' from command line to 'None'
[1.575s] Level 5:colcon.colcon_core.verb:set package 'detection_interfaces' build argument 'catkin_cmake_args' from command line to 'None'
[1.575s] Level 5:colcon.colcon_core.verb:set package 'detection_interfaces' build argument 'catkin_skip_building_tests' from command line to 'False'
[1.575s] DEBUG:colcon.colcon_core.verb:Building package 'detection_interfaces' with the following arguments: {'ament_cmake_args': None, 'build_base': '/home/soumo/ros2_ws/build/detection_interfaces', 'catkin_cmake_args': None, 'catkin_skip_building_tests': False, 'cmake_args': None, 'cmake_clean_cache': False, 'cmake_clean_first': False, 'cmake_force_configure': False, 'cmake_target': None, 'cmake_target_skip_unavailable': False, 'install_base': '/home/soumo/ros2_ws/install/detection_interfaces', 'merge_install': False, 'path': '/home/soumo/ros2_ws/src/detection_interfaces', 'symlink_install': True, 'test_result_base': None}
[1.596s] Level 5:colcon.colcon_core.verb:set package 'navigation' build argument 'cmake_args' from command line to 'None'
[1.596s] Level 5:colcon.colcon_core.verb:set package 'navigation' build argument 'cmake_target' from command line to 'None'
[1.596s] Level 5:colcon.colcon_core.verb:set package 'navigation' build argument 'cmake_target_skip_unavailable' from command line to 'False'
[1.596s] Level 5:colcon.colcon_core.verb:set package 'navigation' build argument 'cmake_clean_cache' from command line to 'False'
[1.596s] Level 5:colcon.colcon_core.verb:set package 'navigation' build argument 'cmake_clean_first' from command line to 'False'
[1.596s] Level 5:colcon.colcon_core.verb:set package 'navigation' build argument 'cmake_force_configure' from command line to 'False'
[1.596s] Level 5:colcon.colcon_core.verb:set package 'navigation' build argument 'ament_cmake_args' from command line to 'None'
[1.596s] Level 5:colcon.colcon_core.verb:set package 'navigation' build argument 'catkin_cmake_args' from command line to 'None'
[1.596s] Level 5:colcon.colcon_core.verb:set package 'navigation' build argument 'catkin_skip_building_tests' from command line to 'False'
[1.596s] DEBUG:colcon.colcon_core.verb:Building package 'navigation' with the following arguments: {'ament_cmake_args': None, 'build_base': '/home/soumo/ros2_ws/build/navigation', 'catkin_cmake_args': None, 'catkin_skip_building_tests': False, 'cmake_args': None, 'cmake_clean_cache': False, 'cmake_clean_first': False, 'cmake_force_configure': False, 'cmake_target': None, 'cmake_target_skip_unavailable': False, 'install_base': '/home/soumo/ros2_ws/install/navigation', 'merge_install': False, 'path': '/home/soumo/ros2_ws/src/navigation', 'symlink_install': True, 'test_result_base': None}
[1.618s] Level 5:colcon.colcon_core.verb:set package 'pothole_detection' build argument 'cmake_args' from command line to 'None'
[1.619s] Level 5:colcon.colcon_core.verb:set package 'pothole_detection' build argument 'cmake_target' from command line to 'None'
[1.619s] Level 5:colcon.colcon_core.verb:set package 'pothole_detection' build argument 'cmake_target_skip_unavailable' from command line to 'False'
[1.619s] Level 5:colcon.colcon_core.verb:set package 'pothole_detection' build argument 'cmake_clean_cache' from command line to 'False'
[1.619s] Level 5:colcon.colcon_core.verb:set package 'pothole_detection' build argument 'cmake_clean_first' from command line to 'False'
[1.619s] Level 5:colcon.colcon_core.verb:set package 'pothole_detection' build argument 'cmake_force_configure' from command line to 'False'
[1.619s] Level 5:colcon.colcon_core.verb:set package 'pothole_detection' build argument 'ament_cmake_args' from command line to 'None'
[1.619s] Level 5:colcon.colcon_core.verb:set package 'pothole_detection' build argument 'catkin_cmake_args' from command line to 'None'
[1.619s] Level 5:colcon.colcon_core.verb:set package 'pothole_detection' build argument 'catkin_skip_building_tests' from command line to 'False'
[1.619s] DEBUG:colcon.colcon_core.verb:Building package 'pothole_detection' with the following arguments: {'ament_cmake_args': None, 'build_base': '/home/soumo/ros2_ws/build/pothole_detection', 'catkin_cmake_args': None, 'catkin_skip_building_tests': False, 'cmake_args': None, 'cmake_clean_cache': False, 'cmake_clean_first': False, 'cmake_force_configure': False, 'cmake_target': None, 'cmake_target_skip_unavailable': False, 'install_base': '/home/soumo/ros2_ws/install/pothole_detection', 'merge_install': False, 'path': '/home/soumo/ros2_ws/src/pothole_detection', 'symlink_install': True, 'test_result_base': None}
[1.640s] INFO:colcon.colcon_core.executor:Executing jobs using 'parallel' executor
[1.664s] DEBUG:colcon.colcon_parallel_executor.executor.parallel:run_until_complete
[1.664s] INFO:colcon.colcon_ros.task.ament_cmake.build:Building ROS package in '/home/soumo/ros2_ws/src/detection_interfaces' with build type 'ament_cmake'
[1.665s] INFO:colcon.colcon_cmake.task.cmake.build:Building CMake package in '/home/soumo/ros2_ws/src/detection_interfaces'
[1.687s] INFO:colcon.colcon_core.plugin_system:Skipping extension 'colcon_core.shell.bat': Not used on non-Windows systems
[1.687s] INFO:colcon.colcon_core.shell:Skip shell extension 'powershell' for command environment: Not usable outside of PowerShell
[1.688s] DEBUG:colcon.colcon_core.shell:Skip shell extension 'dsv' for command environment
[1.790s] INFO:colcon.colcon_ros.task.ament_python.build:Building ROS package in '/home/soumo/ros2_ws/src/navigation' with build type 'ament_python'
[1.791s] Level 1:colcon.colcon_core.shell:create_environment_hook('navigation', 'ament_prefix_path')
[1.814s] INFO:colcon.colcon_core.shell:Creating environment hook '/home/soumo/ros2_ws/install/navigation/share/navigation/hook/ament_prefix_path.ps1'
[1.814s] INFO:colcon.colcon_core.shell:Creating environment descriptor '/home/soumo/ros2_ws/install/navigation/share/navigation/hook/ament_prefix_path.dsv'
[1.815s] INFO:colcon.colcon_core.shell:Creating environment hook '/home/soumo/ros2_ws/install/navigation/share/navigation/hook/ament_prefix_path.sh'
[1.838s] INFO:colcon.colcon_core.shell:Skip shell extension 'powershell' for command environment: Not usable outside of PowerShell
[1.838s] DEBUG:colcon.colcon_core.shell:Skip shell extension 'dsv' for command environment
[1.927s] INFO:colcon.colcon_ros.task.ament_python.build:Building ROS package in '/home/soumo/ros2_ws/src/pothole_detection' with build type 'ament_python'
[1.927s] Level 1:colcon.colcon_core.shell:create_environment_hook('pothole_detection', 'ament_prefix_path')
[1.950s] INFO:colcon.colcon_core.shell:Creating environment hook '/home/soumo/ros2_ws/install/pothole_detection/share/pothole_detection/hook/ament_prefix_path.ps1'
[1.951s] INFO:colcon.colcon_core.shell:Creating environment descriptor '/home/soumo/ros2_ws/install/pothole_detection/share/pothole_detection/hook/ament_prefix_path.dsv'
[1.951s] INFO:colcon.colcon_core.shell:Creating environment hook '/home/soumo/ros2_ws/install/pothole_detection/share/pothole_detection/hook/ament_prefix_path.sh'
[1.981s] INFO:colcon.colcon_core.shell:Skip shell extension 'powershell' for command environment: Not usable outside of PowerShell
[1.981s] DEBUG:colcon.colcon_core.shell:Skip shell extension 'dsv' for command environment
[2.103s] DEBUG:colcon.colcon_core.event_handler.log_command:Invoking command in '/home/soumo/ros2_ws/build/detection_interfaces': CMAKE_PREFIX_PATH=${CMAKE_PREFIX_PATH}:/home/soumo/ros2_ws/install/pothole_detection:/home/soumo/ros2_ws/install/navigation:/opt/ros/humble /usr/bin/cmake --build /home/soumo/ros2_ws/build/detection_interfaces -- -j8 -l8
[2.487s] INFO:colcon.colcon_core.task.python.build:Building Python package in '/home/soumo/ros2_ws/src/navigation'
[2.521s] INFO:colcon.colcon_core.shell:Skip shell extension 'powershell' for command environment: Not usable outside of PowerShell
[2.522s] DEBUG:colcon.colcon_core.shell:Skip shell extension 'dsv' for command environment
[3.064s] INFO:colcon.colcon_core.task.python.build:Building Python package in '/home/soumo/ros2_ws/src/pothole_detection'
[3.115s] INFO:colcon.colcon_core.shell:Skip shell extension 'powershell' for command environment: Not usable outside of PowerShell
[3.116s] DEBUG:colcon.colcon_core.shell:Skip shell extension 'dsv' for command environment
[3.824s] DEBUG:colcon.colcon_core.event_handler.log_command:Invoking command in '/home/soumo/ros2_ws/build/navigation': PYTHONPATH=/home/soumo/ros2_ws/build/navigation/prefix_override:/home/soumo/ros2_ws/install/navigation/lib/python3.10/site-packages:${PYTHONPATH} /usr/bin/python3 setup.py develop --editable --build-directory /home/soumo/ros2_ws/build/navigation/build --no-deps install_data
[3.827s] DEBUG:colcon.colcon_core.event_handler.log_command:Invoking command in '/home/soumo/ros2_ws/build/pothole_detection': PYTHONPATH=/home/soumo/ros2_ws/build/pothole_detection/prefix_override:/home/soumo/ros2_ws/install/pothole_detection/lib/python3.10/site-packages:${PYTHONPATH} /usr/bin/python3 setup.py develop --editable --build-directory /home/soumo/ros2_ws/build/pothole_detection/build --no-deps install_data
[4.767s] Level 1:colcon.colcon_core.shell:create_environment_hook('pothole_detection', 'pythonpath_develop')
[4.768s] DEBUG:colcon.colcon_core.event_handler.log_command:Invoked command in '/home/soumo/ros2_ws/build/pothole_detection' returned '0': PYTHONPATH=/home/soumo/ros2_ws/build/pothole_detection/prefix_override:/home/soumo/ros2_ws/install/pothole_detection/lib/python3.10/site-packages:${PYTHONPATH} /usr/bin/python3 setup.py develop --editable --build-directory /home/soumo/ros2_ws/build/pothole_detection/build --no-deps install_data
[4.811s] INFO:colcon.colcon_core.shell:Creating environment hook '/home/soumo/ros2_ws/build/pothole_detection/share/pothole_detection/hook/pythonpath_develop.ps1'
[4.812s] INFO:colcon.colcon_core.shell:Creating environment descriptor '/home/soumo/ros2_ws/build/pothole_detection/share/pothole_detection/hook/pythonpath_develop.dsv'
[4.813s] INFO:colcon.colcon_core.shell:Creating environment hook '/home/soumo/ros2_ws/build/pothole_detection/share/pothole_detection/hook/pythonpath_develop.sh'
[4.865s] Level 1:colcon.colcon_core.environment:checking '/home/soumo/ros2_ws/install/pothole_detection' for CMake module files
[4.867s] Level 1:colcon.colcon_core.environment:checking '/home/soumo/ros2_ws/install/pothole_detection' for CMake config files
[4.868s] Level 1:colcon.colcon_core.environment:checking '/home/soumo/ros2_ws/install/pothole_detection/lib'
[4.869s] Level 1:colcon.colcon_core.environment:checking '/home/soumo/ros2_ws/install/pothole_detection/bin'
[4.869s] Level 1:colcon.colcon_core.environment:checking '/home/soumo/ros2_ws/install/pothole_detection/lib/pkgconfig/pothole_detection.pc'
[4.869s] Level 1:colcon.colcon_core.environment:checking '/home/soumo/ros2_ws/install/pothole_detection/lib/python3.10/site-packages'
[4.870s] Level 1:colcon.colcon_core.shell:create_environment_hook('pothole_detection', 'pythonpath')
[4.921s] INFO:colcon.colcon_core.shell:Creating environment hook '/home/soumo/ros2_ws/install/pothole_detection/share/pothole_detection/hook/pythonpath.ps1'
[4.922s] INFO:colcon.colcon_core.shell:Creating environment descriptor '/home/soumo/ros2_ws/install/pothole_detection/share/pothole_detection/hook/pythonpath.dsv'
[4.923s] INFO:colcon.colcon_core.shell:Creating environment hook '/home/soumo/ros2_ws/install/pothole_detection/share/pothole_detection/hook/pythonpath.sh'
[4.925s] Level 1:colcon.colcon_core.environment:checking '/home/soumo/ros2_ws/install/pothole_detection/bin'
[4.925s] Level 1:colcon.colcon_core.environment:create_environment_scripts_only(pothole_detection)
[4.975s] INFO:colcon.colcon_core.shell:Creating package script '/home/soumo/ros2_ws/install/pothole_detection/share/pothole_detection/package.ps1'
[4.977s] INFO:colcon.colcon_core.shell:Creating package descriptor '/home/soumo/ros2_ws/install/pothole_detection/share/pothole_detection/package.dsv'
[4.978s] INFO:colcon.colcon_core.shell:Creating package script '/home/soumo/ros2_ws/install/pothole_detection/share/pothole_detection/package.sh'
[4.980s] INFO:colcon.colcon_core.shell:Creating package script '/home/soumo/ros2_ws/install/pothole_detection/share/pothole_detection/package.bash'
[4.982s] INFO:colcon.colcon_core.shell:Creating package script '/home/soumo/ros2_ws/install/pothole_detection/share/pothole_detection/package.zsh'
[4.984s] Level 1:colcon.colcon_core.environment:create_file_with_runtime_dependencies(/home/soumo/ros2_ws/install/pothole_detection/share/colcon-core/packages/pothole_detection)
[4.986s] Level 1:colcon.colcon_core.shell:create_environment_hook('navigation', 'pythonpath_develop')
[4.988s] DEBUG:colcon.colcon_core.event_handler.log_command:Invoked command in '/home/soumo/ros2_ws/build/navigation' returned '0': PYTHONPATH=/home/soumo/ros2_ws/build/navigation/prefix_override:/home/soumo/ros2_ws/install/navigation/lib/python3.10/site-packages:${PYTHONPATH} /usr/bin/python3 setup.py develop --editable --build-directory /home/soumo/ros2_ws/build/navigation/build --no-deps install_data
[5.026s] INFO:colcon.colcon_core.shell:Creating environment hook '/home/soumo/ros2_ws/build/navigation/share/navigation/hook/pythonpath_develop.ps1'
[5.027s] INFO:colcon.colcon_core.shell:Creating environment descriptor '/home/soumo/ros2_ws/build/navigation/share/navigation/hook/pythonpath_develop.dsv'
[5.028s] INFO:colcon.colcon_core.shell:Creating environment hook '/home/soumo/ros2_ws/build/navigation/share/navigation/hook/pythonpath_develop.sh'
[5.066s] Level 1:colcon.colcon_core.environment:checking '/home/soumo/ros2_ws/install/navigation' for CMake module files
[5.066s] Level 1:colcon.colcon_core.environment:checking '/home/soumo/ros2_ws/install/navigation' for CMake config files
[5.067s] Level 1:colcon.colcon_core.environment:checking '/home/soumo/ros2_ws/install/navigation/lib'
[5.068s] Level 1:colcon.colcon_core.environment:checking '/home/soumo/ros2_ws/install/navigation/bin'
[5.068s] Level 1:colcon.colcon_core.environment:checking '/home/soumo/ros2_ws/install/navigation/lib/pkgconfig/navigation.pc'
[5.069s] Level 1:colcon.colcon_core.environment:checking '/home/soumo/ros2_ws/install/navigation/lib/python3.10/site-packages'
[5.069s] Level 1:colcon.colcon_core.shell:create_environment_hook('navigation', 'pythonpath')
[5.115s] INFO:colcon.colcon_core.shell:Creating environment hook '/home/soumo/ros2_ws/install/navigation/share/navigation/hook/pythonpath.ps1'
[5.117s] INFO:colcon.colcon_core.shell:Creating environment descriptor '/home/soumo/ros2_ws/install/navigation/share/navigation/hook/pythonpath.dsv'
[5.118s] INFO:colcon.colcon_core.shell:Creating environment hook '/home/soumo/ros2_ws/install/navigation/share/navigation/hook/pythonpath.sh'
[5.119s] Level 1:colcon.colcon_core.environment:checking '/home/soumo/ros2_ws/install/navigation/bin'
[5.119s] Level 1:colcon.colcon_core.environment:create_environment_scripts_only(navigation)
[5.162s] INFO:colcon.colcon_core.shell:Creating package script '/home/soumo/ros2_ws/install/navigation/share/navigation/package.ps1'
[5.163s] INFO:colcon.colcon_core.shell:Creating package descriptor '/home/soumo/ros2_ws/install/navigation/share/navigation/package.dsv'
[5.164s] INFO:colcon.colcon_core.shell:Creating package script '/home/soumo/ros2_ws/install/navigation/share/navigation/package.sh'
[5.166s] INFO:colcon.colcon_core.shell:Creating package script '/home/soumo/ros2_ws/install/navigation/share/navigation/package.bash'
[5.167s] INFO:colcon.colcon_core.shell:Creating package script '/home/soumo/ros2_ws/install/navigation/share/navigation/package.zsh'
[5.167s] Level 1:colcon.colcon_core.environment:create_file_with_runtime_dependencies(/home/soumo/ros2_ws/install/navigation/share/colcon-core/packages/navigation)
[8.061s] DEBUG:colcon.colcon_core.event_handler.log_command:Invoked command in '/home/soumo/ros2_ws/build/detection_interfaces' returned '0': CMAKE_PREFIX_PATH=${CMAKE_PREFIX_PATH}:/home/soumo/ros2_ws/install/pothole_detection:/home/soumo/ros2_ws/install/navigation:/opt/ros/humble /usr/bin/cmake --build /home/soumo/ros2_ws/build/detection_interfaces -- -j8 -l8
[8.240s] DEBUG:colcon.colcon_core.event_handler.log_command:Invoking command in '/home/soumo/ros2_ws/build/detection_interfaces': CMAKE_PREFIX_PATH=${CMAKE_PREFIX_PATH}:/home/soumo/ros2_ws/install/pothole_detection:/home/soumo/ros2_ws/install/navigation:/opt/ros/humble /usr/bin/cmake --install /home/soumo/ros2_ws/build/detection_interfaces
[8.638s] Level 1:colcon.colcon_core.environment:create_environment_scripts_only(detection_interfaces)
[8.638s] DEBUG:colcon.colcon_core.event_handler.log_command:Invoked command in '/home/soumo/ros2_ws/build/detection_interfaces' returned '0': CMAKE_PREFIX_PATH=${CMAKE_PREFIX_PATH}:/home/soumo/ros2_ws/install/pothole_detection:/home/soumo/ros2_ws/install/navigation:/opt/ros/humble /usr/bin/cmake --install /home/soumo/ros2_ws/build/detection_interfaces
[8.674s] Level 1:colcon.colcon_core.environment:checking '/home/soumo/ros2_ws/install/detection_interfaces' for CMake module files
[8.675s] Level 1:colcon.colcon_core.environment:checking '/home/soumo/ros2_ws/install/detection_interfaces' for CMake config files
[8.676s] Level 1:colcon.colcon_core.shell:create_environment_hook('detection_interfaces', 'cmake_prefix_path')
[8.702s] INFO:colcon.colcon_core.shell:Creating environment hook '/home/soumo/ros2_ws/install/detection_interfaces/share/detection_interfaces/hook/cmake_prefix_path.ps1'
[8.702s] INFO:colcon.colcon_core.shell:Creating environment descriptor '/home/soumo/ros2_ws/install/detection_interfaces/share/detection_interfaces/hook/cmake_prefix_path.dsv'
[8.702s] INFO:colcon.colcon_core.shell:Creating environment hook '/home/soumo/ros2_ws/install/detection_interfaces/share/detection_interfaces/hook/cmake_prefix_path.sh'
[8.703s] Level 1:colcon.colcon_core.environment:checking '/home/soumo/ros2_ws/install/detection_interfaces/lib'
[8.703s] Level 1:colcon.colcon_core.shell:create_environment_hook('detection_interfaces', 'ld_library_path_lib')
[8.726s] INFO:colcon.colcon_core.shell:Creating environment hook '/home/soumo/ros2_ws/install/detection_interfaces/share/detection_interfaces/hook/ld_library_path_lib.ps1'
[8.726s] INFO:colcon.colcon_core.shell:Creating environment descriptor '/home/soumo/ros2_ws/install/detection_interfaces/share/detection_interfaces/hook/ld_library_path_lib.dsv'
[8.727s] INFO:colcon.colcon_core.shell:Creating environment hook '/home/soumo/ros2_ws/install/detection_interfaces/share/detection_interfaces/hook/ld_library_path_lib.sh'
[8.727s] Level 1:colcon.colcon_core.environment:checking '/home/soumo/ros2_ws/install/detection_interfaces/bin'
[8.727s] Level 1:colcon.colcon_core.environment:checking '/home/soumo/ros2_ws/install/detection_interfaces/lib/pkgconfig/detection_interfaces.pc'
[8.728s] Level 1:colcon.colcon_core.environment:checking '/home/soumo/ros2_ws/install/detection_interfaces/lib/python3.10/site-packages'
[8.728s] Level 1:colcon.colcon_core.environment:checking '/home/soumo/ros2_ws/install/detection_interfaces/bin'
[8.750s] INFO:colcon.colcon_core.shell:Creating package script '/home/soumo/ros2_ws/install/detection_interfaces/share/detection_interfaces/package.ps1'
[8.751s] INFO:colcon.colcon_core.shell:Creating package descriptor '/home/soumo/ros2_ws/install/detection_interfaces/share/detection_interfaces/package.dsv'
[8.751s] INFO:colcon.colcon_core.shell:Creating package script '/home/soumo/ros2_ws/install/detection_interfaces/share/detection_interfaces/package.sh'
[8.752s] INFO:colcon.colcon_core.shell:Creating package script '/home/soumo/ros2_ws/install/detection_interfaces/share/detection_interfaces/package.bash'
[8.752s] INFO:colcon.colcon_core.shell:Creating package script '/home/soumo/ros2_ws/install/detection_interfaces/share/detection_interfaces/package.zsh'
[8.752s] Level 1:colcon.colcon_core.environment:create_file_with_runtime_dependencies(/home/soumo/ros2_ws/install/detection_interfaces/share/colcon-core/packages/detection_interfaces)
[8.961s] Level 1:colcon.colcon_core.environment:create_environment_scripts_only(detection_interfaces)
[8.985s] Level 1:colcon.colcon_core.environment:checking '/home/soumo/ros2_ws/install/detection_interfaces' for CMake module files
[8.986s] Level 1:colcon.colcon_core.environment:checking '/home/soumo/ros2_ws/install/detection_interfaces' for CMake config files
[8.987s] Level 1:colcon.colcon_core.shell:create_environment_hook('detection_interfaces', 'cmake_prefix_path')
[9.017s] INFO:colcon.colcon_core.shell:Creating environment hook '/home/soumo/ros2_ws/install/detection_interfaces/share/detection_interfaces/hook/cmake_prefix_path.ps1'
[9.018s] INFO:colcon.colcon_core.shell:Creating environment descriptor '/home/soumo/ros2_ws/install/detection_interfaces/share/detection_interfaces/hook/cmake_prefix_path.dsv'
[9.018s] INFO:colcon.colcon_core.shell:Creating environment hook '/home/soumo/ros2_ws/install/detection_interfaces/share/detection_interfaces/hook/cmake_prefix_path.sh'
[9.019s] Level 1:colcon.colcon_core.environment:checking '/home/soumo/ros2_ws/install/detection_interfaces/lib'
[9.019s] Level 1:colcon.colcon_core.shell:create_environment_hook('detection_interfaces', 'ld_library_path_lib')
[9.039s] INFO:colcon.colcon_core.shell:Creating environment hook '/home/soumo/ros2_ws/install/detection_interfaces/share/detection_interfaces/hook/ld_library_path_lib.ps1'
[9.040s] INFO:colcon.colcon_core.shell:Creating environment descriptor '/home/soumo/ros2_ws/install/detection_interfaces/share/detection_interfaces/hook/ld_library_path_lib.dsv'
[9.040s] INFO:colcon.colcon_core.shell:Creating environment hook '/home/soumo/ros2_ws/install/detection_interfaces/share/detection_interfaces/hook/ld_library_path_lib.sh'
[9.041s] Level 1:colcon.colcon_core.environment:checking '/home/soumo/ros2_ws/install/detection_interfaces/bin'
[9.041s] Level 1:colcon.colcon_core.environment:checking '/home/soumo/ros2_ws/install/detection_interfaces/lib/pkgconfig/detection_interfaces.pc'
[9.041s] Level 1:colcon.colcon_core.environment:checking '/home/soumo/ros2_ws/install/detection_interfaces/lib/python3.10/site-packages'
[9.041s] Level 1:colcon.colcon_core.environment:checking '/home/soumo/ros2_ws/install/detection_interfaces/bin'
[9.064s] INFO:colcon.colcon_core.shell:Creating package script '/home/soumo/ros2_ws/install/detection_interfaces/share/detection_interfaces/package.ps1'
[9.064s] INFO:colcon.colcon_core.shell:Creating package descriptor '/home/soumo/ros2_ws/install/detection_interfaces/share/detection_interfaces/package.dsv'
[9.065s] INFO:colcon.colcon_core.shell:Creating package script '/home/soumo/ros2_ws/install/detection_interfaces/share/detection_interfaces/package.sh'
[9.065s] INFO:colcon.colcon_core.shell:Creating package script '/home/soumo/ros2_ws/install/detection_interfaces/share/detection_interfaces/package.bash'
[9.066s] INFO:colcon.colcon_core.shell:Creating package script '/home/soumo/ros2_ws/install/detection_interfaces/share/detection_interfaces/package.zsh'
[9.066s] Level 1:colcon.colcon_core.environment:create_file_with_runtime_dependencies(/home/soumo/ros2_ws/install/detection_interfaces/share/colcon-core/packages/detection_interfaces)
[9.067s] DEBUG:colcon.colcon_parallel_executor.executor.parallel:closing loop
[9.067s] DEBUG:colcon.colcon_parallel_executor.executor.parallel:loop closed
[9.067s] DEBUG:colcon.colcon_parallel_executor.executor.parallel:run_until_complete finished with '0'
[9.067s] DEBUG:colcon.colcon_core.event_reactor:joining thread
[9.117s] INFO:colcon.colcon_core.plugin_system:Skipping extension 'colcon_notification.desktop_notification.terminal_notifier': Not used on non-Darwin systems
[9.117s] INFO:colcon.colcon_core.plugin_system:Skipping extension 'colcon_notification.desktop_notification.win32': Not used on non-Windows systems
[9.117s] INFO:colcon.colcon_notification.desktop_notification:Sending desktop notification using 'notify2'
[9.140s] DEBUG:colcon.colcon_core.event_reactor:joined thread
[9.168s] INFO:colcon.colcon_core.shell:Creating prefix script '/home/soumo/ros2_ws/install/local_setup.ps1'
[9.169s] INFO:colcon.colcon_core.shell:Creating prefix util module '/home/soumo/ros2_ws/install/_local_setup_util_ps1.py'
[9.171s] INFO:colcon.colcon_core.shell:Creating prefix chain script '/home/soumo/ros2_ws/install/setup.ps1'
[9.194s] INFO:colcon.colcon_core.shell:Creating prefix script '/home/soumo/ros2_ws/install/local_setup.sh'
[9.195s] INFO:colcon.colcon_core.shell:Creating prefix util module '/home/soumo/ros2_ws/install/_local_setup_util_sh.py'
[9.196s] INFO:colcon.colcon_core.shell:Creating prefix chain script '/home/soumo/ros2_ws/install/setup.sh'
[9.219s] INFO:colcon.colcon_core.shell:Creating prefix script '/home/soumo/ros2_ws/install/local_setup.bash'
[9.220s] INFO:colcon.colcon_core.shell:Creating prefix chain script '/home/soumo/ros2_ws/install/setup.bash'
[9.245s] INFO:colcon.colcon_core.shell:Creating prefix script '/home/soumo/ros2_ws/install/local_setup.zsh'
[9.246s] INFO:colcon.colcon_core.shell:Creating prefix chain script '/home/soumo/ros2_ws/install/setup.zsh'
