[2.217s] Invoking command in '/home/soumo/robot_programming/build/detection_interfaces': CMAKE_PREFIX_PATH=${CMAKE_PREFIX_PATH}:/home/soumo/robot_programming/install/pothole_detection:/home/soumo/robot_programming/install/navigation:/home/soumo/ros2_ws/install/pothole_detection:/home/soumo/ros2_ws/install/navigation:/opt/ros/humble /usr/bin/cmake --build /home/soumo/robot_programming/build/detection_interfaces -- -j8 -l8
[4.217s] [  2%] Built target detection_interfaces__cpp
[4.218s] [  2%] Built target ament_cmake_python_symlink_detection_interfaces
[4.218s] [ 12%] Built target detection_interfaces__rosidl_typesupport_introspection_cpp
[4.421s] running egg_info
[4.426s] writing detection_interfaces.egg-info/PKG-INFO
[4.427s] writing dependency_links to detection_interfaces.egg-info/dependency_links.txt
[4.428s] writing top-level names to detection_interfaces.egg-info/top_level.txt
[4.446s] reading manifest file 'detection_interfaces.egg-info/SOURCES.txt'
[4.449s] writing manifest file 'detection_interfaces.egg-info/SOURCES.txt'
[4.598s] [ 12%] Built target ament_cmake_python_build_detection_interfaces_egg
[4.769s] [ 23%] Built target detection_interfaces__rosidl_typesupport_fastrtps_cpp
[4.909s] [ 34%] Built target detection_interfaces__rosidl_typesupport_cpp
[5.066s] [ 44%] Built target detection_interfaces__rosidl_generator_c
[5.213s] [ 55%] Built target detection_interfaces__rosidl_typesupport_fastrtps_c
[5.357s] [ 65%] Built target detection_interfaces__rosidl_typesupport_c
[5.516s] [ 76%] Built target detection_interfaces__rosidl_typesupport_introspection_c
[5.655s] [ 76%] Built target detection_interfaces
[5.797s] [ 78%] Built target detection_interfaces__py
[5.994s] [ 87%] Built target detection_interfaces__rosidl_generator_py
[6.110s] [ 91%] Built target detection_interfaces__rosidl_typesupport_fastrtps_c__pyext
[6.280s] [ 95%] Built target detection_interfaces__rosidl_typesupport_c__pyext
[6.423s] [100%] Built target detection_interfaces__rosidl_typesupport_introspection_c__pyext
[6.589s] Invoked command in '/home/soumo/robot_programming/build/detection_interfaces' returned '0': CMAKE_PREFIX_PATH=${CMAKE_PREFIX_PATH}:/home/soumo/robot_programming/install/pothole_detection:/home/soumo/robot_programming/install/navigation:/home/soumo/ros2_ws/install/pothole_detection:/home/soumo/ros2_ws/install/navigation:/opt/ros/humble /usr/bin/cmake --build /home/soumo/robot_programming/build/detection_interfaces -- -j8 -l8
[8.468s] Invoking command in '/home/soumo/robot_programming/build/detection_interfaces': CMAKE_PREFIX_PATH=${CMAKE_PREFIX_PATH}:/home/soumo/robot_programming/install/pothole_detection:/home/soumo/robot_programming/install/navigation:/home/soumo/ros2_ws/install/pothole_detection:/home/soumo/ros2_ws/install/navigation:/opt/ros/humble /usr/bin/cmake --install /home/soumo/robot_programming/build/detection_interfaces
[8.515s] -- Install configuration: ""
[8.517s] -- Execute custom install script
[8.519s] -- Up-to-date symlink: /home/soumo/robot_programming/install/detection_interfaces/share/ament_index/resource_index/rosidl_interfaces/detection_interfaces
[8.524s] -- Up-to-date symlink: /home/soumo/robot_programming/install/detection_interfaces/include/detection_interfaces/detection_interfaces/msg/detail/inference_result__functions.h
[8.528s] -- Up-to-date symlink: /home/soumo/robot_programming/install/detection_interfaces/include/detection_interfaces/detection_interfaces/msg/detail/inference_result__struct.h
[8.528s] -- Up-to-date symlink: /home/soumo/robot_programming/install/detection_interfaces/include/detection_interfaces/detection_interfaces/msg/detail/inference_result__type_support.h
[8.530s] -- Up-to-date symlink: /home/soumo/robot_programming/install/detection_interfaces/include/detection_interfaces/detection_interfaces/msg/detail/inference_result_array__functions.h
[8.532s] -- Up-to-date symlink: /home/soumo/robot_programming/install/detection_interfaces/include/detection_interfaces/detection_interfaces/msg/detail/inference_result_array__struct.h
[8.532s] -- Up-to-date symlink: /home/soumo/robot_programming/install/detection_interfaces/include/detection_interfaces/detection_interfaces/msg/detail/inference_result_array__type_support.h
[8.534s] -- Up-to-date symlink: /home/soumo/robot_programming/install/detection_interfaces/include/detection_interfaces/detection_interfaces/msg/detail/pothole_cordinate__functions.h
[8.535s] -- Up-to-date symlink: /home/soumo/robot_programming/install/detection_interfaces/include/detection_interfaces/detection_interfaces/msg/detail/pothole_cordinate__struct.h
[8.541s] -- Up-to-date symlink: /home/soumo/robot_programming/install/detection_interfaces/include/detection_interfaces/detection_interfaces/msg/detail/pothole_cordinate__type_support.h
[8.541s] -- Up-to-date symlink: /home/soumo/robot_programming/install/detection_interfaces/include/detection_interfaces/detection_interfaces/msg/inference_result.h
[8.542s] -- Up-to-date symlink: /home/soumo/robot_programming/install/detection_interfaces/include/detection_interfaces/detection_interfaces/msg/inference_result_array.h
[8.543s] -- Up-to-date symlink: /home/soumo/robot_programming/install/detection_interfaces/include/detection_interfaces/detection_interfaces/msg/pothole_cordinate.h
[8.543s] -- Up-to-date symlink: /home/soumo/robot_programming/install/detection_interfaces/include/detection_interfaces/detection_interfaces/msg/rosidl_generator_c__visibility_control.h
[8.543s] -- Up-to-date symlink: /home/soumo/robot_programming/install/detection_interfaces/share/detection_interfaces/environment/library_path.sh
[8.543s] -- Up-to-date symlink: /home/soumo/robot_programming/install/detection_interfaces/share/detection_interfaces/environment/library_path.dsv
[8.544s] -- Up-to-date symlink: /home/soumo/robot_programming/install/detection_interfaces/include/detection_interfaces/detection_interfaces/msg/detail/inference_result__rosidl_typesupport_fastrtps_c.h
[8.544s] -- Up-to-date symlink: /home/soumo/robot_programming/install/detection_interfaces/include/detection_interfaces/detection_interfaces/msg/detail/inference_result_array__rosidl_typesupport_fastrtps_c.h
[8.544s] -- Up-to-date symlink: /home/soumo/robot_programming/install/detection_interfaces/include/detection_interfaces/detection_interfaces/msg/detail/pothole_cordinate__rosidl_typesupport_fastrtps_c.h
[8.545s] -- Up-to-date symlink: /home/soumo/robot_programming/install/detection_interfaces/include/detection_interfaces/detection_interfaces/msg/rosidl_typesupport_fastrtps_c__visibility_control.h
[8.545s] -- Up-to-date symlink: /home/soumo/robot_programming/install/detection_interfaces/include/detection_interfaces/detection_interfaces/msg/detail/inference_result__rosidl_typesupport_introspection_c.h
[8.545s] -- Up-to-date symlink: /home/soumo/robot_programming/install/detection_interfaces/include/detection_interfaces/detection_interfaces/msg/detail/inference_result_array__rosidl_typesupport_introspection_c.h
[8.545s] -- Up-to-date symlink: /home/soumo/robot_programming/install/detection_interfaces/include/detection_interfaces/detection_interfaces/msg/detail/pothole_cordinate__rosidl_typesupport_introspection_c.h
[8.546s] -- Up-to-date symlink: /home/soumo/robot_programming/install/detection_interfaces/include/detection_interfaces/detection_interfaces/msg/rosidl_typesupport_introspection_c__visibility_control.h
[8.547s] -- Up-to-date symlink: /home/soumo/robot_programming/install/detection_interfaces/include/detection_interfaces/detection_interfaces/msg/detail/inference_result__builder.hpp
[8.548s] -- Up-to-date symlink: /home/soumo/robot_programming/install/detection_interfaces/include/detection_interfaces/detection_interfaces/msg/detail/inference_result__struct.hpp
[8.548s] -- Up-to-date symlink: /home/soumo/robot_programming/install/detection_interfaces/include/detection_interfaces/detection_interfaces/msg/detail/inference_result__traits.hpp
[8.548s] -- Up-to-date symlink: /home/soumo/robot_programming/install/detection_interfaces/include/detection_interfaces/detection_interfaces/msg/detail/inference_result_array__builder.hpp
[8.549s] -- Up-to-date symlink: /home/soumo/robot_programming/install/detection_interfaces/include/detection_interfaces/detection_interfaces/msg/detail/inference_result_array__struct.hpp
[8.550s] -- Up-to-date symlink: /home/soumo/robot_programming/install/detection_interfaces/include/detection_interfaces/detection_interfaces/msg/detail/inference_result_array__traits.hpp
[8.559s] -- Up-to-date symlink: /home/soumo/robot_programming/install/detection_interfaces/include/detection_interfaces/detection_interfaces/msg/detail/pothole_cordinate__builder.hpp
[8.561s] -- Up-to-date symlink: /home/soumo/robot_programming/install/detection_interfaces/include/detection_interfaces/detection_interfaces/msg/detail/pothole_cordinate__struct.hpp
[8.562s] -- Up-to-date symlink: /home/soumo/robot_programming/install/detection_interfaces/include/detection_interfaces/detection_interfaces/msg/detail/pothole_cordinate__traits.hpp
[8.563s] -- Up-to-date symlink: /home/soumo/robot_programming/install/detection_interfaces/include/detection_interfaces/detection_interfaces/msg/inference_result.hpp
[8.565s] -- Up-to-date symlink: /home/soumo/robot_programming/install/detection_interfaces/include/detection_interfaces/detection_interfaces/msg/inference_result_array.hpp
[8.566s] -- Up-to-date symlink: /home/soumo/robot_programming/install/detection_interfaces/include/detection_interfaces/detection_interfaces/msg/pothole_cordinate.hpp
[8.583s] -- Up-to-date symlink: /home/soumo/robot_programming/install/detection_interfaces/include/detection_interfaces/detection_interfaces/msg/detail/inference_result__rosidl_typesupport_fastrtps_cpp.hpp
[8.583s] -- Up-to-date symlink: /home/soumo/robot_programming/install/detection_interfaces/include/detection_interfaces/detection_interfaces/msg/detail/inference_result_array__rosidl_typesupport_fastrtps_cpp.hpp
[8.584s] -- Up-to-date symlink: /home/soumo/robot_programming/install/detection_interfaces/include/detection_interfaces/detection_interfaces/msg/detail/pothole_cordinate__rosidl_typesupport_fastrtps_cpp.hpp
[8.584s] -- Up-to-date symlink: /home/soumo/robot_programming/install/detection_interfaces/include/detection_interfaces/detection_interfaces/msg/rosidl_typesupport_fastrtps_cpp__visibility_control.h
[8.585s] -- Up-to-date symlink: /home/soumo/robot_programming/install/detection_interfaces/include/detection_interfaces/detection_interfaces/msg/detail/inference_result__rosidl_typesupport_introspection_cpp.hpp
[8.585s] -- Up-to-date symlink: /home/soumo/robot_programming/install/detection_interfaces/include/detection_interfaces/detection_interfaces/msg/detail/inference_result_array__rosidl_typesupport_introspection_cpp.hpp
[8.586s] -- Up-to-date symlink: /home/soumo/robot_programming/install/detection_interfaces/include/detection_interfaces/detection_interfaces/msg/detail/pothole_cordinate__rosidl_typesupport_introspection_cpp.hpp
[8.586s] -- Up-to-date symlink: /home/soumo/robot_programming/install/detection_interfaces/share/detection_interfaces/environment/pythonpath.sh
[8.602s] -- Up-to-date symlink: /home/soumo/robot_programming/install/detection_interfaces/share/detection_interfaces/environment/pythonpath.dsv
[8.603s] -- Up-to-date symlink: /home/soumo/robot_programming/install/detection_interfaces/local/lib/python3.10/dist-packages/detection_interfaces-0.0.0-py3.10.egg-info/PKG-INFO
[8.603s] -- Up-to-date symlink: /home/soumo/robot_programming/install/detection_interfaces/local/lib/python3.10/dist-packages/detection_interfaces-0.0.0-py3.10.egg-info/SOURCES.txt
[8.604s] -- Up-to-date symlink: /home/soumo/robot_programming/install/detection_interfaces/local/lib/python3.10/dist-packages/detection_interfaces-0.0.0-py3.10.egg-info/dependency_links.txt
[8.608s] -- Up-to-date symlink: /home/soumo/robot_programming/install/detection_interfaces/local/lib/python3.10/dist-packages/detection_interfaces-0.0.0-py3.10.egg-info/top_level.txt
[8.608s] -- Up-to-date symlink: /home/soumo/robot_programming/install/detection_interfaces/local/lib/python3.10/dist-packages/detection_interfaces/__init__.py
[8.609s] -- Up-to-date symlink: /home/soumo/robot_programming/install/detection_interfaces/local/lib/python3.10/dist-packages/detection_interfaces/_detection_interfaces_s.ep.rosidl_typesupport_c.c
[8.609s] -- Up-to-date symlink: /home/soumo/robot_programming/install/detection_interfaces/local/lib/python3.10/dist-packages/detection_interfaces/_detection_interfaces_s.ep.rosidl_typesupport_fastrtps_c.c
[8.614s] -- Up-to-date symlink: /home/soumo/robot_programming/install/detection_interfaces/local/lib/python3.10/dist-packages/detection_interfaces/_detection_interfaces_s.ep.rosidl_typesupport_introspection_c.c
[8.614s] -- Up-to-date symlink: /home/soumo/robot_programming/install/detection_interfaces/local/lib/python3.10/dist-packages/detection_interfaces/detection_interfaces_s__rosidl_typesupport_c.cpython-310-x86_64-linux-gnu.so
[8.614s] -- Up-to-date symlink: /home/soumo/robot_programming/install/detection_interfaces/local/lib/python3.10/dist-packages/detection_interfaces/detection_interfaces_s__rosidl_typesupport_fastrtps_c.cpython-310-x86_64-linux-gnu.so
[8.614s] -- Up-to-date symlink: /home/soumo/robot_programming/install/detection_interfaces/local/lib/python3.10/dist-packages/detection_interfaces/detection_interfaces_s__rosidl_typesupport_introspection_c.cpython-310-x86_64-linux-gnu.so
[8.614s] -- Up-to-date symlink: /home/soumo/robot_programming/install/detection_interfaces/local/lib/python3.10/dist-packages/detection_interfaces/libdetection_interfaces__rosidl_generator_py.so
[8.615s] -- Up-to-date symlink: /home/soumo/robot_programming/install/detection_interfaces/local/lib/python3.10/dist-packages/detection_interfaces/msg/__init__.py
[8.615s] -- Up-to-date symlink: /home/soumo/robot_programming/install/detection_interfaces/local/lib/python3.10/dist-packages/detection_interfaces/msg/_inference_result.py
[8.615s] -- Up-to-date symlink: /home/soumo/robot_programming/install/detection_interfaces/local/lib/python3.10/dist-packages/detection_interfaces/msg/_inference_result_array.py
[8.615s] -- Up-to-date symlink: /home/soumo/robot_programming/install/detection_interfaces/local/lib/python3.10/dist-packages/detection_interfaces/msg/_inference_result_array_s.c
[8.616s] -- Up-to-date symlink: /home/soumo/robot_programming/install/detection_interfaces/local/lib/python3.10/dist-packages/detection_interfaces/msg/_inference_result_s.c
[8.616s] -- Up-to-date symlink: /home/soumo/robot_programming/install/detection_interfaces/local/lib/python3.10/dist-packages/detection_interfaces/msg/_pothole_cordinate.py
[8.616s] -- Up-to-date symlink: /home/soumo/robot_programming/install/detection_interfaces/local/lib/python3.10/dist-packages/detection_interfaces/msg/_pothole_cordinate_s.c
[8.621s] -- Up-to-date symlink: /home/soumo/robot_programming/install/detection_interfaces/local/lib/python3.10/dist-packages/detection_interfaces/detection_interfaces_s__rosidl_typesupport_fastrtps_c.cpython-310-x86_64-linux-gnu.so
[8.621s] -- Up-to-date symlink: /home/soumo/robot_programming/install/detection_interfaces/local/lib/python3.10/dist-packages/detection_interfaces/detection_interfaces_s__rosidl_typesupport_introspection_c.cpython-310-x86_64-linux-gnu.so
[8.625s] -- Up-to-date symlink: /home/soumo/robot_programming/install/detection_interfaces/local/lib/python3.10/dist-packages/detection_interfaces/detection_interfaces_s__rosidl_typesupport_c.cpython-310-x86_64-linux-gnu.so
[8.626s] -- Up-to-date symlink: /home/soumo/robot_programming/install/detection_interfaces/share/detection_interfaces/msg/InferenceResult.idl
[8.626s] -- Up-to-date symlink: /home/soumo/robot_programming/install/detection_interfaces/share/detection_interfaces/msg/InferenceResultArray.idl
[8.626s] -- Up-to-date symlink: /home/soumo/robot_programming/install/detection_interfaces/share/detection_interfaces/msg/PotholeCordinate.idl
[8.627s] -- Up-to-date symlink: /home/soumo/robot_programming/install/detection_interfaces/share/detection_interfaces/msg/InferenceResult.msg
[8.627s] -- Up-to-date symlink: /home/soumo/robot_programming/install/detection_interfaces/share/detection_interfaces/msg/InferenceResultArray.msg
[8.628s] -- Up-to-date symlink: /home/soumo/robot_programming/install/detection_interfaces/share/detection_interfaces/msg/PotholeCordinate.msg
[8.632s] -- Up-to-date symlink: /home/soumo/robot_programming/install/detection_interfaces/share/ament_index/resource_index/package_run_dependencies/detection_interfaces
[8.633s] -- Up-to-date symlink: /home/soumo/robot_programming/install/detection_interfaces/share/ament_index/resource_index/parent_prefix_path/detection_interfaces
[8.634s] -- Up-to-date symlink: /home/soumo/robot_programming/install/detection_interfaces/share/detection_interfaces/environment/ament_prefix_path.sh
[8.634s] -- Up-to-date symlink: /home/soumo/robot_programming/install/detection_interfaces/share/detection_interfaces/environment/ament_prefix_path.dsv
[8.635s] -- Up-to-date symlink: /home/soumo/robot_programming/install/detection_interfaces/share/detection_interfaces/environment/path.sh
[8.635s] -- Up-to-date symlink: /home/soumo/robot_programming/install/detection_interfaces/share/detection_interfaces/environment/path.dsv
[8.637s] -- Up-to-date symlink: /home/soumo/robot_programming/install/detection_interfaces/share/detection_interfaces/local_setup.bash
[8.638s] -- Up-to-date symlink: /home/soumo/robot_programming/install/detection_interfaces/share/detection_interfaces/local_setup.sh
[8.639s] -- Up-to-date symlink: /home/soumo/robot_programming/install/detection_interfaces/share/detection_interfaces/local_setup.zsh
[8.641s] -- Up-to-date symlink: /home/soumo/robot_programming/install/detection_interfaces/share/detection_interfaces/local_setup.dsv
[8.642s] -- Symlinking: /home/soumo/robot_programming/install/detection_interfaces/share/detection_interfaces/package.dsv
[8.772s] -- Up-to-date symlink: /home/soumo/robot_programming/install/detection_interfaces/share/ament_index/resource_index/packages/detection_interfaces
[8.773s] -- Up-to-date symlink: /home/soumo/robot_programming/install/detection_interfaces/share/detection_interfaces/cmake/rosidl_cmake-extras.cmake
[8.774s] -- Up-to-date symlink: /home/soumo/robot_programming/install/detection_interfaces/share/detection_interfaces/cmake/ament_cmake_export_include_directories-extras.cmake
[8.775s] -- Up-to-date symlink: /home/soumo/robot_programming/install/detection_interfaces/share/detection_interfaces/cmake/ament_cmake_export_libraries-extras.cmake
[8.775s] -- Up-to-date symlink: /home/soumo/robot_programming/install/detection_interfaces/share/detection_interfaces/cmake/ament_cmake_export_targets-extras.cmake
[8.776s] -- Up-to-date symlink: /home/soumo/robot_programming/install/detection_interfaces/share/detection_interfaces/cmake/rosidl_cmake_export_typesupport_targets-extras.cmake
[8.777s] -- Up-to-date symlink: /home/soumo/robot_programming/install/detection_interfaces/share/detection_interfaces/cmake/ament_cmake_export_dependencies-extras.cmake
[8.779s] -- Up-to-date symlink: /home/soumo/robot_programming/install/detection_interfaces/share/detection_interfaces/cmake/rosidl_cmake_export_typesupport_libraries-extras.cmake
[8.780s] -- Up-to-date symlink: /home/soumo/robot_programming/install/detection_interfaces/share/detection_interfaces/cmake/detection_interfacesConfig.cmake
[8.780s] -- Up-to-date symlink: /home/soumo/robot_programming/install/detection_interfaces/share/detection_interfaces/cmake/detection_interfacesConfig-version.cmake
[8.781s] -- Up-to-date symlink: /home/soumo/robot_programming/install/detection_interfaces/share/detection_interfaces/package.xml
[8.790s] -- Up-to-date: /home/soumo/robot_programming/install/detection_interfaces/lib/libdetection_interfaces__rosidl_generator_c.so
[8.793s] -- Up-to-date: /home/soumo/robot_programming/install/detection_interfaces/lib/libdetection_interfaces__rosidl_typesupport_fastrtps_c.so
[8.795s] -- Up-to-date: /home/soumo/robot_programming/install/detection_interfaces/lib/libdetection_interfaces__rosidl_typesupport_introspection_c.so
[8.796s] -- Up-to-date: /home/soumo/robot_programming/install/detection_interfaces/lib/libdetection_interfaces__rosidl_typesupport_c.so
[8.810s] -- Up-to-date: /home/soumo/robot_programming/install/detection_interfaces/lib/libdetection_interfaces__rosidl_typesupport_fastrtps_cpp.so
[8.810s] -- Up-to-date: /home/soumo/robot_programming/install/detection_interfaces/lib/libdetection_interfaces__rosidl_typesupport_introspection_cpp.so
[8.812s] -- Up-to-date: /home/soumo/robot_programming/install/detection_interfaces/lib/libdetection_interfaces__rosidl_typesupport_cpp.so
[9.060s] Listing '/home/soumo/robot_programming/install/detection_interfaces/local/lib/python3.10/dist-packages/detection_interfaces'...
[9.060s] Listing '/home/soumo/robot_programming/install/detection_interfaces/local/lib/python3.10/dist-packages/detection_interfaces/msg'...
[9.089s] -- Up-to-date: /home/soumo/robot_programming/install/detection_interfaces/lib/libdetection_interfaces__rosidl_generator_py.so
[9.090s] -- Up-to-date: /home/soumo/robot_programming/install/detection_interfaces/share/detection_interfaces/cmake/export_detection_interfaces__rosidl_generator_cExport.cmake
[9.090s] -- Up-to-date: /home/soumo/robot_programming/install/detection_interfaces/share/detection_interfaces/cmake/export_detection_interfaces__rosidl_generator_cExport-noconfig.cmake
[9.090s] -- Up-to-date: /home/soumo/robot_programming/install/detection_interfaces/share/detection_interfaces/cmake/export_detection_interfaces__rosidl_typesupport_fastrtps_cExport.cmake
[9.092s] -- Up-to-date: /home/soumo/robot_programming/install/detection_interfaces/share/detection_interfaces/cmake/export_detection_interfaces__rosidl_typesupport_fastrtps_cExport-noconfig.cmake
[9.099s] -- Up-to-date: /home/soumo/robot_programming/install/detection_interfaces/share/detection_interfaces/cmake/detection_interfaces__rosidl_typesupport_introspection_cExport.cmake
[9.101s] -- Up-to-date: /home/soumo/robot_programming/install/detection_interfaces/share/detection_interfaces/cmake/detection_interfaces__rosidl_typesupport_introspection_cExport-noconfig.cmake
[9.101s] -- Up-to-date: /home/soumo/robot_programming/install/detection_interfaces/share/detection_interfaces/cmake/detection_interfaces__rosidl_typesupport_cExport.cmake
[9.101s] -- Up-to-date: /home/soumo/robot_programming/install/detection_interfaces/share/detection_interfaces/cmake/detection_interfaces__rosidl_typesupport_cExport-noconfig.cmake
[9.102s] -- Up-to-date: /home/soumo/robot_programming/install/detection_interfaces/share/detection_interfaces/cmake/export_detection_interfaces__rosidl_generator_cppExport.cmake
[9.102s] -- Up-to-date: /home/soumo/robot_programming/install/detection_interfaces/share/detection_interfaces/cmake/export_detection_interfaces__rosidl_typesupport_fastrtps_cppExport.cmake
[9.102s] -- Up-to-date: /home/soumo/robot_programming/install/detection_interfaces/share/detection_interfaces/cmake/export_detection_interfaces__rosidl_typesupport_fastrtps_cppExport-noconfig.cmake
[9.105s] -- Up-to-date: /home/soumo/robot_programming/install/detection_interfaces/share/detection_interfaces/cmake/detection_interfaces__rosidl_typesupport_introspection_cppExport.cmake
[9.105s] -- Up-to-date: /home/soumo/robot_programming/install/detection_interfaces/share/detection_interfaces/cmake/detection_interfaces__rosidl_typesupport_introspection_cppExport-noconfig.cmake
[9.106s] -- Up-to-date: /home/soumo/robot_programming/install/detection_interfaces/share/detection_interfaces/cmake/detection_interfaces__rosidl_typesupport_cppExport.cmake
[9.106s] -- Up-to-date: /home/soumo/robot_programming/install/detection_interfaces/share/detection_interfaces/cmake/detection_interfaces__rosidl_typesupport_cppExport-noconfig.cmake
[9.128s] -- Up-to-date: /home/soumo/robot_programming/install/detection_interfaces/share/detection_interfaces/cmake/export_detection_interfaces__rosidl_generator_pyExport.cmake
[9.128s] -- Up-to-date: /home/soumo/robot_programming/install/detection_interfaces/share/detection_interfaces/cmake/export_detection_interfaces__rosidl_generator_pyExport-noconfig.cmake
[9.155s] Invoked command in '/home/soumo/robot_programming/build/detection_interfaces' returned '0': CMAKE_PREFIX_PATH=${CMAKE_PREFIX_PATH}:/home/soumo/robot_programming/install/pothole_detection:/home/soumo/robot_programming/install/navigation:/home/soumo/ros2_ws/install/pothole_detection:/home/soumo/ros2_ws/install/navigation:/opt/ros/humble /usr/bin/cmake --install /home/soumo/robot_programming/build/detection_interfaces
