[4.117s] DEBUG:colcon:Command line arguments: ['/usr/bin/colcon', 'build', '--symlink-install']
[4.117s] DEBUG:colcon:Parsed command line arguments: Namespace(log_base=None, log_level=None, verb_name='build', build_base='build', install_base='install', merge_install=False, symlink_install=True, test_result_base=None, continue_on_error=False, executor='parallel', parallel_workers=8, event_handlers=None, ignore_user_meta=False, metas=['./colcon.meta'], base_paths=['.'], packages_ignore=None, packages_ignore_regex=None, paths=None, packages_up_to=None, packages_up_to_regex=None, packages_above=None, packages_above_and_dependencies=None, packages_above_depth=None, packages_select_by_dep=None, packages_skip_by_dep=None, packages_skip_up_to=None, packages_select_build_failed=False, packages_skip_build_finished=False, packages_select_test_failures=False, packages_skip_test_passed=False, packages_select=None, packages_skip=None, packages_select_regex=None, packages_skip_regex=None, packages_start=None, packages_end=None, cmake_args=None, cmake_target=None, cmake_target_skip_unavailable=False, cmake_clean_cache=False, cmake_clean_first=False, cmake_force_configure=False, ament_cmake_args=None, catkin_cmake_args=None, catkin_skip_building_tests=False, verb_parser=<colcon_defaults.argument_parser.defaults.DefaultArgumentsDecorator object at 0x7fb5dfdf5750>, verb_extension=<colcon_core.verb.build.BuildVerb object at 0x7fb5dfdf5f30>, main=<bound method BuildVerb.main of <colcon_core.verb.build.BuildVerb object at 0x7fb5dfdf5f30>>)
[4.309s] Level 1:colcon.colcon_core.package_discovery:discover_packages(colcon_meta) check parameters
[4.309s] Level 1:colcon.colcon_core.package_discovery:discover_packages(recursive) check parameters
[4.310s] Level 1:colcon.colcon_core.package_discovery:discover_packages(ignore) check parameters
[4.310s] Level 1:colcon.colcon_core.package_discovery:discover_packages(path) check parameters
[4.310s] Level 1:colcon.colcon_core.package_discovery:discover_packages(colcon_meta) discover
[4.310s] Level 1:colcon.colcon_core.package_discovery:discover_packages(recursive) discover
[4.310s] INFO:colcon.colcon_core.package_discovery:Crawling recursively for packages in '/home/soumo/robot_programming'
[4.311s] Level 1:colcon.colcon_core.package_identification:_identify(.) by extensions ['ignore', 'ignore_ament_install']
[4.311s] Level 1:colcon.colcon_core.package_identification:_identify(.) by extension 'ignore'
[4.311s] Level 1:colcon.colcon_core.package_identification:_identify(.) by extension 'ignore_ament_install'
[4.311s] Level 1:colcon.colcon_core.package_identification:_identify(.) by extensions ['colcon_pkg']
[4.312s] Level 1:colcon.colcon_core.package_identification:_identify(.) by extension 'colcon_pkg'
[4.312s] Level 1:colcon.colcon_core.package_identification:_identify(.) by extensions ['colcon_meta']
[4.312s] Level 1:colcon.colcon_core.package_identification:_identify(.) by extension 'colcon_meta'
[4.312s] Level 1:colcon.colcon_core.package_identification:_identify(.) by extensions ['ros']
[4.312s] Level 1:colcon.colcon_core.package_identification:_identify(.) by extension 'ros'
[4.349s] Level 1:colcon.colcon_core.package_identification:_identify(.) by extensions ['cmake', 'python']
[4.350s] Level 1:colcon.colcon_core.package_identification:_identify(.) by extension 'cmake'
[4.350s] Level 1:colcon.colcon_core.package_identification:_identify(.) by extension 'python'
[4.350s] Level 1:colcon.colcon_core.package_identification:_identify(.) by extensions ['python_setup_py']
[4.350s] Level 1:colcon.colcon_core.package_identification:_identify(.) by extension 'python_setup_py'
[4.350s] Level 1:colcon.colcon_core.package_identification:_identify(build) by extensions ['ignore', 'ignore_ament_install']
[4.351s] Level 1:colcon.colcon_core.package_identification:_identify(build) by extension 'ignore'
[4.351s] Level 1:colcon.colcon_core.package_identification:_identify(build) ignored
[4.351s] Level 1:colcon.colcon_core.package_identification:_identify(install) by extensions ['ignore', 'ignore_ament_install']
[4.352s] Level 1:colcon.colcon_core.package_identification:_identify(install) by extension 'ignore'
[4.352s] Level 1:colcon.colcon_core.package_identification:_identify(install) ignored
[4.352s] Level 1:colcon.colcon_core.package_identification:_identify(log) by extensions ['ignore', 'ignore_ament_install']
[4.353s] Level 1:colcon.colcon_core.package_identification:_identify(log) by extension 'ignore'
[4.353s] Level 1:colcon.colcon_core.package_identification:_identify(log) ignored
[4.353s] Level 1:colcon.colcon_core.package_identification:_identify(src) by extensions ['ignore', 'ignore_ament_install']
[4.353s] Level 1:colcon.colcon_core.package_identification:_identify(src) by extension 'ignore'
[4.353s] Level 1:colcon.colcon_core.package_identification:_identify(src) by extension 'ignore_ament_install'
[4.353s] Level 1:colcon.colcon_core.package_identification:_identify(src) by extensions ['colcon_pkg']
[4.354s] Level 1:colcon.colcon_core.package_identification:_identify(src) by extension 'colcon_pkg'
[4.354s] Level 1:colcon.colcon_core.package_identification:_identify(src) by extensions ['colcon_meta']
[4.354s] Level 1:colcon.colcon_core.package_identification:_identify(src) by extension 'colcon_meta'
[4.354s] Level 1:colcon.colcon_core.package_identification:_identify(src) by extensions ['ros']
[4.354s] Level 1:colcon.colcon_core.package_identification:_identify(src) by extension 'ros'
[4.354s] Level 1:colcon.colcon_core.package_identification:_identify(src) by extensions ['cmake', 'python']
[4.354s] Level 1:colcon.colcon_core.package_identification:_identify(src) by extension 'cmake'
[4.354s] Level 1:colcon.colcon_core.package_identification:_identify(src) by extension 'python'
[4.355s] Level 1:colcon.colcon_core.package_identification:_identify(src) by extensions ['python_setup_py']
[4.355s] Level 1:colcon.colcon_core.package_identification:_identify(src) by extension 'python_setup_py'
[4.355s] Level 1:colcon.colcon_core.package_identification:_identify(src/detection_interfaces) by extensions ['ignore', 'ignore_ament_install']
[4.355s] Level 1:colcon.colcon_core.package_identification:_identify(src/detection_interfaces) by extension 'ignore'
[4.356s] Level 1:colcon.colcon_core.package_identification:_identify(src/detection_interfaces) by extension 'ignore_ament_install'
[4.356s] Level 1:colcon.colcon_core.package_identification:_identify(src/detection_interfaces) by extensions ['colcon_pkg']
[4.356s] Level 1:colcon.colcon_core.package_identification:_identify(src/detection_interfaces) by extension 'colcon_pkg'
[4.356s] Level 1:colcon.colcon_core.package_identification:_identify(src/detection_interfaces) by extensions ['colcon_meta']
[4.356s] Level 1:colcon.colcon_core.package_identification:_identify(src/detection_interfaces) by extension 'colcon_meta'
[4.356s] Level 1:colcon.colcon_core.package_identification:_identify(src/detection_interfaces) by extensions ['ros']
[4.357s] Level 1:colcon.colcon_core.package_identification:_identify(src/detection_interfaces) by extension 'ros'
[4.363s] DEBUG:colcon.colcon_core.package_identification:Package 'src/detection_interfaces' with type 'ros.ament_cmake' and name 'detection_interfaces'
[4.363s] Level 1:colcon.colcon_core.package_identification:_identify(src/limo_pothole_detection_navigation_bringup) by extensions ['ignore', 'ignore_ament_install']
[4.363s] Level 1:colcon.colcon_core.package_identification:_identify(src/limo_pothole_detection_navigation_bringup) by extension 'ignore'
[4.364s] Level 1:colcon.colcon_core.package_identification:_identify(src/limo_pothole_detection_navigation_bringup) by extension 'ignore_ament_install'
[4.364s] Level 1:colcon.colcon_core.package_identification:_identify(src/limo_pothole_detection_navigation_bringup) by extensions ['colcon_pkg']
[4.364s] Level 1:colcon.colcon_core.package_identification:_identify(src/limo_pothole_detection_navigation_bringup) by extension 'colcon_pkg'
[4.364s] Level 1:colcon.colcon_core.package_identification:_identify(src/limo_pothole_detection_navigation_bringup) by extensions ['colcon_meta']
[4.364s] Level 1:colcon.colcon_core.package_identification:_identify(src/limo_pothole_detection_navigation_bringup) by extension 'colcon_meta'
[4.364s] Level 1:colcon.colcon_core.package_identification:_identify(src/limo_pothole_detection_navigation_bringup) by extensions ['ros']
[4.364s] Level 1:colcon.colcon_core.package_identification:_identify(src/limo_pothole_detection_navigation_bringup) by extension 'ros'
[4.366s] DEBUG:colcon.colcon_core.package_identification:Package 'src/limo_pothole_detection_navigation_bringup' with type 'ros.ament_cmake' and name 'limo_pothole_detection_navigation_bringup'
[4.367s] Level 1:colcon.colcon_core.package_identification:_identify(src/map) by extensions ['ignore', 'ignore_ament_install']
[4.367s] Level 1:colcon.colcon_core.package_identification:_identify(src/map) by extension 'ignore'
[4.367s] Level 1:colcon.colcon_core.package_identification:_identify(src/map) by extension 'ignore_ament_install'
[4.367s] Level 1:colcon.colcon_core.package_identification:_identify(src/map) by extensions ['colcon_pkg']
[4.368s] Level 1:colcon.colcon_core.package_identification:_identify(src/map) by extension 'colcon_pkg'
[4.368s] Level 1:colcon.colcon_core.package_identification:_identify(src/map) by extensions ['colcon_meta']
[4.368s] Level 1:colcon.colcon_core.package_identification:_identify(src/map) by extension 'colcon_meta'
[4.368s] Level 1:colcon.colcon_core.package_identification:_identify(src/map) by extensions ['ros']
[4.368s] Level 1:colcon.colcon_core.package_identification:_identify(src/map) by extension 'ros'
[4.369s] Level 1:colcon.colcon_core.package_identification:_identify(src/map) by extensions ['cmake', 'python']
[4.369s] Level 1:colcon.colcon_core.package_identification:_identify(src/map) by extension 'cmake'
[4.369s] Level 1:colcon.colcon_core.package_identification:_identify(src/map) by extension 'python'
[4.369s] Level 1:colcon.colcon_core.package_identification:_identify(src/map) by extensions ['python_setup_py']
[4.369s] Level 1:colcon.colcon_core.package_identification:_identify(src/map) by extension 'python_setup_py'
[4.370s] Level 1:colcon.colcon_core.package_identification:_identify(src/navigation) by extensions ['ignore', 'ignore_ament_install']
[4.370s] Level 1:colcon.colcon_core.package_identification:_identify(src/navigation) by extension 'ignore'
[4.370s] Level 1:colcon.colcon_core.package_identification:_identify(src/navigation) by extension 'ignore_ament_install'
[4.371s] Level 1:colcon.colcon_core.package_identification:_identify(src/navigation) by extensions ['colcon_pkg']
[4.371s] Level 1:colcon.colcon_core.package_identification:_identify(src/navigation) by extension 'colcon_pkg'
[4.371s] Level 1:colcon.colcon_core.package_identification:_identify(src/navigation) by extensions ['colcon_meta']
[4.371s] Level 1:colcon.colcon_core.package_identification:_identify(src/navigation) by extension 'colcon_meta'
[4.371s] Level 1:colcon.colcon_core.package_identification:_identify(src/navigation) by extensions ['ros']
[4.371s] Level 1:colcon.colcon_core.package_identification:_identify(src/navigation) by extension 'ros'
[4.374s] DEBUG:colcon.colcon_core.package_identification:Package 'src/navigation' with type 'ros.ament_python' and name 'navigation'
[4.374s] Level 1:colcon.colcon_core.package_identification:_identify(src/pothole_detection) by extensions ['ignore', 'ignore_ament_install']
[4.375s] Level 1:colcon.colcon_core.package_identification:_identify(src/pothole_detection) by extension 'ignore'
[4.375s] Level 1:colcon.colcon_core.package_identification:_identify(src/pothole_detection) by extension 'ignore_ament_install'
[4.375s] Level 1:colcon.colcon_core.package_identification:_identify(src/pothole_detection) by extensions ['colcon_pkg']
[4.375s] Level 1:colcon.colcon_core.package_identification:_identify(src/pothole_detection) by extension 'colcon_pkg'
[4.375s] Level 1:colcon.colcon_core.package_identification:_identify(src/pothole_detection) by extensions ['colcon_meta']
[4.375s] Level 1:colcon.colcon_core.package_identification:_identify(src/pothole_detection) by extension 'colcon_meta'
[4.376s] Level 1:colcon.colcon_core.package_identification:_identify(src/pothole_detection) by extensions ['ros']
[4.376s] Level 1:colcon.colcon_core.package_identification:_identify(src/pothole_detection) by extension 'ros'
[4.378s] DEBUG:colcon.colcon_core.package_identification:Package 'src/pothole_detection' with type 'ros.ament_python' and name 'pothole_detection'
[4.379s] Level 1:colcon.colcon_core.package_discovery:discover_packages(recursive) using defaults
[4.379s] Level 1:colcon.colcon_core.package_discovery:discover_packages(ignore) discover
[4.379s] Level 1:colcon.colcon_core.package_discovery:discover_packages(ignore) using defaults
[4.379s] Level 1:colcon.colcon_core.package_discovery:discover_packages(path) discover
[4.379s] Level 1:colcon.colcon_core.package_discovery:discover_packages(path) using defaults
[4.678s] Level 5:colcon.colcon_core.verb:set package 'detection_interfaces' build argument 'cmake_args' from command line to 'None'
[4.678s] Level 5:colcon.colcon_core.verb:set package 'detection_interfaces' build argument 'cmake_target' from command line to 'None'
[4.678s] Level 5:colcon.colcon_core.verb:set package 'detection_interfaces' build argument 'cmake_target_skip_unavailable' from command line to 'False'
[4.679s] Level 5:colcon.colcon_core.verb:set package 'detection_interfaces' build argument 'cmake_clean_cache' from command line to 'False'
[4.679s] Level 5:colcon.colcon_core.verb:set package 'detection_interfaces' build argument 'cmake_clean_first' from command line to 'False'
[4.679s] Level 5:colcon.colcon_core.verb:set package 'detection_interfaces' build argument 'cmake_force_configure' from command line to 'False'
[4.679s] Level 5:colcon.colcon_core.verb:set package 'detection_interfaces' build argument 'ament_cmake_args' from command line to 'None'
[4.679s] Level 5:colcon.colcon_core.verb:set package 'detection_interfaces' build argument 'catkin_cmake_args' from command line to 'None'
[4.679s] Level 5:colcon.colcon_core.verb:set package 'detection_interfaces' build argument 'catkin_skip_building_tests' from command line to 'False'
[4.679s] DEBUG:colcon.colcon_core.verb:Building package 'detection_interfaces' with the following arguments: {'ament_cmake_args': None, 'build_base': '/home/soumo/robot_programming/build/detection_interfaces', 'catkin_cmake_args': None, 'catkin_skip_building_tests': False, 'cmake_args': None, 'cmake_clean_cache': False, 'cmake_clean_first': False, 'cmake_force_configure': False, 'cmake_target': None, 'cmake_target_skip_unavailable': False, 'install_base': '/home/soumo/robot_programming/install/detection_interfaces', 'merge_install': False, 'path': '/home/soumo/robot_programming/src/detection_interfaces', 'symlink_install': True, 'test_result_base': None}
[4.751s] Level 5:colcon.colcon_core.verb:set package 'limo_pothole_detection_navigation_bringup' build argument 'cmake_args' from command line to 'None'
[4.751s] Level 5:colcon.colcon_core.verb:set package 'limo_pothole_detection_navigation_bringup' build argument 'cmake_target' from command line to 'None'
[4.752s] Level 5:colcon.colcon_core.verb:set package 'limo_pothole_detection_navigation_bringup' build argument 'cmake_target_skip_unavailable' from command line to 'False'
[4.752s] Level 5:colcon.colcon_core.verb:set package 'limo_pothole_detection_navigation_bringup' build argument 'cmake_clean_cache' from command line to 'False'
[4.752s] Level 5:colcon.colcon_core.verb:set package 'limo_pothole_detection_navigation_bringup' build argument 'cmake_clean_first' from command line to 'False'
[4.752s] Level 5:colcon.colcon_core.verb:set package 'limo_pothole_detection_navigation_bringup' build argument 'cmake_force_configure' from command line to 'False'
[4.752s] Level 5:colcon.colcon_core.verb:set package 'limo_pothole_detection_navigation_bringup' build argument 'ament_cmake_args' from command line to 'None'
[4.752s] Level 5:colcon.colcon_core.verb:set package 'limo_pothole_detection_navigation_bringup' build argument 'catkin_cmake_args' from command line to 'None'
[4.752s] Level 5:colcon.colcon_core.verb:set package 'limo_pothole_detection_navigation_bringup' build argument 'catkin_skip_building_tests' from command line to 'False'
[4.752s] DEBUG:colcon.colcon_core.verb:Building package 'limo_pothole_detection_navigation_bringup' with the following arguments: {'ament_cmake_args': None, 'build_base': '/home/soumo/robot_programming/build/limo_pothole_detection_navigation_bringup', 'catkin_cmake_args': None, 'catkin_skip_building_tests': False, 'cmake_args': None, 'cmake_clean_cache': False, 'cmake_clean_first': False, 'cmake_force_configure': False, 'cmake_target': None, 'cmake_target_skip_unavailable': False, 'install_base': '/home/soumo/robot_programming/install/limo_pothole_detection_navigation_bringup', 'merge_install': False, 'path': '/home/soumo/robot_programming/src/limo_pothole_detection_navigation_bringup', 'symlink_install': True, 'test_result_base': None}
[4.828s] Level 5:colcon.colcon_core.verb:set package 'navigation' build argument 'cmake_args' from command line to 'None'
[4.829s] Level 5:colcon.colcon_core.verb:set package 'navigation' build argument 'cmake_target' from command line to 'None'
[4.829s] Level 5:colcon.colcon_core.verb:set package 'navigation' build argument 'cmake_target_skip_unavailable' from command line to 'False'
[4.829s] Level 5:colcon.colcon_core.verb:set package 'navigation' build argument 'cmake_clean_cache' from command line to 'False'
[4.829s] Level 5:colcon.colcon_core.verb:set package 'navigation' build argument 'cmake_clean_first' from command line to 'False'
[4.829s] Level 5:colcon.colcon_core.verb:set package 'navigation' build argument 'cmake_force_configure' from command line to 'False'
[4.829s] Level 5:colcon.colcon_core.verb:set package 'navigation' build argument 'ament_cmake_args' from command line to 'None'
[4.829s] Level 5:colcon.colcon_core.verb:set package 'navigation' build argument 'catkin_cmake_args' from command line to 'None'
[4.829s] Level 5:colcon.colcon_core.verb:set package 'navigation' build argument 'catkin_skip_building_tests' from command line to 'False'
[4.830s] DEBUG:colcon.colcon_core.verb:Building package 'navigation' with the following arguments: {'ament_cmake_args': None, 'build_base': '/home/soumo/robot_programming/build/navigation', 'catkin_cmake_args': None, 'catkin_skip_building_tests': False, 'cmake_args': None, 'cmake_clean_cache': False, 'cmake_clean_first': False, 'cmake_force_configure': False, 'cmake_target': None, 'cmake_target_skip_unavailable': False, 'install_base': '/home/soumo/robot_programming/install/navigation', 'merge_install': False, 'path': '/home/soumo/robot_programming/src/navigation', 'symlink_install': True, 'test_result_base': None}
[4.894s] Level 5:colcon.colcon_core.verb:set package 'pothole_detection' build argument 'cmake_args' from command line to 'None'
[4.895s] Level 5:colcon.colcon_core.verb:set package 'pothole_detection' build argument 'cmake_target' from command line to 'None'
[4.895s] Level 5:colcon.colcon_core.verb:set package 'pothole_detection' build argument 'cmake_target_skip_unavailable' from command line to 'False'
[4.895s] Level 5:colcon.colcon_core.verb:set package 'pothole_detection' build argument 'cmake_clean_cache' from command line to 'False'
[4.895s] Level 5:colcon.colcon_core.verb:set package 'pothole_detection' build argument 'cmake_clean_first' from command line to 'False'
[4.895s] Level 5:colcon.colcon_core.verb:set package 'pothole_detection' build argument 'cmake_force_configure' from command line to 'False'
[4.895s] Level 5:colcon.colcon_core.verb:set package 'pothole_detection' build argument 'ament_cmake_args' from command line to 'None'
[4.895s] Level 5:colcon.colcon_core.verb:set package 'pothole_detection' build argument 'catkin_cmake_args' from command line to 'None'
[4.896s] Level 5:colcon.colcon_core.verb:set package 'pothole_detection' build argument 'catkin_skip_building_tests' from command line to 'False'
[4.896s] DEBUG:colcon.colcon_core.verb:Building package 'pothole_detection' with the following arguments: {'ament_cmake_args': None, 'build_base': '/home/soumo/robot_programming/build/pothole_detection', 'catkin_cmake_args': None, 'catkin_skip_building_tests': False, 'cmake_args': None, 'cmake_clean_cache': False, 'cmake_clean_first': False, 'cmake_force_configure': False, 'cmake_target': None, 'cmake_target_skip_unavailable': False, 'install_base': '/home/soumo/robot_programming/install/pothole_detection', 'merge_install': False, 'path': '/home/soumo/robot_programming/src/pothole_detection', 'symlink_install': True, 'test_result_base': None}
[4.954s] INFO:colcon.colcon_core.executor:Executing jobs using 'parallel' executor
[5.018s] DEBUG:colcon.colcon_parallel_executor.executor.parallel:run_until_complete
[5.019s] INFO:colcon.colcon_ros.task.ament_cmake.build:Building ROS package in '/home/soumo/robot_programming/src/detection_interfaces' with build type 'ament_cmake'
[5.019s] INFO:colcon.colcon_cmake.task.cmake.build:Building CMake package in '/home/soumo/robot_programming/src/detection_interfaces'
[5.128s] INFO:colcon.colcon_core.plugin_system:Skipping extension 'colcon_core.shell.bat': Not used on non-Windows systems
[5.128s] INFO:colcon.colcon_core.shell:Skip shell extension 'powershell' for command environment: Not usable outside of PowerShell
[5.128s] DEBUG:colcon.colcon_core.shell:Skip shell extension 'dsv' for command environment
[5.477s] INFO:colcon.colcon_ros.task.ament_cmake.build:Building ROS package in '/home/soumo/robot_programming/src/limo_pothole_detection_navigation_bringup' with build type 'ament_cmake'
[5.477s] INFO:colcon.colcon_cmake.task.cmake.build:Building CMake package in '/home/soumo/robot_programming/src/limo_pothole_detection_navigation_bringup'
[5.543s] INFO:colcon.colcon_core.shell:Skip shell extension 'powershell' for command environment: Not usable outside of PowerShell
[5.543s] DEBUG:colcon.colcon_core.shell:Skip shell extension 'dsv' for command environment
[5.904s] INFO:colcon.colcon_ros.task.ament_python.build:Building ROS package in '/home/soumo/robot_programming/src/navigation' with build type 'ament_python'
[5.904s] Level 1:colcon.colcon_core.shell:create_environment_hook('navigation', 'ament_prefix_path')
[5.979s] INFO:colcon.colcon_core.shell:Creating environment hook '/home/soumo/robot_programming/install/navigation/share/navigation/hook/ament_prefix_path.ps1'
[5.982s] INFO:colcon.colcon_core.shell:Creating environment descriptor '/home/soumo/robot_programming/install/navigation/share/navigation/hook/ament_prefix_path.dsv'
[5.984s] INFO:colcon.colcon_core.shell:Creating environment hook '/home/soumo/robot_programming/install/navigation/share/navigation/hook/ament_prefix_path.sh'
[6.067s] INFO:colcon.colcon_core.shell:Skip shell extension 'powershell' for command environment: Not usable outside of PowerShell
[6.067s] DEBUG:colcon.colcon_core.shell:Skip shell extension 'dsv' for command environment
[6.431s] INFO:colcon.colcon_ros.task.ament_python.build:Building ROS package in '/home/soumo/robot_programming/src/pothole_detection' with build type 'ament_python'
[6.432s] Level 1:colcon.colcon_core.shell:create_environment_hook('pothole_detection', 'ament_prefix_path')
[6.502s] INFO:colcon.colcon_core.shell:Creating environment hook '/home/soumo/robot_programming/install/pothole_detection/share/pothole_detection/hook/ament_prefix_path.ps1'
[6.503s] INFO:colcon.colcon_core.shell:Creating environment descriptor '/home/soumo/robot_programming/install/pothole_detection/share/pothole_detection/hook/ament_prefix_path.dsv'
[6.504s] INFO:colcon.colcon_core.shell:Creating environment hook '/home/soumo/robot_programming/install/pothole_detection/share/pothole_detection/hook/ament_prefix_path.sh'
[6.575s] INFO:colcon.colcon_core.shell:Skip shell extension 'powershell' for command environment: Not usable outside of PowerShell
[6.575s] DEBUG:colcon.colcon_core.shell:Skip shell extension 'dsv' for command environment
[6.985s] DEBUG:colcon.colcon_core.event_handler.log_command:Invoking command in '/home/soumo/robot_programming/build/detection_interfaces': CMAKE_PREFIX_PATH=${CMAKE_PREFIX_PATH}:/home/soumo/robot_programming/install/pothole_detection:/home/soumo/robot_programming/install/navigation:/home/soumo/ros2_ws/install/pothole_detection:/home/soumo/ros2_ws/install/navigation:/opt/ros/humble /usr/bin/cmake --build /home/soumo/robot_programming/build/detection_interfaces -- -j8 -l8
[7.006s] DEBUG:colcon.colcon_core.event_handler.log_command:Invoking command in '/home/soumo/robot_programming/build/limo_pothole_detection_navigation_bringup': CMAKE_PREFIX_PATH=${CMAKE_PREFIX_PATH}:/home/soumo/robot_programming/install/pothole_detection:/home/soumo/robot_programming/install/navigation:/home/soumo/ros2_ws/install/pothole_detection:/home/soumo/ros2_ws/install/navigation:/opt/ros/humble /usr/bin/cmake --build /home/soumo/robot_programming/build/limo_pothole_detection_navigation_bringup -- -j8 -l8
[8.422s] INFO:colcon.colcon_core.task.python.build:Building Python package in '/home/soumo/robot_programming/src/navigation'
[8.516s] INFO:colcon.colcon_core.shell:Skip shell extension 'powershell' for command environment: Not usable outside of PowerShell
[8.516s] DEBUG:colcon.colcon_core.shell:Skip shell extension 'dsv' for command environment
[10.393s] INFO:colcon.colcon_core.task.python.build:Building Python package in '/home/soumo/robot_programming/src/pothole_detection'
[10.477s] INFO:colcon.colcon_core.shell:Skip shell extension 'powershell' for command environment: Not usable outside of PowerShell
[10.477s] DEBUG:colcon.colcon_core.shell:Skip shell extension 'dsv' for command environment
[10.891s] DEBUG:colcon.colcon_core.event_handler.log_command:Invoked command in '/home/soumo/robot_programming/build/limo_pothole_detection_navigation_bringup' returned '0': CMAKE_PREFIX_PATH=${CMAKE_PREFIX_PATH}:/home/soumo/robot_programming/install/pothole_detection:/home/soumo/robot_programming/install/navigation:/home/soumo/ros2_ws/install/pothole_detection:/home/soumo/ros2_ws/install/navigation:/opt/ros/humble /usr/bin/cmake --build /home/soumo/robot_programming/build/limo_pothole_detection_navigation_bringup -- -j8 -l8
[10.925s] DEBUG:colcon.colcon_core.event_handler.log_command:Invoked command in '/home/soumo/robot_programming/build/detection_interfaces' returned '0': CMAKE_PREFIX_PATH=${CMAKE_PREFIX_PATH}:/home/soumo/robot_programming/install/pothole_detection:/home/soumo/robot_programming/install/navigation:/home/soumo/ros2_ws/install/pothole_detection:/home/soumo/ros2_ws/install/navigation:/opt/ros/humble /usr/bin/cmake --build /home/soumo/robot_programming/build/detection_interfaces -- -j8 -l8
[11.155s] DEBUG:colcon.colcon_core.event_handler.log_command:Invoking command in '/home/soumo/robot_programming/build/limo_pothole_detection_navigation_bringup': CMAKE_PREFIX_PATH=${CMAKE_PREFIX_PATH}:/home/soumo/robot_programming/install/pothole_detection:/home/soumo/robot_programming/install/navigation:/home/soumo/ros2_ws/install/pothole_detection:/home/soumo/ros2_ws/install/navigation:/opt/ros/humble /usr/bin/cmake --install /home/soumo/robot_programming/build/limo_pothole_detection_navigation_bringup
[11.311s] Level 1:colcon.colcon_core.environment:create_environment_scripts_only(limo_pothole_detection_navigation_bringup)
[11.323s] DEBUG:colcon.colcon_core.event_handler.log_command:Invoked command in '/home/soumo/robot_programming/build/limo_pothole_detection_navigation_bringup' returned '0': CMAKE_PREFIX_PATH=${CMAKE_PREFIX_PATH}:/home/soumo/robot_programming/install/pothole_detection:/home/soumo/robot_programming/install/navigation:/home/soumo/ros2_ws/install/pothole_detection:/home/soumo/ros2_ws/install/navigation:/opt/ros/humble /usr/bin/cmake --install /home/soumo/robot_programming/build/limo_pothole_detection_navigation_bringup
[11.508s] Level 1:colcon.colcon_core.environment:checking '/home/soumo/robot_programming/install/limo_pothole_detection_navigation_bringup' for CMake module files
[11.510s] Level 1:colcon.colcon_core.environment:checking '/home/soumo/robot_programming/install/limo_pothole_detection_navigation_bringup' for CMake config files
[11.518s] Level 1:colcon.colcon_core.shell:create_environment_hook('limo_pothole_detection_navigation_bringup', 'cmake_prefix_path')
[11.644s] INFO:colcon.colcon_core.shell:Creating environment hook '/home/soumo/robot_programming/install/limo_pothole_detection_navigation_bringup/share/limo_pothole_detection_navigation_bringup/hook/cmake_prefix_path.ps1'
[11.646s] INFO:colcon.colcon_core.shell:Creating environment descriptor '/home/soumo/robot_programming/install/limo_pothole_detection_navigation_bringup/share/limo_pothole_detection_navigation_bringup/hook/cmake_prefix_path.dsv'
[11.648s] INFO:colcon.colcon_core.shell:Creating environment hook '/home/soumo/robot_programming/install/limo_pothole_detection_navigation_bringup/share/limo_pothole_detection_navigation_bringup/hook/cmake_prefix_path.sh'
[11.654s] Level 1:colcon.colcon_core.environment:checking '/home/soumo/robot_programming/install/limo_pothole_detection_navigation_bringup/bin'
[11.654s] Level 1:colcon.colcon_core.environment:checking '/home/soumo/robot_programming/install/limo_pothole_detection_navigation_bringup/lib/pkgconfig/limo_pothole_detection_navigation_bringup.pc'
[11.655s] Level 1:colcon.colcon_core.environment:checking '/home/soumo/robot_programming/install/limo_pothole_detection_navigation_bringup/lib/python3.10/site-packages'
[11.656s] Level 1:colcon.colcon_core.environment:checking '/home/soumo/robot_programming/install/limo_pothole_detection_navigation_bringup/bin'
[11.741s] INFO:colcon.colcon_core.shell:Creating package script '/home/soumo/robot_programming/install/limo_pothole_detection_navigation_bringup/share/limo_pothole_detection_navigation_bringup/package.ps1'
[11.744s] INFO:colcon.colcon_core.shell:Creating package descriptor '/home/soumo/robot_programming/install/limo_pothole_detection_navigation_bringup/share/limo_pothole_detection_navigation_bringup/package.dsv'
[11.749s] INFO:colcon.colcon_core.shell:Creating package script '/home/soumo/robot_programming/install/limo_pothole_detection_navigation_bringup/share/limo_pothole_detection_navigation_bringup/package.sh'
[11.752s] INFO:colcon.colcon_core.shell:Creating package script '/home/soumo/robot_programming/install/limo_pothole_detection_navigation_bringup/share/limo_pothole_detection_navigation_bringup/package.bash'
[11.754s] INFO:colcon.colcon_core.shell:Creating package script '/home/soumo/robot_programming/install/limo_pothole_detection_navigation_bringup/share/limo_pothole_detection_navigation_bringup/package.zsh'
[11.760s] Level 1:colcon.colcon_core.environment:create_file_with_runtime_dependencies(/home/soumo/robot_programming/install/limo_pothole_detection_navigation_bringup/share/colcon-core/packages/limo_pothole_detection_navigation_bringup)
[12.092s] Level 1:colcon.colcon_core.environment:create_environment_scripts_only(limo_pothole_detection_navigation_bringup)
[12.224s] Level 1:colcon.colcon_core.environment:checking '/home/soumo/robot_programming/install/limo_pothole_detection_navigation_bringup' for CMake module files
[12.226s] Level 1:colcon.colcon_core.environment:checking '/home/soumo/robot_programming/install/limo_pothole_detection_navigation_bringup' for CMake config files
[12.228s] Level 1:colcon.colcon_core.shell:create_environment_hook('limo_pothole_detection_navigation_bringup', 'cmake_prefix_path')
[12.315s] INFO:colcon.colcon_core.shell:Creating environment hook '/home/soumo/robot_programming/install/limo_pothole_detection_navigation_bringup/share/limo_pothole_detection_navigation_bringup/hook/cmake_prefix_path.ps1'
[12.318s] INFO:colcon.colcon_core.shell:Creating environment descriptor '/home/soumo/robot_programming/install/limo_pothole_detection_navigation_bringup/share/limo_pothole_detection_navigation_bringup/hook/cmake_prefix_path.dsv'
[12.319s] INFO:colcon.colcon_core.shell:Creating environment hook '/home/soumo/robot_programming/install/limo_pothole_detection_navigation_bringup/share/limo_pothole_detection_navigation_bringup/hook/cmake_prefix_path.sh'
[12.325s] Level 1:colcon.colcon_core.environment:checking '/home/soumo/robot_programming/install/limo_pothole_detection_navigation_bringup/bin'
[12.326s] Level 1:colcon.colcon_core.environment:checking '/home/soumo/robot_programming/install/limo_pothole_detection_navigation_bringup/lib/pkgconfig/limo_pothole_detection_navigation_bringup.pc'
[12.327s] Level 1:colcon.colcon_core.environment:checking '/home/soumo/robot_programming/install/limo_pothole_detection_navigation_bringup/lib/python3.10/site-packages'
[12.327s] Level 1:colcon.colcon_core.environment:checking '/home/soumo/robot_programming/install/limo_pothole_detection_navigation_bringup/bin'
[12.431s] INFO:colcon.colcon_core.shell:Creating package script '/home/soumo/robot_programming/install/limo_pothole_detection_navigation_bringup/share/limo_pothole_detection_navigation_bringup/package.ps1'
[12.437s] INFO:colcon.colcon_core.shell:Creating package descriptor '/home/soumo/robot_programming/install/limo_pothole_detection_navigation_bringup/share/limo_pothole_detection_navigation_bringup/package.dsv'
[12.443s] INFO:colcon.colcon_core.shell:Creating package script '/home/soumo/robot_programming/install/limo_pothole_detection_navigation_bringup/share/limo_pothole_detection_navigation_bringup/package.sh'
[12.446s] INFO:colcon.colcon_core.shell:Creating package script '/home/soumo/robot_programming/install/limo_pothole_detection_navigation_bringup/share/limo_pothole_detection_navigation_bringup/package.bash'
[12.449s] INFO:colcon.colcon_core.shell:Creating package script '/home/soumo/robot_programming/install/limo_pothole_detection_navigation_bringup/share/limo_pothole_detection_navigation_bringup/package.zsh'
[12.452s] Level 1:colcon.colcon_core.environment:create_file_with_runtime_dependencies(/home/soumo/robot_programming/install/limo_pothole_detection_navigation_bringup/share/colcon-core/packages/limo_pothole_detection_navigation_bringup)
[12.462s] DEBUG:colcon.colcon_core.event_handler.log_command:Invoking command in '/home/soumo/robot_programming/build/detection_interfaces': CMAKE_PREFIX_PATH=${CMAKE_PREFIX_PATH}:/home/soumo/robot_programming/install/pothole_detection:/home/soumo/robot_programming/install/navigation:/home/soumo/ros2_ws/install/pothole_detection:/home/soumo/ros2_ws/install/navigation:/opt/ros/humble /usr/bin/cmake --install /home/soumo/robot_programming/build/detection_interfaces
[12.944s] Level 1:colcon.colcon_core.environment:create_environment_scripts_only(detection_interfaces)
[12.958s] DEBUG:colcon.colcon_core.event_handler.log_command:Invoked command in '/home/soumo/robot_programming/build/detection_interfaces' returned '0': CMAKE_PREFIX_PATH=${CMAKE_PREFIX_PATH}:/home/soumo/robot_programming/install/pothole_detection:/home/soumo/robot_programming/install/navigation:/home/soumo/ros2_ws/install/pothole_detection:/home/soumo/ros2_ws/install/navigation:/opt/ros/humble /usr/bin/cmake --install /home/soumo/robot_programming/build/detection_interfaces
[13.043s] Level 1:colcon.colcon_core.environment:checking '/home/soumo/robot_programming/install/detection_interfaces' for CMake module files
[13.046s] Level 1:colcon.colcon_core.environment:checking '/home/soumo/robot_programming/install/detection_interfaces' for CMake config files
[13.052s] Level 1:colcon.colcon_core.shell:create_environment_hook('detection_interfaces', 'cmake_prefix_path')
[13.156s] INFO:colcon.colcon_core.shell:Creating environment hook '/home/soumo/robot_programming/install/detection_interfaces/share/detection_interfaces/hook/cmake_prefix_path.ps1'
[13.159s] INFO:colcon.colcon_core.shell:Creating environment descriptor '/home/soumo/robot_programming/install/detection_interfaces/share/detection_interfaces/hook/cmake_prefix_path.dsv'
[13.160s] INFO:colcon.colcon_core.shell:Creating environment hook '/home/soumo/robot_programming/install/detection_interfaces/share/detection_interfaces/hook/cmake_prefix_path.sh'
[13.164s] Level 1:colcon.colcon_core.environment:checking '/home/soumo/robot_programming/install/detection_interfaces/lib'
[13.167s] Level 1:colcon.colcon_core.shell:create_environment_hook('detection_interfaces', 'ld_library_path_lib')
[13.278s] INFO:colcon.colcon_core.shell:Creating environment hook '/home/soumo/robot_programming/install/detection_interfaces/share/detection_interfaces/hook/ld_library_path_lib.ps1'
[13.280s] INFO:colcon.colcon_core.shell:Creating environment descriptor '/home/soumo/robot_programming/install/detection_interfaces/share/detection_interfaces/hook/ld_library_path_lib.dsv'
[13.284s] INFO:colcon.colcon_core.shell:Creating environment hook '/home/soumo/robot_programming/install/detection_interfaces/share/detection_interfaces/hook/ld_library_path_lib.sh'
[13.285s] Level 1:colcon.colcon_core.environment:checking '/home/soumo/robot_programming/install/detection_interfaces/bin'
[13.293s] Level 1:colcon.colcon_core.environment:checking '/home/soumo/robot_programming/install/detection_interfaces/lib/pkgconfig/detection_interfaces.pc'
[13.294s] Level 1:colcon.colcon_core.environment:checking '/home/soumo/robot_programming/install/detection_interfaces/lib/python3.10/site-packages'
[13.298s] Level 1:colcon.colcon_core.environment:checking '/home/soumo/robot_programming/install/detection_interfaces/bin'
[13.392s] INFO:colcon.colcon_core.shell:Creating package script '/home/soumo/robot_programming/install/detection_interfaces/share/detection_interfaces/package.ps1'
[13.394s] INFO:colcon.colcon_core.shell:Creating package descriptor '/home/soumo/robot_programming/install/detection_interfaces/share/detection_interfaces/package.dsv'
[13.397s] INFO:colcon.colcon_core.shell:Creating package script '/home/soumo/robot_programming/install/detection_interfaces/share/detection_interfaces/package.sh'
[13.402s] INFO:colcon.colcon_core.shell:Creating package script '/home/soumo/robot_programming/install/detection_interfaces/share/detection_interfaces/package.bash'
[13.403s] INFO:colcon.colcon_core.shell:Creating package script '/home/soumo/robot_programming/install/detection_interfaces/share/detection_interfaces/package.zsh'
[13.405s] Level 1:colcon.colcon_core.environment:create_file_with_runtime_dependencies(/home/soumo/robot_programming/install/detection_interfaces/share/colcon-core/packages/detection_interfaces)
[13.438s] DEBUG:colcon.colcon_core.event_handler.log_command:Invoking command in '/home/soumo/robot_programming/build/navigation': PYTHONPATH=/home/soumo/robot_programming/build/navigation/prefix_override:/home/soumo/robot_programming/install/navigation/lib/python3.10/site-packages:${PYTHONPATH} /usr/bin/python3 setup.py develop --editable --build-directory /home/soumo/robot_programming/build/navigation/build --no-deps install_data
[13.441s] DEBUG:colcon.colcon_core.event_handler.log_command:Invoking command in '/home/soumo/robot_programming/build/pothole_detection': PYTHONPATH=/home/soumo/robot_programming/build/pothole_detection/prefix_override:/home/soumo/robot_programming/install/pothole_detection/lib/python3.10/site-packages:${PYTHONPATH} /usr/bin/python3 setup.py develop --editable --build-directory /home/soumo/robot_programming/build/pothole_detection/build --no-deps install_data
[14.411s] Level 1:colcon.colcon_core.environment:create_environment_scripts_only(detection_interfaces)
[14.496s] Level 1:colcon.colcon_core.environment:checking '/home/soumo/robot_programming/install/detection_interfaces' for CMake module files
[14.499s] Level 1:colcon.colcon_core.environment:checking '/home/soumo/robot_programming/install/detection_interfaces' for CMake config files
[14.503s] Level 1:colcon.colcon_core.shell:create_environment_hook('detection_interfaces', 'cmake_prefix_path')
[14.582s] INFO:colcon.colcon_core.shell:Creating environment hook '/home/soumo/robot_programming/install/detection_interfaces/share/detection_interfaces/hook/cmake_prefix_path.ps1'
[14.583s] INFO:colcon.colcon_core.shell:Creating environment descriptor '/home/soumo/robot_programming/install/detection_interfaces/share/detection_interfaces/hook/cmake_prefix_path.dsv'
[14.585s] INFO:colcon.colcon_core.shell:Creating environment hook '/home/soumo/robot_programming/install/detection_interfaces/share/detection_interfaces/hook/cmake_prefix_path.sh'
[14.587s] Level 1:colcon.colcon_core.environment:checking '/home/soumo/robot_programming/install/detection_interfaces/lib'
[14.588s] Level 1:colcon.colcon_core.shell:create_environment_hook('detection_interfaces', 'ld_library_path_lib')
[14.670s] INFO:colcon.colcon_core.shell:Creating environment hook '/home/soumo/robot_programming/install/detection_interfaces/share/detection_interfaces/hook/ld_library_path_lib.ps1'
[14.672s] INFO:colcon.colcon_core.shell:Creating environment descriptor '/home/soumo/robot_programming/install/detection_interfaces/share/detection_interfaces/hook/ld_library_path_lib.dsv'
[14.673s] INFO:colcon.colcon_core.shell:Creating environment hook '/home/soumo/robot_programming/install/detection_interfaces/share/detection_interfaces/hook/ld_library_path_lib.sh'
[14.678s] Level 1:colcon.colcon_core.environment:checking '/home/soumo/robot_programming/install/detection_interfaces/bin'
[14.678s] Level 1:colcon.colcon_core.environment:checking '/home/soumo/robot_programming/install/detection_interfaces/lib/pkgconfig/detection_interfaces.pc'
[14.679s] Level 1:colcon.colcon_core.environment:checking '/home/soumo/robot_programming/install/detection_interfaces/lib/python3.10/site-packages'
[14.681s] Level 1:colcon.colcon_core.environment:checking '/home/soumo/robot_programming/install/detection_interfaces/bin'
[14.770s] INFO:colcon.colcon_core.shell:Creating package script '/home/soumo/robot_programming/install/detection_interfaces/share/detection_interfaces/package.ps1'
[14.774s] INFO:colcon.colcon_core.shell:Creating package descriptor '/home/soumo/robot_programming/install/detection_interfaces/share/detection_interfaces/package.dsv'
[14.776s] INFO:colcon.colcon_core.shell:Creating package script '/home/soumo/robot_programming/install/detection_interfaces/share/detection_interfaces/package.sh'
[14.778s] INFO:colcon.colcon_core.shell:Creating package script '/home/soumo/robot_programming/install/detection_interfaces/share/detection_interfaces/package.bash'
[14.780s] INFO:colcon.colcon_core.shell:Creating package script '/home/soumo/robot_programming/install/detection_interfaces/share/detection_interfaces/package.zsh'
[14.782s] Level 1:colcon.colcon_core.environment:create_file_with_runtime_dependencies(/home/soumo/robot_programming/install/detection_interfaces/share/colcon-core/packages/detection_interfaces)
[16.301s] Level 1:colcon.colcon_core.shell:create_environment_hook('navigation', 'pythonpath_develop')
[16.309s] DEBUG:colcon.colcon_core.event_handler.log_command:Invoked command in '/home/soumo/robot_programming/build/navigation' returned '0': PYTHONPATH=/home/soumo/robot_programming/build/navigation/prefix_override:/home/soumo/robot_programming/install/navigation/lib/python3.10/site-packages:${PYTHONPATH} /usr/bin/python3 setup.py develop --editable --build-directory /home/soumo/robot_programming/build/navigation/build --no-deps install_data
[16.386s] INFO:colcon.colcon_core.shell:Creating environment hook '/home/soumo/robot_programming/build/navigation/share/navigation/hook/pythonpath_develop.ps1'
[16.388s] INFO:colcon.colcon_core.shell:Creating environment descriptor '/home/soumo/robot_programming/build/navigation/share/navigation/hook/pythonpath_develop.dsv'
[16.389s] INFO:colcon.colcon_core.shell:Creating environment hook '/home/soumo/robot_programming/build/navigation/share/navigation/hook/pythonpath_develop.sh'
[16.463s] Level 1:colcon.colcon_core.environment:checking '/home/soumo/robot_programming/install/navigation' for CMake module files
[16.465s] Level 1:colcon.colcon_core.environment:checking '/home/soumo/robot_programming/install/navigation' for CMake config files
[16.467s] Level 1:colcon.colcon_core.environment:checking '/home/soumo/robot_programming/install/navigation/lib'
[16.467s] Level 1:colcon.colcon_core.environment:checking '/home/soumo/robot_programming/install/navigation/bin'
[16.468s] Level 1:colcon.colcon_core.environment:checking '/home/soumo/robot_programming/install/navigation/lib/pkgconfig/navigation.pc'
[16.469s] Level 1:colcon.colcon_core.environment:checking '/home/soumo/robot_programming/install/navigation/lib/python3.10/site-packages'
[16.470s] Level 1:colcon.colcon_core.shell:create_environment_hook('navigation', 'pythonpath')
[16.552s] INFO:colcon.colcon_core.shell:Creating environment hook '/home/soumo/robot_programming/install/navigation/share/navigation/hook/pythonpath.ps1'
[16.553s] INFO:colcon.colcon_core.shell:Creating environment descriptor '/home/soumo/robot_programming/install/navigation/share/navigation/hook/pythonpath.dsv'
[16.556s] INFO:colcon.colcon_core.shell:Creating environment hook '/home/soumo/robot_programming/install/navigation/share/navigation/hook/pythonpath.sh'
[16.558s] Level 1:colcon.colcon_core.environment:checking '/home/soumo/robot_programming/install/navigation/bin'
[16.559s] Level 1:colcon.colcon_core.environment:create_environment_scripts_only(navigation)
[16.640s] INFO:colcon.colcon_core.shell:Creating package script '/home/soumo/robot_programming/install/navigation/share/navigation/package.ps1'
[16.642s] INFO:colcon.colcon_core.shell:Creating package descriptor '/home/soumo/robot_programming/install/navigation/share/navigation/package.dsv'
[16.644s] INFO:colcon.colcon_core.shell:Creating package script '/home/soumo/robot_programming/install/navigation/share/navigation/package.sh'
[16.646s] INFO:colcon.colcon_core.shell:Creating package script '/home/soumo/robot_programming/install/navigation/share/navigation/package.bash'
[16.648s] INFO:colcon.colcon_core.shell:Creating package script '/home/soumo/robot_programming/install/navigation/share/navigation/package.zsh'
[16.650s] Level 1:colcon.colcon_core.environment:create_file_with_runtime_dependencies(/home/soumo/robot_programming/install/navigation/share/colcon-core/packages/navigation)
[16.656s] Level 1:colcon.colcon_core.shell:create_environment_hook('pothole_detection', 'pythonpath_develop')
[16.659s] DEBUG:colcon.colcon_core.event_handler.log_command:Invoked command in '/home/soumo/robot_programming/build/pothole_detection' returned '0': PYTHONPATH=/home/soumo/robot_programming/build/pothole_detection/prefix_override:/home/soumo/robot_programming/install/pothole_detection/lib/python3.10/site-packages:${PYTHONPATH} /usr/bin/python3 setup.py develop --editable --build-directory /home/soumo/robot_programming/build/pothole_detection/build --no-deps install_data
[16.733s] INFO:colcon.colcon_core.shell:Creating environment hook '/home/soumo/robot_programming/build/pothole_detection/share/pothole_detection/hook/pythonpath_develop.ps1'
[16.734s] INFO:colcon.colcon_core.shell:Creating environment descriptor '/home/soumo/robot_programming/build/pothole_detection/share/pothole_detection/hook/pythonpath_develop.dsv'
[16.736s] INFO:colcon.colcon_core.shell:Creating environment hook '/home/soumo/robot_programming/build/pothole_detection/share/pothole_detection/hook/pythonpath_develop.sh'
[16.810s] Level 1:colcon.colcon_core.environment:checking '/home/soumo/robot_programming/install/pothole_detection' for CMake module files
[16.812s] Level 1:colcon.colcon_core.environment:checking '/home/soumo/robot_programming/install/pothole_detection' for CMake config files
[16.814s] Level 1:colcon.colcon_core.environment:checking '/home/soumo/robot_programming/install/pothole_detection/lib'
[16.815s] Level 1:colcon.colcon_core.environment:checking '/home/soumo/robot_programming/install/pothole_detection/bin'
[16.815s] Level 1:colcon.colcon_core.environment:checking '/home/soumo/robot_programming/install/pothole_detection/lib/pkgconfig/pothole_detection.pc'
[16.816s] Level 1:colcon.colcon_core.environment:checking '/home/soumo/robot_programming/install/pothole_detection/lib/python3.10/site-packages'
[16.816s] Level 1:colcon.colcon_core.shell:create_environment_hook('pothole_detection', 'pythonpath')
[16.886s] INFO:colcon.colcon_core.shell:Creating environment hook '/home/soumo/robot_programming/install/pothole_detection/share/pothole_detection/hook/pythonpath.ps1'
[16.888s] INFO:colcon.colcon_core.shell:Creating environment descriptor '/home/soumo/robot_programming/install/pothole_detection/share/pothole_detection/hook/pythonpath.dsv'
[16.889s] INFO:colcon.colcon_core.shell:Creating environment hook '/home/soumo/robot_programming/install/pothole_detection/share/pothole_detection/hook/pythonpath.sh'
[16.891s] Level 1:colcon.colcon_core.environment:checking '/home/soumo/robot_programming/install/pothole_detection/bin'
[16.892s] Level 1:colcon.colcon_core.environment:create_environment_scripts_only(pothole_detection)
[16.968s] INFO:colcon.colcon_core.shell:Creating package script '/home/soumo/robot_programming/install/pothole_detection/share/pothole_detection/package.ps1'
[16.971s] INFO:colcon.colcon_core.shell:Creating package descriptor '/home/soumo/robot_programming/install/pothole_detection/share/pothole_detection/package.dsv'
[16.973s] INFO:colcon.colcon_core.shell:Creating package script '/home/soumo/robot_programming/install/pothole_detection/share/pothole_detection/package.sh'
[16.975s] INFO:colcon.colcon_core.shell:Creating package script '/home/soumo/robot_programming/install/pothole_detection/share/pothole_detection/package.bash'
[16.976s] INFO:colcon.colcon_core.shell:Creating package script '/home/soumo/robot_programming/install/pothole_detection/share/pothole_detection/package.zsh'
[16.978s] Level 1:colcon.colcon_core.environment:create_file_with_runtime_dependencies(/home/soumo/robot_programming/install/pothole_detection/share/colcon-core/packages/pothole_detection)
[16.979s] DEBUG:colcon.colcon_parallel_executor.executor.parallel:closing loop
[16.981s] DEBUG:colcon.colcon_parallel_executor.executor.parallel:loop closed
[16.981s] DEBUG:colcon.colcon_parallel_executor.executor.parallel:run_until_complete finished with '0'
[16.982s] DEBUG:colcon.colcon_core.event_reactor:joining thread
[17.098s] INFO:colcon.colcon_core.plugin_system:Skipping extension 'colcon_notification.desktop_notification.terminal_notifier': Not used on non-Darwin systems
[17.099s] INFO:colcon.colcon_core.plugin_system:Skipping extension 'colcon_notification.desktop_notification.win32': Not used on non-Windows systems
[17.099s] INFO:colcon.colcon_notification.desktop_notification:Sending desktop notification using 'notify2'
[17.154s] DEBUG:colcon.colcon_core.event_reactor:joined thread
[17.235s] INFO:colcon.colcon_core.shell:Creating prefix script '/home/soumo/robot_programming/install/local_setup.ps1'
[17.238s] INFO:colcon.colcon_core.shell:Creating prefix util module '/home/soumo/robot_programming/install/_local_setup_util_ps1.py'
[17.243s] INFO:colcon.colcon_core.shell:Creating prefix chain script '/home/soumo/robot_programming/install/setup.ps1'
[17.317s] INFO:colcon.colcon_core.shell:Creating prefix script '/home/soumo/robot_programming/install/local_setup.sh'
[17.320s] INFO:colcon.colcon_core.shell:Creating prefix util module '/home/soumo/robot_programming/install/_local_setup_util_sh.py'
[17.321s] INFO:colcon.colcon_core.shell:Creating prefix chain script '/home/soumo/robot_programming/install/setup.sh'
[17.397s] INFO:colcon.colcon_core.shell:Creating prefix script '/home/soumo/robot_programming/install/local_setup.bash'
[17.399s] INFO:colcon.colcon_core.shell:Creating prefix chain script '/home/soumo/robot_programming/install/setup.bash'
[17.511s] INFO:colcon.colcon_core.shell:Creating prefix script '/home/soumo/robot_programming/install/local_setup.zsh'
[17.513s] INFO:colcon.colcon_core.shell:Creating prefix chain script '/home/soumo/robot_programming/install/setup.zsh'
