[2.052s] DEBUG:colcon:Command line arguments: ['/usr/bin/colcon', 'build', '--symlink-install']
[2.052s] DEBUG:colcon:Parsed command line arguments: Namespace(log_base=None, log_level=None, verb_name='build', build_base='build', install_base='install', merge_install=False, symlink_install=True, test_result_base=None, continue_on_error=False, executor='parallel', parallel_workers=8, event_handlers=None, ignore_user_meta=False, metas=['./colcon.meta'], base_paths=['.'], packages_ignore=None, packages_ignore_regex=None, paths=None, packages_up_to=None, packages_up_to_regex=None, packages_above=None, packages_above_and_dependencies=None, packages_above_depth=None, packages_select_by_dep=None, packages_skip_by_dep=None, packages_skip_up_to=None, packages_select_build_failed=False, packages_skip_build_finished=False, packages_select_test_failures=False, packages_skip_test_passed=False, packages_select=None, packages_skip=None, packages_select_regex=None, packages_skip_regex=None, packages_start=None, packages_end=None, cmake_args=None, cmake_target=None, cmake_target_skip_unavailable=False, cmake_clean_cache=False, cmake_clean_first=False, cmake_force_configure=False, ament_cmake_args=None, catkin_cmake_args=None, catkin_skip_building_tests=False, verb_parser=<colcon_defaults.argument_parser.defaults.DefaultArgumentsDecorator object at 0x7f087a8de1d0>, verb_extension=<colcon_core.verb.build.BuildVerb object at 0x7f087a8dd180>, main=<bound method BuildVerb.main of <colcon_core.verb.build.BuildVerb object at 0x7f087a8dd180>>)
[2.146s] Level 1:colcon.colcon_core.package_discovery:discover_packages(colcon_meta) check parameters
[2.147s] Level 1:colcon.colcon_core.package_discovery:discover_packages(recursive) check parameters
[2.147s] Level 1:colcon.colcon_core.package_discovery:discover_packages(ignore) check parameters
[2.147s] Level 1:colcon.colcon_core.package_discovery:discover_packages(path) check parameters
[2.147s] Level 1:colcon.colcon_core.package_discovery:discover_packages(colcon_meta) discover
[2.147s] Level 1:colcon.colcon_core.package_discovery:discover_packages(recursive) discover
[2.147s] INFO:colcon.colcon_core.package_discovery:Crawling recursively for packages in '/home/soumo/ros2_ws'
[2.147s] Level 1:colcon.colcon_core.package_identification:_identify(.) by extensions ['ignore', 'ignore_ament_install']
[2.148s] Level 1:colcon.colcon_core.package_identification:_identify(.) by extension 'ignore'
[2.148s] Level 1:colcon.colcon_core.package_identification:_identify(.) by extension 'ignore_ament_install'
[2.148s] Level 1:colcon.colcon_core.package_identification:_identify(.) by extensions ['colcon_pkg']
[2.148s] Level 1:colcon.colcon_core.package_identification:_identify(.) by extension 'colcon_pkg'
[2.148s] Level 1:colcon.colcon_core.package_identification:_identify(.) by extensions ['colcon_meta']
[2.148s] Level 1:colcon.colcon_core.package_identification:_identify(.) by extension 'colcon_meta'
[2.148s] Level 1:colcon.colcon_core.package_identification:_identify(.) by extensions ['ros']
[2.148s] Level 1:colcon.colcon_core.package_identification:_identify(.) by extension 'ros'
[2.175s] Level 1:colcon.colcon_core.package_identification:_identify(.) by extensions ['cmake', 'python']
[2.175s] Level 1:colcon.colcon_core.package_identification:_identify(.) by extension 'cmake'
[2.175s] Level 1:colcon.colcon_core.package_identification:_identify(.) by extension 'python'
[2.176s] Level 1:colcon.colcon_core.package_identification:_identify(.) by extensions ['python_setup_py']
[2.176s] Level 1:colcon.colcon_core.package_identification:_identify(.) by extension 'python_setup_py'
[2.176s] Level 1:colcon.colcon_core.package_identification:_identify(build) by extensions ['ignore', 'ignore_ament_install']
[2.177s] Level 1:colcon.colcon_core.package_identification:_identify(build) by extension 'ignore'
[2.177s] Level 1:colcon.colcon_core.package_identification:_identify(build) ignored
[2.177s] Level 1:colcon.colcon_core.package_identification:_identify(install) by extensions ['ignore', 'ignore_ament_install']
[2.178s] Level 1:colcon.colcon_core.package_identification:_identify(install) by extension 'ignore'
[2.178s] Level 1:colcon.colcon_core.package_identification:_identify(install) ignored
[2.178s] Level 1:colcon.colcon_core.package_identification:_identify(log) by extensions ['ignore', 'ignore_ament_install']
[2.178s] Level 1:colcon.colcon_core.package_identification:_identify(log) by extension 'ignore'
[2.178s] Level 1:colcon.colcon_core.package_identification:_identify(log) ignored
[2.179s] Level 1:colcon.colcon_core.package_identification:_identify(src) by extensions ['ignore', 'ignore_ament_install']
[2.179s] Level 1:colcon.colcon_core.package_identification:_identify(src) by extension 'ignore'
[2.179s] Level 1:colcon.colcon_core.package_identification:_identify(src) by extension 'ignore_ament_install'
[2.179s] Level 1:colcon.colcon_core.package_identification:_identify(src) by extensions ['colcon_pkg']
[2.179s] Level 1:colcon.colcon_core.package_identification:_identify(src) by extension 'colcon_pkg'
[2.179s] Level 1:colcon.colcon_core.package_identification:_identify(src) by extensions ['colcon_meta']
[2.179s] Level 1:colcon.colcon_core.package_identification:_identify(src) by extension 'colcon_meta'
[2.180s] Level 1:colcon.colcon_core.package_identification:_identify(src) by extensions ['ros']
[2.180s] Level 1:colcon.colcon_core.package_identification:_identify(src) by extension 'ros'
[2.180s] Level 1:colcon.colcon_core.package_identification:_identify(src) by extensions ['cmake', 'python']
[2.180s] Level 1:colcon.colcon_core.package_identification:_identify(src) by extension 'cmake'
[2.180s] Level 1:colcon.colcon_core.package_identification:_identify(src) by extension 'python'
[2.180s] Level 1:colcon.colcon_core.package_identification:_identify(src) by extensions ['python_setup_py']
[2.180s] Level 1:colcon.colcon_core.package_identification:_identify(src) by extension 'python_setup_py'
[2.181s] Level 1:colcon.colcon_core.package_identification:_identify(src/detection_interfaces) by extensions ['ignore', 'ignore_ament_install']
[2.181s] Level 1:colcon.colcon_core.package_identification:_identify(src/detection_interfaces) by extension 'ignore'
[2.181s] Level 1:colcon.colcon_core.package_identification:_identify(src/detection_interfaces) by extension 'ignore_ament_install'
[2.181s] Level 1:colcon.colcon_core.package_identification:_identify(src/detection_interfaces) by extensions ['colcon_pkg']
[2.181s] Level 1:colcon.colcon_core.package_identification:_identify(src/detection_interfaces) by extension 'colcon_pkg'
[2.181s] Level 1:colcon.colcon_core.package_identification:_identify(src/detection_interfaces) by extensions ['colcon_meta']
[2.181s] Level 1:colcon.colcon_core.package_identification:_identify(src/detection_interfaces) by extension 'colcon_meta'
[2.181s] Level 1:colcon.colcon_core.package_identification:_identify(src/detection_interfaces) by extensions ['ros']
[2.181s] Level 1:colcon.colcon_core.package_identification:_identify(src/detection_interfaces) by extension 'ros'
[2.187s] DEBUG:colcon.colcon_core.package_identification:Package 'src/detection_interfaces' with type 'ros.ament_cmake' and name 'detection_interfaces'
[2.188s] Level 1:colcon.colcon_core.package_identification:_identify(src/map) by extensions ['ignore', 'ignore_ament_install']
[2.188s] Level 1:colcon.colcon_core.package_identification:_identify(src/map) by extension 'ignore'
[2.188s] Level 1:colcon.colcon_core.package_identification:_identify(src/map) by extension 'ignore_ament_install'
[2.188s] Level 1:colcon.colcon_core.package_identification:_identify(src/map) by extensions ['colcon_pkg']
[2.188s] Level 1:colcon.colcon_core.package_identification:_identify(src/map) by extension 'colcon_pkg'
[2.188s] Level 1:colcon.colcon_core.package_identification:_identify(src/map) by extensions ['colcon_meta']
[2.189s] Level 1:colcon.colcon_core.package_identification:_identify(src/map) by extension 'colcon_meta'
[2.189s] Level 1:colcon.colcon_core.package_identification:_identify(src/map) by extensions ['ros']
[2.189s] Level 1:colcon.colcon_core.package_identification:_identify(src/map) by extension 'ros'
[2.189s] Level 1:colcon.colcon_core.package_identification:_identify(src/map) by extensions ['cmake', 'python']
[2.189s] Level 1:colcon.colcon_core.package_identification:_identify(src/map) by extension 'cmake'
[2.189s] Level 1:colcon.colcon_core.package_identification:_identify(src/map) by extension 'python'
[2.189s] Level 1:colcon.colcon_core.package_identification:_identify(src/map) by extensions ['python_setup_py']
[2.189s] Level 1:colcon.colcon_core.package_identification:_identify(src/map) by extension 'python_setup_py'
[2.190s] Level 1:colcon.colcon_core.package_identification:_identify(src/navigation) by extensions ['ignore', 'ignore_ament_install']
[2.190s] Level 1:colcon.colcon_core.package_identification:_identify(src/navigation) by extension 'ignore'
[2.190s] Level 1:colcon.colcon_core.package_identification:_identify(src/navigation) by extension 'ignore_ament_install'
[2.190s] Level 1:colcon.colcon_core.package_identification:_identify(src/navigation) by extensions ['colcon_pkg']
[2.190s] Level 1:colcon.colcon_core.package_identification:_identify(src/navigation) by extension 'colcon_pkg'
[2.190s] Level 1:colcon.colcon_core.package_identification:_identify(src/navigation) by extensions ['colcon_meta']
[2.190s] Level 1:colcon.colcon_core.package_identification:_identify(src/navigation) by extension 'colcon_meta'
[2.190s] Level 1:colcon.colcon_core.package_identification:_identify(src/navigation) by extensions ['ros']
[2.191s] Level 1:colcon.colcon_core.package_identification:_identify(src/navigation) by extension 'ros'
[2.192s] DEBUG:colcon.colcon_core.package_identification:Package 'src/navigation' with type 'ros.ament_python' and name 'navigation'
[2.192s] Level 1:colcon.colcon_core.package_identification:_identify(src/pothole_detection) by extensions ['ignore', 'ignore_ament_install']
[2.193s] Level 1:colcon.colcon_core.package_identification:_identify(src/pothole_detection) by extension 'ignore'
[2.193s] Level 1:colcon.colcon_core.package_identification:_identify(src/pothole_detection) by extension 'ignore_ament_install'
[2.193s] Level 1:colcon.colcon_core.package_identification:_identify(src/pothole_detection) by extensions ['colcon_pkg']
[2.193s] Level 1:colcon.colcon_core.package_identification:_identify(src/pothole_detection) by extension 'colcon_pkg'
[2.193s] Level 1:colcon.colcon_core.package_identification:_identify(src/pothole_detection) by extensions ['colcon_meta']
[2.193s] Level 1:colcon.colcon_core.package_identification:_identify(src/pothole_detection) by extension 'colcon_meta'
[2.193s] Level 1:colcon.colcon_core.package_identification:_identify(src/pothole_detection) by extensions ['ros']
[2.193s] Level 1:colcon.colcon_core.package_identification:_identify(src/pothole_detection) by extension 'ros'
[2.195s] DEBUG:colcon.colcon_core.package_identification:Package 'src/pothole_detection' with type 'ros.ament_python' and name 'pothole_detection'
[2.195s] Level 1:colcon.colcon_core.package_discovery:discover_packages(recursive) using defaults
[2.196s] Level 1:colcon.colcon_core.package_discovery:discover_packages(ignore) discover
[2.196s] Level 1:colcon.colcon_core.package_discovery:discover_packages(ignore) using defaults
[2.196s] Level 1:colcon.colcon_core.package_discovery:discover_packages(path) discover
[2.196s] Level 1:colcon.colcon_core.package_discovery:discover_packages(path) using defaults
[2.373s] Level 5:colcon.colcon_core.verb:set package 'detection_interfaces' build argument 'cmake_args' from command line to 'None'
[2.373s] Level 5:colcon.colcon_core.verb:set package 'detection_interfaces' build argument 'cmake_target' from command line to 'None'
[2.373s] Level 5:colcon.colcon_core.verb:set package 'detection_interfaces' build argument 'cmake_target_skip_unavailable' from command line to 'False'
[2.373s] Level 5:colcon.colcon_core.verb:set package 'detection_interfaces' build argument 'cmake_clean_cache' from command line to 'False'
[2.373s] Level 5:colcon.colcon_core.verb:set package 'detection_interfaces' build argument 'cmake_clean_first' from command line to 'False'
[2.373s] Level 5:colcon.colcon_core.verb:set package 'detection_interfaces' build argument 'cmake_force_configure' from command line to 'False'
[2.373s] Level 5:colcon.colcon_core.verb:set package 'detection_interfaces' build argument 'ament_cmake_args' from command line to 'None'
[2.373s] Level 5:colcon.colcon_core.verb:set package 'detection_interfaces' build argument 'catkin_cmake_args' from command line to 'None'
[2.374s] Level 5:colcon.colcon_core.verb:set package 'detection_interfaces' build argument 'catkin_skip_building_tests' from command line to 'False'
[2.374s] DEBUG:colcon.colcon_core.verb:Building package 'detection_interfaces' with the following arguments: {'ament_cmake_args': None, 'build_base': '/home/soumo/ros2_ws/build/detection_interfaces', 'catkin_cmake_args': None, 'catkin_skip_building_tests': False, 'cmake_args': None, 'cmake_clean_cache': False, 'cmake_clean_first': False, 'cmake_force_configure': False, 'cmake_target': None, 'cmake_target_skip_unavailable': False, 'install_base': '/home/soumo/ros2_ws/install/detection_interfaces', 'merge_install': False, 'path': '/home/soumo/ros2_ws/src/detection_interfaces', 'symlink_install': True, 'test_result_base': None}
[2.401s] Level 5:colcon.colcon_core.verb:set package 'navigation' build argument 'cmake_args' from command line to 'None'
[2.401s] Level 5:colcon.colcon_core.verb:set package 'navigation' build argument 'cmake_target' from command line to 'None'
[2.401s] Level 5:colcon.colcon_core.verb:set package 'navigation' build argument 'cmake_target_skip_unavailable' from command line to 'False'
[2.401s] Level 5:colcon.colcon_core.verb:set package 'navigation' build argument 'cmake_clean_cache' from command line to 'False'
[2.402s] Level 5:colcon.colcon_core.verb:set package 'navigation' build argument 'cmake_clean_first' from command line to 'False'
[2.402s] Level 5:colcon.colcon_core.verb:set package 'navigation' build argument 'cmake_force_configure' from command line to 'False'
[2.402s] Level 5:colcon.colcon_core.verb:set package 'navigation' build argument 'ament_cmake_args' from command line to 'None'
[2.402s] Level 5:colcon.colcon_core.verb:set package 'navigation' build argument 'catkin_cmake_args' from command line to 'None'
[2.402s] Level 5:colcon.colcon_core.verb:set package 'navigation' build argument 'catkin_skip_building_tests' from command line to 'False'
[2.402s] DEBUG:colcon.colcon_core.verb:Building package 'navigation' with the following arguments: {'ament_cmake_args': None, 'build_base': '/home/soumo/ros2_ws/build/navigation', 'catkin_cmake_args': None, 'catkin_skip_building_tests': False, 'cmake_args': None, 'cmake_clean_cache': False, 'cmake_clean_first': False, 'cmake_force_configure': False, 'cmake_target': None, 'cmake_target_skip_unavailable': False, 'install_base': '/home/soumo/ros2_ws/install/navigation', 'merge_install': False, 'path': '/home/soumo/ros2_ws/src/navigation', 'symlink_install': True, 'test_result_base': None}
[2.430s] Level 5:colcon.colcon_core.verb:set package 'pothole_detection' build argument 'cmake_args' from command line to 'None'
[2.430s] Level 5:colcon.colcon_core.verb:set package 'pothole_detection' build argument 'cmake_target' from command line to 'None'
[2.430s] Level 5:colcon.colcon_core.verb:set package 'pothole_detection' build argument 'cmake_target_skip_unavailable' from command line to 'False'
[2.430s] Level 5:colcon.colcon_core.verb:set package 'pothole_detection' build argument 'cmake_clean_cache' from command line to 'False'
[2.430s] Level 5:colcon.colcon_core.verb:set package 'pothole_detection' build argument 'cmake_clean_first' from command line to 'False'
[2.431s] Level 5:colcon.colcon_core.verb:set package 'pothole_detection' build argument 'cmake_force_configure' from command line to 'False'
[2.431s] Level 5:colcon.colcon_core.verb:set package 'pothole_detection' build argument 'ament_cmake_args' from command line to 'None'
[2.431s] Level 5:colcon.colcon_core.verb:set package 'pothole_detection' build argument 'catkin_cmake_args' from command line to 'None'
[2.431s] Level 5:colcon.colcon_core.verb:set package 'pothole_detection' build argument 'catkin_skip_building_tests' from command line to 'False'
[2.431s] DEBUG:colcon.colcon_core.verb:Building package 'pothole_detection' with the following arguments: {'ament_cmake_args': None, 'build_base': '/home/soumo/ros2_ws/build/pothole_detection', 'catkin_cmake_args': None, 'catkin_skip_building_tests': False, 'cmake_args': None, 'cmake_clean_cache': False, 'cmake_clean_first': False, 'cmake_force_configure': False, 'cmake_target': None, 'cmake_target_skip_unavailable': False, 'install_base': '/home/soumo/ros2_ws/install/pothole_detection', 'merge_install': False, 'path': '/home/soumo/ros2_ws/src/pothole_detection', 'symlink_install': True, 'test_result_base': None}
[2.465s] INFO:colcon.colcon_core.executor:Executing jobs using 'parallel' executor
[2.491s] DEBUG:colcon.colcon_parallel_executor.executor.parallel:run_until_complete
[2.492s] INFO:colcon.colcon_ros.task.ament_cmake.build:Building ROS package in '/home/soumo/ros2_ws/src/detection_interfaces' with build type 'ament_cmake'
[2.493s] INFO:colcon.colcon_cmake.task.cmake.build:Building CMake package in '/home/soumo/ros2_ws/src/detection_interfaces'
[2.525s] INFO:colcon.colcon_core.plugin_system:Skipping extension 'colcon_core.shell.bat': Not used on non-Windows systems
[2.526s] INFO:colcon.colcon_core.shell:Skip shell extension 'powershell' for command environment: Not usable outside of PowerShell
[2.526s] DEBUG:colcon.colcon_core.shell:Skip shell extension 'dsv' for command environment
[2.706s] INFO:colcon.colcon_ros.task.ament_python.build:Building ROS package in '/home/soumo/ros2_ws/src/navigation' with build type 'ament_python'
[2.707s] Level 1:colcon.colcon_core.shell:create_environment_hook('navigation', 'ament_prefix_path')
[2.748s] INFO:colcon.colcon_core.shell:Creating environment hook '/home/soumo/ros2_ws/install/navigation/share/navigation/hook/ament_prefix_path.ps1'
[2.751s] INFO:colcon.colcon_core.shell:Creating environment descriptor '/home/soumo/ros2_ws/install/navigation/share/navigation/hook/ament_prefix_path.dsv'
[2.752s] INFO:colcon.colcon_core.shell:Creating environment hook '/home/soumo/ros2_ws/install/navigation/share/navigation/hook/ament_prefix_path.sh'
[2.791s] INFO:colcon.colcon_core.shell:Skip shell extension 'powershell' for command environment: Not usable outside of PowerShell
[2.792s] DEBUG:colcon.colcon_core.shell:Skip shell extension 'dsv' for command environment
[2.953s] INFO:colcon.colcon_ros.task.ament_python.build:Building ROS package in '/home/soumo/ros2_ws/src/pothole_detection' with build type 'ament_python'
[2.953s] Level 1:colcon.colcon_core.shell:create_environment_hook('pothole_detection', 'ament_prefix_path')
[3.013s] INFO:colcon.colcon_core.shell:Creating environment hook '/home/soumo/ros2_ws/install/pothole_detection/share/pothole_detection/hook/ament_prefix_path.ps1'
[3.015s] INFO:colcon.colcon_core.shell:Creating environment descriptor '/home/soumo/ros2_ws/install/pothole_detection/share/pothole_detection/hook/ament_prefix_path.dsv'
[3.017s] INFO:colcon.colcon_core.shell:Creating environment hook '/home/soumo/ros2_ws/install/pothole_detection/share/pothole_detection/hook/ament_prefix_path.sh'
[3.077s] INFO:colcon.colcon_core.shell:Skip shell extension 'powershell' for command environment: Not usable outside of PowerShell
[3.077s] DEBUG:colcon.colcon_core.shell:Skip shell extension 'dsv' for command environment
[3.340s] DEBUG:colcon.colcon_core.event_handler.log_command:Invoking command in '/home/soumo/ros2_ws/build/detection_interfaces': CMAKE_PREFIX_PATH=${CMAKE_PREFIX_PATH}:/home/soumo/ros2_ws/install/pothole_detection:/home/soumo/ros2_ws/install/navigation:/opt/ros/humble /usr/bin/cmake --build /home/soumo/ros2_ws/build/detection_interfaces -- -j8 -l8
[4.547s] INFO:colcon.colcon_core.task.python.build:Building Python package in '/home/soumo/ros2_ws/src/navigation'
[4.613s] INFO:colcon.colcon_core.shell:Skip shell extension 'powershell' for command environment: Not usable outside of PowerShell
[4.614s] DEBUG:colcon.colcon_core.shell:Skip shell extension 'dsv' for command environment
[5.892s] INFO:colcon.colcon_core.task.python.build:Building Python package in '/home/soumo/ros2_ws/src/pothole_detection'
[5.952s] INFO:colcon.colcon_core.shell:Skip shell extension 'powershell' for command environment: Not usable outside of PowerShell
[5.952s] DEBUG:colcon.colcon_core.shell:Skip shell extension 'dsv' for command environment
[6.220s] DEBUG:colcon.colcon_core.event_handler.log_command:Invoked command in '/home/soumo/ros2_ws/build/detection_interfaces' returned '0': CMAKE_PREFIX_PATH=${CMAKE_PREFIX_PATH}:/home/soumo/ros2_ws/install/pothole_detection:/home/soumo/ros2_ws/install/navigation:/opt/ros/humble /usr/bin/cmake --build /home/soumo/ros2_ws/build/detection_interfaces -- -j8 -l8
[6.646s] DEBUG:colcon.colcon_core.event_handler.log_command:Invoking command in '/home/soumo/ros2_ws/build/detection_interfaces': CMAKE_PREFIX_PATH=${CMAKE_PREFIX_PATH}:/home/soumo/ros2_ws/install/pothole_detection:/home/soumo/ros2_ws/install/navigation:/opt/ros/humble /usr/bin/cmake --install /home/soumo/ros2_ws/build/detection_interfaces
[6.962s] Level 1:colcon.colcon_core.environment:create_environment_scripts_only(detection_interfaces)
[6.968s] DEBUG:colcon.colcon_core.event_handler.log_command:Invoked command in '/home/soumo/ros2_ws/build/detection_interfaces' returned '0': CMAKE_PREFIX_PATH=${CMAKE_PREFIX_PATH}:/home/soumo/ros2_ws/install/pothole_detection:/home/soumo/ros2_ws/install/navigation:/opt/ros/humble /usr/bin/cmake --install /home/soumo/ros2_ws/build/detection_interfaces
[7.043s] Level 1:colcon.colcon_core.environment:checking '/home/soumo/ros2_ws/install/detection_interfaces' for CMake module files
[7.045s] Level 1:colcon.colcon_core.environment:checking '/home/soumo/ros2_ws/install/detection_interfaces' for CMake config files
[7.049s] Level 1:colcon.colcon_core.shell:create_environment_hook('detection_interfaces', 'cmake_prefix_path')
[7.121s] INFO:colcon.colcon_core.shell:Creating environment hook '/home/soumo/ros2_ws/install/detection_interfaces/share/detection_interfaces/hook/cmake_prefix_path.ps1'
[7.124s] INFO:colcon.colcon_core.shell:Creating environment descriptor '/home/soumo/ros2_ws/install/detection_interfaces/share/detection_interfaces/hook/cmake_prefix_path.dsv'
[7.126s] INFO:colcon.colcon_core.shell:Creating environment hook '/home/soumo/ros2_ws/install/detection_interfaces/share/detection_interfaces/hook/cmake_prefix_path.sh'
[7.130s] Level 1:colcon.colcon_core.environment:checking '/home/soumo/ros2_ws/install/detection_interfaces/lib'
[7.130s] Level 1:colcon.colcon_core.shell:create_environment_hook('detection_interfaces', 'ld_library_path_lib')
[7.195s] INFO:colcon.colcon_core.shell:Creating environment hook '/home/soumo/ros2_ws/install/detection_interfaces/share/detection_interfaces/hook/ld_library_path_lib.ps1'
[7.197s] INFO:colcon.colcon_core.shell:Creating environment descriptor '/home/soumo/ros2_ws/install/detection_interfaces/share/detection_interfaces/hook/ld_library_path_lib.dsv'
[7.198s] INFO:colcon.colcon_core.shell:Creating environment hook '/home/soumo/ros2_ws/install/detection_interfaces/share/detection_interfaces/hook/ld_library_path_lib.sh'
[7.200s] Level 1:colcon.colcon_core.environment:checking '/home/soumo/ros2_ws/install/detection_interfaces/bin'
[7.200s] Level 1:colcon.colcon_core.environment:checking '/home/soumo/ros2_ws/install/detection_interfaces/lib/pkgconfig/detection_interfaces.pc'
[7.201s] Level 1:colcon.colcon_core.environment:checking '/home/soumo/ros2_ws/install/detection_interfaces/lib/python3.10/site-packages'
[7.201s] Level 1:colcon.colcon_core.environment:checking '/home/soumo/ros2_ws/install/detection_interfaces/bin'
[7.278s] INFO:colcon.colcon_core.shell:Creating package script '/home/soumo/ros2_ws/install/detection_interfaces/share/detection_interfaces/package.ps1'
[7.282s] INFO:colcon.colcon_core.shell:Creating package descriptor '/home/soumo/ros2_ws/install/detection_interfaces/share/detection_interfaces/package.dsv'
[7.285s] INFO:colcon.colcon_core.shell:Creating package script '/home/soumo/ros2_ws/install/detection_interfaces/share/detection_interfaces/package.sh'
[7.290s] INFO:colcon.colcon_core.shell:Creating package script '/home/soumo/ros2_ws/install/detection_interfaces/share/detection_interfaces/package.bash'
[7.293s] INFO:colcon.colcon_core.shell:Creating package script '/home/soumo/ros2_ws/install/detection_interfaces/share/detection_interfaces/package.zsh'
[7.295s] Level 1:colcon.colcon_core.environment:create_file_with_runtime_dependencies(/home/soumo/ros2_ws/install/detection_interfaces/share/colcon-core/packages/detection_interfaces)
[7.786s] Level 1:colcon.colcon_core.environment:create_environment_scripts_only(detection_interfaces)
[7.853s] Level 1:colcon.colcon_core.environment:checking '/home/soumo/ros2_ws/install/detection_interfaces' for CMake module files
[7.857s] Level 1:colcon.colcon_core.environment:checking '/home/soumo/ros2_ws/install/detection_interfaces' for CMake config files
[7.858s] Level 1:colcon.colcon_core.shell:create_environment_hook('detection_interfaces', 'cmake_prefix_path')
[7.915s] INFO:colcon.colcon_core.shell:Creating environment hook '/home/soumo/ros2_ws/install/detection_interfaces/share/detection_interfaces/hook/cmake_prefix_path.ps1'
[7.917s] INFO:colcon.colcon_core.shell:Creating environment descriptor '/home/soumo/ros2_ws/install/detection_interfaces/share/detection_interfaces/hook/cmake_prefix_path.dsv'
[7.918s] INFO:colcon.colcon_core.shell:Creating environment hook '/home/soumo/ros2_ws/install/detection_interfaces/share/detection_interfaces/hook/cmake_prefix_path.sh'
[7.920s] Level 1:colcon.colcon_core.environment:checking '/home/soumo/ros2_ws/install/detection_interfaces/lib'
[7.921s] Level 1:colcon.colcon_core.shell:create_environment_hook('detection_interfaces', 'ld_library_path_lib')
[7.981s] INFO:colcon.colcon_core.shell:Creating environment hook '/home/soumo/ros2_ws/install/detection_interfaces/share/detection_interfaces/hook/ld_library_path_lib.ps1'
[7.982s] INFO:colcon.colcon_core.shell:Creating environment descriptor '/home/soumo/ros2_ws/install/detection_interfaces/share/detection_interfaces/hook/ld_library_path_lib.dsv'
[7.984s] INFO:colcon.colcon_core.shell:Creating environment hook '/home/soumo/ros2_ws/install/detection_interfaces/share/detection_interfaces/hook/ld_library_path_lib.sh'
[7.985s] Level 1:colcon.colcon_core.environment:checking '/home/soumo/ros2_ws/install/detection_interfaces/bin'
[7.986s] Level 1:colcon.colcon_core.environment:checking '/home/soumo/ros2_ws/install/detection_interfaces/lib/pkgconfig/detection_interfaces.pc'
[7.987s] Level 1:colcon.colcon_core.environment:checking '/home/soumo/ros2_ws/install/detection_interfaces/lib/python3.10/site-packages'
[7.988s] Level 1:colcon.colcon_core.environment:checking '/home/soumo/ros2_ws/install/detection_interfaces/bin'
[8.047s] INFO:colcon.colcon_core.shell:Creating package script '/home/soumo/ros2_ws/install/detection_interfaces/share/detection_interfaces/package.ps1'
[8.049s] INFO:colcon.colcon_core.shell:Creating package descriptor '/home/soumo/ros2_ws/install/detection_interfaces/share/detection_interfaces/package.dsv'
[8.051s] INFO:colcon.colcon_core.shell:Creating package script '/home/soumo/ros2_ws/install/detection_interfaces/share/detection_interfaces/package.sh'
[8.053s] INFO:colcon.colcon_core.shell:Creating package script '/home/soumo/ros2_ws/install/detection_interfaces/share/detection_interfaces/package.bash'
[8.056s] INFO:colcon.colcon_core.shell:Creating package script '/home/soumo/ros2_ws/install/detection_interfaces/share/detection_interfaces/package.zsh'
[8.059s] Level 1:colcon.colcon_core.environment:create_file_with_runtime_dependencies(/home/soumo/ros2_ws/install/detection_interfaces/share/colcon-core/packages/detection_interfaces)
[8.077s] DEBUG:colcon.colcon_core.event_handler.log_command:Invoking command in '/home/soumo/ros2_ws/build/pothole_detection': PYTHONPATH=/home/soumo/ros2_ws/build/pothole_detection/prefix_override:/home/soumo/ros2_ws/install/pothole_detection/lib/python3.10/site-packages:${PYTHONPATH} /usr/bin/python3 setup.py develop --editable --build-directory /home/soumo/ros2_ws/build/pothole_detection/build --no-deps install_data
[8.084s] DEBUG:colcon.colcon_core.event_handler.log_command:Invoking command in '/home/soumo/ros2_ws/build/navigation': PYTHONPATH=/home/soumo/ros2_ws/build/navigation/prefix_override:/home/soumo/ros2_ws/install/navigation/lib/python3.10/site-packages:${PYTHONPATH} /usr/bin/python3 setup.py develop --editable --build-directory /home/soumo/ros2_ws/build/navigation/build --no-deps install_data
[10.426s] Level 1:colcon.colcon_core.shell:create_environment_hook('navigation', 'pythonpath_develop')
[10.431s] DEBUG:colcon.colcon_core.event_handler.log_command:Invoked command in '/home/soumo/ros2_ws/build/navigation' returned '0': PYTHONPATH=/home/soumo/ros2_ws/build/navigation/prefix_override:/home/soumo/ros2_ws/install/navigation/lib/python3.10/site-packages:${PYTHONPATH} /usr/bin/python3 setup.py develop --editable --build-directory /home/soumo/ros2_ws/build/navigation/build --no-deps install_data
[10.490s] INFO:colcon.colcon_core.shell:Creating environment hook '/home/soumo/ros2_ws/build/navigation/share/navigation/hook/pythonpath_develop.ps1'
[10.492s] INFO:colcon.colcon_core.shell:Creating environment descriptor '/home/soumo/ros2_ws/build/navigation/share/navigation/hook/pythonpath_develop.dsv'
[10.493s] INFO:colcon.colcon_core.shell:Creating environment hook '/home/soumo/ros2_ws/build/navigation/share/navigation/hook/pythonpath_develop.sh'
[10.557s] Level 1:colcon.colcon_core.environment:checking '/home/soumo/ros2_ws/install/navigation' for CMake module files
[10.558s] Level 1:colcon.colcon_core.environment:checking '/home/soumo/ros2_ws/install/navigation' for CMake config files
[10.560s] Level 1:colcon.colcon_core.environment:checking '/home/soumo/ros2_ws/install/navigation/lib'
[10.560s] Level 1:colcon.colcon_core.environment:checking '/home/soumo/ros2_ws/install/navigation/bin'
[10.560s] Level 1:colcon.colcon_core.environment:checking '/home/soumo/ros2_ws/install/navigation/lib/pkgconfig/navigation.pc'
[10.561s] Level 1:colcon.colcon_core.environment:checking '/home/soumo/ros2_ws/install/navigation/lib/python3.10/site-packages'
[10.561s] Level 1:colcon.colcon_core.shell:create_environment_hook('navigation', 'pythonpath')
[10.626s] INFO:colcon.colcon_core.shell:Creating environment hook '/home/soumo/ros2_ws/install/navigation/share/navigation/hook/pythonpath.ps1'
[10.628s] INFO:colcon.colcon_core.shell:Creating environment descriptor '/home/soumo/ros2_ws/install/navigation/share/navigation/hook/pythonpath.dsv'
[10.629s] INFO:colcon.colcon_core.shell:Creating environment hook '/home/soumo/ros2_ws/install/navigation/share/navigation/hook/pythonpath.sh'
[10.631s] Level 1:colcon.colcon_core.environment:checking '/home/soumo/ros2_ws/install/navigation/bin'
[10.632s] Level 1:colcon.colcon_core.environment:create_environment_scripts_only(navigation)
[10.693s] INFO:colcon.colcon_core.shell:Creating package script '/home/soumo/ros2_ws/install/navigation/share/navigation/package.ps1'
[10.695s] INFO:colcon.colcon_core.shell:Creating package descriptor '/home/soumo/ros2_ws/install/navigation/share/navigation/package.dsv'
[10.696s] INFO:colcon.colcon_core.shell:Creating package script '/home/soumo/ros2_ws/install/navigation/share/navigation/package.sh'
[10.699s] INFO:colcon.colcon_core.shell:Creating package script '/home/soumo/ros2_ws/install/navigation/share/navigation/package.bash'
[10.700s] INFO:colcon.colcon_core.shell:Creating package script '/home/soumo/ros2_ws/install/navigation/share/navigation/package.zsh'
[10.701s] Level 1:colcon.colcon_core.environment:create_file_with_runtime_dependencies(/home/soumo/ros2_ws/install/navigation/share/colcon-core/packages/navigation)
[10.706s] Level 1:colcon.colcon_core.shell:create_environment_hook('pothole_detection', 'pythonpath_develop')
[10.710s] DEBUG:colcon.colcon_core.event_handler.log_command:Invoked command in '/home/soumo/ros2_ws/build/pothole_detection' returned '0': PYTHONPATH=/home/soumo/ros2_ws/build/pothole_detection/prefix_override:/home/soumo/ros2_ws/install/pothole_detection/lib/python3.10/site-packages:${PYTHONPATH} /usr/bin/python3 setup.py develop --editable --build-directory /home/soumo/ros2_ws/build/pothole_detection/build --no-deps install_data
[10.773s] INFO:colcon.colcon_core.shell:Creating environment hook '/home/soumo/ros2_ws/build/pothole_detection/share/pothole_detection/hook/pythonpath_develop.ps1'
[10.774s] INFO:colcon.colcon_core.shell:Creating environment descriptor '/home/soumo/ros2_ws/build/pothole_detection/share/pothole_detection/hook/pythonpath_develop.dsv'
[10.775s] INFO:colcon.colcon_core.shell:Creating environment hook '/home/soumo/ros2_ws/build/pothole_detection/share/pothole_detection/hook/pythonpath_develop.sh'
[10.838s] Level 1:colcon.colcon_core.environment:checking '/home/soumo/ros2_ws/install/pothole_detection' for CMake module files
[10.839s] Level 1:colcon.colcon_core.environment:checking '/home/soumo/ros2_ws/install/pothole_detection' for CMake config files
[10.841s] Level 1:colcon.colcon_core.environment:checking '/home/soumo/ros2_ws/install/pothole_detection/lib'
[10.841s] Level 1:colcon.colcon_core.environment:checking '/home/soumo/ros2_ws/install/pothole_detection/bin'
[10.842s] Level 1:colcon.colcon_core.environment:checking '/home/soumo/ros2_ws/install/pothole_detection/lib/pkgconfig/pothole_detection.pc'
[10.843s] Level 1:colcon.colcon_core.environment:checking '/home/soumo/ros2_ws/install/pothole_detection/lib/python3.10/site-packages'
[10.843s] Level 1:colcon.colcon_core.shell:create_environment_hook('pothole_detection', 'pythonpath')
[10.906s] INFO:colcon.colcon_core.shell:Creating environment hook '/home/soumo/ros2_ws/install/pothole_detection/share/pothole_detection/hook/pythonpath.ps1'
[10.908s] INFO:colcon.colcon_core.shell:Creating environment descriptor '/home/soumo/ros2_ws/install/pothole_detection/share/pothole_detection/hook/pythonpath.dsv'
[10.909s] INFO:colcon.colcon_core.shell:Creating environment hook '/home/soumo/ros2_ws/install/pothole_detection/share/pothole_detection/hook/pythonpath.sh'
[10.910s] Level 1:colcon.colcon_core.environment:checking '/home/soumo/ros2_ws/install/pothole_detection/bin'
[10.911s] Level 1:colcon.colcon_core.environment:create_environment_scripts_only(pothole_detection)
[10.972s] INFO:colcon.colcon_core.shell:Creating package script '/home/soumo/ros2_ws/install/pothole_detection/share/pothole_detection/package.ps1'
[10.974s] INFO:colcon.colcon_core.shell:Creating package descriptor '/home/soumo/ros2_ws/install/pothole_detection/share/pothole_detection/package.dsv'
[10.975s] INFO:colcon.colcon_core.shell:Creating package script '/home/soumo/ros2_ws/install/pothole_detection/share/pothole_detection/package.sh'
[10.976s] INFO:colcon.colcon_core.shell:Creating package script '/home/soumo/ros2_ws/install/pothole_detection/share/pothole_detection/package.bash'
[10.977s] INFO:colcon.colcon_core.shell:Creating package script '/home/soumo/ros2_ws/install/pothole_detection/share/pothole_detection/package.zsh'
[10.978s] Level 1:colcon.colcon_core.environment:create_file_with_runtime_dependencies(/home/soumo/ros2_ws/install/pothole_detection/share/colcon-core/packages/pothole_detection)
[10.979s] DEBUG:colcon.colcon_parallel_executor.executor.parallel:closing loop
[10.980s] DEBUG:colcon.colcon_parallel_executor.executor.parallel:loop closed
[10.981s] DEBUG:colcon.colcon_parallel_executor.executor.parallel:run_until_complete finished with '0'
[10.981s] DEBUG:colcon.colcon_core.event_reactor:joining thread
[11.065s] INFO:colcon.colcon_core.plugin_system:Skipping extension 'colcon_notification.desktop_notification.terminal_notifier': Not used on non-Darwin systems
[11.066s] INFO:colcon.colcon_core.plugin_system:Skipping extension 'colcon_notification.desktop_notification.win32': Not used on non-Windows systems
[11.066s] INFO:colcon.colcon_notification.desktop_notification:Sending desktop notification using 'notify2'
[11.104s] DEBUG:colcon.colcon_core.event_reactor:joined thread
[11.167s] INFO:colcon.colcon_core.shell:Creating prefix script '/home/soumo/ros2_ws/install/local_setup.ps1'
[11.170s] INFO:colcon.colcon_core.shell:Creating prefix util module '/home/soumo/ros2_ws/install/_local_setup_util_ps1.py'
[11.174s] INFO:colcon.colcon_core.shell:Creating prefix chain script '/home/soumo/ros2_ws/install/setup.ps1'
[11.234s] INFO:colcon.colcon_core.shell:Creating prefix script '/home/soumo/ros2_ws/install/local_setup.sh'
[11.236s] INFO:colcon.colcon_core.shell:Creating prefix util module '/home/soumo/ros2_ws/install/_local_setup_util_sh.py'
[11.238s] INFO:colcon.colcon_core.shell:Creating prefix chain script '/home/soumo/ros2_ws/install/setup.sh'
[11.302s] INFO:colcon.colcon_core.shell:Creating prefix script '/home/soumo/ros2_ws/install/local_setup.bash'
[11.303s] INFO:colcon.colcon_core.shell:Creating prefix chain script '/home/soumo/ros2_ws/install/setup.bash'
[11.368s] INFO:colcon.colcon_core.shell:Creating prefix script '/home/soumo/ros2_ws/install/local_setup.zsh'
[11.370s] INFO:colcon.colcon_core.shell:Creating prefix chain script '/home/soumo/ros2_ws/install/setup.zsh'
